17
2022-09-22 06:41:38.073661: W tensorflow/stream_executor/platform/default/dso_loader.cc:64] Could not load dynamic library 'libcudart.so.11.0'; dlerror: libcudart.so.11.0: cannot open shared object file: No such file or directory
2022-09-22 06:41:38.073842: I tensorflow/stream_executor/cuda/cudart_stub.cc:29] Ignore above cudart dlerror if you do not have a GPU set up on your machine.
empty_baseline is
False
Using materials: ['main_xml_50_2', 'main_xml_50_3', 'main_xml_50_4', 'main_xml_50_5']
Hotswapped material loader being used.
{1: 0, 2: 1, 3: 2, 4: 3, 5: 4, 6: 5, 7: 6, 8: 7, 9: 8, 10: 9, 11: 10, 12: 11, 13: 12}
-------------------------------
Annotation Counts
-------------------------------
desk                       4829
trash_bin                  3204
chair                     19905
window                    10204
lamp                       2489
table                     11541
monitor                    3094
file_cabinet               1727
bookshelf                  3902
bed                        3214
sofa                       3550
bathtub                    1988
flowerpot                   227
Total                     69874
-------------------------------

annotations: ../openrooms/annotation_files/train_main_xml_50_v3.json
batch_size: 8
blur_strength: 10
checkpoint: null
context_blur: false
empty_baseline: false
git: fb8600a628428381abf6c19fbf66e4592ce41f87
imagedir: ../
imbalance_reweighting: false
learning_rate: 1.0e-05
num_classes: 13
num_decoder_heads: 8
num_decoder_layers: 6
target_blur: true
test_annotations: ../openrooms/annotation_files/test_main_xml_50_v3.json
test_imagedir: ../
uncertainty_gate_type: learned
uncertainty_threshold: 0.8
weighted_prediction: false

No checkpoint was passed.
Starting epoch: 1
batch num:0
not using contrastive loss
overall: tensor(3.9785, device='cuda:0', grad_fn=<NllLossBackward0>)
not using contrastive loss
overall: tensor(2.6138, device='cuda:0', grad_fn=<NllLossBackward0>)
not using contrastive loss
overall: tensor(2.8375, device='cuda:0', grad_fn=<NllLossBackward0>)
not using contrastive loss
overall: tensor(3.0121, device='cuda:0', grad_fn=<NllLossBackward0>)
not using contrastive loss
overall: tensor(3.0403, device='cuda:0', grad_fn=<NllLossBackward0>)
not using contrastive loss
overall: tensor(3.6720, device='cuda:0', grad_fn=<NllLossBackward0>)
not using contrastive loss
overall: tensor(4.2252, device='cuda:0', grad_fn=<NllLossBackward0>)
not using contrastive loss
overall: tensor(2.6652, device='cuda:0', grad_fn=<NllLossBackward0>)
not using contrastive loss
overall: tensor(2.4378, device='cuda:0', grad_fn=<NllLossBackward0>)
not using contrastive loss
overall: tensor(2.8499, device='cuda:0', grad_fn=<NllLossBackward0>)
not using contrastive loss
overall: tensor(2.4318, device='cuda:0', grad_fn=<NllLossBackward0>)
not using contrastive loss
overall: tensor(2.0768, device='cuda:0', grad_fn=<NllLossBackward0>)
not using contrastive loss
overall: tensor(2.3413, device='cuda:0', grad_fn=<NllLossBackward0>)
not using contrastive loss
overall: tensor(2.0286, device='cuda:0', grad_fn=<NllLossBackward0>)
not using contrastive loss
overall: tensor(1.7609, device='cuda:0', grad_fn=<NllLossBackward0>)
not using contrastive loss
overall: tensor(2.7234, device='cuda:0', grad_fn=<NllLossBackward0>)
not using contrastive loss
overall: tensor(2.5474, device='cuda:0', grad_fn=<NllLossBackward0>)
not using contrastive loss
overall: tensor(2.1241, device='cuda:0', grad_fn=<NllLossBackward0>)
not using contrastive loss
overall: tensor(2.0942, device='cuda:0', grad_fn=<NllLossBackward0>)
not using contrastive loss
overall: tensor(2.7340, device='cuda:0', grad_fn=<NllLossBackward0>)
not using contrastive loss
overall: tensor(2.3239, device='cuda:0', grad_fn=<NllLossBackward0>)
not using contrastive loss
overall: tensor(2.3892, device='cuda:0', grad_fn=<NllLossBackward0>)
not using contrastive loss
overall: tensor(2.5863, device='cuda:0', grad_fn=<NllLossBackward0>)
not using contrastive loss
overall: tensor(2.2522, device='cuda:0', grad_fn=<NllLossBackward0>)
not using contrastive loss
overall: tensor(2.3369, device='cuda:0', grad_fn=<NllLossBackward0>)
not using contrastive loss
overall: tensor(2.6167, device='cuda:0', grad_fn=<NllLossBackward0>)
not using contrastive loss
overall: tensor(3.2083, device='cuda:0', grad_fn=<NllLossBackward0>)
not using contrastive loss
overall: tensor(2.8442, device='cuda:0', grad_fn=<NllLossBackward0>)
not using contrastive loss
overall: tensor(2.0284, device='cuda:0', grad_fn=<NllLossBackward0>)
not using contrastive loss
overall: tensor(1.9747, device='cuda:0', grad_fn=<NllLossBackward0>)
not using contrastive loss
overall: tensor(3.3890, device='cuda:0', grad_fn=<NllLossBackward0>)
not using contrastive loss
overall: tensor(2.4406, device='cuda:0', grad_fn=<NllLossBackward0>)
not using contrastive loss
overall: tensor(3.1072, device='cuda:0', grad_fn=<NllLossBackward0>)
not using contrastive loss
overall: tensor(1.8513, device='cuda:0', grad_fn=<NllLossBackward0>)
not using contrastive loss
overall: tensor(2.7103, device='cuda:0', grad_fn=<NllLossBackward0>)
not using contrastive loss
overall: tensor(2.0347, device='cuda:0', grad_fn=<NllLossBackward0>)
not using contrastive loss
overall: tensor(1.6902, device='cuda:0', grad_fn=<NllLossBackward0>)
not using contrastive loss
overall: tensor(2.7165, device='cuda:0', grad_fn=<NllLossBackward0>)
not using contrastive loss
overall: tensor(3.7752, device='cuda:0', grad_fn=<NllLossBackward0>)
not using contrastive loss
overall: tensor(2.9915, device='cuda:0', grad_fn=<NllLossBackward0>)
not using contrastive loss
overall: tensor(2.1829, device='cuda:0', grad_fn=<NllLossBackward0>)
not using contrastive loss
overall: tensor(2.5598, device='cuda:0', grad_fn=<NllLossBackward0>)
not using contrastive loss
overall: tensor(2.0566, device='cuda:0', grad_fn=<NllLossBackward0>)
not using contrastive loss
overall: tensor(2.7102, device='cuda:0', grad_fn=<NllLossBackward0>)
not using contrastive loss
overall: tensor(2.8904, device='cuda:0', grad_fn=<NllLossBackward0>)
not using contrastive loss
overall: tensor(1.8878, device='cuda:0', grad_fn=<NllLossBackward0>)
not using contrastive loss
overall: tensor(2.3135, device='cuda:0', grad_fn=<NllLossBackward0>)
not using contrastive loss
overall: tensor(2.2680, device='cuda:0', grad_fn=<NllLossBackward0>)
not using contrastive loss
overall: tensor(2.0928, device='cuda:0', grad_fn=<NllLossBackward0>)
not using contrastive loss
overall: tensor(2.4857, device='cuda:0', grad_fn=<NllLossBackward0>)
not using contrastive loss
overall: tensor(2.8665, device='cuda:0', grad_fn=<NllLossBackward0>)
not using contrastive loss
overall: tensor(2.1691, device='cuda:0', grad_fn=<NllLossBackward0>)
not using contrastive loss
overall: tensor(2.3995, device='cuda:0', grad_fn=<NllLossBackward0>)
not using contrastive loss
overall: tensor(2.5076, device='cuda:0', grad_fn=<NllLossBackward0>)
not using contrastive loss
overall: tensor(1.9170, device='cuda:0', grad_fn=<NllLossBackward0>)
not using contrastive loss
overall: tensor(3.0997, device='cuda:0', grad_fn=<NllLossBackward0>)
not using contrastive loss
overall: tensor(3.2983, device='cuda:0', grad_fn=<NllLossBackward0>)
not using contrastive loss
overall: tensor(2.6324, device='cuda:0', grad_fn=<NllLossBackward0>)
not using contrastive loss
overall: tensor(1.5838, device='cuda:0', grad_fn=<NllLossBackward0>)
not using contrastive loss
overall: tensor(2.9742, device='cuda:0', grad_fn=<NllLossBackward0>)
not using contrastive loss
overall: tensor(2.0256, device='cuda:0', grad_fn=<NllLossBackward0>)
not using contrastive loss
overall: tensor(3.9878, device='cuda:0', grad_fn=<NllLossBackward0>)
not using contrastive loss
overall: tensor(2.0329, device='cuda:0', grad_fn=<NllLossBackward0>)
not using contrastive loss
overall: tensor(2.8406, device='cuda:0', grad_fn=<NllLossBackward0>)
not using contrastive loss
overall: tensor(2.3504, device='cuda:0', grad_fn=<NllLossBackward0>)
not using contrastive loss
overall: tensor(2.2105, device='cuda:0', grad_fn=<NllLossBackward0>)
not using contrastive loss
overall: tensor(2.4111, device='cuda:0', grad_fn=<NllLossBackward0>)
not using contrastive loss
overall: tensor(2.2187, device='cuda:0', grad_fn=<NllLossBackward0>)
not using contrastive loss
overall: tensor(2.6318, device='cuda:0', grad_fn=<NllLossBackward0>)
not using contrastive loss
overall: tensor(2.4396, device='cuda:0', grad_fn=<NllLossBackward0>)
not using contrastive loss
overall: tensor(2.7126, device='cuda:0', grad_fn=<NllLossBackward0>)
not using contrastive loss
overall: tensor(2.6388, device='cuda:0', grad_fn=<NllLossBackward0>)
not using contrastive loss
overall: tensor(1.8239, device='cuda:0', grad_fn=<NllLossBackward0>)
not using contrastive loss
overall: tensor(2.1815, device='cuda:0', grad_fn=<NllLossBackward0>)
not using contrastive loss
overall: tensor(1.9499, device='cuda:0', grad_fn=<NllLossBackward0>)
not using contrastive loss
overall: tensor(2.2548, device='cuda:0', grad_fn=<NllLossBackward0>)
not using contrastive loss
overall: tensor(1.9887, device='cuda:0', grad_fn=<NllLossBackward0>)
not using contrastive loss
overall: tensor(1.4159, device='cuda:0', grad_fn=<NllLossBackward0>)
not using contrastive loss
overall: tensor(2.2200, device='cuda:0', grad_fn=<NllLossBackward0>)
not using contrastive loss
overall: tensor(2.4078, device='cuda:0', grad_fn=<NllLossBackward0>)
not using contrastive loss
overall: tensor(2.6058, device='cuda:0', grad_fn=<NllLossBackward0>)
not using contrastive loss
overall: tensor(1.9604, device='cuda:0', grad_fn=<NllLossBackward0>)
not using contrastive loss
overall: tensor(2.3586, device='cuda:0', grad_fn=<NllLossBackward0>)
not using contrastive loss
overall: tensor(2.9875, device='cuda:0', grad_fn=<NllLossBackward0>)
not using contrastive loss
overall: tensor(2.4761, device='cuda:0', grad_fn=<NllLossBackward0>)
not using contrastive loss
overall: tensor(1.4233, device='cuda:0', grad_fn=<NllLossBackward0>)
not using contrastive loss
overall: tensor(1.8162, device='cuda:0', grad_fn=<NllLossBackward0>)
not using contrastive loss
overall: tensor(1.6776, device='cuda:0', grad_fn=<NllLossBackward0>)
not using contrastive loss
overall: tensor(1.8406, device='cuda:0', grad_fn=<NllLossBackward0>)
not using contrastive loss
overall: tensor(2.6626, device='cuda:0', grad_fn=<NllLossBackward0>)
slurmstepd: error: *** JOB 27348597 ON holygpu7c1711 CANCELLED AT 2022-09-22T06:44:36 ***
