6
2022-09-19 20:24:38.854013: W tensorflow/stream_executor/platform/default/dso_loader.cc:64] Could not load dynamic library 'libcudart.so.11.0'; dlerror: libcudart.so.11.0: cannot open shared object file: No such file or directory
2022-09-19 20:24:38.854266: I tensorflow/stream_executor/cuda/cudart_stub.cc:29] Ignore above cudart dlerror if you do not have a GPU set up on your machine.
empty_baseline is
False
Using materials: ['main_xml_50_2', 'main_xml_50_3', 'main_xml_50_4', 'main_xml_50_5']
Hotswapped material loader being used.
{1: 0, 2: 1, 3: 2, 4: 3, 5: 4, 6: 5, 7: 6, 8: 7, 9: 8, 10: 9, 11: 10, 12: 11, 13: 12}
-------------------------------
Annotation Counts
-------------------------------
desk                       4829
trash_bin                  3204
chair                     19905
window                    10204
lamp                       2489
table                     11541
monitor                    3094
file_cabinet               1727
bookshelf                  3902
bed                        3214
sofa                       3550
bathtub                    1988
flowerpot                   227
Total                     69874
-------------------------------

annotations: ../openrooms/annotation_files/train_main_xml_50_v3.json
batch_size: 10
blur_strength: 10
checkpoint: checkpoint_3.tar
context_blur: true
empty_baseline: false
git: e22ff54d4e15e859ff3672c5fc808cec0abfc80d
imagedir: ../
imbalance_reweighting: false
learning_rate: 1.0e-05
num_classes: 13
num_decoder_heads: 8
num_decoder_layers: 6
target_blur: false
test_annotations: ../openrooms/annotation_files/test_main_xml_50_v3.json
test_imagedir: ../
uncertainty_gate_type: learned
uncertainty_threshold: 0.8
weighted_prediction: false

Initializing from checkpoint checkpoint_3.tar
Starting epoch: 4
batch num:0
using contrastive loss
overall: tensor(1.8468, device='cuda:0', grad_fn=<AddBackward0>)
using contrastive loss
overall: tensor(1.2429, device='cuda:0', grad_fn=<AddBackward0>)
using contrastive loss
overall: tensor(1.2814, device='cuda:0', grad_fn=<AddBackward0>)
using contrastive loss
overall: tensor(0.9840, device='cuda:0', grad_fn=<AddBackward0>)
using contrastive loss
overall: tensor(1.5450, device='cuda:0', grad_fn=<AddBackward0>)
using contrastive loss
overall: tensor(1.5405, device='cuda:0', grad_fn=<AddBackward0>)
using contrastive loss
overall: tensor(2.3486, device='cuda:0', grad_fn=<AddBackward0>)
using contrastive loss
overall: tensor(1.4171, device='cuda:0', grad_fn=<AddBackward0>)
using contrastive loss
overall: tensor(1.8095, device='cuda:0', grad_fn=<AddBackward0>)
using contrastive loss
overall: tensor(1.5327, device='cuda:0', grad_fn=<AddBackward0>)
using contrastive loss
overall: tensor(2.1629, device='cuda:0', grad_fn=<AddBackward0>)
using contrastive loss
overall: tensor(1.2715, device='cuda:0', grad_fn=<AddBackward0>)
using contrastive loss
overall: tensor(1.6350, device='cuda:0', grad_fn=<AddBackward0>)
using contrastive loss
overall: tensor(1.8404, device='cuda:0', grad_fn=<AddBackward0>)
using contrastive loss
overall: tensor(0.8428, device='cuda:0', grad_fn=<AddBackward0>)
using contrastive loss
overall: tensor(1.3482, device='cuda:0', grad_fn=<AddBackward0>)
using contrastive loss
overall: tensor(0.8485, device='cuda:0', grad_fn=<AddBackward0>)
using contrastive loss
overall: tensor(1.4490, device='cuda:0', grad_fn=<AddBackward0>)
using contrastive loss
overall: tensor(0.9552, device='cuda:0', grad_fn=<AddBackward0>)
using contrastive loss
overall: tensor(2.1994, device='cuda:0', grad_fn=<AddBackward0>)
using contrastive loss
overall: tensor(1.6457, device='cuda:0', grad_fn=<AddBackward0>)
using contrastive loss
overall: tensor(1.0276, device='cuda:0', grad_fn=<AddBackward0>)
using contrastive loss
overall: tensor(0.7817, device='cuda:0', grad_fn=<AddBackward0>)
using contrastive loss
overall: tensor(1.0267, device='cuda:0', grad_fn=<AddBackward0>)
using contrastive loss
overall: tensor(1.1748, device='cuda:0', grad_fn=<AddBackward0>)
using contrastive loss
overall: tensor(1.3002, device='cuda:0', grad_fn=<AddBackward0>)
using contrastive loss
overall: tensor(2.1746, device='cuda:0', grad_fn=<AddBackward0>)
using contrastive loss
overall: tensor(3.7684, device='cuda:0', grad_fn=<AddBackward0>)
using contrastive loss
overall: tensor(1.3301, device='cuda:0', grad_fn=<AddBackward0>)
using contrastive loss
overall: tensor(0.9885, device='cuda:0', grad_fn=<AddBackward0>)
using contrastive loss
overall: tensor(1.4608, device='cuda:0', grad_fn=<AddBackward0>)
using contrastive loss
overall: tensor(1.0931, device='cuda:0', grad_fn=<AddBackward0>)
using contrastive loss
overall: tensor(2.3725, device='cuda:0', grad_fn=<AddBackward0>)
using contrastive loss
overall: tensor(1.1934, device='cuda:0', grad_fn=<AddBackward0>)
using contrastive loss
overall: tensor(2.1193, device='cuda:0', grad_fn=<AddBackward0>)
using contrastive loss
overall: tensor(1.8032, device='cuda:0', grad_fn=<AddBackward0>)
using contrastive loss
overall: tensor(1.5588, device='cuda:0', grad_fn=<AddBackward0>)
using contrastive loss
overall: tensor(1.2033, device='cuda:0', grad_fn=<AddBackward0>)
using contrastive loss
overall: tensor(1.1042, device='cuda:0', grad_fn=<AddBackward0>)
using contrastive loss
overall: tensor(1.1868, device='cuda:0', grad_fn=<AddBackward0>)
using contrastive loss
overall: tensor(0.7104, device='cuda:0', grad_fn=<AddBackward0>)
using contrastive loss
overall: tensor(1.3315, device='cuda:0', grad_fn=<AddBackward0>)
using contrastive loss
overall: tensor(1.3217, device='cuda:0', grad_fn=<AddBackward0>)
using contrastive loss
overall: tensor(1.2211, device='cuda:0', grad_fn=<AddBackward0>)
using contrastive loss
overall: tensor(1.8873, device='cuda:0', grad_fn=<AddBackward0>)
using contrastive loss
overall: tensor(1.7568, device='cuda:0', grad_fn=<AddBackward0>)
using contrastive loss
overall: tensor(2.6228, device='cuda:0', grad_fn=<AddBackward0>)
using contrastive loss
overall: tensor(1.1150, device='cuda:0', grad_fn=<AddBackward0>)
using contrastive loss
overall: tensor(1.2672, device='cuda:0', grad_fn=<AddBackward0>)
using contrastive loss
overall: tensor(1.6918, device='cuda:0', grad_fn=<AddBackward0>)
using contrastive loss
overall: tensor(1.8183, device='cuda:0', grad_fn=<AddBackward0>)
using contrastive loss
overall: tensor(1.8519, device='cuda:0', grad_fn=<AddBackward0>)
using contrastive loss
overall: tensor(1.2773, device='cuda:0', grad_fn=<AddBackward0>)
using contrastive loss
overall: tensor(0.8357, device='cuda:0', grad_fn=<AddBackward0>)
using contrastive loss
overall: tensor(2.2331, device='cuda:0', grad_fn=<AddBackward0>)
using contrastive loss
overall: tensor(1.3511, device='cuda:0', grad_fn=<AddBackward0>)
using contrastive loss
overall: tensor(1.5574, device='cuda:0', grad_fn=<AddBackward0>)
using contrastive loss
overall: tensor(1.6116, device='cuda:0', grad_fn=<AddBackward0>)
using contrastive loss
overall: tensor(0.7547, device='cuda:0', grad_fn=<AddBackward0>)
using contrastive loss
overall: tensor(2.0097, device='cuda:0', grad_fn=<AddBackward0>)
using contrastive loss
overall: tensor(0.8738, device='cuda:0', grad_fn=<AddBackward0>)
using contrastive loss
overall: tensor(0.7088, device='cuda:0', grad_fn=<AddBackward0>)
using contrastive loss
overall: tensor(1.3355, device='cuda:0', grad_fn=<AddBackward0>)
using contrastive loss
overall: tensor(1.5709, device='cuda:0', grad_fn=<AddBackward0>)
using contrastive loss
overall: tensor(1.9197, device='cuda:0', grad_fn=<AddBackward0>)
using contrastive loss
overall: tensor(1.5528, device='cuda:0', grad_fn=<AddBackward0>)
using contrastive loss
overall: tensor(1.6542, device='cuda:0', grad_fn=<AddBackward0>)
using contrastive loss
overall: tensor(0.9758, device='cuda:0', grad_fn=<AddBackward0>)
using contrastive loss
overall: tensor(1.5047, device='cuda:0', grad_fn=<AddBackward0>)
using contrastive loss
overall: tensor(1.3083, device='cuda:0', grad_fn=<AddBackward0>)
using contrastive loss
overall: tensor(1.4115, device='cuda:0', grad_fn=<AddBackward0>)
using contrastive loss
overall: tensor(2.1176, device='cuda:0', grad_fn=<AddBackward0>)
using contrastive loss
overall: tensor(0.7706, device='cuda:0', grad_fn=<AddBackward0>)
using contrastive loss
overall: tensor(1.2768, device='cuda:0', grad_fn=<AddBackward0>)
using contrastive loss
overall: tensor(1.2318, device='cuda:0', grad_fn=<AddBackward0>)
using contrastive loss
overall: tensor(1.0646, device='cuda:0', grad_fn=<AddBackward0>)
using contrastive loss
overall: tensor(0.9300, device='cuda:0', grad_fn=<AddBackward0>)
using contrastive loss
overall: tensor(1.0205, device='cuda:0', grad_fn=<AddBackward0>)
using contrastive loss
overall: tensor(1.9200, device='cuda:0', grad_fn=<AddBackward0>)
using contrastive loss
overall: tensor(2.5364, device='cuda:0', grad_fn=<AddBackward0>)
using contrastive loss
overall: tensor(1.3943, device='cuda:0', grad_fn=<AddBackward0>)
using contrastive loss
overall: tensor(1.3080, device='cuda:0', grad_fn=<AddBackward0>)
using contrastive loss
overall: tensor(1.5525, device='cuda:0', grad_fn=<AddBackward0>)
using contrastive loss
overall: tensor(1.3254, device='cuda:0', grad_fn=<AddBackward0>)
using contrastive loss
overall: tensor(1.0907, device='cuda:0', grad_fn=<AddBackward0>)
using contrastive loss
overall: tensor(1.5917, device='cuda:0', grad_fn=<AddBackward0>)
using contrastive loss
overall: tensor(1.7272, device='cuda:0', grad_fn=<AddBackward0>)
using contrastive loss
overall: tensor(2.0692, device='cuda:0', grad_fn=<AddBackward0>)
using contrastive loss
overall: tensor(2.3170, device='cuda:0', grad_fn=<AddBackward0>)
using contrastive loss
overall: tensor(1.0843, device='cuda:0', grad_fn=<AddBackward0>)
using contrastive loss
overall: tensor(1.5493, device='cuda:0', grad_fn=<AddBackward0>)
using contrastive loss
overall: tensor(1.2844, device='cuda:0', grad_fn=<AddBackward0>)
using contrastive loss
overall: tensor(1.1907, device='cuda:0', grad_fn=<AddBackward0>)
using contrastive loss
overall: tensor(0.8014, device='cuda:0', grad_fn=<AddBackward0>)
using contrastive loss
overall: tensor(1.6839, device='cuda:0', grad_fn=<AddBackward0>)
using contrastive loss
overall: tensor(0.9855, device='cuda:0', grad_fn=<AddBackward0>)
using contrastive loss
overall: tensor(1.6520, device='cuda:0', grad_fn=<AddBackward0>)
using contrastive loss
overall: tensor(0.9748, device='cuda:0', grad_fn=<AddBackward0>)
using contrastive loss
overall: tensor(0.8710, device='cuda:0', grad_fn=<AddBackward0>)
using contrastive loss
overall: tensor(1.3169, device='cuda:0', grad_fn=<AddBackward0>)
batch num:100
using contrastive loss
overall: tensor(1.2013, device='cuda:0', grad_fn=<AddBackward0>)
using contrastive loss
overall: tensor(1.2663, device='cuda:0', grad_fn=<AddBackward0>)
using contrastive loss
overall: tensor(1.8236, device='cuda:0', grad_fn=<AddBackward0>)
using contrastive loss
overall: tensor(1.2858, device='cuda:0', grad_fn=<AddBackward0>)
using contrastive loss
overall: tensor(1.3374, device='cuda:0', grad_fn=<AddBackward0>)
using contrastive loss
overall: tensor(1.5363, device='cuda:0', grad_fn=<AddBackward0>)
using contrastive loss
overall: tensor(1.6061, device='cuda:0', grad_fn=<AddBackward0>)
using contrastive loss
overall: tensor(2.0351, device='cuda:0', grad_fn=<AddBackward0>)
using contrastive loss
overall: tensor(0.8441, device='cuda:0', grad_fn=<AddBackward0>)
using contrastive loss
overall: tensor(1.1391, device='cuda:0', grad_fn=<AddBackward0>)
using contrastive loss
overall: tensor(0.9362, device='cuda:0', grad_fn=<AddBackward0>)
using contrastive loss
overall: tensor(1.3741, device='cuda:0', grad_fn=<AddBackward0>)
using contrastive loss
overall: tensor(1.3154, device='cuda:0', grad_fn=<AddBackward0>)
using contrastive loss
overall: tensor(2.6440, device='cuda:0', grad_fn=<AddBackward0>)
using contrastive loss
overall: tensor(1.9036, device='cuda:0', grad_fn=<AddBackward0>)
using contrastive loss
overall: tensor(1.1181, device='cuda:0', grad_fn=<AddBackward0>)
using contrastive loss
overall: tensor(1.0799, device='cuda:0', grad_fn=<AddBackward0>)
using contrastive loss
overall: tensor(2.3419, device='cuda:0', grad_fn=<AddBackward0>)
using contrastive loss
overall: tensor(1.1362, device='cuda:0', grad_fn=<AddBackward0>)
using contrastive loss
overall: tensor(1.1333, device='cuda:0', grad_fn=<AddBackward0>)
using contrastive loss
overall: tensor(1.7245, device='cuda:0', grad_fn=<AddBackward0>)
using contrastive loss
overall: tensor(0.9614, device='cuda:0', grad_fn=<AddBackward0>)
using contrastive loss
overall: tensor(0.8082, device='cuda:0', grad_fn=<AddBackward0>)
using contrastive loss
overall: tensor(1.2086, device='cuda:0', grad_fn=<AddBackward0>)
using contrastive loss
overall: tensor(2.4507, device='cuda:0', grad_fn=<AddBackward0>)
using contrastive loss
overall: tensor(1.2208, device='cuda:0', grad_fn=<AddBackward0>)
using contrastive loss
overall: tensor(1.3940, device='cuda:0', grad_fn=<AddBackward0>)
using contrastive loss
overall: tensor(1.5482, device='cuda:0', grad_fn=<AddBackward0>)
using contrastive loss
overall: tensor(1.6596, device='cuda:0', grad_fn=<AddBackward0>)
using contrastive loss
overall: tensor(1.6824, device='cuda:0', grad_fn=<AddBackward0>)
using contrastive loss
overall: tensor(1.7425, device='cuda:0', grad_fn=<AddBackward0>)
using contrastive loss
overall: tensor(1.7193, device='cuda:0', grad_fn=<AddBackward0>)
using contrastive loss
overall: tensor(2.1268, device='cuda:0', grad_fn=<AddBackward0>)
using contrastive loss
overall: tensor(1.5321, device='cuda:0', grad_fn=<AddBackward0>)
using contrastive loss
overall: tensor(1.8723, device='cuda:0', grad_fn=<AddBackward0>)
using contrastive loss
overall: tensor(0.9577, device='cuda:0', grad_fn=<AddBackward0>)
using contrastive loss
overall: tensor(1.4292, device='cuda:0', grad_fn=<AddBackward0>)
using contrastive loss
overall: tensor(1.5603, device='cuda:0', grad_fn=<AddBackward0>)
using contrastive loss
overall: tensor(1.2000, device='cuda:0', grad_fn=<AddBackward0>)
using contrastive loss
overall: tensor(1.9821, device='cuda:0', grad_fn=<AddBackward0>)
using contrastive loss
overall: tensor(1.6291, device='cuda:0', grad_fn=<AddBackward0>)
using contrastive loss
overall: tensor(1.1607, device='cuda:0', grad_fn=<AddBackward0>)
using contrastive loss
overall: tensor(2.2688, device='cuda:0', grad_fn=<AddBackward0>)
using contrastive loss
overall: tensor(1.1026, device='cuda:0', grad_fn=<AddBackward0>)
using contrastive loss
overall: tensor(1.6302, device='cuda:0', grad_fn=<AddBackward0>)
using contrastive loss
overall: tensor(1.8866, device='cuda:0', grad_fn=<AddBackward0>)
using contrastive loss
overall: tensor(1.2155, device='cuda:0', grad_fn=<AddBackward0>)
using contrastive loss
overall: tensor(2.0407, device='cuda:0', grad_fn=<AddBackward0>)
using contrastive loss
overall: tensor(1.6656, device='cuda:0', grad_fn=<AddBackward0>)
using contrastive loss
overall: tensor(0.9485, device='cuda:0', grad_fn=<AddBackward0>)
using contrastive loss
overall: tensor(1.5740, device='cuda:0', grad_fn=<AddBackward0>)
using contrastive loss
overall: tensor(1.5879, device='cuda:0', grad_fn=<AddBackward0>)
using contrastive loss
overall: tensor(0.9865, device='cuda:0', grad_fn=<AddBackward0>)
using contrastive loss
overall: tensor(1.4957, device='cuda:0', grad_fn=<AddBackward0>)
using contrastive loss
overall: tensor(1.8720, device='cuda:0', grad_fn=<AddBackward0>)
using contrastive loss
overall: tensor(1.2736, device='cuda:0', grad_fn=<AddBackward0>)
using contrastive loss
overall: tensor(1.5034, device='cuda:0', grad_fn=<AddBackward0>)
using contrastive loss
overall: tensor(1.2284, device='cuda:0', grad_fn=<AddBackward0>)
using contrastive loss
overall: tensor(1.3592, device='cuda:0', grad_fn=<AddBackward0>)
using contrastive loss
overall: tensor(2.1233, device='cuda:0', grad_fn=<AddBackward0>)
using contrastive loss
overall: tensor(1.4002, device='cuda:0', grad_fn=<AddBackward0>)
using contrastive loss
overall: tensor(1.0545, device='cuda:0', grad_fn=<AddBackward0>)
using contrastive loss
overall: tensor(1.0060, device='cuda:0', grad_fn=<AddBackward0>)
using contrastive loss
overall: tensor(1.4037, device='cuda:0', grad_fn=<AddBackward0>)
using contrastive loss
overall: tensor(1.9531, device='cuda:0', grad_fn=<AddBackward0>)
using contrastive loss
overall: tensor(1.7870, device='cuda:0', grad_fn=<AddBackward0>)
using contrastive loss
overall: tensor(1.0603, device='cuda:0', grad_fn=<AddBackward0>)
using contrastive loss
overall: tensor(1.1018, device='cuda:0', grad_fn=<AddBackward0>)
using contrastive loss
overall: tensor(1.4387, device='cuda:0', grad_fn=<AddBackward0>)
using contrastive loss
overall: tensor(1.0127, device='cuda:0', grad_fn=<AddBackward0>)
using contrastive loss
overall: tensor(1.3486, device='cuda:0', grad_fn=<AddBackward0>)
using contrastive loss
overall: tensor(2.0881, device='cuda:0', grad_fn=<AddBackward0>)
using contrastive loss
overall: tensor(1.3806, device='cuda:0', grad_fn=<AddBackward0>)
using contrastive loss
overall: tensor(1.2560, device='cuda:0', grad_fn=<AddBackward0>)
using contrastive loss
overall: tensor(0.7272, device='cuda:0', grad_fn=<AddBackward0>)
using contrastive loss
overall: tensor(1.6365, device='cuda:0', grad_fn=<AddBackward0>)
using contrastive loss
overall: tensor(1.4098, device='cuda:0', grad_fn=<AddBackward0>)
using contrastive loss
overall: tensor(0.5006, device='cuda:0', grad_fn=<AddBackward0>)
using contrastive loss
overall: tensor(0.9802, device='cuda:0', grad_fn=<AddBackward0>)
using contrastive loss
overall: tensor(1.3970, device='cuda:0', grad_fn=<AddBackward0>)
using contrastive loss
overall: tensor(1.3850, device='cuda:0', grad_fn=<AddBackward0>)
using contrastive loss
overall: tensor(1.0459, device='cuda:0', grad_fn=<AddBackward0>)
using contrastive loss
overall: tensor(1.3209, device='cuda:0', grad_fn=<AddBackward0>)
using contrastive loss
overall: tensor(1.1221, device='cuda:0', grad_fn=<AddBackward0>)
using contrastive loss
overall: tensor(1.3818, device='cuda:0', grad_fn=<AddBackward0>)
using contrastive loss
overall: tensor(2.2550, device='cuda:0', grad_fn=<AddBackward0>)
using contrastive loss
overall: tensor(1.2103, device='cuda:0', grad_fn=<AddBackward0>)
using contrastive loss
overall: tensor(0.9986, device='cuda:0', grad_fn=<AddBackward0>)
using contrastive loss
overall: tensor(0.8848, device='cuda:0', grad_fn=<AddBackward0>)
using contrastive loss
overall: tensor(2.0534, device='cuda:0', grad_fn=<AddBackward0>)
using contrastive loss
overall: tensor(1.4482, device='cuda:0', grad_fn=<AddBackward0>)
using contrastive loss
overall: tensor(0.6633, device='cuda:0', grad_fn=<AddBackward0>)
using contrastive loss
overall: tensor(1.5520, device='cuda:0', grad_fn=<AddBackward0>)
using contrastive loss
overall: tensor(1.1412, device='cuda:0', grad_fn=<AddBackward0>)
using contrastive loss
overall: tensor(0.8450, device='cuda:0', grad_fn=<AddBackward0>)
using contrastive loss
overall: tensor(1.5603, device='cuda:0', grad_fn=<AddBackward0>)
using contrastive loss
overall: tensor(1.5783, device='cuda:0', grad_fn=<AddBackward0>)
using contrastive loss
overall: tensor(1.6912, device='cuda:0', grad_fn=<AddBackward0>)
using contrastive loss
overall: tensor(0.9270, device='cuda:0', grad_fn=<AddBackward0>)
using contrastive loss
overall: tensor(1.3220, device='cuda:0', grad_fn=<AddBackward0>)
batch num:200
using contrastive loss
overall: tensor(1.2648, device='cuda:0', grad_fn=<AddBackward0>)
using contrastive loss
overall: tensor(0.9087, device='cuda:0', grad_fn=<AddBackward0>)
using contrastive loss
overall: tensor(1.4932, device='cuda:0', grad_fn=<AddBackward0>)
using contrastive loss
overall: tensor(1.5853, device='cuda:0', grad_fn=<AddBackward0>)
using contrastive loss
overall: tensor(1.5673, device='cuda:0', grad_fn=<AddBackward0>)
using contrastive loss
overall: tensor(0.7928, device='cuda:0', grad_fn=<AddBackward0>)
using contrastive loss
overall: tensor(1.3822, device='cuda:0', grad_fn=<AddBackward0>)
using contrastive loss
overall: tensor(0.7463, device='cuda:0', grad_fn=<AddBackward0>)
using contrastive loss
overall: tensor(1.4316, device='cuda:0', grad_fn=<AddBackward0>)
using contrastive loss
overall: tensor(1.1800, device='cuda:0', grad_fn=<AddBackward0>)
using contrastive loss
overall: tensor(1.1223, device='cuda:0', grad_fn=<AddBackward0>)
using contrastive loss
overall: tensor(1.6206, device='cuda:0', grad_fn=<AddBackward0>)
using contrastive loss
overall: tensor(1.5797, device='cuda:0', grad_fn=<AddBackward0>)
using contrastive loss
overall: tensor(2.2188, device='cuda:0', grad_fn=<AddBackward0>)
using contrastive loss
overall: tensor(1.3646, device='cuda:0', grad_fn=<AddBackward0>)
using contrastive loss
overall: tensor(0.5959, device='cuda:0', grad_fn=<AddBackward0>)
using contrastive loss
overall: tensor(2.5907, device='cuda:0', grad_fn=<AddBackward0>)
using contrastive loss
overall: tensor(2.1621, device='cuda:0', grad_fn=<AddBackward0>)
using contrastive loss
overall: tensor(1.6537, device='cuda:0', grad_fn=<AddBackward0>)
using contrastive loss
overall: tensor(0.7821, device='cuda:0', grad_fn=<AddBackward0>)
using contrastive loss
overall: tensor(0.6968, device='cuda:0', grad_fn=<AddBackward0>)
using contrastive loss
overall: tensor(1.4975, device='cuda:0', grad_fn=<AddBackward0>)
using contrastive loss
overall: tensor(1.2483, device='cuda:0', grad_fn=<AddBackward0>)
using contrastive loss
overall: tensor(1.8027, device='cuda:0', grad_fn=<AddBackward0>)
using contrastive loss
overall: tensor(1.4281, device='cuda:0', grad_fn=<AddBackward0>)
using contrastive loss
overall: tensor(0.8443, device='cuda:0', grad_fn=<AddBackward0>)
using contrastive loss
overall: tensor(0.8506, device='cuda:0', grad_fn=<AddBackward0>)
using contrastive loss
overall: tensor(1.2791, device='cuda:0', grad_fn=<AddBackward0>)
using contrastive loss
overall: tensor(2.0156, device='cuda:0', grad_fn=<AddBackward0>)
using contrastive loss
overall: tensor(1.9073, device='cuda:0', grad_fn=<AddBackward0>)
using contrastive loss
overall: tensor(1.3942, device='cuda:0', grad_fn=<AddBackward0>)
using contrastive loss
overall: tensor(2.0690, device='cuda:0', grad_fn=<AddBackward0>)
using contrastive loss
overall: tensor(1.3781, device='cuda:0', grad_fn=<AddBackward0>)
using contrastive loss
overall: tensor(1.6538, device='cuda:0', grad_fn=<AddBackward0>)
using contrastive loss
overall: tensor(1.1241, device='cuda:0', grad_fn=<AddBackward0>)
using contrastive loss
overall: tensor(1.0156, device='cuda:0', grad_fn=<AddBackward0>)
using contrastive loss
overall: tensor(1.5193, device='cuda:0', grad_fn=<AddBackward0>)
using contrastive loss
overall: tensor(1.5131, device='cuda:0', grad_fn=<AddBackward0>)
using contrastive loss
overall: tensor(0.8141, device='cuda:0', grad_fn=<AddBackward0>)
using contrastive loss
overall: tensor(2.4124, device='cuda:0', grad_fn=<AddBackward0>)
using contrastive loss
overall: tensor(0.7222, device='cuda:0', grad_fn=<AddBackward0>)
using contrastive loss
overall: tensor(1.9130, device='cuda:0', grad_fn=<AddBackward0>)
using contrastive loss
overall: tensor(1.6707, device='cuda:0', grad_fn=<AddBackward0>)
using contrastive loss
overall: tensor(1.2449, device='cuda:0', grad_fn=<AddBackward0>)
using contrastive loss
overall: tensor(2.5715, device='cuda:0', grad_fn=<AddBackward0>)
using contrastive loss
overall: tensor(0.7944, device='cuda:0', grad_fn=<AddBackward0>)
using contrastive loss
overall: tensor(1.9887, device='cuda:0', grad_fn=<AddBackward0>)
using contrastive loss
overall: tensor(1.0352, device='cuda:0', grad_fn=<AddBackward0>)
using contrastive loss
overall: tensor(1.0352, device='cuda:0', grad_fn=<AddBackward0>)
using contrastive loss
overall: tensor(2.1354, device='cuda:0', grad_fn=<AddBackward0>)
using contrastive loss
overall: tensor(1.0638, device='cuda:0', grad_fn=<AddBackward0>)
using contrastive loss
overall: tensor(0.7274, device='cuda:0', grad_fn=<AddBackward0>)
using contrastive loss
overall: tensor(1.4598, device='cuda:0', grad_fn=<AddBackward0>)
using contrastive loss
overall: tensor(1.1339, device='cuda:0', grad_fn=<AddBackward0>)
using contrastive loss
overall: tensor(1.4713, device='cuda:0', grad_fn=<AddBackward0>)
using contrastive loss
overall: tensor(1.3573, device='cuda:0', grad_fn=<AddBackward0>)
using contrastive loss
overall: tensor(1.2425, device='cuda:0', grad_fn=<AddBackward0>)
using contrastive loss
overall: tensor(1.7496, device='cuda:0', grad_fn=<AddBackward0>)
using contrastive loss
overall: tensor(1.3360, device='cuda:0', grad_fn=<AddBackward0>)
using contrastive loss
overall: tensor(1.6835, device='cuda:0', grad_fn=<AddBackward0>)
using contrastive loss
overall: tensor(1.4813, device='cuda:0', grad_fn=<AddBackward0>)
using contrastive loss
overall: tensor(1.5840, device='cuda:0', grad_fn=<AddBackward0>)
using contrastive loss
overall: tensor(0.9591, device='cuda:0', grad_fn=<AddBackward0>)
using contrastive loss
overall: tensor(1.0246, device='cuda:0', grad_fn=<AddBackward0>)
using contrastive loss
overall: tensor(2.0068, device='cuda:0', grad_fn=<AddBackward0>)
using contrastive loss
overall: tensor(1.7609, device='cuda:0', grad_fn=<AddBackward0>)
using contrastive loss
overall: tensor(1.4916, device='cuda:0', grad_fn=<AddBackward0>)
using contrastive loss
overall: tensor(1.6886, device='cuda:0', grad_fn=<AddBackward0>)
using contrastive loss
overall: tensor(2.2002, device='cuda:0', grad_fn=<AddBackward0>)
using contrastive loss
overall: tensor(1.0646, device='cuda:0', grad_fn=<AddBackward0>)
using contrastive loss
overall: tensor(1.1912, device='cuda:0', grad_fn=<AddBackward0>)
using contrastive loss
overall: tensor(1.1853, device='cuda:0', grad_fn=<AddBackward0>)
using contrastive loss
overall: tensor(1.1898, device='cuda:0', grad_fn=<AddBackward0>)
using contrastive loss
overall: tensor(1.9209, device='cuda:0', grad_fn=<AddBackward0>)
using contrastive loss
overall: tensor(0.9297, device='cuda:0', grad_fn=<AddBackward0>)
using contrastive loss
overall: tensor(1.2428, device='cuda:0', grad_fn=<AddBackward0>)
using contrastive loss
overall: tensor(1.0891, device='cuda:0', grad_fn=<AddBackward0>)
using contrastive loss
overall: tensor(0.8943, device='cuda:0', grad_fn=<AddBackward0>)
using contrastive loss
overall: tensor(1.7080, device='cuda:0', grad_fn=<AddBackward0>)
using contrastive loss
overall: tensor(1.7447, device='cuda:0', grad_fn=<AddBackward0>)
using contrastive loss
overall: tensor(1.8993, device='cuda:0', grad_fn=<AddBackward0>)
using contrastive loss
overall: tensor(1.8618, device='cuda:0', grad_fn=<AddBackward0>)
using contrastive loss
overall: tensor(1.3803, device='cuda:0', grad_fn=<AddBackward0>)
using contrastive loss
overall: tensor(2.5695, device='cuda:0', grad_fn=<AddBackward0>)
using contrastive loss
overall: tensor(1.3876, device='cuda:0', grad_fn=<AddBackward0>)
using contrastive loss
overall: tensor(1.0977, device='cuda:0', grad_fn=<AddBackward0>)
using contrastive loss
overall: tensor(1.3529, device='cuda:0', grad_fn=<AddBackward0>)
using contrastive loss
overall: tensor(0.8619, device='cuda:0', grad_fn=<AddBackward0>)
using contrastive loss
overall: tensor(0.9659, device='cuda:0', grad_fn=<AddBackward0>)
using contrastive loss
overall: tensor(1.7956, device='cuda:0', grad_fn=<AddBackward0>)
using contrastive loss
overall: tensor(1.1213, device='cuda:0', grad_fn=<AddBackward0>)
using contrastive loss
overall: tensor(2.0703, device='cuda:0', grad_fn=<AddBackward0>)
using contrastive loss
overall: tensor(1.2874, device='cuda:0', grad_fn=<AddBackward0>)
using contrastive loss
overall: tensor(2.3087, device='cuda:0', grad_fn=<AddBackward0>)
using contrastive loss
overall: tensor(1.3190, device='cuda:0', grad_fn=<AddBackward0>)
using contrastive loss
overall: tensor(1.9233, device='cuda:0', grad_fn=<AddBackward0>)
using contrastive loss
overall: tensor(1.9556, device='cuda:0', grad_fn=<AddBackward0>)
using contrastive loss
overall: tensor(0.9462, device='cuda:0', grad_fn=<AddBackward0>)
using contrastive loss
overall: tensor(1.5074, device='cuda:0', grad_fn=<AddBackward0>)
using contrastive loss
overall: tensor(0.7650, device='cuda:0', grad_fn=<AddBackward0>)
batch num:300
using contrastive loss
overall: tensor(1.3301, device='cuda:0', grad_fn=<AddBackward0>)
using contrastive loss
overall: tensor(1.2219, device='cuda:0', grad_fn=<AddBackward0>)
using contrastive loss
overall: tensor(1.1191, device='cuda:0', grad_fn=<AddBackward0>)
using contrastive loss
overall: tensor(1.6150, device='cuda:0', grad_fn=<AddBackward0>)
using contrastive loss
overall: tensor(1.4408, device='cuda:0', grad_fn=<AddBackward0>)
using contrastive loss
overall: tensor(1.4368, device='cuda:0', grad_fn=<AddBackward0>)
using contrastive loss
overall: tensor(1.0239, device='cuda:0', grad_fn=<AddBackward0>)
using contrastive loss
overall: tensor(0.8071, device='cuda:0', grad_fn=<AddBackward0>)
using contrastive loss
overall: tensor(1.3012, device='cuda:0', grad_fn=<AddBackward0>)
using contrastive loss
overall: tensor(1.0348, device='cuda:0', grad_fn=<AddBackward0>)
using contrastive loss
overall: tensor(1.5966, device='cuda:0', grad_fn=<AddBackward0>)
using contrastive loss
overall: tensor(1.7718, device='cuda:0', grad_fn=<AddBackward0>)
using contrastive loss
overall: tensor(2.1291, device='cuda:0', grad_fn=<AddBackward0>)
using contrastive loss
overall: tensor(1.3958, device='cuda:0', grad_fn=<AddBackward0>)
using contrastive loss
overall: tensor(1.4027, device='cuda:0', grad_fn=<AddBackward0>)
using contrastive loss
overall: tensor(1.1456, device='cuda:0', grad_fn=<AddBackward0>)
using contrastive loss
overall: tensor(1.0187, device='cuda:0', grad_fn=<AddBackward0>)
using contrastive loss
overall: tensor(1.9613, device='cuda:0', grad_fn=<AddBackward0>)
using contrastive loss
overall: tensor(0.9059, device='cuda:0', grad_fn=<AddBackward0>)
using contrastive loss
overall: tensor(1.4142, device='cuda:0', grad_fn=<AddBackward0>)
using contrastive loss
overall: tensor(0.7473, device='cuda:0', grad_fn=<AddBackward0>)
using contrastive loss
overall: tensor(1.4462, device='cuda:0', grad_fn=<AddBackward0>)
using contrastive loss
overall: tensor(0.9413, device='cuda:0', grad_fn=<AddBackward0>)
using contrastive loss
overall: tensor(1.8444, device='cuda:0', grad_fn=<AddBackward0>)
using contrastive loss
overall: tensor(0.9206, device='cuda:0', grad_fn=<AddBackward0>)
using contrastive loss
overall: tensor(1.4434, device='cuda:0', grad_fn=<AddBackward0>)
using contrastive loss
overall: tensor(1.3742, device='cuda:0', grad_fn=<AddBackward0>)
using contrastive loss
overall: tensor(1.6971, device='cuda:0', grad_fn=<AddBackward0>)
using contrastive loss
overall: tensor(1.7402, device='cuda:0', grad_fn=<AddBackward0>)
using contrastive loss
overall: tensor(1.1383, device='cuda:0', grad_fn=<AddBackward0>)
using contrastive loss
overall: tensor(1.0773, device='cuda:0', grad_fn=<AddBackward0>)
using contrastive loss
overall: tensor(1.0286, device='cuda:0', grad_fn=<AddBackward0>)
using contrastive loss
overall: tensor(1.1082, device='cuda:0', grad_fn=<AddBackward0>)
using contrastive loss
overall: tensor(1.4480, device='cuda:0', grad_fn=<AddBackward0>)
using contrastive loss
overall: tensor(1.6602, device='cuda:0', grad_fn=<AddBackward0>)
using contrastive loss
overall: tensor(1.3313, device='cuda:0', grad_fn=<AddBackward0>)
using contrastive loss
overall: tensor(1.3010, device='cuda:0', grad_fn=<AddBackward0>)
using contrastive loss
overall: tensor(0.6727, device='cuda:0', grad_fn=<AddBackward0>)
using contrastive loss
overall: tensor(1.9637, device='cuda:0', grad_fn=<AddBackward0>)
using contrastive loss
overall: tensor(2.2319, device='cuda:0', grad_fn=<AddBackward0>)
using contrastive loss
overall: tensor(0.8686, device='cuda:0', grad_fn=<AddBackward0>)
using contrastive loss
overall: tensor(2.5169, device='cuda:0', grad_fn=<AddBackward0>)
using contrastive loss
overall: tensor(0.7653, device='cuda:0', grad_fn=<AddBackward0>)
using contrastive loss
overall: tensor(0.3081, device='cuda:0', grad_fn=<AddBackward0>)
using contrastive loss
overall: tensor(1.3104, device='cuda:0', grad_fn=<AddBackward0>)
using contrastive loss
overall: tensor(1.8537, device='cuda:0', grad_fn=<AddBackward0>)
using contrastive loss
overall: tensor(0.9496, device='cuda:0', grad_fn=<AddBackward0>)
using contrastive loss
overall: tensor(1.2951, device='cuda:0', grad_fn=<AddBackward0>)
using contrastive loss
overall: tensor(1.1542, device='cuda:0', grad_fn=<AddBackward0>)
using contrastive loss
overall: tensor(1.1362, device='cuda:0', grad_fn=<AddBackward0>)
using contrastive loss
overall: tensor(1.0113, device='cuda:0', grad_fn=<AddBackward0>)
using contrastive loss
overall: tensor(1.3775, device='cuda:0', grad_fn=<AddBackward0>)
using contrastive loss
overall: tensor(1.0414, device='cuda:0', grad_fn=<AddBackward0>)
using contrastive loss
overall: tensor(0.9867, device='cuda:0', grad_fn=<AddBackward0>)
using contrastive loss
overall: tensor(1.1290, device='cuda:0', grad_fn=<AddBackward0>)
using contrastive loss
overall: tensor(1.9029, device='cuda:0', grad_fn=<AddBackward0>)
using contrastive loss
overall: tensor(1.4671, device='cuda:0', grad_fn=<AddBackward0>)
using contrastive loss
overall: tensor(1.1473, device='cuda:0', grad_fn=<AddBackward0>)
using contrastive loss
overall: tensor(1.4947, device='cuda:0', grad_fn=<AddBackward0>)
using contrastive loss
overall: tensor(1.7550, device='cuda:0', grad_fn=<AddBackward0>)
using contrastive loss
overall: tensor(1.0538, device='cuda:0', grad_fn=<AddBackward0>)
using contrastive loss
overall: tensor(2.5618, device='cuda:0', grad_fn=<AddBackward0>)
using contrastive loss
overall: tensor(2.4689, device='cuda:0', grad_fn=<AddBackward0>)
using contrastive loss
overall: tensor(1.4714, device='cuda:0', grad_fn=<AddBackward0>)
using contrastive loss
overall: tensor(1.0662, device='cuda:0', grad_fn=<AddBackward0>)
using contrastive loss
overall: tensor(1.3661, device='cuda:0', grad_fn=<AddBackward0>)
using contrastive loss
overall: tensor(1.3730, device='cuda:0', grad_fn=<AddBackward0>)
using contrastive loss
overall: tensor(0.9375, device='cuda:0', grad_fn=<AddBackward0>)
using contrastive loss
overall: tensor(1.1134, device='cuda:0', grad_fn=<AddBackward0>)
using contrastive loss
overall: tensor(1.9477, device='cuda:0', grad_fn=<AddBackward0>)
using contrastive loss
overall: tensor(1.7295, device='cuda:0', grad_fn=<AddBackward0>)
using contrastive loss
overall: tensor(0.9325, device='cuda:0', grad_fn=<AddBackward0>)
using contrastive loss
overall: tensor(1.0458, device='cuda:0', grad_fn=<AddBackward0>)
using contrastive loss
overall: tensor(1.3689, device='cuda:0', grad_fn=<AddBackward0>)
using contrastive loss
overall: tensor(1.3908, device='cuda:0', grad_fn=<AddBackward0>)
using contrastive loss
overall: tensor(2.2590, device='cuda:0', grad_fn=<AddBackward0>)
using contrastive loss
overall: tensor(0.9664, device='cuda:0', grad_fn=<AddBackward0>)
using contrastive loss
overall: tensor(1.3885, device='cuda:0', grad_fn=<AddBackward0>)
using contrastive loss
overall: tensor(1.6257, device='cuda:0', grad_fn=<AddBackward0>)
using contrastive loss
overall: tensor(1.9319, device='cuda:0', grad_fn=<AddBackward0>)
using contrastive loss
overall: tensor(1.6989, device='cuda:0', grad_fn=<AddBackward0>)
using contrastive loss
overall: tensor(1.6731, device='cuda:0', grad_fn=<AddBackward0>)
using contrastive loss
overall: tensor(1.4990, device='cuda:0', grad_fn=<AddBackward0>)
using contrastive loss
overall: tensor(1.2427, device='cuda:0', grad_fn=<AddBackward0>)
using contrastive loss
overall: tensor(1.5111, device='cuda:0', grad_fn=<AddBackward0>)
using contrastive loss
overall: tensor(1.9210, device='cuda:0', grad_fn=<AddBackward0>)
using contrastive loss
overall: tensor(1.1902, device='cuda:0', grad_fn=<AddBackward0>)
using contrastive loss
overall: tensor(1.2604, device='cuda:0', grad_fn=<AddBackward0>)
using contrastive loss
overall: tensor(1.2425, device='cuda:0', grad_fn=<AddBackward0>)
using contrastive loss
overall: tensor(1.8738, device='cuda:0', grad_fn=<AddBackward0>)
using contrastive loss
overall: tensor(1.1642, device='cuda:0', grad_fn=<AddBackward0>)
using contrastive loss
overall: tensor(2.0179, device='cuda:0', grad_fn=<AddBackward0>)
using contrastive loss
overall: tensor(1.2970, device='cuda:0', grad_fn=<AddBackward0>)
using contrastive loss
overall: tensor(1.6566, device='cuda:0', grad_fn=<AddBackward0>)
using contrastive loss
overall: tensor(1.7433, device='cuda:0', grad_fn=<AddBackward0>)
using contrastive loss
overall: tensor(2.0124, device='cuda:0', grad_fn=<AddBackward0>)
using contrastive loss
overall: tensor(0.8718, device='cuda:0', grad_fn=<AddBackward0>)
using contrastive loss
overall: tensor(0.9394, device='cuda:0', grad_fn=<AddBackward0>)
using contrastive loss
overall: tensor(1.9408, device='cuda:0', grad_fn=<AddBackward0>)
using contrastive loss
overall: tensor(1.3230, device='cuda:0', grad_fn=<AddBackward0>)
batch num:400
using contrastive loss
overall: tensor(0.6846, device='cuda:0', grad_fn=<AddBackward0>)
using contrastive loss
overall: tensor(1.5707, device='cuda:0', grad_fn=<AddBackward0>)
using contrastive loss
overall: tensor(0.8128, device='cuda:0', grad_fn=<AddBackward0>)
using contrastive loss
overall: tensor(0.5873, device='cuda:0', grad_fn=<AddBackward0>)
using contrastive loss
overall: tensor(2.2194, device='cuda:0', grad_fn=<AddBackward0>)
using contrastive loss
overall: tensor(0.9396, device='cuda:0', grad_fn=<AddBackward0>)
using contrastive loss
overall: tensor(1.6725, device='cuda:0', grad_fn=<AddBackward0>)
using contrastive loss
overall: tensor(0.8261, device='cuda:0', grad_fn=<AddBackward0>)
using contrastive loss
overall: tensor(0.9247, device='cuda:0', grad_fn=<AddBackward0>)
using contrastive loss
overall: tensor(0.7899, device='cuda:0', grad_fn=<AddBackward0>)
using contrastive loss
overall: tensor(2.2419, device='cuda:0', grad_fn=<AddBackward0>)
using contrastive loss
overall: tensor(1.2794, device='cuda:0', grad_fn=<AddBackward0>)
using contrastive loss
overall: tensor(1.1812, device='cuda:0', grad_fn=<AddBackward0>)
using contrastive loss
overall: tensor(2.5439, device='cuda:0', grad_fn=<AddBackward0>)
using contrastive loss
overall: tensor(1.2823, device='cuda:0', grad_fn=<AddBackward0>)
using contrastive loss
overall: tensor(2.0242, device='cuda:0', grad_fn=<AddBackward0>)
using contrastive loss
overall: tensor(1.4850, device='cuda:0', grad_fn=<AddBackward0>)
using contrastive loss
overall: tensor(1.4704, device='cuda:0', grad_fn=<AddBackward0>)
using contrastive loss
overall: tensor(1.5498, device='cuda:0', grad_fn=<AddBackward0>)
using contrastive loss
overall: tensor(1.3736, device='cuda:0', grad_fn=<AddBackward0>)
using contrastive loss
overall: tensor(1.9019, device='cuda:0', grad_fn=<AddBackward0>)
using contrastive loss
overall: tensor(1.1052, device='cuda:0', grad_fn=<AddBackward0>)
using contrastive loss
overall: tensor(1.8669, device='cuda:0', grad_fn=<AddBackward0>)
using contrastive loss
overall: tensor(1.4800, device='cuda:0', grad_fn=<AddBackward0>)
using contrastive loss
overall: tensor(1.0948, device='cuda:0', grad_fn=<AddBackward0>)
using contrastive loss
overall: tensor(1.4745, device='cuda:0', grad_fn=<AddBackward0>)
using contrastive loss
overall: tensor(1.2261, device='cuda:0', grad_fn=<AddBackward0>)
using contrastive loss
overall: tensor(1.4718, device='cuda:0', grad_fn=<AddBackward0>)
using contrastive loss
overall: tensor(1.5274, device='cuda:0', grad_fn=<AddBackward0>)
using contrastive loss
overall: tensor(0.9531, device='cuda:0', grad_fn=<AddBackward0>)
using contrastive loss
overall: tensor(0.6987, device='cuda:0', grad_fn=<AddBackward0>)
using contrastive loss
overall: tensor(1.2254, device='cuda:0', grad_fn=<AddBackward0>)
using contrastive loss
overall: tensor(1.0982, device='cuda:0', grad_fn=<AddBackward0>)
using contrastive loss
overall: tensor(1.1305, device='cuda:0', grad_fn=<AddBackward0>)
using contrastive loss
overall: tensor(1.5134, device='cuda:0', grad_fn=<AddBackward0>)
using contrastive loss
overall: tensor(0.9400, device='cuda:0', grad_fn=<AddBackward0>)
using contrastive loss
overall: tensor(1.0239, device='cuda:0', grad_fn=<AddBackward0>)
using contrastive loss
overall: tensor(1.3428, device='cuda:0', grad_fn=<AddBackward0>)
using contrastive loss
overall: tensor(1.6415, device='cuda:0', grad_fn=<AddBackward0>)
using contrastive loss
overall: tensor(0.8811, device='cuda:0', grad_fn=<AddBackward0>)
slurmstepd: error: *** JOB 26891679 ON holygpu7c1701 CANCELLED AT 2022-09-19T20:59:40 ***
