15
2022-09-22 06:41:16.496398: W tensorflow/stream_executor/platform/default/dso_loader.cc:64] Could not load dynamic library 'libcudart.so.11.0'; dlerror: libcudart.so.11.0: cannot open shared object file: No such file or directory
2022-09-22 06:41:16.496620: I tensorflow/stream_executor/cuda/cudart_stub.cc:29] Ignore above cudart dlerror if you do not have a GPU set up on your machine.
empty_baseline is
False
Using materials: ['main_xml_50_2', 'main_xml_50_3', 'main_xml_50_4', 'main_xml_50_5']
Hotswapped material loader being used.
{1: 0, 2: 1, 3: 2, 4: 3, 5: 4, 6: 5, 7: 6, 8: 7, 9: 8, 10: 9, 11: 10, 12: 11, 13: 12}
-------------------------------
Annotation Counts
-------------------------------
desk                       4829
trash_bin                  3204
chair                     19905
window                    10204
lamp                       2489
table                     11541
monitor                    3094
file_cabinet               1727
bookshelf                  3902
bed                        3214
sofa                       3550
bathtub                    1988
flowerpot                   227
Total                     69874
-------------------------------

annotations: ../openrooms/annotation_files/train_main_xml_50_v3.json
batch_size: 8
blur_strength: 0
checkpoint: null
context_blur: false
empty_baseline: false
git: fb8600a628428381abf6c19fbf66e4592ce41f87
imagedir: ../
imbalance_reweighting: false
learning_rate: 1.0e-05
num_classes: 13
num_decoder_heads: 8
num_decoder_layers: 6
target_blur: true
test_annotations: ../openrooms/annotation_files/test_main_xml_50_v3.json
test_imagedir: ../
uncertainty_gate_type: learned
uncertainty_threshold: 0.8
weighted_prediction: false

No checkpoint was passed.
Starting epoch: 1
batch num:0
not using contrastive loss
overall: tensor(3.0238, device='cuda:0', grad_fn=<NllLossBackward0>)
not using contrastive loss
overall: tensor(3.2152, device='cuda:0', grad_fn=<NllLossBackward0>)
not using contrastive loss
overall: tensor(2.6083, device='cuda:0', grad_fn=<NllLossBackward0>)
not using contrastive loss
overall: tensor(2.7343, device='cuda:0', grad_fn=<NllLossBackward0>)
not using contrastive loss
overall: tensor(2.6061, device='cuda:0', grad_fn=<NllLossBackward0>)
not using contrastive loss
overall: tensor(3.1616, device='cuda:0', grad_fn=<NllLossBackward0>)
not using contrastive loss
overall: tensor(2.9840, device='cuda:0', grad_fn=<NllLossBackward0>)
not using contrastive loss
overall: tensor(2.7603, device='cuda:0', grad_fn=<NllLossBackward0>)
not using contrastive loss
overall: tensor(3.8166, device='cuda:0', grad_fn=<NllLossBackward0>)
not using contrastive loss
overall: tensor(3.0603, device='cuda:0', grad_fn=<NllLossBackward0>)
not using contrastive loss
overall: tensor(2.6730, device='cuda:0', grad_fn=<NllLossBackward0>)
not using contrastive loss
overall: tensor(2.9018, device='cuda:0', grad_fn=<NllLossBackward0>)
not using contrastive loss
overall: tensor(3.5234, device='cuda:0', grad_fn=<NllLossBackward0>)
not using contrastive loss
overall: tensor(3.1867, device='cuda:0', grad_fn=<NllLossBackward0>)
not using contrastive loss
overall: tensor(2.4903, device='cuda:0', grad_fn=<NllLossBackward0>)
not using contrastive loss
overall: tensor(1.8277, device='cuda:0', grad_fn=<NllLossBackward0>)
not using contrastive loss
overall: tensor(2.6243, device='cuda:0', grad_fn=<NllLossBackward0>)
not using contrastive loss
overall: tensor(2.8287, device='cuda:0', grad_fn=<NllLossBackward0>)
not using contrastive loss
overall: tensor(3.1642, device='cuda:0', grad_fn=<NllLossBackward0>)
not using contrastive loss
overall: tensor(2.7930, device='cuda:0', grad_fn=<NllLossBackward0>)
not using contrastive loss
overall: tensor(2.4770, device='cuda:0', grad_fn=<NllLossBackward0>)
not using contrastive loss
overall: tensor(2.1777, device='cuda:0', grad_fn=<NllLossBackward0>)
not using contrastive loss
overall: tensor(2.7711, device='cuda:0', grad_fn=<NllLossBackward0>)
not using contrastive loss
overall: tensor(2.0607, device='cuda:0', grad_fn=<NllLossBackward0>)
not using contrastive loss
overall: tensor(2.6179, device='cuda:0', grad_fn=<NllLossBackward0>)
not using contrastive loss
overall: tensor(2.0682, device='cuda:0', grad_fn=<NllLossBackward0>)
not using contrastive loss
overall: tensor(2.7744, device='cuda:0', grad_fn=<NllLossBackward0>)
not using contrastive loss
overall: tensor(2.5296, device='cuda:0', grad_fn=<NllLossBackward0>)
not using contrastive loss
overall: tensor(2.8399, device='cuda:0', grad_fn=<NllLossBackward0>)
not using contrastive loss
overall: tensor(2.1524, device='cuda:0', grad_fn=<NllLossBackward0>)
not using contrastive loss
overall: tensor(2.3567, device='cuda:0', grad_fn=<NllLossBackward0>)
not using contrastive loss
overall: tensor(2.8348, device='cuda:0', grad_fn=<NllLossBackward0>)
not using contrastive loss
overall: tensor(2.4904, device='cuda:0', grad_fn=<NllLossBackward0>)
not using contrastive loss
overall: tensor(2.8560, device='cuda:0', grad_fn=<NllLossBackward0>)
not using contrastive loss
overall: tensor(2.6913, device='cuda:0', grad_fn=<NllLossBackward0>)
not using contrastive loss
overall: tensor(1.9888, device='cuda:0', grad_fn=<NllLossBackward0>)
not using contrastive loss
overall: tensor(2.1969, device='cuda:0', grad_fn=<NllLossBackward0>)
not using contrastive loss
overall: tensor(2.9258, device='cuda:0', grad_fn=<NllLossBackward0>)
not using contrastive loss
overall: tensor(3.1588, device='cuda:0', grad_fn=<NllLossBackward0>)
not using contrastive loss
overall: tensor(3.0221, device='cuda:0', grad_fn=<NllLossBackward0>)
not using contrastive loss
overall: tensor(2.9797, device='cuda:0', grad_fn=<NllLossBackward0>)
not using contrastive loss
overall: tensor(2.7651, device='cuda:0', grad_fn=<NllLossBackward0>)
not using contrastive loss
overall: tensor(3.5113, device='cuda:0', grad_fn=<NllLossBackward0>)
not using contrastive loss
overall: tensor(2.2069, device='cuda:0', grad_fn=<NllLossBackward0>)
not using contrastive loss
overall: tensor(3.5234, device='cuda:0', grad_fn=<NllLossBackward0>)
not using contrastive loss
overall: tensor(2.3754, device='cuda:0', grad_fn=<NllLossBackward0>)
not using contrastive loss
overall: tensor(2.8123, device='cuda:0', grad_fn=<NllLossBackward0>)
not using contrastive loss
overall: tensor(2.6591, device='cuda:0', grad_fn=<NllLossBackward0>)
not using contrastive loss
overall: tensor(2.4034, device='cuda:0', grad_fn=<NllLossBackward0>)
not using contrastive loss
overall: tensor(1.8158, device='cuda:0', grad_fn=<NllLossBackward0>)
not using contrastive loss
overall: tensor(2.7882, device='cuda:0', grad_fn=<NllLossBackward0>)
not using contrastive loss
overall: tensor(2.2596, device='cuda:0', grad_fn=<NllLossBackward0>)
not using contrastive loss
overall: tensor(3.7312, device='cuda:0', grad_fn=<NllLossBackward0>)
not using contrastive loss
overall: tensor(3.2367, device='cuda:0', grad_fn=<NllLossBackward0>)
not using contrastive loss
overall: tensor(3.1733, device='cuda:0', grad_fn=<NllLossBackward0>)
not using contrastive loss
overall: tensor(2.5195, device='cuda:0', grad_fn=<NllLossBackward0>)
not using contrastive loss
overall: tensor(2.1304, device='cuda:0', grad_fn=<NllLossBackward0>)
not using contrastive loss
overall: tensor(1.8315, device='cuda:0', grad_fn=<NllLossBackward0>)
not using contrastive loss
overall: tensor(1.8210, device='cuda:0', grad_fn=<NllLossBackward0>)
not using contrastive loss
overall: tensor(2.0245, device='cuda:0', grad_fn=<NllLossBackward0>)
not using contrastive loss
overall: tensor(2.6080, device='cuda:0', grad_fn=<NllLossBackward0>)
not using contrastive loss
overall: tensor(2.4749, device='cuda:0', grad_fn=<NllLossBackward0>)
not using contrastive loss
overall: tensor(1.8366, device='cuda:0', grad_fn=<NllLossBackward0>)
not using contrastive loss
overall: tensor(2.8184, device='cuda:0', grad_fn=<NllLossBackward0>)
not using contrastive loss
overall: tensor(3.0461, device='cuda:0', grad_fn=<NllLossBackward0>)
not using contrastive loss
overall: tensor(2.8543, device='cuda:0', grad_fn=<NllLossBackward0>)
not using contrastive loss
overall: tensor(2.8040, device='cuda:0', grad_fn=<NllLossBackward0>)
not using contrastive loss
overall: tensor(1.8252, device='cuda:0', grad_fn=<NllLossBackward0>)
not using contrastive loss
overall: tensor(2.5837, device='cuda:0', grad_fn=<NllLossBackward0>)
not using contrastive loss
overall: tensor(3.3125, device='cuda:0', grad_fn=<NllLossBackward0>)
not using contrastive loss
overall: tensor(2.4219, device='cuda:0', grad_fn=<NllLossBackward0>)
not using contrastive loss
overall: tensor(2.1617, device='cuda:0', grad_fn=<NllLossBackward0>)
not using contrastive loss
overall: tensor(2.0293, device='cuda:0', grad_fn=<NllLossBackward0>)
not using contrastive loss
overall: tensor(1.9948, device='cuda:0', grad_fn=<NllLossBackward0>)
not using contrastive loss
overall: tensor(2.0118, device='cuda:0', grad_fn=<NllLossBackward0>)
not using contrastive loss
overall: tensor(2.0921, device='cuda:0', grad_fn=<NllLossBackward0>)
not using contrastive loss
overall: tensor(1.8220, device='cuda:0', grad_fn=<NllLossBackward0>)
not using contrastive loss
overall: tensor(2.1930, device='cuda:0', grad_fn=<NllLossBackward0>)
not using contrastive loss
overall: tensor(2.5040, device='cuda:0', grad_fn=<NllLossBackward0>)
not using contrastive loss
overall: tensor(2.8330, device='cuda:0', grad_fn=<NllLossBackward0>)
not using contrastive loss
overall: tensor(2.2304, device='cuda:0', grad_fn=<NllLossBackward0>)
not using contrastive loss
overall: tensor(1.3120, device='cuda:0', grad_fn=<NllLossBackward0>)
not using contrastive loss
overall: tensor(2.9360, device='cuda:0', grad_fn=<NllLossBackward0>)
not using contrastive loss
overall: tensor(1.6242, device='cuda:0', grad_fn=<NllLossBackward0>)
not using contrastive loss
overall: tensor(1.7647, device='cuda:0', grad_fn=<NllLossBackward0>)
not using contrastive loss
overall: tensor(1.9508, device='cuda:0', grad_fn=<NllLossBackward0>)
not using contrastive loss
overall: tensor(2.6975, device='cuda:0', grad_fn=<NllLossBackward0>)
not using contrastive loss
overall: tensor(2.0046, device='cuda:0', grad_fn=<NllLossBackward0>)
not using contrastive loss
overall: tensor(1.8231, device='cuda:0', grad_fn=<NllLossBackward0>)
not using contrastive loss
overall: tensor(1.9991, device='cuda:0', grad_fn=<NllLossBackward0>)
not using contrastive loss
overall: tensor(2.3216, device='cuda:0', grad_fn=<NllLossBackward0>)
not using contrastive loss
overall: tensor(2.3197, device='cuda:0', grad_fn=<NllLossBackward0>)
not using contrastive loss
overall: tensor(1.6716, device='cuda:0', grad_fn=<NllLossBackward0>)
not using contrastive loss
overall: tensor(2.6749, device='cuda:0', grad_fn=<NllLossBackward0>)
not using contrastive loss
overall: tensor(2.7468, device='cuda:0', grad_fn=<NllLossBackward0>)
not using contrastive loss
overall: tensor(1.6846, device='cuda:0', grad_fn=<NllLossBackward0>)
not using contrastive loss
overall: tensor(2.0923, device='cuda:0', grad_fn=<NllLossBackward0>)
not using contrastive loss
overall: tensor(2.4472, device='cuda:0', grad_fn=<NllLossBackward0>)
not using contrastive loss
overall: tensor(1.8098, device='cuda:0', grad_fn=<NllLossBackward0>)
not using contrastive loss
overall: tensor(1.6424, device='cuda:0', grad_fn=<NllLossBackward0>)
batch num:100
not using contrastive loss
overall: tensor(2.5571, device='cuda:0', grad_fn=<NllLossBackward0>)
not using contrastive loss
overall: tensor(2.1274, device='cuda:0', grad_fn=<NllLossBackward0>)
not using contrastive loss
overall: tensor(2.6881, device='cuda:0', grad_fn=<NllLossBackward0>)
not using contrastive loss
overall: tensor(1.8646, device='cuda:0', grad_fn=<NllLossBackward0>)
not using contrastive loss
overall: tensor(2.0600, device='cuda:0', grad_fn=<NllLossBackward0>)
not using contrastive loss
overall: tensor(2.9514, device='cuda:0', grad_fn=<NllLossBackward0>)
not using contrastive loss
overall: tensor(1.8355, device='cuda:0', grad_fn=<NllLossBackward0>)
not using contrastive loss
overall: tensor(2.0855, device='cuda:0', grad_fn=<NllLossBackward0>)
not using contrastive loss
overall: tensor(2.3224, device='cuda:0', grad_fn=<NllLossBackward0>)
not using contrastive loss
overall: tensor(2.0247, device='cuda:0', grad_fn=<NllLossBackward0>)
not using contrastive loss
overall: tensor(2.0442, device='cuda:0', grad_fn=<NllLossBackward0>)
not using contrastive loss
overall: tensor(1.9357, device='cuda:0', grad_fn=<NllLossBackward0>)
not using contrastive loss
overall: tensor(2.8175, device='cuda:0', grad_fn=<NllLossBackward0>)
not using contrastive loss
overall: tensor(2.3188, device='cuda:0', grad_fn=<NllLossBackward0>)
not using contrastive loss
overall: tensor(1.9598, device='cuda:0', grad_fn=<NllLossBackward0>)
not using contrastive loss
overall: tensor(3.4677, device='cuda:0', grad_fn=<NllLossBackward0>)
not using contrastive loss
overall: tensor(1.9329, device='cuda:0', grad_fn=<NllLossBackward0>)
not using contrastive loss
overall: tensor(1.9467, device='cuda:0', grad_fn=<NllLossBackward0>)
not using contrastive loss
overall: tensor(2.5083, device='cuda:0', grad_fn=<NllLossBackward0>)
not using contrastive loss
overall: tensor(1.3679, device='cuda:0', grad_fn=<NllLossBackward0>)
not using contrastive loss
overall: tensor(2.1036, device='cuda:0', grad_fn=<NllLossBackward0>)
not using contrastive loss
overall: tensor(1.5829, device='cuda:0', grad_fn=<NllLossBackward0>)
not using contrastive loss
overall: tensor(2.0921, device='cuda:0', grad_fn=<NllLossBackward0>)
not using contrastive loss
overall: tensor(2.3068, device='cuda:0', grad_fn=<NllLossBackward0>)
not using contrastive loss
overall: tensor(1.1258, device='cuda:0', grad_fn=<NllLossBackward0>)
not using contrastive loss
overall: tensor(2.6177, device='cuda:0', grad_fn=<NllLossBackward0>)
not using contrastive loss
overall: tensor(2.0023, device='cuda:0', grad_fn=<NllLossBackward0>)
not using contrastive loss
overall: tensor(2.5028, device='cuda:0', grad_fn=<NllLossBackward0>)
not using contrastive loss
overall: tensor(2.3676, device='cuda:0', grad_fn=<NllLossBackward0>)
not using contrastive loss
overall: tensor(2.4049, device='cuda:0', grad_fn=<NllLossBackward0>)
not using contrastive loss
overall: tensor(2.3323, device='cuda:0', grad_fn=<NllLossBackward0>)
not using contrastive loss
overall: tensor(2.0563, device='cuda:0', grad_fn=<NllLossBackward0>)
not using contrastive loss
overall: tensor(2.5631, device='cuda:0', grad_fn=<NllLossBackward0>)
not using contrastive loss
overall: tensor(2.2470, device='cuda:0', grad_fn=<NllLossBackward0>)
not using contrastive loss
overall: tensor(2.3282, device='cuda:0', grad_fn=<NllLossBackward0>)
not using contrastive loss
overall: tensor(1.3349, device='cuda:0', grad_fn=<NllLossBackward0>)
not using contrastive loss
overall: tensor(2.1276, device='cuda:0', grad_fn=<NllLossBackward0>)
not using contrastive loss
overall: tensor(1.6918, device='cuda:0', grad_fn=<NllLossBackward0>)
not using contrastive loss
overall: tensor(1.9217, device='cuda:0', grad_fn=<NllLossBackward0>)
not using contrastive loss
overall: tensor(2.4151, device='cuda:0', grad_fn=<NllLossBackward0>)
not using contrastive loss
overall: tensor(2.3199, device='cuda:0', grad_fn=<NllLossBackward0>)
not using contrastive loss
overall: tensor(2.1000, device='cuda:0', grad_fn=<NllLossBackward0>)
not using contrastive loss
overall: tensor(2.0688, device='cuda:0', grad_fn=<NllLossBackward0>)
not using contrastive loss
overall: tensor(2.5421, device='cuda:0', grad_fn=<NllLossBackward0>)
not using contrastive loss
overall: tensor(2.7933, device='cuda:0', grad_fn=<NllLossBackward0>)
not using contrastive loss
overall: tensor(2.5412, device='cuda:0', grad_fn=<NllLossBackward0>)
not using contrastive loss
overall: tensor(2.3782, device='cuda:0', grad_fn=<NllLossBackward0>)
not using contrastive loss
overall: tensor(3.1043, device='cuda:0', grad_fn=<NllLossBackward0>)
not using contrastive loss
overall: tensor(2.2814, device='cuda:0', grad_fn=<NllLossBackward0>)
not using contrastive loss
overall: tensor(1.8884, device='cuda:0', grad_fn=<NllLossBackward0>)
not using contrastive loss
overall: tensor(2.0384, device='cuda:0', grad_fn=<NllLossBackward0>)
not using contrastive loss
overall: tensor(2.4692, device='cuda:0', grad_fn=<NllLossBackward0>)
not using contrastive loss
overall: tensor(2.1166, device='cuda:0', grad_fn=<NllLossBackward0>)
not using contrastive loss
overall: tensor(1.7270, device='cuda:0', grad_fn=<NllLossBackward0>)
not using contrastive loss
overall: tensor(1.7376, device='cuda:0', grad_fn=<NllLossBackward0>)
not using contrastive loss
overall: tensor(2.1517, device='cuda:0', grad_fn=<NllLossBackward0>)
not using contrastive loss
overall: tensor(1.7001, device='cuda:0', grad_fn=<NllLossBackward0>)
not using contrastive loss
overall: tensor(2.2217, device='cuda:0', grad_fn=<NllLossBackward0>)
not using contrastive loss
overall: tensor(2.4546, device='cuda:0', grad_fn=<NllLossBackward0>)
not using contrastive loss
overall: tensor(1.8810, device='cuda:0', grad_fn=<NllLossBackward0>)
not using contrastive loss
overall: tensor(2.0913, device='cuda:0', grad_fn=<NllLossBackward0>)
not using contrastive loss
overall: tensor(2.0709, device='cuda:0', grad_fn=<NllLossBackward0>)
not using contrastive loss
overall: tensor(1.5885, device='cuda:0', grad_fn=<NllLossBackward0>)
not using contrastive loss
overall: tensor(2.4156, device='cuda:0', grad_fn=<NllLossBackward0>)
not using contrastive loss
overall: tensor(1.7740, device='cuda:0', grad_fn=<NllLossBackward0>)
not using contrastive loss
overall: tensor(1.5133, device='cuda:0', grad_fn=<NllLossBackward0>)
not using contrastive loss
overall: tensor(2.4755, device='cuda:0', grad_fn=<NllLossBackward0>)
not using contrastive loss
overall: tensor(1.7820, device='cuda:0', grad_fn=<NllLossBackward0>)
not using contrastive loss
overall: tensor(1.3534, device='cuda:0', grad_fn=<NllLossBackward0>)
not using contrastive loss
overall: tensor(2.6701, device='cuda:0', grad_fn=<NllLossBackward0>)
not using contrastive loss
overall: tensor(2.0208, device='cuda:0', grad_fn=<NllLossBackward0>)
not using contrastive loss
overall: tensor(1.1195, device='cuda:0', grad_fn=<NllLossBackward0>)
not using contrastive loss
overall: tensor(3.0226, device='cuda:0', grad_fn=<NllLossBackward0>)
not using contrastive loss
overall: tensor(3.6569, device='cuda:0', grad_fn=<NllLossBackward0>)
not using contrastive loss
overall: tensor(2.4623, device='cuda:0', grad_fn=<NllLossBackward0>)
not using contrastive loss
overall: tensor(2.6336, device='cuda:0', grad_fn=<NllLossBackward0>)
not using contrastive loss
overall: tensor(2.2225, device='cuda:0', grad_fn=<NllLossBackward0>)
not using contrastive loss
overall: tensor(1.5700, device='cuda:0', grad_fn=<NllLossBackward0>)
not using contrastive loss
overall: tensor(2.7821, device='cuda:0', grad_fn=<NllLossBackward0>)
not using contrastive loss
overall: tensor(1.4450, device='cuda:0', grad_fn=<NllLossBackward0>)
not using contrastive loss
overall: tensor(2.0651, device='cuda:0', grad_fn=<NllLossBackward0>)
not using contrastive loss
overall: tensor(2.8393, device='cuda:0', grad_fn=<NllLossBackward0>)
slurmstepd: error: *** JOB 27348594 ON holygpu7c1716 CANCELLED AT 2022-09-22T06:44:36 ***
