0
2022-09-19 20:24:38.854002: W tensorflow/stream_executor/platform/default/dso_loader.cc:64] Could not load dynamic library 'libcudart.so.11.0'; dlerror: libcudart.so.11.0: cannot open shared object file: No such file or directory
2022-09-19 20:24:38.854258: I tensorflow/stream_executor/cuda/cudart_stub.cc:29] Ignore above cudart dlerror if you do not have a GPU set up on your machine.
empty_baseline is
False
Using materials: ['main_xml_50_2', 'main_xml_50_3', 'main_xml_50_4', 'main_xml_50_5']
Hotswapped material loader being used.
{1: 0, 2: 1, 3: 2, 4: 3, 5: 4, 6: 5, 7: 6, 8: 7, 9: 8, 10: 9, 11: 10, 12: 11, 13: 12}
-------------------------------
Annotation Counts
-------------------------------
desk                       4829
trash_bin                  3204
chair                     19905
window                    10204
lamp                       2489
table                     11541
monitor                    3094
file_cabinet               1727
bookshelf                  3902
bed                        3214
sofa                       3550
bathtub                    1988
flowerpot                   227
Total                     69874
-------------------------------

annotations: ../openrooms/annotation_files/train_main_xml_50_v3.json
batch_size: 10
blur_strength: 5
checkpoint: checkpoint_15.tar
context_blur: true
empty_baseline: false
git: e22ff54d4e15e859ff3672c5fc808cec0abfc80d
imagedir: ../
imbalance_reweighting: false
learning_rate: 1.0e-05
num_classes: 13
num_decoder_heads: 8
num_decoder_layers: 6
target_blur: false
test_annotations: ../openrooms/annotation_files/test_main_xml_50_v3.json
test_imagedir: ../
uncertainty_gate_type: learned
uncertainty_threshold: 0.8
weighted_prediction: false

Initializing from checkpoint checkpoint_15.tar
Starting epoch: 16
batch num:0
using contrastive loss
overall: tensor(0.6851, device='cuda:0', grad_fn=<AddBackward0>)
using contrastive loss
overall: tensor(0.4864, device='cuda:0', grad_fn=<AddBackward0>)
using contrastive loss
overall: tensor(0.5122, device='cuda:0', grad_fn=<AddBackward0>)
using contrastive loss
overall: tensor(0.4872, device='cuda:0', grad_fn=<AddBackward0>)
using contrastive loss
overall: tensor(0.8081, device='cuda:0', grad_fn=<AddBackward0>)
using contrastive loss
overall: tensor(0.4929, device='cuda:0', grad_fn=<AddBackward0>)
using contrastive loss
overall: tensor(0.8122, device='cuda:0', grad_fn=<AddBackward0>)
using contrastive loss
overall: tensor(0.5137, device='cuda:0', grad_fn=<AddBackward0>)
using contrastive loss
overall: tensor(0.7018, device='cuda:0', grad_fn=<AddBackward0>)
using contrastive loss
overall: tensor(0.3679, device='cuda:0', grad_fn=<AddBackward0>)
using contrastive loss
overall: tensor(0.6537, device='cuda:0', grad_fn=<AddBackward0>)
using contrastive loss
overall: tensor(0.3361, device='cuda:0', grad_fn=<AddBackward0>)
using contrastive loss
overall: tensor(0.9436, device='cuda:0', grad_fn=<AddBackward0>)
using contrastive loss
overall: tensor(0.7542, device='cuda:0', grad_fn=<AddBackward0>)
using contrastive loss
overall: tensor(0.9023, device='cuda:0', grad_fn=<AddBackward0>)
using contrastive loss
overall: tensor(1.1178, device='cuda:0', grad_fn=<AddBackward0>)
using contrastive loss
overall: tensor(0.6956, device='cuda:0', grad_fn=<AddBackward0>)
using contrastive loss
overall: tensor(0.6633, device='cuda:0', grad_fn=<AddBackward0>)
using contrastive loss
overall: tensor(0.5719, device='cuda:0', grad_fn=<AddBackward0>)
using contrastive loss
overall: tensor(0.6655, device='cuda:0', grad_fn=<AddBackward0>)
using contrastive loss
overall: tensor(0.7362, device='cuda:0', grad_fn=<AddBackward0>)
using contrastive loss
overall: tensor(0.8796, device='cuda:0', grad_fn=<AddBackward0>)
using contrastive loss
overall: tensor(0.7129, device='cuda:0', grad_fn=<AddBackward0>)
using contrastive loss
overall: tensor(0.6470, device='cuda:0', grad_fn=<AddBackward0>)
using contrastive loss
overall: tensor(0.8870, device='cuda:0', grad_fn=<AddBackward0>)
using contrastive loss
overall: tensor(0.9513, device='cuda:0', grad_fn=<AddBackward0>)
using contrastive loss
overall: tensor(1.3231, device='cuda:0', grad_fn=<AddBackward0>)
using contrastive loss
overall: tensor(1.2727, device='cuda:0', grad_fn=<AddBackward0>)
using contrastive loss
overall: tensor(0.6668, device='cuda:0', grad_fn=<AddBackward0>)
using contrastive loss
overall: tensor(1.2280, device='cuda:0', grad_fn=<AddBackward0>)
using contrastive loss
overall: tensor(0.7488, device='cuda:0', grad_fn=<AddBackward0>)
using contrastive loss
overall: tensor(1.0654, device='cuda:0', grad_fn=<AddBackward0>)
using contrastive loss
overall: tensor(1.4009, device='cuda:0', grad_fn=<AddBackward0>)
using contrastive loss
overall: tensor(0.7591, device='cuda:0', grad_fn=<AddBackward0>)
using contrastive loss
overall: tensor(0.3855, device='cuda:0', grad_fn=<AddBackward0>)
using contrastive loss
overall: tensor(1.2382, device='cuda:0', grad_fn=<AddBackward0>)
using contrastive loss
overall: tensor(0.5386, device='cuda:0', grad_fn=<AddBackward0>)
using contrastive loss
overall: tensor(0.8016, device='cuda:0', grad_fn=<AddBackward0>)
using contrastive loss
overall: tensor(0.6645, device='cuda:0', grad_fn=<AddBackward0>)
using contrastive loss
overall: tensor(0.8775, device='cuda:0', grad_fn=<AddBackward0>)
using contrastive loss
overall: tensor(0.7244, device='cuda:0', grad_fn=<AddBackward0>)
using contrastive loss
overall: tensor(0.6573, device='cuda:0', grad_fn=<AddBackward0>)
using contrastive loss
overall: tensor(0.7905, device='cuda:0', grad_fn=<AddBackward0>)
using contrastive loss
overall: tensor(0.6158, device='cuda:0', grad_fn=<AddBackward0>)
using contrastive loss
overall: tensor(0.7067, device='cuda:0', grad_fn=<AddBackward0>)
using contrastive loss
overall: tensor(0.9242, device='cuda:0', grad_fn=<AddBackward0>)
using contrastive loss
overall: tensor(0.6987, device='cuda:0', grad_fn=<AddBackward0>)
using contrastive loss
overall: tensor(0.6894, device='cuda:0', grad_fn=<AddBackward0>)
using contrastive loss
overall: tensor(0.4012, device='cuda:0', grad_fn=<AddBackward0>)
using contrastive loss
overall: tensor(0.7482, device='cuda:0', grad_fn=<AddBackward0>)
using contrastive loss
overall: tensor(0.6303, device='cuda:0', grad_fn=<AddBackward0>)
using contrastive loss
overall: tensor(1.1393, device='cuda:0', grad_fn=<AddBackward0>)
using contrastive loss
overall: tensor(0.5105, device='cuda:0', grad_fn=<AddBackward0>)
using contrastive loss
overall: tensor(0.6995, device='cuda:0', grad_fn=<AddBackward0>)
using contrastive loss
overall: tensor(1.0407, device='cuda:0', grad_fn=<AddBackward0>)
using contrastive loss
overall: tensor(0.4984, device='cuda:0', grad_fn=<AddBackward0>)
using contrastive loss
overall: tensor(1.3484, device='cuda:0', grad_fn=<AddBackward0>)
using contrastive loss
overall: tensor(1.1543, device='cuda:0', grad_fn=<AddBackward0>)
using contrastive loss
overall: tensor(0.3250, device='cuda:0', grad_fn=<AddBackward0>)
using contrastive loss
overall: tensor(1.1141, device='cuda:0', grad_fn=<AddBackward0>)
using contrastive loss
overall: tensor(0.9211, device='cuda:0', grad_fn=<AddBackward0>)
using contrastive loss
overall: tensor(0.7777, device='cuda:0', grad_fn=<AddBackward0>)
using contrastive loss
overall: tensor(1.2738, device='cuda:0', grad_fn=<AddBackward0>)
using contrastive loss
overall: tensor(0.7387, device='cuda:0', grad_fn=<AddBackward0>)
using contrastive loss
overall: tensor(0.5236, device='cuda:0', grad_fn=<AddBackward0>)
using contrastive loss
overall: tensor(0.7513, device='cuda:0', grad_fn=<AddBackward0>)
using contrastive loss
overall: tensor(0.9570, device='cuda:0', grad_fn=<AddBackward0>)
using contrastive loss
overall: tensor(0.7203, device='cuda:0', grad_fn=<AddBackward0>)
using contrastive loss
overall: tensor(0.7005, device='cuda:0', grad_fn=<AddBackward0>)
using contrastive loss
overall: tensor(0.5650, device='cuda:0', grad_fn=<AddBackward0>)
using contrastive loss
overall: tensor(0.9621, device='cuda:0', grad_fn=<AddBackward0>)
using contrastive loss
overall: tensor(0.7144, device='cuda:0', grad_fn=<AddBackward0>)
using contrastive loss
overall: tensor(0.8633, device='cuda:0', grad_fn=<AddBackward0>)
using contrastive loss
overall: tensor(1.0649, device='cuda:0', grad_fn=<AddBackward0>)
using contrastive loss
overall: tensor(1.6078, device='cuda:0', grad_fn=<AddBackward0>)
using contrastive loss
overall: tensor(1.0626, device='cuda:0', grad_fn=<AddBackward0>)
using contrastive loss
overall: tensor(0.7630, device='cuda:0', grad_fn=<AddBackward0>)
using contrastive loss
overall: tensor(0.8176, device='cuda:0', grad_fn=<AddBackward0>)
using contrastive loss
overall: tensor(0.7251, device='cuda:0', grad_fn=<AddBackward0>)
using contrastive loss
overall: tensor(1.1403, device='cuda:0', grad_fn=<AddBackward0>)
using contrastive loss
overall: tensor(0.6126, device='cuda:0', grad_fn=<AddBackward0>)
using contrastive loss
overall: tensor(1.2125, device='cuda:0', grad_fn=<AddBackward0>)
using contrastive loss
overall: tensor(1.8098, device='cuda:0', grad_fn=<AddBackward0>)
using contrastive loss
overall: tensor(0.5724, device='cuda:0', grad_fn=<AddBackward0>)
using contrastive loss
overall: tensor(0.8403, device='cuda:0', grad_fn=<AddBackward0>)
using contrastive loss
overall: tensor(0.6641, device='cuda:0', grad_fn=<AddBackward0>)
using contrastive loss
overall: tensor(0.8834, device='cuda:0', grad_fn=<AddBackward0>)
using contrastive loss
overall: tensor(0.6988, device='cuda:0', grad_fn=<AddBackward0>)
using contrastive loss
overall: tensor(1.4659, device='cuda:0', grad_fn=<AddBackward0>)
using contrastive loss
overall: tensor(0.3242, device='cuda:0', grad_fn=<AddBackward0>)
using contrastive loss
overall: tensor(1.2164, device='cuda:0', grad_fn=<AddBackward0>)
using contrastive loss
overall: tensor(0.4767, device='cuda:0', grad_fn=<AddBackward0>)
using contrastive loss
overall: tensor(0.7301, device='cuda:0', grad_fn=<AddBackward0>)
using contrastive loss
overall: tensor(0.5759, device='cuda:0', grad_fn=<AddBackward0>)
using contrastive loss
overall: tensor(0.8760, device='cuda:0', grad_fn=<AddBackward0>)
using contrastive loss
overall: tensor(0.5022, device='cuda:0', grad_fn=<AddBackward0>)
using contrastive loss
overall: tensor(0.8786, device='cuda:0', grad_fn=<AddBackward0>)
using contrastive loss
overall: tensor(0.9669, device='cuda:0', grad_fn=<AddBackward0>)
using contrastive loss
overall: tensor(0.1705, device='cuda:0', grad_fn=<AddBackward0>)
using contrastive loss
overall: tensor(0.7255, device='cuda:0', grad_fn=<AddBackward0>)
batch num:100
using contrastive loss
overall: tensor(0.6233, device='cuda:0', grad_fn=<AddBackward0>)
using contrastive loss
overall: tensor(0.8263, device='cuda:0', grad_fn=<AddBackward0>)
using contrastive loss
overall: tensor(0.4631, device='cuda:0', grad_fn=<AddBackward0>)
using contrastive loss
overall: tensor(0.8597, device='cuda:0', grad_fn=<AddBackward0>)
using contrastive loss
overall: tensor(0.7130, device='cuda:0', grad_fn=<AddBackward0>)
using contrastive loss
overall: tensor(1.1537, device='cuda:0', grad_fn=<AddBackward0>)
using contrastive loss
overall: tensor(0.7222, device='cuda:0', grad_fn=<AddBackward0>)
using contrastive loss
overall: tensor(0.9814, device='cuda:0', grad_fn=<AddBackward0>)
using contrastive loss
overall: tensor(0.9189, device='cuda:0', grad_fn=<AddBackward0>)
using contrastive loss
overall: tensor(0.7304, device='cuda:0', grad_fn=<AddBackward0>)
using contrastive loss
overall: tensor(0.5686, device='cuda:0', grad_fn=<AddBackward0>)
using contrastive loss
overall: tensor(0.9903, device='cuda:0', grad_fn=<AddBackward0>)
using contrastive loss
overall: tensor(1.1126, device='cuda:0', grad_fn=<AddBackward0>)
using contrastive loss
overall: tensor(0.8549, device='cuda:0', grad_fn=<AddBackward0>)
using contrastive loss
overall: tensor(0.9444, device='cuda:0', grad_fn=<AddBackward0>)
using contrastive loss
overall: tensor(1.0797, device='cuda:0', grad_fn=<AddBackward0>)
using contrastive loss
overall: tensor(0.5073, device='cuda:0', grad_fn=<AddBackward0>)
using contrastive loss
overall: tensor(1.1589, device='cuda:0', grad_fn=<AddBackward0>)
using contrastive loss
overall: tensor(0.8870, device='cuda:0', grad_fn=<AddBackward0>)
using contrastive loss
overall: tensor(0.8889, device='cuda:0', grad_fn=<AddBackward0>)
using contrastive loss
overall: tensor(0.9210, device='cuda:0', grad_fn=<AddBackward0>)
using contrastive loss
overall: tensor(1.5390, device='cuda:0', grad_fn=<AddBackward0>)
using contrastive loss
overall: tensor(0.8847, device='cuda:0', grad_fn=<AddBackward0>)
using contrastive loss
overall: tensor(0.5452, device='cuda:0', grad_fn=<AddBackward0>)
using contrastive loss
overall: tensor(0.3776, device='cuda:0', grad_fn=<AddBackward0>)
using contrastive loss
overall: tensor(1.0540, device='cuda:0', grad_fn=<AddBackward0>)
using contrastive loss
overall: tensor(0.6782, device='cuda:0', grad_fn=<AddBackward0>)
using contrastive loss
overall: tensor(0.5992, device='cuda:0', grad_fn=<AddBackward0>)
using contrastive loss
overall: tensor(0.4003, device='cuda:0', grad_fn=<AddBackward0>)
using contrastive loss
overall: tensor(1.5573, device='cuda:0', grad_fn=<AddBackward0>)
using contrastive loss
overall: tensor(1.0483, device='cuda:0', grad_fn=<AddBackward0>)
using contrastive loss
overall: tensor(1.4102, device='cuda:0', grad_fn=<AddBackward0>)
using contrastive loss
overall: tensor(0.9431, device='cuda:0', grad_fn=<AddBackward0>)
using contrastive loss
overall: tensor(0.7917, device='cuda:0', grad_fn=<AddBackward0>)
using contrastive loss
overall: tensor(1.7587, device='cuda:0', grad_fn=<AddBackward0>)
using contrastive loss
overall: tensor(0.6403, device='cuda:0', grad_fn=<AddBackward0>)
using contrastive loss
overall: tensor(0.8525, device='cuda:0', grad_fn=<AddBackward0>)
using contrastive loss
overall: tensor(0.5140, device='cuda:0', grad_fn=<AddBackward0>)
using contrastive loss
overall: tensor(0.7018, device='cuda:0', grad_fn=<AddBackward0>)
using contrastive loss
overall: tensor(0.7029, device='cuda:0', grad_fn=<AddBackward0>)
using contrastive loss
overall: tensor(0.9325, device='cuda:0', grad_fn=<AddBackward0>)
using contrastive loss
overall: tensor(0.6675, device='cuda:0', grad_fn=<AddBackward0>)
using contrastive loss
overall: tensor(0.8829, device='cuda:0', grad_fn=<AddBackward0>)
using contrastive loss
overall: tensor(0.5334, device='cuda:0', grad_fn=<AddBackward0>)
using contrastive loss
overall: tensor(1.2908, device='cuda:0', grad_fn=<AddBackward0>)
using contrastive loss
overall: tensor(0.9378, device='cuda:0', grad_fn=<AddBackward0>)
using contrastive loss
overall: tensor(0.8134, device='cuda:0', grad_fn=<AddBackward0>)
using contrastive loss
overall: tensor(0.8864, device='cuda:0', grad_fn=<AddBackward0>)
using contrastive loss
overall: tensor(0.9152, device='cuda:0', grad_fn=<AddBackward0>)
using contrastive loss
overall: tensor(0.7748, device='cuda:0', grad_fn=<AddBackward0>)
using contrastive loss
overall: tensor(0.9445, device='cuda:0', grad_fn=<AddBackward0>)
using contrastive loss
overall: tensor(0.3655, device='cuda:0', grad_fn=<AddBackward0>)
using contrastive loss
overall: tensor(0.7761, device='cuda:0', grad_fn=<AddBackward0>)
using contrastive loss
overall: tensor(1.2499, device='cuda:0', grad_fn=<AddBackward0>)
using contrastive loss
overall: tensor(0.5233, device='cuda:0', grad_fn=<AddBackward0>)
using contrastive loss
overall: tensor(0.8251, device='cuda:0', grad_fn=<AddBackward0>)
using contrastive loss
overall: tensor(0.8369, device='cuda:0', grad_fn=<AddBackward0>)
using contrastive loss
overall: tensor(1.2232, device='cuda:0', grad_fn=<AddBackward0>)
using contrastive loss
overall: tensor(1.0835, device='cuda:0', grad_fn=<AddBackward0>)
using contrastive loss
overall: tensor(1.4515, device='cuda:0', grad_fn=<AddBackward0>)
using contrastive loss
overall: tensor(0.4847, device='cuda:0', grad_fn=<AddBackward0>)
using contrastive loss
overall: tensor(0.6780, device='cuda:0', grad_fn=<AddBackward0>)
using contrastive loss
overall: tensor(1.1697, device='cuda:0', grad_fn=<AddBackward0>)
using contrastive loss
overall: tensor(0.7960, device='cuda:0', grad_fn=<AddBackward0>)
using contrastive loss
overall: tensor(0.6918, device='cuda:0', grad_fn=<AddBackward0>)
using contrastive loss
overall: tensor(0.9430, device='cuda:0', grad_fn=<AddBackward0>)
using contrastive loss
overall: tensor(0.9322, device='cuda:0', grad_fn=<AddBackward0>)
using contrastive loss
overall: tensor(0.7634, device='cuda:0', grad_fn=<AddBackward0>)
using contrastive loss
overall: tensor(0.6700, device='cuda:0', grad_fn=<AddBackward0>)
using contrastive loss
overall: tensor(0.8642, device='cuda:0', grad_fn=<AddBackward0>)
using contrastive loss
overall: tensor(0.6979, device='cuda:0', grad_fn=<AddBackward0>)
using contrastive loss
overall: tensor(0.7343, device='cuda:0', grad_fn=<AddBackward0>)
using contrastive loss
overall: tensor(0.3184, device='cuda:0', grad_fn=<AddBackward0>)
using contrastive loss
overall: tensor(0.4947, device='cuda:0', grad_fn=<AddBackward0>)
using contrastive loss
overall: tensor(1.3292, device='cuda:0', grad_fn=<AddBackward0>)
using contrastive loss
overall: tensor(0.8160, device='cuda:0', grad_fn=<AddBackward0>)
using contrastive loss
overall: tensor(0.8883, device='cuda:0', grad_fn=<AddBackward0>)
using contrastive loss
overall: tensor(0.7871, device='cuda:0', grad_fn=<AddBackward0>)
using contrastive loss
overall: tensor(0.9484, device='cuda:0', grad_fn=<AddBackward0>)
using contrastive loss
overall: tensor(0.9583, device='cuda:0', grad_fn=<AddBackward0>)
using contrastive loss
overall: tensor(0.6641, device='cuda:0', grad_fn=<AddBackward0>)
using contrastive loss
overall: tensor(0.7065, device='cuda:0', grad_fn=<AddBackward0>)
using contrastive loss
overall: tensor(0.8505, device='cuda:0', grad_fn=<AddBackward0>)
using contrastive loss
overall: tensor(0.6945, device='cuda:0', grad_fn=<AddBackward0>)
using contrastive loss
overall: tensor(0.8809, device='cuda:0', grad_fn=<AddBackward0>)
using contrastive loss
overall: tensor(1.2047, device='cuda:0', grad_fn=<AddBackward0>)
using contrastive loss
overall: tensor(0.9113, device='cuda:0', grad_fn=<AddBackward0>)
using contrastive loss
overall: tensor(0.7196, device='cuda:0', grad_fn=<AddBackward0>)
using contrastive loss
overall: tensor(0.5331, device='cuda:0', grad_fn=<AddBackward0>)
using contrastive loss
overall: tensor(0.3367, device='cuda:0', grad_fn=<AddBackward0>)
using contrastive loss
overall: tensor(0.7897, device='cuda:0', grad_fn=<AddBackward0>)
using contrastive loss
overall: tensor(1.0681, device='cuda:0', grad_fn=<AddBackward0>)
using contrastive loss
overall: tensor(0.5178, device='cuda:0', grad_fn=<AddBackward0>)
using contrastive loss
overall: tensor(0.9590, device='cuda:0', grad_fn=<AddBackward0>)
using contrastive loss
overall: tensor(1.3665, device='cuda:0', grad_fn=<AddBackward0>)
using contrastive loss
overall: tensor(1.1991, device='cuda:0', grad_fn=<AddBackward0>)
using contrastive loss
overall: tensor(0.7795, device='cuda:0', grad_fn=<AddBackward0>)
using contrastive loss
overall: tensor(1.4945, device='cuda:0', grad_fn=<AddBackward0>)
using contrastive loss
overall: tensor(0.9794, device='cuda:0', grad_fn=<AddBackward0>)
using contrastive loss
overall: tensor(0.5954, device='cuda:0', grad_fn=<AddBackward0>)
batch num:200
using contrastive loss
overall: tensor(0.9945, device='cuda:0', grad_fn=<AddBackward0>)
using contrastive loss
overall: tensor(0.8736, device='cuda:0', grad_fn=<AddBackward0>)
using contrastive loss
overall: tensor(0.8758, device='cuda:0', grad_fn=<AddBackward0>)
using contrastive loss
overall: tensor(0.1707, device='cuda:0', grad_fn=<AddBackward0>)
using contrastive loss
overall: tensor(0.5518, device='cuda:0', grad_fn=<AddBackward0>)
using contrastive loss
overall: tensor(0.7399, device='cuda:0', grad_fn=<AddBackward0>)
using contrastive loss
overall: tensor(1.2467, device='cuda:0', grad_fn=<AddBackward0>)
using contrastive loss
overall: tensor(1.0335, device='cuda:0', grad_fn=<AddBackward0>)
using contrastive loss
overall: tensor(1.4001, device='cuda:0', grad_fn=<AddBackward0>)
using contrastive loss
overall: tensor(1.0061, device='cuda:0', grad_fn=<AddBackward0>)
using contrastive loss
overall: tensor(1.0186, device='cuda:0', grad_fn=<AddBackward0>)
using contrastive loss
overall: tensor(0.7683, device='cuda:0', grad_fn=<AddBackward0>)
using contrastive loss
overall: tensor(0.8365, device='cuda:0', grad_fn=<AddBackward0>)
using contrastive loss
overall: tensor(0.7727, device='cuda:0', grad_fn=<AddBackward0>)
using contrastive loss
overall: tensor(0.5141, device='cuda:0', grad_fn=<AddBackward0>)
using contrastive loss
overall: tensor(0.6926, device='cuda:0', grad_fn=<AddBackward0>)
using contrastive loss
overall: tensor(1.1387, device='cuda:0', grad_fn=<AddBackward0>)
using contrastive loss
overall: tensor(0.1648, device='cuda:0', grad_fn=<AddBackward0>)
using contrastive loss
overall: tensor(0.6780, device='cuda:0', grad_fn=<AddBackward0>)
using contrastive loss
overall: tensor(0.5166, device='cuda:0', grad_fn=<AddBackward0>)
using contrastive loss
overall: tensor(0.9550, device='cuda:0', grad_fn=<AddBackward0>)
using contrastive loss
overall: tensor(0.6681, device='cuda:0', grad_fn=<AddBackward0>)
using contrastive loss
overall: tensor(0.8450, device='cuda:0', grad_fn=<AddBackward0>)
using contrastive loss
overall: tensor(0.5313, device='cuda:0', grad_fn=<AddBackward0>)
using contrastive loss
overall: tensor(0.9316, device='cuda:0', grad_fn=<AddBackward0>)
using contrastive loss
overall: tensor(0.6720, device='cuda:0', grad_fn=<AddBackward0>)
using contrastive loss
overall: tensor(1.1325, device='cuda:0', grad_fn=<AddBackward0>)
using contrastive loss
overall: tensor(0.7277, device='cuda:0', grad_fn=<AddBackward0>)
using contrastive loss
overall: tensor(0.6870, device='cuda:0', grad_fn=<AddBackward0>)
using contrastive loss
overall: tensor(0.9109, device='cuda:0', grad_fn=<AddBackward0>)
using contrastive loss
overall: tensor(0.8864, device='cuda:0', grad_fn=<AddBackward0>)
using contrastive loss
overall: tensor(1.6216, device='cuda:0', grad_fn=<AddBackward0>)
using contrastive loss
overall: tensor(0.4877, device='cuda:0', grad_fn=<AddBackward0>)
using contrastive loss
overall: tensor(0.8966, device='cuda:0', grad_fn=<AddBackward0>)
using contrastive loss
overall: tensor(1.0755, device='cuda:0', grad_fn=<AddBackward0>)
using contrastive loss
overall: tensor(0.7914, device='cuda:0', grad_fn=<AddBackward0>)
using contrastive loss
overall: tensor(0.5233, device='cuda:0', grad_fn=<AddBackward0>)
using contrastive loss
overall: tensor(0.8992, device='cuda:0', grad_fn=<AddBackward0>)
using contrastive loss
overall: tensor(0.6743, device='cuda:0', grad_fn=<AddBackward0>)
using contrastive loss
overall: tensor(1.2859, device='cuda:0', grad_fn=<AddBackward0>)
using contrastive loss
overall: tensor(1.3315, device='cuda:0', grad_fn=<AddBackward0>)
using contrastive loss
overall: tensor(1.1203, device='cuda:0', grad_fn=<AddBackward0>)
using contrastive loss
overall: tensor(1.1900, device='cuda:0', grad_fn=<AddBackward0>)
using contrastive loss
overall: tensor(1.0076, device='cuda:0', grad_fn=<AddBackward0>)
using contrastive loss
overall: tensor(1.0039, device='cuda:0', grad_fn=<AddBackward0>)
using contrastive loss
overall: tensor(0.5071, device='cuda:0', grad_fn=<AddBackward0>)
using contrastive loss
overall: tensor(0.5140, device='cuda:0', grad_fn=<AddBackward0>)
using contrastive loss
overall: tensor(0.3615, device='cuda:0', grad_fn=<AddBackward0>)
using contrastive loss
overall: tensor(1.4012, device='cuda:0', grad_fn=<AddBackward0>)
using contrastive loss
overall: tensor(1.0039, device='cuda:0', grad_fn=<AddBackward0>)
using contrastive loss
overall: tensor(1.1060, device='cuda:0', grad_fn=<AddBackward0>)
using contrastive loss
overall: tensor(1.0276, device='cuda:0', grad_fn=<AddBackward0>)
using contrastive loss
overall: tensor(0.9821, device='cuda:0', grad_fn=<AddBackward0>)
using contrastive loss
overall: tensor(0.9697, device='cuda:0', grad_fn=<AddBackward0>)
using contrastive loss
overall: tensor(0.7088, device='cuda:0', grad_fn=<AddBackward0>)
using contrastive loss
overall: tensor(0.8651, device='cuda:0', grad_fn=<AddBackward0>)
using contrastive loss
overall: tensor(0.6296, device='cuda:0', grad_fn=<AddBackward0>)
using contrastive loss
overall: tensor(0.8958, device='cuda:0', grad_fn=<AddBackward0>)
using contrastive loss
overall: tensor(1.1280, device='cuda:0', grad_fn=<AddBackward0>)
using contrastive loss
overall: tensor(0.5332, device='cuda:0', grad_fn=<AddBackward0>)
using contrastive loss
overall: tensor(0.6534, device='cuda:0', grad_fn=<AddBackward0>)
using contrastive loss
overall: tensor(0.8794, device='cuda:0', grad_fn=<AddBackward0>)
using contrastive loss
overall: tensor(0.3834, device='cuda:0', grad_fn=<AddBackward0>)
using contrastive loss
overall: tensor(0.9099, device='cuda:0', grad_fn=<AddBackward0>)
using contrastive loss
overall: tensor(1.1796, device='cuda:0', grad_fn=<AddBackward0>)
using contrastive loss
overall: tensor(0.8555, device='cuda:0', grad_fn=<AddBackward0>)
using contrastive loss
overall: tensor(0.6925, device='cuda:0', grad_fn=<AddBackward0>)
using contrastive loss
overall: tensor(0.4093, device='cuda:0', grad_fn=<AddBackward0>)
using contrastive loss
overall: tensor(0.6956, device='cuda:0', grad_fn=<AddBackward0>)
using contrastive loss
overall: tensor(0.7220, device='cuda:0', grad_fn=<AddBackward0>)
using contrastive loss
overall: tensor(0.9838, device='cuda:0', grad_fn=<AddBackward0>)
using contrastive loss
overall: tensor(1.2095, device='cuda:0', grad_fn=<AddBackward0>)
using contrastive loss
overall: tensor(0.6323, device='cuda:0', grad_fn=<AddBackward0>)
using contrastive loss
overall: tensor(0.7718, device='cuda:0', grad_fn=<AddBackward0>)
using contrastive loss
overall: tensor(1.0029, device='cuda:0', grad_fn=<AddBackward0>)
using contrastive loss
overall: tensor(0.7458, device='cuda:0', grad_fn=<AddBackward0>)
using contrastive loss
overall: tensor(0.8638, device='cuda:0', grad_fn=<AddBackward0>)
using contrastive loss
overall: tensor(0.7321, device='cuda:0', grad_fn=<AddBackward0>)
using contrastive loss
overall: tensor(0.5131, device='cuda:0', grad_fn=<AddBackward0>)
using contrastive loss
overall: tensor(0.9535, device='cuda:0', grad_fn=<AddBackward0>)
using contrastive loss
overall: tensor(0.8818, device='cuda:0', grad_fn=<AddBackward0>)
using contrastive loss
overall: tensor(0.9211, device='cuda:0', grad_fn=<AddBackward0>)
using contrastive loss
overall: tensor(0.5574, device='cuda:0', grad_fn=<AddBackward0>)
using contrastive loss
overall: tensor(0.5729, device='cuda:0', grad_fn=<AddBackward0>)
using contrastive loss
overall: tensor(0.8138, device='cuda:0', grad_fn=<AddBackward0>)
using contrastive loss
overall: tensor(0.9524, device='cuda:0', grad_fn=<AddBackward0>)
using contrastive loss
overall: tensor(0.7199, device='cuda:0', grad_fn=<AddBackward0>)
using contrastive loss
overall: tensor(0.8074, device='cuda:0', grad_fn=<AddBackward0>)
using contrastive loss
overall: tensor(0.4752, device='cuda:0', grad_fn=<AddBackward0>)
using contrastive loss
overall: tensor(0.6631, device='cuda:0', grad_fn=<AddBackward0>)
using contrastive loss
overall: tensor(0.9130, device='cuda:0', grad_fn=<AddBackward0>)
using contrastive loss
overall: tensor(0.9561, device='cuda:0', grad_fn=<AddBackward0>)
using contrastive loss
overall: tensor(1.1357, device='cuda:0', grad_fn=<AddBackward0>)
using contrastive loss
overall: tensor(1.0182, device='cuda:0', grad_fn=<AddBackward0>)
using contrastive loss
overall: tensor(0.9142, device='cuda:0', grad_fn=<AddBackward0>)
using contrastive loss
overall: tensor(0.7874, device='cuda:0', grad_fn=<AddBackward0>)
using contrastive loss
overall: tensor(1.1572, device='cuda:0', grad_fn=<AddBackward0>)
using contrastive loss
overall: tensor(0.8737, device='cuda:0', grad_fn=<AddBackward0>)
using contrastive loss
overall: tensor(0.5620, device='cuda:0', grad_fn=<AddBackward0>)
using contrastive loss
overall: tensor(1.0704, device='cuda:0', grad_fn=<AddBackward0>)
batch num:300
using contrastive loss
overall: tensor(0.6916, device='cuda:0', grad_fn=<AddBackward0>)
using contrastive loss
overall: tensor(0.7215, device='cuda:0', grad_fn=<AddBackward0>)
using contrastive loss
overall: tensor(0.6801, device='cuda:0', grad_fn=<AddBackward0>)
using contrastive loss
overall: tensor(0.4821, device='cuda:0', grad_fn=<AddBackward0>)
using contrastive loss
overall: tensor(0.7326, device='cuda:0', grad_fn=<AddBackward0>)
using contrastive loss
overall: tensor(0.9108, device='cuda:0', grad_fn=<AddBackward0>)
using contrastive loss
overall: tensor(0.9450, device='cuda:0', grad_fn=<AddBackward0>)
using contrastive loss
overall: tensor(0.9502, device='cuda:0', grad_fn=<AddBackward0>)
using contrastive loss
overall: tensor(1.1968, device='cuda:0', grad_fn=<AddBackward0>)
using contrastive loss
overall: tensor(0.5081, device='cuda:0', grad_fn=<AddBackward0>)
using contrastive loss
overall: tensor(0.8785, device='cuda:0', grad_fn=<AddBackward0>)
using contrastive loss
overall: tensor(0.9413, device='cuda:0', grad_fn=<AddBackward0>)
using contrastive loss
overall: tensor(0.8573, device='cuda:0', grad_fn=<AddBackward0>)
using contrastive loss
overall: tensor(0.7557, device='cuda:0', grad_fn=<AddBackward0>)
using contrastive loss
overall: tensor(1.0140, device='cuda:0', grad_fn=<AddBackward0>)
using contrastive loss
overall: tensor(1.1664, device='cuda:0', grad_fn=<AddBackward0>)
using contrastive loss
overall: tensor(0.9657, device='cuda:0', grad_fn=<AddBackward0>)
using contrastive loss
overall: tensor(0.8840, device='cuda:0', grad_fn=<AddBackward0>)
using contrastive loss
overall: tensor(0.6748, device='cuda:0', grad_fn=<AddBackward0>)
using contrastive loss
overall: tensor(1.5742, device='cuda:0', grad_fn=<AddBackward0>)
using contrastive loss
overall: tensor(1.1519, device='cuda:0', grad_fn=<AddBackward0>)
using contrastive loss
overall: tensor(0.7484, device='cuda:0', grad_fn=<AddBackward0>)
using contrastive loss
overall: tensor(1.0319, device='cuda:0', grad_fn=<AddBackward0>)
using contrastive loss
overall: tensor(1.1998, device='cuda:0', grad_fn=<AddBackward0>)
using contrastive loss
overall: tensor(0.8950, device='cuda:0', grad_fn=<AddBackward0>)
using contrastive loss
overall: tensor(0.9651, device='cuda:0', grad_fn=<AddBackward0>)
using contrastive loss
overall: tensor(0.9470, device='cuda:0', grad_fn=<AddBackward0>)
using contrastive loss
overall: tensor(1.1534, device='cuda:0', grad_fn=<AddBackward0>)
using contrastive loss
overall: tensor(1.3898, device='cuda:0', grad_fn=<AddBackward0>)
using contrastive loss
overall: tensor(0.7619, device='cuda:0', grad_fn=<AddBackward0>)
using contrastive loss
overall: tensor(0.6687, device='cuda:0', grad_fn=<AddBackward0>)
using contrastive loss
overall: tensor(0.5975, device='cuda:0', grad_fn=<AddBackward0>)
using contrastive loss
overall: tensor(0.7430, device='cuda:0', grad_fn=<AddBackward0>)
using contrastive loss
overall: tensor(1.3889, device='cuda:0', grad_fn=<AddBackward0>)
using contrastive loss
overall: tensor(0.8544, device='cuda:0', grad_fn=<AddBackward0>)
using contrastive loss
overall: tensor(1.5327, device='cuda:0', grad_fn=<AddBackward0>)
using contrastive loss
overall: tensor(0.6660, device='cuda:0', grad_fn=<AddBackward0>)
using contrastive loss
overall: tensor(0.7313, device='cuda:0', grad_fn=<AddBackward0>)
using contrastive loss
overall: tensor(0.5777, device='cuda:0', grad_fn=<AddBackward0>)
using contrastive loss
overall: tensor(0.9443, device='cuda:0', grad_fn=<AddBackward0>)
using contrastive loss
overall: tensor(1.1217, device='cuda:0', grad_fn=<AddBackward0>)
using contrastive loss
overall: tensor(0.9326, device='cuda:0', grad_fn=<AddBackward0>)
using contrastive loss
overall: tensor(0.8686, device='cuda:0', grad_fn=<AddBackward0>)
using contrastive loss
overall: tensor(1.8785, device='cuda:0', grad_fn=<AddBackward0>)
using contrastive loss
overall: tensor(0.6807, device='cuda:0', grad_fn=<AddBackward0>)
using contrastive loss
overall: tensor(0.6985, device='cuda:0', grad_fn=<AddBackward0>)
using contrastive loss
overall: tensor(0.9682, device='cuda:0', grad_fn=<AddBackward0>)
using contrastive loss
overall: tensor(0.5182, device='cuda:0', grad_fn=<AddBackward0>)
using contrastive loss
overall: tensor(0.5814, device='cuda:0', grad_fn=<AddBackward0>)
using contrastive loss
overall: tensor(1.3668, device='cuda:0', grad_fn=<AddBackward0>)
using contrastive loss
overall: tensor(1.0848, device='cuda:0', grad_fn=<AddBackward0>)
using contrastive loss
overall: tensor(1.2119, device='cuda:0', grad_fn=<AddBackward0>)
using contrastive loss
overall: tensor(0.7505, device='cuda:0', grad_fn=<AddBackward0>)
using contrastive loss
overall: tensor(0.6734, device='cuda:0', grad_fn=<AddBackward0>)
using contrastive loss
overall: tensor(0.9495, device='cuda:0', grad_fn=<AddBackward0>)
using contrastive loss
overall: tensor(0.9505, device='cuda:0', grad_fn=<AddBackward0>)
using contrastive loss
overall: tensor(0.7593, device='cuda:0', grad_fn=<AddBackward0>)
using contrastive loss
overall: tensor(0.5948, device='cuda:0', grad_fn=<AddBackward0>)
using contrastive loss
overall: tensor(0.6768, device='cuda:0', grad_fn=<AddBackward0>)
using contrastive loss
overall: tensor(0.8922, device='cuda:0', grad_fn=<AddBackward0>)
using contrastive loss
overall: tensor(0.1670, device='cuda:0', grad_fn=<AddBackward0>)
using contrastive loss
overall: tensor(0.7595, device='cuda:0', grad_fn=<AddBackward0>)
using contrastive loss
overall: tensor(0.6671, device='cuda:0', grad_fn=<AddBackward0>)
using contrastive loss
overall: tensor(0.7389, device='cuda:0', grad_fn=<AddBackward0>)
using contrastive loss
overall: tensor(0.5227, device='cuda:0', grad_fn=<AddBackward0>)
using contrastive loss
overall: tensor(1.1432, device='cuda:0', grad_fn=<AddBackward0>)
using contrastive loss
overall: tensor(0.6845, device='cuda:0', grad_fn=<AddBackward0>)
using contrastive loss
overall: tensor(0.9535, device='cuda:0', grad_fn=<AddBackward0>)
using contrastive loss
overall: tensor(0.6678, device='cuda:0', grad_fn=<AddBackward0>)
using contrastive loss
overall: tensor(0.6648, device='cuda:0', grad_fn=<AddBackward0>)
using contrastive loss
overall: tensor(0.6708, device='cuda:0', grad_fn=<AddBackward0>)
using contrastive loss
overall: tensor(0.5116, device='cuda:0', grad_fn=<AddBackward0>)
using contrastive loss
overall: tensor(0.5111, device='cuda:0', grad_fn=<AddBackward0>)
using contrastive loss
overall: tensor(1.1561, device='cuda:0', grad_fn=<AddBackward0>)
using contrastive loss
overall: tensor(0.9556, device='cuda:0', grad_fn=<AddBackward0>)
using contrastive loss
overall: tensor(1.6075, device='cuda:0', grad_fn=<AddBackward0>)
using contrastive loss
overall: tensor(0.5479, device='cuda:0', grad_fn=<AddBackward0>)
using contrastive loss
overall: tensor(0.5603, device='cuda:0', grad_fn=<AddBackward0>)
using contrastive loss
overall: tensor(1.0604, device='cuda:0', grad_fn=<AddBackward0>)
using contrastive loss
overall: tensor(0.7772, device='cuda:0', grad_fn=<AddBackward0>)
using contrastive loss
overall: tensor(0.4937, device='cuda:0', grad_fn=<AddBackward0>)
using contrastive loss
overall: tensor(0.4843, device='cuda:0', grad_fn=<AddBackward0>)
using contrastive loss
overall: tensor(0.3795, device='cuda:0', grad_fn=<AddBackward0>)
using contrastive loss
overall: tensor(1.1029, device='cuda:0', grad_fn=<AddBackward0>)
using contrastive loss
overall: tensor(0.3458, device='cuda:0', grad_fn=<AddBackward0>)
using contrastive loss
overall: tensor(0.6586, device='cuda:0', grad_fn=<AddBackward0>)
using contrastive loss
overall: tensor(1.0041, device='cuda:0', grad_fn=<AddBackward0>)
using contrastive loss
overall: tensor(0.4967, device='cuda:0', grad_fn=<AddBackward0>)
using contrastive loss
overall: tensor(0.9061, device='cuda:0', grad_fn=<AddBackward0>)
using contrastive loss
overall: tensor(0.4808, device='cuda:0', grad_fn=<AddBackward0>)
using contrastive loss
overall: tensor(1.0637, device='cuda:0', grad_fn=<AddBackward0>)
using contrastive loss
overall: tensor(1.1358, device='cuda:0', grad_fn=<AddBackward0>)
using contrastive loss
overall: tensor(1.0768, device='cuda:0', grad_fn=<AddBackward0>)
using contrastive loss
overall: tensor(0.4780, device='cuda:0', grad_fn=<AddBackward0>)
using contrastive loss
overall: tensor(0.3724, device='cuda:0', grad_fn=<AddBackward0>)
using contrastive loss
overall: tensor(0.4946, device='cuda:0', grad_fn=<AddBackward0>)
using contrastive loss
overall: tensor(0.9308, device='cuda:0', grad_fn=<AddBackward0>)
using contrastive loss
overall: tensor(0.9143, device='cuda:0', grad_fn=<AddBackward0>)
using contrastive loss
overall: tensor(0.8957, device='cuda:0', grad_fn=<AddBackward0>)
using contrastive loss
overall: tensor(1.0216, device='cuda:0', grad_fn=<AddBackward0>)
batch num:400
using contrastive loss
overall: tensor(0.5261, device='cuda:0', grad_fn=<AddBackward0>)
using contrastive loss
overall: tensor(1.1044, device='cuda:0', grad_fn=<AddBackward0>)
using contrastive loss
overall: tensor(0.3562, device='cuda:0', grad_fn=<AddBackward0>)
using contrastive loss
overall: tensor(0.8964, device='cuda:0', grad_fn=<AddBackward0>)
using contrastive loss
overall: tensor(0.7113, device='cuda:0', grad_fn=<AddBackward0>)
using contrastive loss
overall: tensor(0.4936, device='cuda:0', grad_fn=<AddBackward0>)
using contrastive loss
overall: tensor(1.3669, device='cuda:0', grad_fn=<AddBackward0>)
using contrastive loss
overall: tensor(1.1533, device='cuda:0', grad_fn=<AddBackward0>)
using contrastive loss
overall: tensor(0.8488, device='cuda:0', grad_fn=<AddBackward0>)
using contrastive loss
overall: tensor(0.5118, device='cuda:0', grad_fn=<AddBackward0>)
using contrastive loss
overall: tensor(0.8193, device='cuda:0', grad_fn=<AddBackward0>)
using contrastive loss
overall: tensor(0.5960, device='cuda:0', grad_fn=<AddBackward0>)
using contrastive loss
overall: tensor(0.9739, device='cuda:0', grad_fn=<AddBackward0>)
using contrastive loss
overall: tensor(0.8711, device='cuda:0', grad_fn=<AddBackward0>)
using contrastive loss
overall: tensor(1.0053, device='cuda:0', grad_fn=<AddBackward0>)
using contrastive loss
overall: tensor(0.6461, device='cuda:0', grad_fn=<AddBackward0>)
using contrastive loss
overall: tensor(0.5081, device='cuda:0', grad_fn=<AddBackward0>)
using contrastive loss
overall: tensor(0.9810, device='cuda:0', grad_fn=<AddBackward0>)
using contrastive loss
overall: tensor(0.6794, device='cuda:0', grad_fn=<AddBackward0>)
using contrastive loss
overall: tensor(0.8215, device='cuda:0', grad_fn=<AddBackward0>)
using contrastive loss
overall: tensor(0.4962, device='cuda:0', grad_fn=<AddBackward0>)
using contrastive loss
overall: tensor(0.7227, device='cuda:0', grad_fn=<AddBackward0>)
using contrastive loss
overall: tensor(0.4879, device='cuda:0', grad_fn=<AddBackward0>)
using contrastive loss
overall: tensor(0.8463, device='cuda:0', grad_fn=<AddBackward0>)
using contrastive loss
overall: tensor(0.6643, device='cuda:0', grad_fn=<AddBackward0>)
using contrastive loss
overall: tensor(0.7541, device='cuda:0', grad_fn=<AddBackward0>)
using contrastive loss
overall: tensor(0.9043, device='cuda:0', grad_fn=<AddBackward0>)
using contrastive loss
overall: tensor(0.5275, device='cuda:0', grad_fn=<AddBackward0>)
using contrastive loss
overall: tensor(0.5864, device='cuda:0', grad_fn=<AddBackward0>)
using contrastive loss
overall: tensor(0.3178, device='cuda:0', grad_fn=<AddBackward0>)
using contrastive loss
overall: tensor(0.5133, device='cuda:0', grad_fn=<AddBackward0>)
using contrastive loss
overall: tensor(0.7244, device='cuda:0', grad_fn=<AddBackward0>)
using contrastive loss
overall: tensor(1.1005, device='cuda:0', grad_fn=<AddBackward0>)
using contrastive loss
overall: tensor(0.6988, device='cuda:0', grad_fn=<AddBackward0>)
using contrastive loss
overall: tensor(0.8978, device='cuda:0', grad_fn=<AddBackward0>)
using contrastive loss
overall: tensor(0.8750, device='cuda:0', grad_fn=<AddBackward0>)
using contrastive loss
overall: tensor(1.6431, device='cuda:0', grad_fn=<AddBackward0>)
using contrastive loss
overall: tensor(0.5743, device='cuda:0', grad_fn=<AddBackward0>)
using contrastive loss
overall: tensor(1.2892, device='cuda:0', grad_fn=<AddBackward0>)
using contrastive loss
overall: tensor(0.4974, device='cuda:0', grad_fn=<AddBackward0>)
using contrastive loss
overall: tensor(0.8847, device='cuda:0', grad_fn=<AddBackward0>)
using contrastive loss
overall: tensor(0.7343, device='cuda:0', grad_fn=<AddBackward0>)
using contrastive loss
overall: tensor(0.8256, device='cuda:0', grad_fn=<AddBackward0>)
using contrastive loss
overall: tensor(0.7218, device='cuda:0', grad_fn=<AddBackward0>)
using contrastive loss
overall: tensor(1.5232, device='cuda:0', grad_fn=<AddBackward0>)
using contrastive loss
overall: tensor(0.6978, device='cuda:0', grad_fn=<AddBackward0>)
using contrastive loss
overall: tensor(1.1639, device='cuda:0', grad_fn=<AddBackward0>)
using contrastive loss
overall: tensor(0.7233, device='cuda:0', grad_fn=<AddBackward0>)
using contrastive loss
overall: tensor(0.9452, device='cuda:0', grad_fn=<AddBackward0>)
using contrastive loss
overall: tensor(0.8670, device='cuda:0', grad_fn=<AddBackward0>)
using contrastive loss
overall: tensor(0.7252, device='cuda:0', grad_fn=<AddBackward0>)
using contrastive loss
overall: tensor(0.4822, device='cuda:0', grad_fn=<AddBackward0>)
using contrastive loss
overall: tensor(0.3544, device='cuda:0', grad_fn=<AddBackward0>)
using contrastive loss
overall: tensor(1.0492, device='cuda:0', grad_fn=<AddBackward0>)
using contrastive loss
overall: tensor(0.6962, device='cuda:0', grad_fn=<AddBackward0>)
using contrastive loss
overall: tensor(0.5052, device='cuda:0', grad_fn=<AddBackward0>)
using contrastive loss
overall: tensor(0.6693, device='cuda:0', grad_fn=<AddBackward0>)
using contrastive loss
overall: tensor(1.0194, device='cuda:0', grad_fn=<AddBackward0>)
using contrastive loss
overall: tensor(1.2811, device='cuda:0', grad_fn=<AddBackward0>)
using contrastive loss
overall: tensor(1.2174, device='cuda:0', grad_fn=<AddBackward0>)
using contrastive loss
overall: tensor(0.5275, device='cuda:0', grad_fn=<AddBackward0>)
using contrastive loss
overall: tensor(0.7195, device='cuda:0', grad_fn=<AddBackward0>)
using contrastive loss
overall: tensor(1.1809, device='cuda:0', grad_fn=<AddBackward0>)
using contrastive loss
overall: tensor(0.6670, device='cuda:0', grad_fn=<AddBackward0>)
using contrastive loss
overall: tensor(0.5073, device='cuda:0', grad_fn=<AddBackward0>)
using contrastive loss
overall: tensor(0.5717, device='cuda:0', grad_fn=<AddBackward0>)
using contrastive loss
overall: tensor(0.9050, device='cuda:0', grad_fn=<AddBackward0>)
using contrastive loss
overall: tensor(0.9393, device='cuda:0', grad_fn=<AddBackward0>)
using contrastive loss
overall: tensor(0.7031, device='cuda:0', grad_fn=<AddBackward0>)
using contrastive loss
overall: tensor(0.1125, device='cuda:0', grad_fn=<AddBackward0>)
using contrastive loss
overall: tensor(0.5091, device='cuda:0', grad_fn=<AddBackward0>)
using contrastive loss
overall: tensor(0.7280, device='cuda:0', grad_fn=<AddBackward0>)
using contrastive loss
overall: tensor(0.4896, device='cuda:0', grad_fn=<AddBackward0>)
using contrastive loss
overall: tensor(1.9036, device='cuda:0', grad_fn=<AddBackward0>)
using contrastive loss
overall: tensor(0.9496, device='cuda:0', grad_fn=<AddBackward0>)
using contrastive loss
overall: tensor(1.1123, device='cuda:0', grad_fn=<AddBackward0>)
using contrastive loss
overall: tensor(0.6631, device='cuda:0', grad_fn=<AddBackward0>)
using contrastive loss
overall: tensor(0.9242, device='cuda:0', grad_fn=<AddBackward0>)
using contrastive loss
overall: tensor(0.9115, device='cuda:0', grad_fn=<AddBackward0>)
using contrastive loss
overall: tensor(0.6768, device='cuda:0', grad_fn=<AddBackward0>)
using contrastive loss
overall: tensor(1.0928, device='cuda:0', grad_fn=<AddBackward0>)
using contrastive loss
overall: tensor(1.1184, device='cuda:0', grad_fn=<AddBackward0>)
using contrastive loss
overall: tensor(0.5243, device='cuda:0', grad_fn=<AddBackward0>)
using contrastive loss
overall: tensor(0.6411, device='cuda:0', grad_fn=<AddBackward0>)
using contrastive loss
overall: tensor(1.1051, device='cuda:0', grad_fn=<AddBackward0>)
using contrastive loss
overall: tensor(1.1081, device='cuda:0', grad_fn=<AddBackward0>)
using contrastive loss
overall: tensor(0.8017, device='cuda:0', grad_fn=<AddBackward0>)
using contrastive loss
overall: tensor(0.6618, device='cuda:0', grad_fn=<AddBackward0>)
using contrastive loss
overall: tensor(0.5235, device='cuda:0', grad_fn=<AddBackward0>)
using contrastive loss
overall: tensor(0.6687, device='cuda:0', grad_fn=<AddBackward0>)
using contrastive loss
overall: tensor(0.7891, device='cuda:0', grad_fn=<AddBackward0>)
using contrastive loss
overall: tensor(0.5120, device='cuda:0', grad_fn=<AddBackward0>)
using contrastive loss
overall: tensor(0.5137, device='cuda:0', grad_fn=<AddBackward0>)
using contrastive loss
overall: tensor(0.5845, device='cuda:0', grad_fn=<AddBackward0>)
using contrastive loss
overall: tensor(1.1307, device='cuda:0', grad_fn=<AddBackward0>)
using contrastive loss
overall: tensor(0.6945, device='cuda:0', grad_fn=<AddBackward0>)
using contrastive loss
overall: tensor(0.9807, device='cuda:0', grad_fn=<AddBackward0>)
using contrastive loss
overall: tensor(0.9486, device='cuda:0', grad_fn=<AddBackward0>)
using contrastive loss
overall: tensor(0.7226, device='cuda:0', grad_fn=<AddBackward0>)
using contrastive loss
overall: tensor(0.8363, device='cuda:0', grad_fn=<AddBackward0>)
batch num:500
using contrastive loss
overall: tensor(0.8763, device='cuda:0', grad_fn=<AddBackward0>)
using contrastive loss
overall: tensor(0.5292, device='cuda:0', grad_fn=<AddBackward0>)
using contrastive loss
overall: tensor(0.8020, device='cuda:0', grad_fn=<AddBackward0>)
using contrastive loss
overall: tensor(0.7340, device='cuda:0', grad_fn=<AddBackward0>)
using contrastive loss
overall: tensor(0.5219, device='cuda:0', grad_fn=<AddBackward0>)
using contrastive loss
overall: tensor(1.1744, device='cuda:0', grad_fn=<AddBackward0>)
using contrastive loss
overall: tensor(0.6855, device='cuda:0', grad_fn=<AddBackward0>)
using contrastive loss
overall: tensor(0.5052, device='cuda:0', grad_fn=<AddBackward0>)
using contrastive loss
overall: tensor(0.8967, device='cuda:0', grad_fn=<AddBackward0>)
using contrastive loss
overall: tensor(0.8551, device='cuda:0', grad_fn=<AddBackward0>)
using contrastive loss
overall: tensor(1.2869, device='cuda:0', grad_fn=<AddBackward0>)
using contrastive loss
overall: tensor(0.4289, device='cuda:0', grad_fn=<AddBackward0>)
using contrastive loss
overall: tensor(0.6740, device='cuda:0', grad_fn=<AddBackward0>)
using contrastive loss
overall: tensor(0.8955, device='cuda:0', grad_fn=<AddBackward0>)
using contrastive loss
overall: tensor(0.5090, device='cuda:0', grad_fn=<AddBackward0>)
using contrastive loss
overall: tensor(0.5651, device='cuda:0', grad_fn=<AddBackward0>)
using contrastive loss
overall: tensor(0.9676, device='cuda:0', grad_fn=<AddBackward0>)
using contrastive loss
overall: tensor(0.7446, device='cuda:0', grad_fn=<AddBackward0>)
using contrastive loss
overall: tensor(1.0534, device='cuda:0', grad_fn=<AddBackward0>)
using contrastive loss
overall: tensor(0.8866, device='cuda:0', grad_fn=<AddBackward0>)
using contrastive loss
overall: tensor(0.5795, device='cuda:0', grad_fn=<AddBackward0>)
using contrastive loss
overall: tensor(0.6662, device='cuda:0', grad_fn=<AddBackward0>)
using contrastive loss
overall: tensor(1.0819, device='cuda:0', grad_fn=<AddBackward0>)
using contrastive loss
overall: tensor(0.1729, device='cuda:0', grad_fn=<AddBackward0>)
using contrastive loss
overall: tensor(0.8245, device='cuda:0', grad_fn=<AddBackward0>)
using contrastive loss
overall: tensor(1.0352, device='cuda:0', grad_fn=<AddBackward0>)
using contrastive loss
overall: tensor(0.6758, device='cuda:0', grad_fn=<AddBackward0>)
using contrastive loss
overall: tensor(0.8783, device='cuda:0', grad_fn=<AddBackward0>)
using contrastive loss
overall: tensor(1.0315, device='cuda:0', grad_fn=<AddBackward0>)
using contrastive loss
overall: tensor(0.6634, device='cuda:0', grad_fn=<AddBackward0>)
using contrastive loss
overall: tensor(0.4086, device='cuda:0', grad_fn=<AddBackward0>)
using contrastive loss
overall: tensor(0.9798, device='cuda:0', grad_fn=<AddBackward0>)
using contrastive loss
overall: tensor(1.3129, device='cuda:0', grad_fn=<AddBackward0>)
using contrastive loss
overall: tensor(0.4782, device='cuda:0', grad_fn=<AddBackward0>)
using contrastive loss
overall: tensor(0.0216, device='cuda:0', grad_fn=<AddBackward0>)
using contrastive loss
overall: tensor(1.0619, device='cuda:0', grad_fn=<AddBackward0>)
using contrastive loss
overall: tensor(0.9072, device='cuda:0', grad_fn=<AddBackward0>)
using contrastive loss
overall: tensor(0.3524, device='cuda:0', grad_fn=<AddBackward0>)
using contrastive loss
overall: tensor(0.5199, device='cuda:0', grad_fn=<AddBackward0>)
using contrastive loss
overall: tensor(0.8835, device='cuda:0', grad_fn=<AddBackward0>)
using contrastive loss
overall: tensor(0.9213, device='cuda:0', grad_fn=<AddBackward0>)
using contrastive loss
overall: tensor(1.0716, device='cuda:0', grad_fn=<AddBackward0>)
using contrastive loss
overall: tensor(1.0549, device='cuda:0', grad_fn=<AddBackward0>)
using contrastive loss
overall: tensor(0.6776, device='cuda:0', grad_fn=<AddBackward0>)
using contrastive loss
overall: tensor(0.8298, device='cuda:0', grad_fn=<AddBackward0>)
using contrastive loss
overall: tensor(0.7286, device='cuda:0', grad_fn=<AddBackward0>)
using contrastive loss
overall: tensor(0.8612, device='cuda:0', grad_fn=<AddBackward0>)
using contrastive loss
overall: tensor(1.0974, device='cuda:0', grad_fn=<AddBackward0>)
using contrastive loss
overall: tensor(0.9511, device='cuda:0', grad_fn=<AddBackward0>)
using contrastive loss
overall: tensor(1.2693, device='cuda:0', grad_fn=<AddBackward0>)
using contrastive loss
overall: tensor(0.9338, device='cuda:0', grad_fn=<AddBackward0>)
using contrastive loss
overall: tensor(0.8935, device='cuda:0', grad_fn=<AddBackward0>)
using contrastive loss
overall: tensor(0.7923, device='cuda:0', grad_fn=<AddBackward0>)
using contrastive loss
overall: tensor(1.1603, device='cuda:0', grad_fn=<AddBackward0>)
using contrastive loss
overall: tensor(0.4930, device='cuda:0', grad_fn=<AddBackward0>)
using contrastive loss
overall: tensor(0.8383, device='cuda:0', grad_fn=<AddBackward0>)
using contrastive loss
overall: tensor(0.6657, device='cuda:0', grad_fn=<AddBackward0>)
using contrastive loss
overall: tensor(1.2084, device='cuda:0', grad_fn=<AddBackward0>)
using contrastive loss
overall: tensor(0.6577, device='cuda:0', grad_fn=<AddBackward0>)
using contrastive loss
overall: tensor(0.9763, device='cuda:0', grad_fn=<AddBackward0>)
using contrastive loss
overall: tensor(0.7587, device='cuda:0', grad_fn=<AddBackward0>)
using contrastive loss
overall: tensor(0.8403, device='cuda:0', grad_fn=<AddBackward0>)
using contrastive loss
overall: tensor(0.7068, device='cuda:0', grad_fn=<AddBackward0>)
using contrastive loss
overall: tensor(1.4921, device='cuda:0', grad_fn=<AddBackward0>)
using contrastive loss
overall: tensor(0.5000, device='cuda:0', grad_fn=<AddBackward0>)
using contrastive loss
overall: tensor(0.9926, device='cuda:0', grad_fn=<AddBackward0>)
using contrastive loss
overall: tensor(1.0790, device='cuda:0', grad_fn=<AddBackward0>)
using contrastive loss
overall: tensor(0.7923, device='cuda:0', grad_fn=<AddBackward0>)
using contrastive loss
overall: tensor(0.6638, device='cuda:0', grad_fn=<AddBackward0>)
using contrastive loss
overall: tensor(1.0202, device='cuda:0', grad_fn=<AddBackward0>)
using contrastive loss
overall: tensor(0.5055, device='cuda:0', grad_fn=<AddBackward0>)
using contrastive loss
overall: tensor(0.7433, device='cuda:0', grad_fn=<AddBackward0>)
using contrastive loss
overall: tensor(0.3389, device='cuda:0', grad_fn=<AddBackward0>)
using contrastive loss
overall: tensor(0.5055, device='cuda:0', grad_fn=<AddBackward0>)
using contrastive loss
overall: tensor(1.0675, device='cuda:0', grad_fn=<AddBackward0>)
using contrastive loss
overall: tensor(0.9680, device='cuda:0', grad_fn=<AddBackward0>)
using contrastive loss
overall: tensor(0.5510, device='cuda:0', grad_fn=<AddBackward0>)
using contrastive loss
overall: tensor(0.9908, device='cuda:0', grad_fn=<AddBackward0>)
using contrastive loss
overall: tensor(1.2812, device='cuda:0', grad_fn=<AddBackward0>)
using contrastive loss
overall: tensor(0.7223, device='cuda:0', grad_fn=<AddBackward0>)
using contrastive loss
overall: tensor(1.2302, device='cuda:0', grad_fn=<AddBackward0>)
using contrastive loss
overall: tensor(1.4681, device='cuda:0', grad_fn=<AddBackward0>)
using contrastive loss
overall: tensor(1.0441, device='cuda:0', grad_fn=<AddBackward0>)
using contrastive loss
overall: tensor(0.8444, device='cuda:0', grad_fn=<AddBackward0>)
using contrastive loss
overall: tensor(0.6312, device='cuda:0', grad_fn=<AddBackward0>)
using contrastive loss
overall: tensor(1.4804, device='cuda:0', grad_fn=<AddBackward0>)
using contrastive loss
overall: tensor(1.2123, device='cuda:0', grad_fn=<AddBackward0>)
using contrastive loss
overall: tensor(0.8857, device='cuda:0', grad_fn=<AddBackward0>)
using contrastive loss
overall: tensor(0.6673, device='cuda:0', grad_fn=<AddBackward0>)
using contrastive loss
overall: tensor(0.6951, device='cuda:0', grad_fn=<AddBackward0>)
using contrastive loss
overall: tensor(0.7018, device='cuda:0', grad_fn=<AddBackward0>)
using contrastive loss
overall: tensor(0.6149, device='cuda:0', grad_fn=<AddBackward0>)
using contrastive loss
overall: tensor(0.8577, device='cuda:0', grad_fn=<AddBackward0>)
using contrastive loss
overall: tensor(0.7931, device='cuda:0', grad_fn=<AddBackward0>)
using contrastive loss
overall: tensor(1.1879, device='cuda:0', grad_fn=<AddBackward0>)
using contrastive loss
overall: tensor(1.2986, device='cuda:0', grad_fn=<AddBackward0>)
using contrastive loss
overall: tensor(0.6774, device='cuda:0', grad_fn=<AddBackward0>)
using contrastive loss
overall: tensor(0.7167, device='cuda:0', grad_fn=<AddBackward0>)
using contrastive loss
overall: tensor(0.5746, device='cuda:0', grad_fn=<AddBackward0>)
using contrastive loss
overall: tensor(0.9936, device='cuda:0', grad_fn=<AddBackward0>)
batch num:600
using contrastive loss
overall: tensor(0.6420, device='cuda:0', grad_fn=<AddBackward0>)
using contrastive loss
overall: tensor(0.4782, device='cuda:0', grad_fn=<AddBackward0>)
using contrastive loss
overall: tensor(1.3194, device='cuda:0', grad_fn=<AddBackward0>)
using contrastive loss
overall: tensor(0.7188, device='cuda:0', grad_fn=<AddBackward0>)
using contrastive loss
overall: tensor(1.2219, device='cuda:0', grad_fn=<AddBackward0>)
using contrastive loss
overall: tensor(0.8681, device='cuda:0', grad_fn=<AddBackward0>)
using contrastive loss
overall: tensor(0.5162, device='cuda:0', grad_fn=<AddBackward0>)
using contrastive loss
overall: tensor(0.5121, device='cuda:0', grad_fn=<AddBackward0>)
using contrastive loss
overall: tensor(1.1435, device='cuda:0', grad_fn=<AddBackward0>)
using contrastive loss
overall: tensor(0.9342, device='cuda:0', grad_fn=<AddBackward0>)
using contrastive loss
overall: tensor(1.1332, device='cuda:0', grad_fn=<AddBackward0>)
using contrastive loss
overall: tensor(0.7388, device='cuda:0', grad_fn=<AddBackward0>)
using contrastive loss
overall: tensor(0.7048, device='cuda:0', grad_fn=<AddBackward0>)
using contrastive loss
overall: tensor(0.9780, device='cuda:0', grad_fn=<AddBackward0>)
using contrastive loss
overall: tensor(1.0880, device='cuda:0', grad_fn=<AddBackward0>)
using contrastive loss
overall: tensor(0.7211, device='cuda:0', grad_fn=<AddBackward0>)
using contrastive loss
overall: tensor(0.7469, device='cuda:0', grad_fn=<AddBackward0>)
using contrastive loss
overall: tensor(1.1344, device='cuda:0', grad_fn=<AddBackward0>)
using contrastive loss
overall: tensor(1.1846, device='cuda:0', grad_fn=<AddBackward0>)
using contrastive loss
overall: tensor(0.5126, device='cuda:0', grad_fn=<AddBackward0>)
using contrastive loss
overall: tensor(0.8748, device='cuda:0', grad_fn=<AddBackward0>)
using contrastive loss
overall: tensor(0.8008, device='cuda:0', grad_fn=<AddBackward0>)
using contrastive loss
overall: tensor(1.4317, device='cuda:0', grad_fn=<AddBackward0>)
using contrastive loss
overall: tensor(0.6876, device='cuda:0', grad_fn=<AddBackward0>)
using contrastive loss
overall: tensor(0.7195, device='cuda:0', grad_fn=<AddBackward0>)
using contrastive loss
overall: tensor(0.7535, device='cuda:0', grad_fn=<AddBackward0>)
using contrastive loss
overall: tensor(0.9318, device='cuda:0', grad_fn=<AddBackward0>)
using contrastive loss
overall: tensor(0.7908, device='cuda:0', grad_fn=<AddBackward0>)
using contrastive loss
overall: tensor(1.1909, device='cuda:0', grad_fn=<AddBackward0>)
using contrastive loss
overall: tensor(0.9680, device='cuda:0', grad_fn=<AddBackward0>)
using contrastive loss
overall: tensor(0.7701, device='cuda:0', grad_fn=<AddBackward0>)
using contrastive loss
overall: tensor(0.5819, device='cuda:0', grad_fn=<AddBackward0>)
using contrastive loss
overall: tensor(1.2496, device='cuda:0', grad_fn=<AddBackward0>)
using contrastive loss
overall: tensor(0.8227, device='cuda:0', grad_fn=<AddBackward0>)
using contrastive loss
overall: tensor(1.1176, device='cuda:0', grad_fn=<AddBackward0>)
using contrastive loss
overall: tensor(0.8361, device='cuda:0', grad_fn=<AddBackward0>)
using contrastive loss
overall: tensor(1.2446, device='cuda:0', grad_fn=<AddBackward0>)
using contrastive loss
overall: tensor(0.8904, device='cuda:0', grad_fn=<AddBackward0>)
using contrastive loss
overall: tensor(0.4792, device='cuda:0', grad_fn=<AddBackward0>)
using contrastive loss
overall: tensor(0.8657, device='cuda:0', grad_fn=<AddBackward0>)
using contrastive loss
overall: tensor(1.1179, device='cuda:0', grad_fn=<AddBackward0>)
using contrastive loss
overall: tensor(0.8435, device='cuda:0', grad_fn=<AddBackward0>)
using contrastive loss
overall: tensor(0.5980, device='cuda:0', grad_fn=<AddBackward0>)
using contrastive loss
overall: tensor(0.5111, device='cuda:0', grad_fn=<AddBackward0>)
using contrastive loss
overall: tensor(0.8195, device='cuda:0', grad_fn=<AddBackward0>)
using contrastive loss
overall: tensor(1.8067, device='cuda:0', grad_fn=<AddBackward0>)
using contrastive loss
overall: tensor(0.9606, device='cuda:0', grad_fn=<AddBackward0>)
using contrastive loss
overall: tensor(1.6608, device='cuda:0', grad_fn=<AddBackward0>)
using contrastive loss
overall: tensor(0.8586, device='cuda:0', grad_fn=<AddBackward0>)
using contrastive loss
overall: tensor(0.6419, device='cuda:0', grad_fn=<AddBackward0>)
using contrastive loss
overall: tensor(1.0692, device='cuda:0', grad_fn=<AddBackward0>)
using contrastive loss
overall: tensor(0.9072, device='cuda:0', grad_fn=<AddBackward0>)
using contrastive loss
overall: tensor(0.9640, device='cuda:0', grad_fn=<AddBackward0>)
using contrastive loss
overall: tensor(0.5815, device='cuda:0', grad_fn=<AddBackward0>)
using contrastive loss
overall: tensor(0.5069, device='cuda:0', grad_fn=<AddBackward0>)
using contrastive loss
overall: tensor(0.9141, device='cuda:0', grad_fn=<AddBackward0>)
using contrastive loss
overall: tensor(0.7157, device='cuda:0', grad_fn=<AddBackward0>)
using contrastive loss
overall: tensor(0.5811, device='cuda:0', grad_fn=<AddBackward0>)
using contrastive loss
overall: tensor(0.4086, device='cuda:0', grad_fn=<AddBackward0>)
using contrastive loss
overall: tensor(0.5728, device='cuda:0', grad_fn=<AddBackward0>)
using contrastive loss
overall: tensor(1.8330, device='cuda:0', grad_fn=<AddBackward0>)
using contrastive loss
overall: tensor(0.7919, device='cuda:0', grad_fn=<AddBackward0>)
using contrastive loss
overall: tensor(1.9709, device='cuda:0', grad_fn=<AddBackward0>)
using contrastive loss
overall: tensor(0.8206, device='cuda:0', grad_fn=<AddBackward0>)
using contrastive loss
overall: tensor(0.7202, device='cuda:0', grad_fn=<AddBackward0>)
using contrastive loss
overall: tensor(0.8943, device='cuda:0', grad_fn=<AddBackward0>)
using contrastive loss
overall: tensor(0.3451, device='cuda:0', grad_fn=<AddBackward0>)
using contrastive loss
overall: tensor(0.4771, device='cuda:0', grad_fn=<AddBackward0>)
using contrastive loss
overall: tensor(0.8051, device='cuda:0', grad_fn=<AddBackward0>)
using contrastive loss
overall: tensor(0.8881, device='cuda:0', grad_fn=<AddBackward0>)
using contrastive loss
overall: tensor(0.9755, device='cuda:0', grad_fn=<AddBackward0>)
using contrastive loss
overall: tensor(0.8280, device='cuda:0', grad_fn=<AddBackward0>)
using contrastive loss
overall: tensor(0.7140, device='cuda:0', grad_fn=<AddBackward0>)
using contrastive loss
overall: tensor(0.7547, device='cuda:0', grad_fn=<AddBackward0>)
using contrastive loss
overall: tensor(0.4803, device='cuda:0', grad_fn=<AddBackward0>)
using contrastive loss
overall: tensor(0.7403, device='cuda:0', grad_fn=<AddBackward0>)
using contrastive loss
overall: tensor(0.3531, device='cuda:0', grad_fn=<AddBackward0>)
using contrastive loss
overall: tensor(0.6719, device='cuda:0', grad_fn=<AddBackward0>)
using contrastive loss
overall: tensor(0.8685, device='cuda:0', grad_fn=<AddBackward0>)
using contrastive loss
overall: tensor(1.0697, device='cuda:0', grad_fn=<AddBackward0>)
using contrastive loss
overall: tensor(1.2752, device='cuda:0', grad_fn=<AddBackward0>)
using contrastive loss
overall: tensor(1.5198, device='cuda:0', grad_fn=<AddBackward0>)
using contrastive loss
overall: tensor(0.9670, device='cuda:0', grad_fn=<AddBackward0>)
using contrastive loss
overall: tensor(0.7333, device='cuda:0', grad_fn=<AddBackward0>)
using contrastive loss
overall: tensor(0.5769, device='cuda:0', grad_fn=<AddBackward0>)
using contrastive loss
overall: tensor(1.1782, device='cuda:0', grad_fn=<AddBackward0>)
using contrastive loss
overall: tensor(1.2013, device='cuda:0', grad_fn=<AddBackward0>)
using contrastive loss
overall: tensor(0.7269, device='cuda:0', grad_fn=<AddBackward0>)
using contrastive loss
overall: tensor(0.5731, device='cuda:0', grad_fn=<AddBackward0>)
using contrastive loss
overall: tensor(1.0989, device='cuda:0', grad_fn=<AddBackward0>)
using contrastive loss
overall: tensor(1.2859, device='cuda:0', grad_fn=<AddBackward0>)
using contrastive loss
overall: tensor(0.6733, device='cuda:0', grad_fn=<AddBackward0>)
using contrastive loss
overall: tensor(1.4953, device='cuda:0', grad_fn=<AddBackward0>)
slurmstepd: error: *** JOB 26891678 ON holygpu7c1701 CANCELLED AT 2022-09-19T20:59:40 ***
