1
Task is classification, not lift the flap.
Hard mining set to:both
Using materials: ['scannet_xml_50_2', 'scannet_xml_realistic']
Hotswapped material loader being used.
{1: 0, 2: 1, 3: 2, 4: 3, 5: 4, 6: 5, 7: 6, 8: 7, 9: 8, 10: 9, 11: 10, 12: 11, 13: 12}
-------------------------------
Annotation Counts
-------------------------------
table                       887
sofa                        246
chair                       996
window                      290
monitor                     122
trash_bin                   164
bed                         177
lamp                         59
file_cabinet                 58
bathtub                     131
bookshelf                   140
flowerpot                     5
Total                      3275
-------------------------------

annotations: ../openrooms/annotation_files/train_scannet_xml_50_v2.json
batch_size: 10
checkpoint: checkpoint_50.tar
git: fb8600a628428381abf6c19fbf66e4592ce41f87
imagedir: ../
imbalance_reweighting: false
learning_rate: 1.0e-05
num_classes: 13
num_decoder_heads: 8
num_decoder_layers: 6
test_annotations: ../openrooms/annotation_files/train_scannet_real_50_v2.json
test_imagedir: ../
uncertainty_gate_type: learned
uncertainty_threshold: 0.8
weighted_prediction: false

Initializing from checkpoint checkpoint_50.tar
Traceback (most recent call last):
  File "train_hotswapped_augmented.py", line 138, in <module>
    checkpoint = torch.load(cfg.checkpoint, map_location="cpu")
  File "/n/home05/smadan/.conda/envs/domain_adaptation/lib/python3.8/site-packages/torch/serialization.py", line 699, in load
    with _open_file_like(f, 'rb') as opened_file:
  File "/n/home05/smadan/.conda/envs/domain_adaptation/lib/python3.8/site-packages/torch/serialization.py", line 231, in _open_file_like
    return _open_file(name_or_buffer, mode)
  File "/n/home05/smadan/.conda/envs/domain_adaptation/lib/python3.8/site-packages/torch/serialization.py", line 212, in __init__
    super(_open_file, self).__init__(open(name, mode))
FileNotFoundError: [Errno 2] No such file or directory: 'v3_output/scannet_paired_augmented/checkpoint_50.tar'
