1
Environment:
	Python: 3.8.11
	PyTorch: 1.9.1+cu102
	Torchvision: 0.10.1+cu102
	CUDA: 10.2
	CUDNN: 7605
	NumPy: 1.21.2
	PIL: 8.3.1
Args:
	algorithm: IRM
	checkpoint_freq: None
	continue_training: False
	data_dir: ./domainbed/data/
	dataset: DGMaterials
	holdout_fraction: 0.01
	hparams: None
	hparams_seed: 24596
	output_dir: train_output_crops_fixed_hparam_da/IRM
	save_model_every_checkpoint: False
	seed: 0
	skip_model_save: False
	steps: None
	task: domain_adaptation
	test_envs: [1]
	trial_seed: 0
	uda_holdout_fraction: 0.7
HParams:
	batch_size: 36
	class_balanced: False
	data_augmentation: True
	irm_lambda: 0.24363242320348913
	irm_penalty_anneal_iters: 3
	lr: 1.7962115863050557e-05
	nonlinear_classifier: False
	resnet18: False
	resnet_dropout: 0.0
	weight_decay: 0.00023369708368151316
Traceback (most recent call last):
  File "/n/home05/smadan/.conda/envs/domain_adaptation/lib/python3.8/runpy.py", line 194, in _run_module_as_main
    return _run_code(code, main_globals, None,
  File "/n/home05/smadan/.conda/envs/domain_adaptation/lib/python3.8/runpy.py", line 87, in _run_code
    exec(code, run_globals)
  File "/net/coxfs01/srv/export/coxfs01/pfister_lab2/share_root/Lab/spandan/contextual_domain_adaptation/DomainBed/domainbed/scripts/train.py", line 260, in <module>
    for x,_ in next(uda_minibatches_iterator)]
StopIteration
