17
Environment:
	Python: 3.8.11
	PyTorch: 1.9.1+cu102
	Torchvision: 0.10.1+cu102
	CUDA: 10.2
	CUDNN: 7605
	NumPy: 1.21.2
	PIL: 8.3.1
Args:
	algorithm: Fishr
	checkpoint_freq: None
	data_dir: ./domainbed/data/
	dataset: DGMaterials
	holdout_fraction: 0.2
	hparams: None
	hparams_seed: 0
	output_dir: train_output_crops/Fishr
	save_model_every_checkpoint: False
	seed: 0
	skip_model_save: False
	steps: None
	task: domain_generalization
	test_envs: [1]
	trial_seed: 0
	uda_holdout_fraction: 0
HParams:
	batch_size: 8
	class_balanced: False
	data_augmentation: True
	ema: 0.95
	lambda: 1000.0
	lr: 1e-05
	nonlinear_classifier: False
	penalty_anneal_iters: 1500
	resnet18: False
	resnet_dropout: 0.0
	weight_decay: 0.0
Traceback (most recent call last):
  File "/n/home05/smadan/.conda/envs/domain_adaptation/lib/python3.8/runpy.py", line 194, in _run_module_as_main
    return _run_code(code, main_globals, None,
  File "/n/home05/smadan/.conda/envs/domain_adaptation/lib/python3.8/runpy.py", line 87, in _run_code
    exec(code, run_globals)
  File "/net/coxfs01/srv/export/coxfs01/pfister_lab2/share_root/Lab/spandan/contextual_domain_adaptation/DomainBed/domainbed/scripts/train.py", line 183, in <module>
    algorithm = algorithm_class(dataset.input_shape, dataset.num_classes,
  File "/net/coxfs01/srv/export/coxfs01/pfister_lab2/share_root/Lab/spandan/contextual_domain_adaptation/DomainBed/domainbed/algorithms.py", line 1193, in __init__
    assert backpack is not None, "Install backpack with: 'pip install backpack-for-pytorch==1.3.0'"
AssertionError: Install backpack with: 'pip install backpack-for-pytorch==1.3.0'
