5
Environment:
	Python: 3.8.11
	PyTorch: 1.11.0+cu102
	Torchvision: 0.12.0+cu102
	CUDA: 10.2
	CUDNN: 7605
	NumPy: 1.21.2
	PIL: 9.1.0
Args:
	algorithm: MTL
	batch_size: 24
	checkpoint_freq: None
	continue_training: False
	data_dir: ./domainbed/data/
	dataset: DGViewpoints
	holdout_fraction: 0.01
	hparams: None
	hparams_seed: 24596
	output_dir: VIEWPOINTS/dg_viewpoints_all_envs/MTL
	save_model_every_checkpoint: False
	seed: 0
	skip_model_save: False
	steps: None
	task: domain_generalization
	test_envs: [5]
	trial_seed: 0
	uda_holdout_fraction: 0
Changed batch_size to 24
HParams:
	batch_size: 24
	class_balanced: False
	data_augmentation: True
	lr: 1.7962115863050557e-05
	mtl_ema: 1.0
	nonlinear_classifier: False
	resnet18: False
	resnet_dropout: 0.0
	weight_decay: 0.00023369708368151316
Traceback (most recent call last):
  File "/n/home05/smadan/.conda/envs/domain_adaptation/lib/python3.8/runpy.py", line 194, in _run_module_as_main
    return _run_code(code, main_globals, None,
  File "/n/home05/smadan/.conda/envs/domain_adaptation/lib/python3.8/runpy.py", line 87, in _run_code
    exec(code, run_globals)
  File "/net/coxfs01/srv/export/coxfs01/pfister_lab2/share_root/Lab/spandan/contextual_domain_adaptation/DomainBed/domainbed/scripts/train.py", line 277, in <module>
    step_vals = algorithm.update(minibatches_device, uda_device)
  File "/net/coxfs01/srv/export/coxfs01/pfister_lab2/share_root/Lab/spandan/contextual_domain_adaptation/DomainBed/domainbed/algorithms.py", line 720, in update
    loss += F.cross_entropy(self.predict(x, env), y)
  File "/net/coxfs01/srv/export/coxfs01/pfister_lab2/share_root/Lab/spandan/contextual_domain_adaptation/DomainBed/domainbed/algorithms.py", line 741, in predict
    embedding = self.update_embeddings_(features, env).normal_()
  File "/net/coxfs01/srv/export/coxfs01/pfister_lab2/share_root/Lab/spandan/contextual_domain_adaptation/DomainBed/domainbed/algorithms.py", line 733, in update_embeddings_
    (1 - self.ema) * self.embeddings[env]
IndexError: index 1 is out of bounds for dimension 0 with size 1
