18
Environment:
	Python: 3.8.11
	PyTorch: 1.9.1+cu102
	Torchvision: 0.10.1+cu102
	CUDA: 10.2
	CUDNN: 7605
	NumPy: 1.21.2
	PIL: 8.3.1
Args:
	algorithm: TRM
	checkpoint_freq: None
	data_dir: ./domainbed/data/
	dataset: DGMaterials
	holdout_fraction: 0.01
	hparams: None
	hparams_seed: 0
	output_dir: train_output_crops_2/TRM
	save_model_every_checkpoint: False
	seed: 0
	skip_model_save: False
	steps: None
	task: domain_generalization
	test_envs: [1]
	trial_seed: 0
	uda_holdout_fraction: 0
HParams:
	batch_size: 15
	class_balanced: False
	cos_lambda: 0.0001
	data_augmentation: True
	groupdro_eta: 0.01
	iters: 200
	lr: 0.001
	nonlinear_classifier: True
	resnet18: True
	resnet_dropout: 0.0
	weight_decay: 0.0
Traceback (most recent call last):
  File "/n/home05/smadan/.conda/envs/domain_adaptation/lib/python3.8/runpy.py", line 194, in _run_module_as_main
    return _run_code(code, main_globals, None,
  File "/n/home05/smadan/.conda/envs/domain_adaptation/lib/python3.8/runpy.py", line 87, in _run_code
    exec(code, run_globals)
  File "/net/coxfs01/srv/export/coxfs01/pfister_lab2/share_root/Lab/spandan/contextual_domain_adaptation/DomainBed/domainbed/scripts/train.py", line 224, in <module>
    step_vals = algorithm.update(minibatches_device, uda_device)
TypeError: update() takes 2 positional arguments but 3 were given
