0
Region proposal deactivated, ground truth bounding boxes are used.
[32m[05/16 17:22:14 d2.data.datasets.coco]: [0mLoaded 15769 images in COCO format from ../../../../openrooms/annotation_files/train_main_xml_50_v3_fastercnn.json
[32m[05/16 17:22:14 d2.data.build]: [0mRemoved 969 images with no usable annotations. 14800 images left.
[32m[05/16 17:22:15 d2.data.build]: [0mDistribution of instances among all 13 categories:
[36m|   category   | #instances   |  category  | #instances   |  category  | #instances   |
|:------------:|:-------------|:----------:|:-------------|:----------:|:-------------|
|    table     | 11541        |    desk    | 4829         | bookshelf  | 3902         |
|     sofa     | 3550         | trash_bin  | 3204         |    bed     | 3214         |
|    chair     | 19905        |  monitor   | 3094         |  bathtub   | 1988         |
| file_cabinet | 1727         | flowerpot  | 227          |   window   | 10204        |
|     lamp     | 2489         |            |              |            |              |
|    total     | 69874        |            |              |            |              |[0m
Proposal boxes added.
[32m[05/16 17:22:15 d2.data.dataset_mapper]: [0m[DatasetMapper] Augmentations used in training: []
[32m[05/16 17:22:15 d2.data.common]: [0mSerializing 14800 elements to byte tensors and concatenating them all ...
[32m[05/16 17:22:15 d2.data.common]: [0mSerialized dataset takes 11.05 MiB
[5m[31mWARNING[0m [32m[05/16 17:22:15 d2.solver.build]: [0mSOLVER.STEPS contains values larger than SOLVER.MAX_ITER. These values will be ignored.
/n/home05/smadan/.conda/envs/faster_rcnn_env/lib/python3.8/site-packages/torch/utils/data/dataloader.py:478: UserWarning: This DataLoader will create 4 worker processes in total. Our suggested max number of worker in current system is 1, which is smaller than what this DataLoader is going to create. Please be aware that excessive worker creation might get DataLoader running slow or even freeze, lower the worker number to avoid potential slowness/freeze if necessary.
  warnings.warn(_create_warning_msg(
Skip loading parameter 'roi_heads.box_predictor.cls_score.weight' to the model due to incompatible shapes: (81, 1024) in the checkpoint but (14, 1024) in the model! You might want to double check if this is expected.
Skip loading parameter 'roi_heads.box_predictor.cls_score.bias' to the model due to incompatible shapes: (81,) in the checkpoint but (14,) in the model! You might want to double check if this is expected.
Skip loading parameter 'roi_heads.box_predictor.bbox_pred.weight' to the model due to incompatible shapes: (320, 1024) in the checkpoint but (52, 1024) in the model! You might want to double check if this is expected.
Skip loading parameter 'roi_heads.box_predictor.bbox_pred.bias' to the model due to incompatible shapes: (320,) in the checkpoint but (52,) in the model! You might want to double check if this is expected.
Some model parameters or buffers are not found in the checkpoint:
[34mroi_heads.box_predictor.bbox_pred.{bias, weight}[0m
[34mroi_heads.box_predictor.cls_score.{bias, weight}[0m
[32m[05/16 17:22:19 d2.engine.train_loop]: [0mStarting training from iteration 0
/n/home05/smadan/.conda/envs/faster_rcnn_env/lib/python3.8/site-packages/torch/utils/data/dataloader.py:478: UserWarning: This DataLoader will create 4 worker processes in total. Our suggested max number of worker in current system is 1, which is smaller than what this DataLoader is going to create. Please be aware that excessive worker creation might get DataLoader running slow or even freeze, lower the worker number to avoid potential slowness/freeze if necessary.
  warnings.warn(_create_warning_msg(
[32m[05/16 17:22:37 d2.utils.events]: [0m eta: 6:31:41  iter: 19  total_loss: 2.733  loss_cls: 2.671  loss_box_reg: 0.06003  time: 0.7821  data_time: 0.3399  lr: 4.9953e-06  max_mem: 8091M
[32m[05/16 17:22:52 d2.utils.events]: [0m eta: 6:31:25  iter: 39  total_loss: 2.705  loss_cls: 2.656  loss_box_reg: 0.04785  time: 0.7858  data_time: 0.2914  lr: 9.9902e-06  max_mem: 8091M
[32m[05/16 17:23:08 d2.utils.events]: [0m eta: 6:31:20  iter: 59  total_loss: 2.658  loss_cls: 2.617  loss_box_reg: 0.04099  time: 0.7846  data_time: 0.2849  lr: 1.4985e-05  max_mem: 8091M
[32m[05/16 17:23:24 d2.utils.events]: [0m eta: 6:31:38  iter: 79  total_loss: 2.593  loss_cls: 2.555  loss_box_reg: 0.03597  time: 0.7853  data_time: 0.2873  lr: 1.998e-05  max_mem: 8091M
[32m[05/16 17:23:40 d2.utils.events]: [0m eta: 6:31:38  iter: 99  total_loss: 2.52  loss_cls: 2.488  loss_box_reg: 0.03387  time: 0.7869  data_time: 0.2926  lr: 2.4975e-05  max_mem: 8091M
[32m[05/16 17:23:55 d2.utils.events]: [0m eta: 6:31:04  iter: 119  total_loss: 2.448  loss_cls: 2.418  loss_box_reg: 0.02997  time: 0.7863  data_time: 0.2867  lr: 2.997e-05  max_mem: 8091M
[32m[05/16 17:24:11 d2.utils.events]: [0m eta: 6:30:46  iter: 139  total_loss: 2.374  loss_cls: 2.345  loss_box_reg: 0.02927  time: 0.7859  data_time: 0.2835  lr: 3.4965e-05  max_mem: 8091M
[32m[05/16 17:24:27 d2.utils.events]: [0m eta: 6:30:33  iter: 159  total_loss: 2.311  loss_cls: 2.283  loss_box_reg: 0.02728  time: 0.7859  data_time: 0.2858  lr: 3.996e-05  max_mem: 8091M
[32m[05/16 17:24:42 d2.utils.events]: [0m eta: 6:30:24  iter: 179  total_loss: 2.239  loss_cls: 2.211  loss_box_reg: 0.02683  time: 0.7862  data_time: 0.2833  lr: 4.4955e-05  max_mem: 8091M
[32m[05/16 17:24:58 d2.utils.events]: [0m eta: 6:30:11  iter: 199  total_loss: 2.108  loss_cls: 2.084  loss_box_reg: 0.02548  time: 0.7859  data_time: 0.2825  lr: 4.995e-05  max_mem: 8091M
[32m[05/16 17:25:14 d2.utils.events]: [0m eta: 6:29:55  iter: 219  total_loss: 2.009  loss_cls: 1.983  loss_box_reg: 0.02545  time: 0.7858  data_time: 0.2805  lr: 5.4945e-05  max_mem: 8091M
[32m[05/16 17:25:29 d2.utils.events]: [0m eta: 6:29:39  iter: 239  total_loss: 1.93  loss_cls: 1.905  loss_box_reg: 0.02467  time: 0.7855  data_time: 0.2824  lr: 5.994e-05  max_mem: 8091M
[32m[05/16 17:25:45 d2.utils.events]: [0m eta: 6:29:12  iter: 259  total_loss: 1.872  loss_cls: 1.848  loss_box_reg: 0.02505  time: 0.7852  data_time: 0.2826  lr: 6.4935e-05  max_mem: 8091M
[32m[05/16 17:26:01 d2.utils.events]: [0m eta: 6:28:52  iter: 279  total_loss: 1.836  loss_cls: 1.81  loss_box_reg: 0.02569  time: 0.7851  data_time: 0.2840  lr: 6.993e-05  max_mem: 8091M
[32m[05/16 17:26:17 d2.utils.events]: [0m eta: 6:28:32  iter: 299  total_loss: 1.776  loss_cls: 1.754  loss_box_reg: 0.0249  time: 0.7852  data_time: 0.2827  lr: 7.4925e-05  max_mem: 8091M
[32m[05/16 17:26:32 d2.utils.events]: [0m eta: 6:28:25  iter: 319  total_loss: 1.663  loss_cls: 1.637  loss_box_reg: 0.02697  time: 0.7854  data_time: 0.2840  lr: 7.992e-05  max_mem: 8091M
[32m[05/16 17:26:48 d2.utils.events]: [0m eta: 6:28:09  iter: 339  total_loss: 1.665  loss_cls: 1.638  loss_box_reg: 0.02789  time: 0.7854  data_time: 0.2859  lr: 8.4915e-05  max_mem: 8091M
[32m[05/16 17:27:04 d2.utils.events]: [0m eta: 6:27:56  iter: 359  total_loss: 1.725  loss_cls: 1.691  loss_box_reg: 0.03165  time: 0.7855  data_time: 0.2861  lr: 8.991e-05  max_mem: 8091M
[32m[05/16 17:27:19 d2.utils.events]: [0m eta: 6:27:29  iter: 379  total_loss: 1.602  loss_cls: 1.564  loss_box_reg: 0.03621  time: 0.7853  data_time: 0.2794  lr: 9.4905e-05  max_mem: 8091M
[32m[05/16 17:27:35 d2.utils.events]: [0m eta: 6:27:11  iter: 399  total_loss: 1.506  loss_cls: 1.469  loss_box_reg: 0.03873  time: 0.7852  data_time: 0.2810  lr: 9.99e-05  max_mem: 8091M
[32m[05/16 17:27:51 d2.utils.events]: [0m eta: 6:26:47  iter: 419  total_loss: 1.463  loss_cls: 1.414  loss_box_reg: 0.04645  time: 0.7851  data_time: 0.2851  lr: 0.0001049  max_mem: 8091M
[32m[05/16 17:28:07 d2.utils.events]: [0m eta: 6:26:38  iter: 439  total_loss: 1.428  loss_cls: 1.373  loss_box_reg: 0.06261  time: 0.7850  data_time: 0.2811  lr: 0.00010989  max_mem: 8091M
[32m[05/16 17:28:22 d2.utils.events]: [0m eta: 6:26:19  iter: 459  total_loss: 1.453  loss_cls: 1.387  loss_box_reg: 0.07619  time: 0.7852  data_time: 0.2907  lr: 0.00011489  max_mem: 8091M
[32m[05/16 17:28:38 d2.utils.events]: [0m eta: 6:26:09  iter: 479  total_loss: 1.443  loss_cls: 1.363  loss_box_reg: 0.07864  time: 0.7853  data_time: 0.2787  lr: 0.00011988  max_mem: 8091M
[32m[05/16 17:28:54 d2.utils.events]: [0m eta: 6:26:06  iter: 499  total_loss: 1.357  loss_cls: 1.282  loss_box_reg: 0.07815  time: 0.7855  data_time: 0.2837  lr: 0.00012488  max_mem: 8091M
[32m[05/16 17:29:10 d2.utils.events]: [0m eta: 6:25:53  iter: 519  total_loss: 1.316  loss_cls: 1.237  loss_box_reg: 0.07741  time: 0.7857  data_time: 0.2867  lr: 0.00012987  max_mem: 8091M
[32m[05/16 17:29:26 d2.utils.events]: [0m eta: 6:25:38  iter: 539  total_loss: 1.33  loss_cls: 1.243  loss_box_reg: 0.08654  time: 0.7860  data_time: 0.2934  lr: 0.00013487  max_mem: 8091M
[32m[05/16 17:29:41 d2.utils.events]: [0m eta: 6:25:19  iter: 559  total_loss: 1.274  loss_cls: 1.181  loss_box_reg: 0.08818  time: 0.7860  data_time: 0.2826  lr: 0.00013986  max_mem: 8091M
[32m[05/16 17:29:57 d2.utils.events]: [0m eta: 6:25:03  iter: 579  total_loss: 1.335  loss_cls: 1.254  loss_box_reg: 0.09351  time: 0.7860  data_time: 0.2909  lr: 0.00014486  max_mem: 8091M
[32m[05/16 17:30:13 d2.utils.events]: [0m eta: 6:24:56  iter: 599  total_loss: 1.262  loss_cls: 1.152  loss_box_reg: 0.1212  time: 0.7864  data_time: 0.2932  lr: 0.00014985  max_mem: 8091M
[32m[05/16 17:30:29 d2.utils.events]: [0m eta: 6:24:47  iter: 619  total_loss: 1.263  loss_cls: 1.165  loss_box_reg: 0.1059  time: 0.7866  data_time: 0.2914  lr: 0.00015485  max_mem: 8091M
[32m[05/16 17:30:45 d2.utils.events]: [0m eta: 6:24:29  iter: 639  total_loss: 1.26  loss_cls: 1.138  loss_box_reg: 0.117  time: 0.7864  data_time: 0.2811  lr: 0.00015984  max_mem: 8091M
[32m[05/16 17:31:00 d2.utils.events]: [0m eta: 6:24:10  iter: 659  total_loss: 1.202  loss_cls: 1.094  loss_box_reg: 0.1118  time: 0.7862  data_time: 0.2821  lr: 0.00016484  max_mem: 8091M
[32m[05/16 17:31:16 d2.utils.events]: [0m eta: 6:23:47  iter: 679  total_loss: 1.244  loss_cls: 1.124  loss_box_reg: 0.1246  time: 0.7861  data_time: 0.2835  lr: 0.00016983  max_mem: 8091M
[32m[05/16 17:31:31 d2.utils.events]: [0m eta: 6:23:32  iter: 699  total_loss: 1.199  loss_cls: 1.09  loss_box_reg: 0.1106  time: 0.7861  data_time: 0.2826  lr: 0.00017483  max_mem: 8091M
[32m[05/16 17:31:47 d2.utils.events]: [0m eta: 6:23:15  iter: 719  total_loss: 1.167  loss_cls: 1.056  loss_box_reg: 0.1057  time: 0.7860  data_time: 0.2794  lr: 0.00017982  max_mem: 8091M
[32m[05/16 17:32:03 d2.utils.events]: [0m eta: 6:23:03  iter: 739  total_loss: 1.104  loss_cls: 0.9974  loss_box_reg: 0.1056  time: 0.7861  data_time: 0.2856  lr: 0.00018482  max_mem: 8091M
[32m[05/16 17:32:19 d2.utils.events]: [0m eta: 6:22:46  iter: 759  total_loss: 1.118  loss_cls: 1.01  loss_box_reg: 0.1011  time: 0.7860  data_time: 0.2805  lr: 0.00018981  max_mem: 8091M
[32m[05/16 17:32:34 d2.utils.events]: [0m eta: 6:22:29  iter: 779  total_loss: 1.138  loss_cls: 1.03  loss_box_reg: 0.1039  time: 0.7860  data_time: 0.2778  lr: 0.00019481  max_mem: 8091M
[32m[05/16 17:32:50 d2.utils.events]: [0m eta: 6:22:14  iter: 799  total_loss: 1.107  loss_cls: 0.9921  loss_box_reg: 0.1134  time: 0.7861  data_time: 0.2818  lr: 0.0001998  max_mem: 8091M
[32m[05/16 17:33:06 d2.utils.events]: [0m eta: 6:22:02  iter: 819  total_loss: 1.155  loss_cls: 1.012  loss_box_reg: 0.1291  time: 0.7860  data_time: 0.2793  lr: 0.0002048  max_mem: 8091M
[32m[05/16 17:33:22 d2.utils.events]: [0m eta: 6:21:47  iter: 839  total_loss: 1.157  loss_cls: 1.03  loss_box_reg: 0.1166  time: 0.7860  data_time: 0.2870  lr: 0.00020979  max_mem: 8091M
[32m[05/16 17:33:37 d2.utils.events]: [0m eta: 6:21:32  iter: 859  total_loss: 1.098  loss_cls: 0.9894  loss_box_reg: 0.1037  time: 0.7860  data_time: 0.2854  lr: 0.00021479  max_mem: 8091M
[32m[05/16 17:33:53 d2.utils.events]: [0m eta: 6:21:21  iter: 879  total_loss: 1.12  loss_cls: 1.005  loss_box_reg: 0.1161  time: 0.7861  data_time: 0.2853  lr: 0.00021978  max_mem: 8091M
[32m[05/16 17:34:09 d2.utils.events]: [0m eta: 6:21:13  iter: 899  total_loss: 1.075  loss_cls: 0.9727  loss_box_reg: 0.09299  time: 0.7864  data_time: 0.2893  lr: 0.00022478  max_mem: 8091M
[32m[05/16 17:34:25 d2.utils.events]: [0m eta: 6:20:58  iter: 919  total_loss: 1.079  loss_cls: 0.9756  loss_box_reg: 0.1042  time: 0.7863  data_time: 0.2818  lr: 0.00022977  max_mem: 8091M
[32m[05/16 17:34:41 d2.utils.events]: [0m eta: 6:20:40  iter: 939  total_loss: 1.048  loss_cls: 0.945  loss_box_reg: 0.1159  time: 0.7864  data_time: 0.2854  lr: 0.00023477  max_mem: 8091M
[32m[05/16 17:34:57 d2.utils.events]: [0m eta: 6:20:30  iter: 959  total_loss: 1.008  loss_cls: 0.9229  loss_box_reg: 0.09551  time: 0.7866  data_time: 0.2950  lr: 0.00023976  max_mem: 8091M
[32m[05/16 17:35:12 d2.utils.events]: [0m eta: 6:20:15  iter: 979  total_loss: 1.083  loss_cls: 0.985  loss_box_reg: 0.1028  time: 0.7866  data_time: 0.2870  lr: 0.00024476  max_mem: 8091M
[32m[05/16 17:35:28 d2.utils.events]: [0m eta: 6:19:59  iter: 999  total_loss: 1.054  loss_cls: 0.9629  loss_box_reg: 0.09321  time: 0.7867  data_time: 0.2886  lr: 0.00024975  max_mem: 8091M
[32m[05/16 17:35:44 d2.utils.events]: [0m eta: 6:19:45  iter: 1019  total_loss: 1.005  loss_cls: 0.9061  loss_box_reg: 0.09794  time: 0.7867  data_time: 0.2839  lr: 0.00025  max_mem: 8091M
[32m[05/16 17:36:00 d2.utils.events]: [0m eta: 6:19:30  iter: 1039  total_loss: 0.9811  loss_cls: 0.891  loss_box_reg: 0.1068  time: 0.7868  data_time: 0.2885  lr: 0.00025  max_mem: 8091M
[32m[05/16 17:36:16 d2.utils.events]: [0m eta: 6:19:24  iter: 1059  total_loss: 1.026  loss_cls: 0.9342  loss_box_reg: 0.1017  time: 0.7869  data_time: 0.2889  lr: 0.00025  max_mem: 8091M
[32m[05/16 17:36:31 d2.utils.events]: [0m eta: 6:19:02  iter: 1079  total_loss: 1.032  loss_cls: 0.9283  loss_box_reg: 0.1032  time: 0.7868  data_time: 0.2808  lr: 0.00025  max_mem: 8091M
[32m[05/16 17:36:47 d2.utils.events]: [0m eta: 6:18:54  iter: 1099  total_loss: 0.9864  loss_cls: 0.888  loss_box_reg: 0.09524  time: 0.7872  data_time: 0.3063  lr: 0.00025  max_mem: 8091M
[32m[05/16 17:37:03 d2.utils.events]: [0m eta: 6:18:40  iter: 1119  total_loss: 1.054  loss_cls: 0.9618  loss_box_reg: 0.09586  time: 0.7872  data_time: 0.2814  lr: 0.00025  max_mem: 8091M
[32m[05/16 17:37:19 d2.utils.events]: [0m eta: 6:18:25  iter: 1139  total_loss: 1.007  loss_cls: 0.9188  loss_box_reg: 0.08975  time: 0.7873  data_time: 0.2862  lr: 0.00025  max_mem: 8091M
[32m[05/16 17:37:35 d2.utils.events]: [0m eta: 6:18:09  iter: 1159  total_loss: 0.9716  loss_cls: 0.8708  loss_box_reg: 0.09736  time: 0.7873  data_time: 0.2916  lr: 0.00025  max_mem: 8091M
[32m[05/16 17:37:51 d2.utils.events]: [0m eta: 6:17:52  iter: 1179  total_loss: 0.9901  loss_cls: 0.8773  loss_box_reg: 0.1016  time: 0.7873  data_time: 0.2871  lr: 0.00025  max_mem: 8091M
[32m[05/16 17:38:06 d2.utils.events]: [0m eta: 6:17:42  iter: 1199  total_loss: 0.9133  loss_cls: 0.8108  loss_box_reg: 0.09491  time: 0.7874  data_time: 0.2826  lr: 0.00025  max_mem: 8091M
[32m[05/16 17:38:22 d2.utils.events]: [0m eta: 6:17:27  iter: 1219  total_loss: 0.8817  loss_cls: 0.7912  loss_box_reg: 0.09349  time: 0.7874  data_time: 0.2858  lr: 0.00025  max_mem: 8091M
[32m[05/16 17:38:38 d2.utils.events]: [0m eta: 6:17:07  iter: 1239  total_loss: 0.9364  loss_cls: 0.8382  loss_box_reg: 0.09437  time: 0.7874  data_time: 0.2812  lr: 0.00025  max_mem: 8091M
[32m[05/16 17:38:54 d2.utils.events]: [0m eta: 6:17:00  iter: 1259  total_loss: 0.928  loss_cls: 0.8408  loss_box_reg: 0.08242  time: 0.7874  data_time: 0.2858  lr: 0.00025  max_mem: 8091M
[32m[05/16 17:39:09 d2.utils.events]: [0m eta: 6:16:44  iter: 1279  total_loss: 0.8882  loss_cls: 0.792  loss_box_reg: 0.09092  time: 0.7873  data_time: 0.2788  lr: 0.00025  max_mem: 8091M
[32m[05/16 17:39:25 d2.utils.events]: [0m eta: 6:16:29  iter: 1299  total_loss: 0.8962  loss_cls: 0.8056  loss_box_reg: 0.08921  time: 0.7873  data_time: 0.2799  lr: 0.00025  max_mem: 8091M
[32m[05/16 17:39:41 d2.utils.events]: [0m eta: 6:16:18  iter: 1319  total_loss: 0.9577  loss_cls: 0.8386  loss_box_reg: 0.1063  time: 0.7873  data_time: 0.2878  lr: 0.00025  max_mem: 8091M
[32m[05/16 17:39:57 d2.utils.events]: [0m eta: 6:16:01  iter: 1339  total_loss: 0.8849  loss_cls: 0.8005  loss_box_reg: 0.08433  time: 0.7873  data_time: 0.2836  lr: 0.00025  max_mem: 8091M
[32m[05/16 17:40:12 d2.utils.events]: [0m eta: 6:15:42  iter: 1359  total_loss: 0.8968  loss_cls: 0.8113  loss_box_reg: 0.08512  time: 0.7873  data_time: 0.2780  lr: 0.00025  max_mem: 8091M
[32m[05/16 17:40:28 d2.utils.events]: [0m eta: 6:15:30  iter: 1379  total_loss: 0.9649  loss_cls: 0.8888  loss_box_reg: 0.08125  time: 0.7873  data_time: 0.2873  lr: 0.00025  max_mem: 8091M
[32m[05/16 17:40:44 d2.utils.events]: [0m eta: 6:15:22  iter: 1399  total_loss: 0.8612  loss_cls: 0.7892  loss_box_reg: 0.07613  time: 0.7873  data_time: 0.2869  lr: 0.00025  max_mem: 8091M
[32m[05/16 17:41:00 d2.utils.events]: [0m eta: 6:15:09  iter: 1419  total_loss: 0.8743  loss_cls: 0.7965  loss_box_reg: 0.08  time: 0.7873  data_time: 0.2833  lr: 0.00025  max_mem: 8091M
[32m[05/16 17:41:15 d2.utils.events]: [0m eta: 6:14:56  iter: 1439  total_loss: 0.9249  loss_cls: 0.8475  loss_box_reg: 0.07755  time: 0.7873  data_time: 0.2804  lr: 0.00025  max_mem: 8091M
[32m[05/16 17:41:31 d2.utils.events]: [0m eta: 6:14:40  iter: 1459  total_loss: 0.8748  loss_cls: 0.7999  loss_box_reg: 0.07973  time: 0.7873  data_time: 0.2830  lr: 0.00025  max_mem: 8091M
[32m[05/16 17:41:47 d2.utils.events]: [0m eta: 6:14:24  iter: 1479  total_loss: 0.8493  loss_cls: 0.7643  loss_box_reg: 0.08211  time: 0.7873  data_time: 0.2832  lr: 0.00025  max_mem: 8091M
[32m[05/16 17:42:03 d2.utils.events]: [0m eta: 6:14:05  iter: 1499  total_loss: 0.8764  loss_cls: 0.7936  loss_box_reg: 0.08961  time: 0.7873  data_time: 0.2835  lr: 0.00025  max_mem: 8091M
[32m[05/16 17:42:18 d2.utils.events]: [0m eta: 6:13:47  iter: 1519  total_loss: 0.847  loss_cls: 0.7719  loss_box_reg: 0.08265  time: 0.7873  data_time: 0.2821  lr: 0.00025  max_mem: 8091M
[32m[05/16 17:42:34 d2.utils.events]: [0m eta: 6:13:30  iter: 1539  total_loss: 0.8516  loss_cls: 0.7714  loss_box_reg: 0.0758  time: 0.7873  data_time: 0.2868  lr: 0.00025  max_mem: 8091M
[32m[05/16 17:42:50 d2.utils.events]: [0m eta: 6:13:18  iter: 1559  total_loss: 0.8343  loss_cls: 0.7612  loss_box_reg: 0.08291  time: 0.7873  data_time: 0.2817  lr: 0.00025  max_mem: 8091M
[32m[05/16 17:43:06 d2.utils.events]: [0m eta: 6:13:03  iter: 1579  total_loss: 0.8627  loss_cls: 0.779  loss_box_reg: 0.08062  time: 0.7873  data_time: 0.2876  lr: 0.00025  max_mem: 8091M
[32m[05/16 17:43:22 d2.utils.events]: [0m eta: 6:12:45  iter: 1599  total_loss: 0.847  loss_cls: 0.7747  loss_box_reg: 0.07361  time: 0.7873  data_time: 0.2813  lr: 0.00025  max_mem: 8091M
[32m[05/16 17:43:37 d2.utils.events]: [0m eta: 6:12:25  iter: 1619  total_loss: 0.8604  loss_cls: 0.7842  loss_box_reg: 0.07531  time: 0.7874  data_time: 0.2908  lr: 0.00025  max_mem: 8091M
[32m[05/16 17:43:53 d2.utils.events]: [0m eta: 6:12:14  iter: 1639  total_loss: 0.8048  loss_cls: 0.7274  loss_box_reg: 0.07555  time: 0.7874  data_time: 0.2813  lr: 0.00025  max_mem: 8091M
[32m[05/16 17:44:09 d2.utils.events]: [0m eta: 6:12:00  iter: 1659  total_loss: 0.852  loss_cls: 0.7712  loss_box_reg: 0.08035  time: 0.7874  data_time: 0.2838  lr: 0.00025  max_mem: 8091M
[32m[05/16 17:44:25 d2.utils.events]: [0m eta: 6:11:48  iter: 1679  total_loss: 0.8369  loss_cls: 0.7541  loss_box_reg: 0.08118  time: 0.7874  data_time: 0.2814  lr: 0.00025  max_mem: 8091M
[32m[05/16 17:44:40 d2.utils.events]: [0m eta: 6:11:36  iter: 1699  total_loss: 0.801  loss_cls: 0.7189  loss_box_reg: 0.08447  time: 0.7874  data_time: 0.2795  lr: 0.00025  max_mem: 8091M
[32m[05/16 17:44:56 d2.utils.events]: [0m eta: 6:11:21  iter: 1719  total_loss: 0.8886  loss_cls: 0.8128  loss_box_reg: 0.07576  time: 0.7874  data_time: 0.2865  lr: 0.00025  max_mem: 8091M
[32m[05/16 17:45:12 d2.utils.events]: [0m eta: 6:11:05  iter: 1739  total_loss: 0.7712  loss_cls: 0.7025  loss_box_reg: 0.06998  time: 0.7874  data_time: 0.2806  lr: 0.00025  max_mem: 8091M
[32m[05/16 17:45:28 d2.utils.events]: [0m eta: 6:10:50  iter: 1759  total_loss: 0.7864  loss_cls: 0.7195  loss_box_reg: 0.06747  time: 0.7874  data_time: 0.2816  lr: 0.00025  max_mem: 8091M
[32m[05/16 17:45:43 d2.utils.events]: [0m eta: 6:10:36  iter: 1779  total_loss: 0.8048  loss_cls: 0.7328  loss_box_reg: 0.07235  time: 0.7874  data_time: 0.2831  lr: 0.00025  max_mem: 8091M
[32m[05/16 17:45:59 d2.utils.events]: [0m eta: 6:10:19  iter: 1799  total_loss: 0.7593  loss_cls: 0.6956  loss_box_reg: 0.07077  time: 0.7873  data_time: 0.2843  lr: 0.00025  max_mem: 8091M
[32m[05/16 17:46:15 d2.utils.events]: [0m eta: 6:10:01  iter: 1819  total_loss: 0.7283  loss_cls: 0.6547  loss_box_reg: 0.07431  time: 0.7873  data_time: 0.2870  lr: 0.00025  max_mem: 8091M
[32m[05/16 17:46:31 d2.utils.events]: [0m eta: 6:09:47  iter: 1839  total_loss: 0.7834  loss_cls: 0.7051  loss_box_reg: 0.08185  time: 0.7873  data_time: 0.2835  lr: 0.00025  max_mem: 8091M
[32m[05/16 17:46:46 d2.utils.events]: [0m eta: 6:09:32  iter: 1859  total_loss: 0.8056  loss_cls: 0.7194  loss_box_reg: 0.0861  time: 0.7874  data_time: 0.2851  lr: 0.00025  max_mem: 8091M
[32m[05/16 17:47:02 d2.utils.events]: [0m eta: 6:09:14  iter: 1879  total_loss: 0.7665  loss_cls: 0.6951  loss_box_reg: 0.07648  time: 0.7874  data_time: 0.2842  lr: 0.00025  max_mem: 8091M
[32m[05/16 17:47:18 d2.utils.events]: [0m eta: 6:08:57  iter: 1899  total_loss: 0.7967  loss_cls: 0.7323  loss_box_reg: 0.07098  time: 0.7874  data_time: 0.2835  lr: 0.00025  max_mem: 8091M
[32m[05/16 17:47:34 d2.utils.events]: [0m eta: 6:08:42  iter: 1919  total_loss: 0.6995  loss_cls: 0.6235  loss_box_reg: 0.06876  time: 0.7874  data_time: 0.2835  lr: 0.00025  max_mem: 8091M
[32m[05/16 17:47:50 d2.utils.events]: [0m eta: 6:08:27  iter: 1939  total_loss: 0.7128  loss_cls: 0.6393  loss_box_reg: 0.0734  time: 0.7875  data_time: 0.2902  lr: 0.00025  max_mem: 8091M
[32m[05/16 17:48:06 d2.utils.events]: [0m eta: 6:08:11  iter: 1959  total_loss: 0.7826  loss_cls: 0.7151  loss_box_reg: 0.07392  time: 0.7875  data_time: 0.2832  lr: 0.00025  max_mem: 8091M
[32m[05/16 17:48:21 d2.utils.events]: [0m eta: 6:07:55  iter: 1979  total_loss: 0.6832  loss_cls: 0.6132  loss_box_reg: 0.06471  time: 0.7875  data_time: 0.2849  lr: 0.00025  max_mem: 8091M
[32m[05/16 17:48:37 d2.utils.events]: [0m eta: 6:07:38  iter: 1999  total_loss: 0.7646  loss_cls: 0.7003  loss_box_reg: 0.07101  time: 0.7875  data_time: 0.2853  lr: 0.00025  max_mem: 8091M
[32m[05/16 17:48:53 d2.utils.events]: [0m eta: 6:07:21  iter: 2019  total_loss: 0.8114  loss_cls: 0.7276  loss_box_reg: 0.07819  time: 0.7875  data_time: 0.2877  lr: 0.00025  max_mem: 8091M
[32m[05/16 17:49:08 d2.utils.events]: [0m eta: 6:07:01  iter: 2039  total_loss: 0.722  loss_cls: 0.6492  loss_box_reg: 0.06978  time: 0.7874  data_time: 0.2790  lr: 0.00025  max_mem: 8091M
[32m[05/16 17:49:24 d2.utils.events]: [0m eta: 6:06:39  iter: 2059  total_loss: 0.8125  loss_cls: 0.7427  loss_box_reg: 0.06749  time: 0.7874  data_time: 0.2835  lr: 0.00025  max_mem: 8091M
[32m[05/16 17:49:40 d2.utils.events]: [0m eta: 6:06:27  iter: 2079  total_loss: 0.7378  loss_cls: 0.6653  loss_box_reg: 0.06729  time: 0.7874  data_time: 0.2838  lr: 0.00025  max_mem: 8091M
[32m[05/16 17:49:56 d2.utils.events]: [0m eta: 6:06:09  iter: 2099  total_loss: 0.7663  loss_cls: 0.6861  loss_box_reg: 0.07595  time: 0.7874  data_time: 0.2799  lr: 0.00025  max_mem: 8091M
[32m[05/16 17:50:12 d2.utils.events]: [0m eta: 6:05:54  iter: 2119  total_loss: 0.6976  loss_cls: 0.6318  loss_box_reg: 0.0736  time: 0.7875  data_time: 0.2860  lr: 0.00025  max_mem: 8091M
[32m[05/16 17:50:27 d2.utils.events]: [0m eta: 6:05:39  iter: 2139  total_loss: 0.7678  loss_cls: 0.6993  loss_box_reg: 0.07449  time: 0.7875  data_time: 0.2860  lr: 0.00025  max_mem: 8091M
[32m[05/16 17:50:43 d2.utils.events]: [0m eta: 6:05:23  iter: 2159  total_loss: 0.7468  loss_cls: 0.68  loss_box_reg: 0.07356  time: 0.7875  data_time: 0.2890  lr: 0.00025  max_mem: 8091M
[32m[05/16 17:50:59 d2.utils.events]: [0m eta: 6:05:11  iter: 2179  total_loss: 0.7125  loss_cls: 0.6495  loss_box_reg: 0.06724  time: 0.7876  data_time: 0.2826  lr: 0.00025  max_mem: 8091M
[32m[05/16 17:51:15 d2.utils.events]: [0m eta: 6:04:56  iter: 2199  total_loss: 0.7309  loss_cls: 0.6683  loss_box_reg: 0.06387  time: 0.7877  data_time: 0.2905  lr: 0.00025  max_mem: 8091M
[32m[05/16 17:51:31 d2.utils.events]: [0m eta: 6:04:44  iter: 2219  total_loss: 0.7309  loss_cls: 0.6703  loss_box_reg: 0.06102  time: 0.7877  data_time: 0.2868  lr: 0.00025  max_mem: 8091M
[32m[05/16 17:51:47 d2.utils.events]: [0m eta: 6:04:28  iter: 2239  total_loss: 0.7434  loss_cls: 0.6735  loss_box_reg: 0.07188  time: 0.7877  data_time: 0.2815  lr: 0.00025  max_mem: 8091M
[32m[05/16 17:52:02 d2.utils.events]: [0m eta: 6:04:15  iter: 2259  total_loss: 0.7513  loss_cls: 0.6757  loss_box_reg: 0.07717  time: 0.7877  data_time: 0.2832  lr: 0.00025  max_mem: 8091M
[32m[05/16 17:52:18 d2.utils.events]: [0m eta: 6:04:04  iter: 2279  total_loss: 0.6793  loss_cls: 0.595  loss_box_reg: 0.07605  time: 0.7878  data_time: 0.2861  lr: 0.00025  max_mem: 8091M
[32m[05/16 17:52:34 d2.utils.events]: [0m eta: 6:03:49  iter: 2299  total_loss: 0.7303  loss_cls: 0.6711  loss_box_reg: 0.0669  time: 0.7878  data_time: 0.2928  lr: 0.00025  max_mem: 8091M
[32m[05/16 17:52:50 d2.utils.events]: [0m eta: 6:03:34  iter: 2319  total_loss: 0.7842  loss_cls: 0.7204  loss_box_reg: 0.067  time: 0.7879  data_time: 0.2840  lr: 0.00025  max_mem: 8091M
[32m[05/16 17:53:06 d2.utils.events]: [0m eta: 6:03:21  iter: 2339  total_loss: 0.7413  loss_cls: 0.6699  loss_box_reg: 0.07117  time: 0.7879  data_time: 0.2855  lr: 0.00025  max_mem: 8091M
[32m[05/16 17:53:22 d2.utils.events]: [0m eta: 6:03:07  iter: 2359  total_loss: 0.7865  loss_cls: 0.7102  loss_box_reg: 0.0695  time: 0.7879  data_time: 0.2826  lr: 0.00025  max_mem: 8091M
[32m[05/16 17:53:38 d2.utils.events]: [0m eta: 6:02:53  iter: 2379  total_loss: 0.6449  loss_cls: 0.5817  loss_box_reg: 0.06515  time: 0.7879  data_time: 0.2874  lr: 0.00025  max_mem: 8091M
[32m[05/16 17:53:53 d2.utils.events]: [0m eta: 6:02:36  iter: 2399  total_loss: 0.6586  loss_cls: 0.588  loss_box_reg: 0.07085  time: 0.7879  data_time: 0.2849  lr: 0.00025  max_mem: 8091M
[32m[05/16 17:54:09 d2.utils.events]: [0m eta: 6:02:18  iter: 2419  total_loss: 0.695  loss_cls: 0.629  loss_box_reg: 0.07467  time: 0.7879  data_time: 0.2784  lr: 0.00025  max_mem: 8091M
[32m[05/16 17:54:25 d2.utils.events]: [0m eta: 6:02:01  iter: 2439  total_loss: 0.6746  loss_cls: 0.5969  loss_box_reg: 0.0785  time: 0.7879  data_time: 0.2852  lr: 0.00025  max_mem: 8091M
[32m[05/16 17:54:41 d2.utils.events]: [0m eta: 6:01:45  iter: 2459  total_loss: 0.6613  loss_cls: 0.5964  loss_box_reg: 0.06835  time: 0.7879  data_time: 0.2856  lr: 0.00025  max_mem: 8091M
[32m[05/16 17:54:57 d2.utils.events]: [0m eta: 6:01:29  iter: 2479  total_loss: 0.6611  loss_cls: 0.5894  loss_box_reg: 0.06848  time: 0.7879  data_time: 0.2765  lr: 0.00025  max_mem: 8091M
[32m[05/16 17:55:12 d2.utils.events]: [0m eta: 6:01:12  iter: 2499  total_loss: 0.6551  loss_cls: 0.581  loss_box_reg: 0.07409  time: 0.7879  data_time: 0.2807  lr: 0.00025  max_mem: 8091M
[32m[05/16 17:55:28 d2.utils.events]: [0m eta: 6:00:59  iter: 2519  total_loss: 0.6692  loss_cls: 0.6005  loss_box_reg: 0.07664  time: 0.7879  data_time: 0.2863  lr: 0.00025  max_mem: 8091M
[32m[05/16 17:55:44 d2.utils.events]: [0m eta: 6:00:49  iter: 2539  total_loss: 0.6643  loss_cls: 0.5911  loss_box_reg: 0.06797  time: 0.7880  data_time: 0.2861  lr: 0.00025  max_mem: 8091M
[32m[05/16 17:56:00 d2.utils.events]: [0m eta: 6:00:31  iter: 2559  total_loss: 0.6927  loss_cls: 0.6217  loss_box_reg: 0.06942  time: 0.7880  data_time: 0.2849  lr: 0.00025  max_mem: 8091M
[32m[05/16 17:56:16 d2.utils.events]: [0m eta: 6:00:17  iter: 2579  total_loss: 0.6947  loss_cls: 0.6167  loss_box_reg: 0.07486  time: 0.7882  data_time: 0.3130  lr: 0.00025  max_mem: 8091M
[32m[05/16 17:56:32 d2.utils.events]: [0m eta: 5:59:56  iter: 2599  total_loss: 0.6451  loss_cls: 0.577  loss_box_reg: 0.07075  time: 0.7882  data_time: 0.2870  lr: 0.00025  max_mem: 8091M
[32m[05/16 17:56:47 d2.utils.events]: [0m eta: 5:59:36  iter: 2619  total_loss: 0.6541  loss_cls: 0.5838  loss_box_reg: 0.07823  time: 0.7881  data_time: 0.2787  lr: 0.00025  max_mem: 8091M
[32m[05/16 17:57:03 d2.utils.events]: [0m eta: 5:59:15  iter: 2639  total_loss: 0.7226  loss_cls: 0.6558  loss_box_reg: 0.06541  time: 0.7881  data_time: 0.2813  lr: 0.00025  max_mem: 8091M
[32m[05/16 17:57:19 d2.utils.events]: [0m eta: 5:58:58  iter: 2659  total_loss: 0.6471  loss_cls: 0.5877  loss_box_reg: 0.06639  time: 0.7881  data_time: 0.2823  lr: 0.00025  max_mem: 8091M
[32m[05/16 17:57:35 d2.utils.events]: [0m eta: 5:58:44  iter: 2679  total_loss: 0.6278  loss_cls: 0.5682  loss_box_reg: 0.06711  time: 0.7881  data_time: 0.2849  lr: 0.00025  max_mem: 8091M
[32m[05/16 17:57:50 d2.utils.events]: [0m eta: 5:58:28  iter: 2699  total_loss: 0.6931  loss_cls: 0.6306  loss_box_reg: 0.06494  time: 0.7881  data_time: 0.2798  lr: 0.00025  max_mem: 8091M
[32m[05/16 17:58:06 d2.utils.events]: [0m eta: 5:58:14  iter: 2719  total_loss: 0.6784  loss_cls: 0.6065  loss_box_reg: 0.06849  time: 0.7881  data_time: 0.2844  lr: 0.00025  max_mem: 8091M
[32m[05/16 17:58:22 d2.utils.events]: [0m eta: 5:58:01  iter: 2739  total_loss: 0.6714  loss_cls: 0.5867  loss_box_reg: 0.07586  time: 0.7881  data_time: 0.2832  lr: 0.00025  max_mem: 8091M
[32m[05/16 17:58:38 d2.utils.events]: [0m eta: 5:57:40  iter: 2759  total_loss: 0.6815  loss_cls: 0.616  loss_box_reg: 0.06521  time: 0.7881  data_time: 0.2840  lr: 0.00025  max_mem: 8091M
[32m[05/16 17:58:54 d2.utils.events]: [0m eta: 5:57:23  iter: 2779  total_loss: 0.636  loss_cls: 0.5642  loss_box_reg: 0.06734  time: 0.7882  data_time: 0.2827  lr: 0.00025  max_mem: 8091M
[32m[05/16 17:59:09 d2.utils.events]: [0m eta: 5:57:12  iter: 2799  total_loss: 0.6845  loss_cls: 0.6183  loss_box_reg: 0.06799  time: 0.7882  data_time: 0.2890  lr: 0.00025  max_mem: 8091M
[32m[05/16 17:59:25 d2.utils.events]: [0m eta: 5:57:05  iter: 2819  total_loss: 0.6816  loss_cls: 0.6166  loss_box_reg: 0.06453  time: 0.7882  data_time: 0.2846  lr: 0.00025  max_mem: 8091M
[32m[05/16 17:59:41 d2.utils.events]: [0m eta: 5:56:45  iter: 2839  total_loss: 0.6445  loss_cls: 0.5666  loss_box_reg: 0.07127  time: 0.7882  data_time: 0.2842  lr: 0.00025  max_mem: 8091M
[32m[05/16 17:59:57 d2.utils.events]: [0m eta: 5:56:31  iter: 2859  total_loss: 0.6434  loss_cls: 0.572  loss_box_reg: 0.07322  time: 0.7882  data_time: 0.2866  lr: 0.00025  max_mem: 8091M
[32m[05/16 18:00:13 d2.utils.events]: [0m eta: 5:56:14  iter: 2879  total_loss: 0.624  loss_cls: 0.5501  loss_box_reg: 0.06791  time: 0.7882  data_time: 0.2848  lr: 0.00025  max_mem: 8091M
[32m[05/16 18:00:29 d2.utils.events]: [0m eta: 5:56:00  iter: 2899  total_loss: 0.6304  loss_cls: 0.5593  loss_box_reg: 0.06824  time: 0.7882  data_time: 0.2865  lr: 0.00025  max_mem: 8091M
[32m[05/16 18:00:44 d2.utils.events]: [0m eta: 5:55:36  iter: 2919  total_loss: 0.6143  loss_cls: 0.5588  loss_box_reg: 0.05703  time: 0.7882  data_time: 0.2802  lr: 0.00025  max_mem: 8091M
[32m[05/16 18:01:00 d2.utils.events]: [0m eta: 5:55:26  iter: 2939  total_loss: 0.6223  loss_cls: 0.566  loss_box_reg: 0.05717  time: 0.7883  data_time: 0.2861  lr: 0.00025  max_mem: 8091M
[32m[05/16 18:01:16 d2.utils.events]: [0m eta: 5:55:07  iter: 2959  total_loss: 0.6186  loss_cls: 0.5615  loss_box_reg: 0.06135  time: 0.7883  data_time: 0.2920  lr: 0.00025  max_mem: 8091M
[32m[05/16 18:01:32 d2.utils.events]: [0m eta: 5:54:54  iter: 2979  total_loss: 0.6092  loss_cls: 0.5429  loss_box_reg: 0.06426  time: 0.7883  data_time: 0.2818  lr: 0.00025  max_mem: 8091M
[32m[05/16 18:01:47 d2.utils.events]: [0m eta: 5:54:45  iter: 2999  total_loss: 0.625  loss_cls: 0.5479  loss_box_reg: 0.06941  time: 0.7883  data_time: 0.2870  lr: 0.00025  max_mem: 8091M
[32m[05/16 18:02:03 d2.utils.events]: [0m eta: 5:54:33  iter: 3019  total_loss: 0.6292  loss_cls: 0.559  loss_box_reg: 0.0645  time: 0.7883  data_time: 0.2826  lr: 0.00025  max_mem: 8091M
[32m[05/16 18:02:19 d2.utils.events]: [0m eta: 5:54:22  iter: 3039  total_loss: 0.603  loss_cls: 0.5365  loss_box_reg: 0.0678  time: 0.7883  data_time: 0.2877  lr: 0.00025  max_mem: 8091M
[32m[05/16 18:02:35 d2.utils.events]: [0m eta: 5:54:08  iter: 3059  total_loss: 0.5868  loss_cls: 0.5138  loss_box_reg: 0.0692  time: 0.7883  data_time: 0.2793  lr: 0.00025  max_mem: 8091M
[32m[05/16 18:02:51 d2.utils.events]: [0m eta: 5:53:50  iter: 3079  total_loss: 0.6286  loss_cls: 0.5605  loss_box_reg: 0.07109  time: 0.7883  data_time: 0.2791  lr: 0.00025  max_mem: 8091M
[32m[05/16 18:03:06 d2.utils.events]: [0m eta: 5:53:33  iter: 3099  total_loss: 0.5989  loss_cls: 0.5303  loss_box_reg: 0.06845  time: 0.7883  data_time: 0.2826  lr: 0.00025  max_mem: 8091M
[32m[05/16 18:03:22 d2.utils.events]: [0m eta: 5:53:16  iter: 3119  total_loss: 0.6069  loss_cls: 0.5429  loss_box_reg: 0.06797  time: 0.7883  data_time: 0.2805  lr: 0.00025  max_mem: 8091M
[32m[05/16 18:03:38 d2.utils.events]: [0m eta: 5:52:58  iter: 3139  total_loss: 0.594  loss_cls: 0.5223  loss_box_reg: 0.06382  time: 0.7883  data_time: 0.2791  lr: 0.00025  max_mem: 8091M
[32m[05/16 18:03:54 d2.utils.events]: [0m eta: 5:52:43  iter: 3159  total_loss: 0.5386  loss_cls: 0.4689  loss_box_reg: 0.0762  time: 0.7883  data_time: 0.2864  lr: 0.00025  max_mem: 8091M
[32m[05/16 18:04:10 d2.utils.events]: [0m eta: 5:52:25  iter: 3179  total_loss: 0.5638  loss_cls: 0.4945  loss_box_reg: 0.06823  time: 0.7883  data_time: 0.2844  lr: 0.00025  max_mem: 8091M
[32m[05/16 18:04:25 d2.utils.events]: [0m eta: 5:52:08  iter: 3199  total_loss: 0.6247  loss_cls: 0.5413  loss_box_reg: 0.0717  time: 0.7883  data_time: 0.2785  lr: 0.00025  max_mem: 8091M
[32m[05/16 18:04:41 d2.utils.events]: [0m eta: 5:51:49  iter: 3219  total_loss: 0.5722  loss_cls: 0.5135  loss_box_reg: 0.0597  time: 0.7883  data_time: 0.2780  lr: 0.00025  max_mem: 8091M
[32m[05/16 18:04:57 d2.utils.events]: [0m eta: 5:51:37  iter: 3239  total_loss: 0.6015  loss_cls: 0.5336  loss_box_reg: 0.0627  time: 0.7883  data_time: 0.2804  lr: 0.00025  max_mem: 8091M
[32m[05/16 18:05:13 d2.utils.events]: [0m eta: 5:51:20  iter: 3259  total_loss: 0.5934  loss_cls: 0.5203  loss_box_reg: 0.06616  time: 0.7883  data_time: 0.2810  lr: 0.00025  max_mem: 8091M
[32m[05/16 18:05:28 d2.utils.events]: [0m eta: 5:50:56  iter: 3279  total_loss: 0.5849  loss_cls: 0.5239  loss_box_reg: 0.06492  time: 0.7883  data_time: 0.2808  lr: 0.00025  max_mem: 8091M
[32m[05/16 18:05:44 d2.utils.events]: [0m eta: 5:50:38  iter: 3299  total_loss: 0.5393  loss_cls: 0.4698  loss_box_reg: 0.06745  time: 0.7882  data_time: 0.2815  lr: 0.00025  max_mem: 8091M
[32m[05/16 18:06:00 d2.utils.events]: [0m eta: 5:50:21  iter: 3319  total_loss: 0.5714  loss_cls: 0.5086  loss_box_reg: 0.06378  time: 0.7882  data_time: 0.2805  lr: 0.00025  max_mem: 8091M
[32m[05/16 18:06:16 d2.utils.events]: [0m eta: 5:50:04  iter: 3339  total_loss: 0.5802  loss_cls: 0.5215  loss_box_reg: 0.059  time: 0.7882  data_time: 0.2847  lr: 0.00025  max_mem: 8091M
[32m[05/16 18:06:31 d2.utils.events]: [0m eta: 5:49:46  iter: 3359  total_loss: 0.5216  loss_cls: 0.4639  loss_box_reg: 0.06214  time: 0.7883  data_time: 0.2803  lr: 0.00025  max_mem: 8091M
[32m[05/16 18:06:47 d2.utils.events]: [0m eta: 5:49:30  iter: 3379  total_loss: 0.6041  loss_cls: 0.5392  loss_box_reg: 0.0671  time: 0.7882  data_time: 0.2832  lr: 0.00025  max_mem: 8091M
[32m[05/16 18:07:03 d2.utils.events]: [0m eta: 5:49:14  iter: 3399  total_loss: 0.5937  loss_cls: 0.523  loss_box_reg: 0.06341  time: 0.7883  data_time: 0.2832  lr: 0.00025  max_mem: 8091M
[32m[05/16 18:07:19 d2.utils.events]: [0m eta: 5:49:05  iter: 3419  total_loss: 0.5786  loss_cls: 0.5186  loss_box_reg: 0.06119  time: 0.7883  data_time: 0.2877  lr: 0.00025  max_mem: 8092M
[32m[05/16 18:07:35 d2.utils.events]: [0m eta: 5:48:50  iter: 3439  total_loss: 0.5769  loss_cls: 0.5154  loss_box_reg: 0.06113  time: 0.7883  data_time: 0.2872  lr: 0.00025  max_mem: 8092M
[32m[05/16 18:07:50 d2.utils.events]: [0m eta: 5:48:33  iter: 3459  total_loss: 0.6039  loss_cls: 0.5345  loss_box_reg: 0.07153  time: 0.7883  data_time: 0.2798  lr: 0.00025  max_mem: 8092M
[32m[05/16 18:08:06 d2.utils.events]: [0m eta: 5:48:18  iter: 3479  total_loss: 0.5449  loss_cls: 0.4813  loss_box_reg: 0.06745  time: 0.7883  data_time: 0.2811  lr: 0.00025  max_mem: 8092M
[32m[05/16 18:08:22 d2.utils.events]: [0m eta: 5:48:03  iter: 3499  total_loss: 0.6054  loss_cls: 0.5358  loss_box_reg: 0.06343  time: 0.7883  data_time: 0.2796  lr: 0.00025  max_mem: 8092M
[32m[05/16 18:08:38 d2.utils.events]: [0m eta: 5:47:47  iter: 3519  total_loss: 0.5754  loss_cls: 0.5131  loss_box_reg: 0.06474  time: 0.7883  data_time: 0.2824  lr: 0.00025  max_mem: 8092M
[32m[05/16 18:08:53 d2.utils.events]: [0m eta: 5:47:26  iter: 3539  total_loss: 0.6116  loss_cls: 0.5427  loss_box_reg: 0.0665  time: 0.7882  data_time: 0.2837  lr: 0.00025  max_mem: 8092M
[32m[05/16 18:09:09 d2.utils.events]: [0m eta: 5:47:15  iter: 3559  total_loss: 0.561  loss_cls: 0.4944  loss_box_reg: 0.06385  time: 0.7882  data_time: 0.2801  lr: 0.00025  max_mem: 8092M
[32m[05/16 18:09:25 d2.utils.events]: [0m eta: 5:46:59  iter: 3579  total_loss: 0.554  loss_cls: 0.4929  loss_box_reg: 0.05768  time: 0.7882  data_time: 0.2854  lr: 0.00025  max_mem: 8092M
[32m[05/16 18:09:41 d2.utils.events]: [0m eta: 5:46:44  iter: 3599  total_loss: 0.508  loss_cls: 0.446  loss_box_reg: 0.06384  time: 0.7883  data_time: 0.2818  lr: 0.00025  max_mem: 8092M
[32m[05/16 18:09:56 d2.utils.events]: [0m eta: 5:46:32  iter: 3619  total_loss: 0.4654  loss_cls: 0.3944  loss_box_reg: 0.06807  time: 0.7883  data_time: 0.2824  lr: 0.00025  max_mem: 8092M
[32m[05/16 18:10:12 d2.utils.events]: [0m eta: 5:46:24  iter: 3639  total_loss: 0.5279  loss_cls: 0.4563  loss_box_reg: 0.06676  time: 0.7883  data_time: 0.2802  lr: 0.00025  max_mem: 8092M
[32m[05/16 18:10:28 d2.utils.events]: [0m eta: 5:46:08  iter: 3659  total_loss: 0.5351  loss_cls: 0.4563  loss_box_reg: 0.0749  time: 0.7882  data_time: 0.2793  lr: 0.00025  max_mem: 8092M
[32m[05/16 18:10:44 d2.utils.events]: [0m eta: 5:45:52  iter: 3679  total_loss: 0.4989  loss_cls: 0.4324  loss_box_reg: 0.07367  time: 0.7883  data_time: 0.2784  lr: 0.00025  max_mem: 8092M
[32m[05/16 18:11:00 d2.utils.events]: [0m eta: 5:45:33  iter: 3699  total_loss: 0.4771  loss_cls: 0.3962  loss_box_reg: 0.07348  time: 0.7882  data_time: 0.2841  lr: 0.00025  max_mem: 8092M
[32m[05/16 18:11:15 d2.utils.events]: [0m eta: 5:45:18  iter: 3719  total_loss: 0.5197  loss_cls: 0.449  loss_box_reg: 0.07114  time: 0.7882  data_time: 0.2795  lr: 0.00025  max_mem: 8092M
[32m[05/16 18:11:31 d2.utils.events]: [0m eta: 5:44:57  iter: 3739  total_loss: 0.4834  loss_cls: 0.4138  loss_box_reg: 0.06718  time: 0.7882  data_time: 0.2826  lr: 0.00025  max_mem: 8092M
[32m[05/16 18:11:47 d2.utils.events]: [0m eta: 5:44:49  iter: 3759  total_loss: 0.5077  loss_cls: 0.4494  loss_box_reg: 0.06352  time: 0.7882  data_time: 0.2807  lr: 0.00025  max_mem: 8092M
[32m[05/16 18:12:03 d2.utils.events]: [0m eta: 5:44:36  iter: 3779  total_loss: 0.5498  loss_cls: 0.4874  loss_box_reg: 0.0649  time: 0.7883  data_time: 0.2811  lr: 0.00025  max_mem: 8092M
[32m[05/16 18:12:19 d2.utils.events]: [0m eta: 5:44:20  iter: 3799  total_loss: 0.5249  loss_cls: 0.4585  loss_box_reg: 0.06519  time: 0.7883  data_time: 0.2901  lr: 0.00025  max_mem: 8092M
[32m[05/16 18:12:34 d2.utils.events]: [0m eta: 5:44:04  iter: 3819  total_loss: 0.4717  loss_cls: 0.4063  loss_box_reg: 0.06714  time: 0.7883  data_time: 0.2774  lr: 0.00025  max_mem: 8092M
[32m[05/16 18:12:50 d2.utils.events]: [0m eta: 5:43:52  iter: 3839  total_loss: 0.4959  loss_cls: 0.4347  loss_box_reg: 0.06573  time: 0.7883  data_time: 0.2816  lr: 0.00025  max_mem: 8092M
[32m[05/16 18:13:06 d2.utils.events]: [0m eta: 5:43:34  iter: 3859  total_loss: 0.4928  loss_cls: 0.4356  loss_box_reg: 0.05941  time: 0.7883  data_time: 0.2785  lr: 0.00025  max_mem: 8092M
[32m[05/16 18:13:22 d2.utils.events]: [0m eta: 5:43:21  iter: 3879  total_loss: 0.4878  loss_cls: 0.4259  loss_box_reg: 0.06304  time: 0.7883  data_time: 0.2808  lr: 0.00025  max_mem: 8092M
[32m[05/16 18:13:37 d2.utils.events]: [0m eta: 5:43:04  iter: 3899  total_loss: 0.5041  loss_cls: 0.4373  loss_box_reg: 0.07084  time: 0.7883  data_time: 0.2847  lr: 0.00025  max_mem: 8092M
[32m[05/16 18:13:53 d2.utils.events]: [0m eta: 5:42:55  iter: 3919  total_loss: 0.5431  loss_cls: 0.4699  loss_box_reg: 0.07017  time: 0.7883  data_time: 0.2819  lr: 0.00025  max_mem: 8092M
[32m[05/16 18:14:09 d2.utils.events]: [0m eta: 5:42:32  iter: 3939  total_loss: 0.4935  loss_cls: 0.4347  loss_box_reg: 0.06043  time: 0.7883  data_time: 0.2766  lr: 0.00025  max_mem: 8092M
[32m[05/16 18:14:25 d2.utils.events]: [0m eta: 5:42:17  iter: 3959  total_loss: 0.5224  loss_cls: 0.4596  loss_box_reg: 0.06114  time: 0.7883  data_time: 0.2948  lr: 0.00025  max_mem: 8092M
[32m[05/16 18:14:41 d2.utils.events]: [0m eta: 5:41:59  iter: 3979  total_loss: 0.5311  loss_cls: 0.4729  loss_box_reg: 0.05862  time: 0.7883  data_time: 0.2819  lr: 0.00025  max_mem: 8092M
[32m[05/16 18:14:56 d2.utils.events]: [0m eta: 5:41:41  iter: 3999  total_loss: 0.5151  loss_cls: 0.4436  loss_box_reg: 0.06587  time: 0.7883  data_time: 0.2853  lr: 0.00025  max_mem: 8092M
[32m[05/16 18:15:12 d2.utils.events]: [0m eta: 5:41:24  iter: 4019  total_loss: 0.4522  loss_cls: 0.4003  loss_box_reg: 0.05938  time: 0.7883  data_time: 0.2861  lr: 0.00025  max_mem: 8092M
[32m[05/16 18:15:28 d2.utils.events]: [0m eta: 5:41:07  iter: 4039  total_loss: 0.5181  loss_cls: 0.4612  loss_box_reg: 0.05816  time: 0.7883  data_time: 0.2860  lr: 0.00025  max_mem: 8092M
[32m[05/16 18:15:44 d2.utils.events]: [0m eta: 5:40:54  iter: 4059  total_loss: 0.5738  loss_cls: 0.5152  loss_box_reg: 0.05957  time: 0.7884  data_time: 0.2870  lr: 0.00025  max_mem: 8092M
[32m[05/16 18:16:00 d2.utils.events]: [0m eta: 5:40:44  iter: 4079  total_loss: 0.538  loss_cls: 0.4665  loss_box_reg: 0.0593  time: 0.7884  data_time: 0.2855  lr: 0.00025  max_mem: 8092M
[32m[05/16 18:16:16 d2.utils.events]: [0m eta: 5:40:32  iter: 4099  total_loss: 0.5194  loss_cls: 0.4672  loss_box_reg: 0.05603  time: 0.7884  data_time: 0.2789  lr: 0.00025  max_mem: 8092M
[32m[05/16 18:16:31 d2.utils.events]: [0m eta: 5:40:12  iter: 4119  total_loss: 0.5204  loss_cls: 0.4655  loss_box_reg: 0.0607  time: 0.7884  data_time: 0.2846  lr: 0.00025  max_mem: 8092M
[32m[05/16 18:16:47 d2.utils.events]: [0m eta: 5:39:59  iter: 4139  total_loss: 0.5167  loss_cls: 0.4573  loss_box_reg: 0.05584  time: 0.7884  data_time: 0.2847  lr: 0.00025  max_mem: 8092M
[32m[05/16 18:17:03 d2.utils.events]: [0m eta: 5:39:41  iter: 4159  total_loss: 0.4801  loss_cls: 0.4212  loss_box_reg: 0.06146  time: 0.7884  data_time: 0.2803  lr: 0.00025  max_mem: 8092M
[32m[05/16 18:17:19 d2.utils.events]: [0m eta: 5:39:20  iter: 4179  total_loss: 0.4348  loss_cls: 0.3735  loss_box_reg: 0.06705  time: 0.7884  data_time: 0.2792  lr: 0.00025  max_mem: 8092M
[32m[05/16 18:17:34 d2.utils.events]: [0m eta: 5:39:05  iter: 4199  total_loss: 0.4171  loss_cls: 0.347  loss_box_reg: 0.0691  time: 0.7884  data_time: 0.2938  lr: 0.00025  max_mem: 8092M
[32m[05/16 18:17:50 d2.utils.events]: [0m eta: 5:38:50  iter: 4219  total_loss: 0.4279  loss_cls: 0.363  loss_box_reg: 0.06676  time: 0.7884  data_time: 0.2833  lr: 0.00025  max_mem: 8092M
[32m[05/16 18:18:06 d2.utils.events]: [0m eta: 5:38:37  iter: 4239  total_loss: 0.4654  loss_cls: 0.3982  loss_box_reg: 0.06282  time: 0.7884  data_time: 0.2964  lr: 0.00025  max_mem: 8092M
[32m[05/16 18:18:22 d2.utils.events]: [0m eta: 5:38:21  iter: 4259  total_loss: 0.457  loss_cls: 0.3974  loss_box_reg: 0.06254  time: 0.7885  data_time: 0.2868  lr: 0.00025  max_mem: 8092M
[32m[05/16 18:18:38 d2.utils.events]: [0m eta: 5:38:12  iter: 4279  total_loss: 0.4402  loss_cls: 0.3763  loss_box_reg: 0.06331  time: 0.7885  data_time: 0.2839  lr: 0.00025  max_mem: 8092M
[32m[05/16 18:18:54 d2.utils.events]: [0m eta: 5:37:57  iter: 4299  total_loss: 0.4507  loss_cls: 0.3857  loss_box_reg: 0.06185  time: 0.7885  data_time: 0.2849  lr: 0.00025  max_mem: 8092M
[32m[05/16 18:19:10 d2.utils.events]: [0m eta: 5:37:39  iter: 4319  total_loss: 0.4177  loss_cls: 0.3566  loss_box_reg: 0.06599  time: 0.7885  data_time: 0.2795  lr: 0.00025  max_mem: 8092M
[32m[05/16 18:19:25 d2.utils.events]: [0m eta: 5:37:26  iter: 4339  total_loss: 0.4645  loss_cls: 0.3839  loss_box_reg: 0.08067  time: 0.7885  data_time: 0.2825  lr: 0.00025  max_mem: 8092M
[32m[05/16 18:19:41 d2.utils.events]: [0m eta: 5:37:10  iter: 4359  total_loss: 0.4688  loss_cls: 0.3994  loss_box_reg: 0.07124  time: 0.7885  data_time: 0.2840  lr: 0.00025  max_mem: 8092M
[32m[05/16 18:19:57 d2.utils.events]: [0m eta: 5:36:55  iter: 4379  total_loss: 0.4534  loss_cls: 0.3908  loss_box_reg: 0.05653  time: 0.7885  data_time: 0.2818  lr: 0.00025  max_mem: 8092M
[32m[05/16 18:20:13 d2.utils.events]: [0m eta: 5:36:38  iter: 4399  total_loss: 0.4201  loss_cls: 0.3583  loss_box_reg: 0.0666  time: 0.7885  data_time: 0.2861  lr: 0.00025  max_mem: 8092M
[32m[05/16 18:20:29 d2.utils.events]: [0m eta: 5:36:14  iter: 4419  total_loss: 0.4685  loss_cls: 0.3838  loss_box_reg: 0.07885  time: 0.7885  data_time: 0.2780  lr: 0.00025  max_mem: 8092M
[32m[05/16 18:20:44 d2.utils.events]: [0m eta: 5:35:57  iter: 4439  total_loss: 0.4868  loss_cls: 0.417  loss_box_reg: 0.07262  time: 0.7885  data_time: 0.2823  lr: 0.00025  max_mem: 8092M
[32m[05/16 18:21:00 d2.utils.events]: [0m eta: 5:35:41  iter: 4459  total_loss: 0.4766  loss_cls: 0.4069  loss_box_reg: 0.0668  time: 0.7885  data_time: 0.2801  lr: 0.00025  max_mem: 8092M
[32m[05/16 18:21:16 d2.utils.events]: [0m eta: 5:35:27  iter: 4479  total_loss: 0.4784  loss_cls: 0.4038  loss_box_reg: 0.06854  time: 0.7885  data_time: 0.2869  lr: 0.00025  max_mem: 8092M
[32m[05/16 18:21:32 d2.utils.events]: [0m eta: 5:35:19  iter: 4499  total_loss: 0.4368  loss_cls: 0.3807  loss_box_reg: 0.05711  time: 0.7885  data_time: 0.2919  lr: 0.00025  max_mem: 8092M
[32m[05/16 18:21:48 d2.utils.events]: [0m eta: 5:35:05  iter: 4519  total_loss: 0.4579  loss_cls: 0.3939  loss_box_reg: 0.06291  time: 0.7886  data_time: 0.2831  lr: 0.00025  max_mem: 8092M
[32m[05/16 18:22:03 d2.utils.events]: [0m eta: 5:34:48  iter: 4539  total_loss: 0.462  loss_cls: 0.3927  loss_box_reg: 0.06714  time: 0.7885  data_time: 0.2867  lr: 0.00025  max_mem: 8092M
[32m[05/16 18:22:19 d2.utils.events]: [0m eta: 5:34:33  iter: 4559  total_loss: 0.4162  loss_cls: 0.3563  loss_box_reg: 0.05904  time: 0.7885  data_time: 0.2761  lr: 0.00025  max_mem: 8092M
[32m[05/16 18:22:35 d2.utils.events]: [0m eta: 5:34:16  iter: 4579  total_loss: 0.4554  loss_cls: 0.3945  loss_box_reg: 0.05946  time: 0.7885  data_time: 0.2852  lr: 0.00025  max_mem: 8092M
[32m[05/16 18:22:51 d2.utils.events]: [0m eta: 5:34:00  iter: 4599  total_loss: 0.4407  loss_cls: 0.3843  loss_box_reg: 0.05705  time: 0.7885  data_time: 0.2794  lr: 0.00025  max_mem: 8092M
[32m[05/16 18:23:07 d2.utils.events]: [0m eta: 5:33:43  iter: 4619  total_loss: 0.4414  loss_cls: 0.3811  loss_box_reg: 0.06011  time: 0.7886  data_time: 0.2921  lr: 0.00025  max_mem: 8092M
[32m[05/16 18:23:23 d2.utils.events]: [0m eta: 5:33:27  iter: 4639  total_loss: 0.4068  loss_cls: 0.3397  loss_box_reg: 0.06304  time: 0.7886  data_time: 0.2854  lr: 0.00025  max_mem: 8092M
[32m[05/16 18:23:38 d2.utils.events]: [0m eta: 5:33:13  iter: 4659  total_loss: 0.4903  loss_cls: 0.4252  loss_box_reg: 0.06929  time: 0.7886  data_time: 0.2850  lr: 0.00025  max_mem: 8092M
[32m[05/16 18:23:54 d2.utils.events]: [0m eta: 5:32:57  iter: 4679  total_loss: 0.4467  loss_cls: 0.3768  loss_box_reg: 0.06131  time: 0.7886  data_time: 0.2842  lr: 0.00025  max_mem: 8092M
[32m[05/16 18:24:10 d2.utils.events]: [0m eta: 5:32:42  iter: 4699  total_loss: 0.4145  loss_cls: 0.35  loss_box_reg: 0.06138  time: 0.7886  data_time: 0.2793  lr: 0.00025  max_mem: 8092M
[32m[05/16 18:24:26 d2.utils.events]: [0m eta: 5:32:28  iter: 4719  total_loss: 0.4331  loss_cls: 0.3789  loss_box_reg: 0.05905  time: 0.7886  data_time: 0.2823  lr: 0.00025  max_mem: 8092M
[32m[05/16 18:24:42 d2.utils.events]: [0m eta: 5:32:14  iter: 4739  total_loss: 0.4379  loss_cls: 0.3634  loss_box_reg: 0.06937  time: 0.7886  data_time: 0.2843  lr: 0.00025  max_mem: 8092M
[32m[05/16 18:24:57 d2.utils.events]: [0m eta: 5:31:58  iter: 4759  total_loss: 0.3654  loss_cls: 0.2977  loss_box_reg: 0.06462  time: 0.7886  data_time: 0.2845  lr: 0.00025  max_mem: 8092M
[32m[05/16 18:25:13 d2.utils.events]: [0m eta: 5:31:38  iter: 4779  total_loss: 0.3871  loss_cls: 0.3303  loss_box_reg: 0.05877  time: 0.7886  data_time: 0.2812  lr: 0.00025  max_mem: 8092M
[32m[05/16 18:25:29 d2.utils.events]: [0m eta: 5:31:22  iter: 4799  total_loss: 0.3614  loss_cls: 0.302  loss_box_reg: 0.06139  time: 0.7886  data_time: 0.2796  lr: 0.00025  max_mem: 8092M
[32m[05/16 18:25:45 d2.utils.events]: [0m eta: 5:31:06  iter: 4819  total_loss: 0.3767  loss_cls: 0.3187  loss_box_reg: 0.06401  time: 0.7886  data_time: 0.2837  lr: 0.00025  max_mem: 8092M
[32m[05/16 18:26:01 d2.utils.events]: [0m eta: 5:30:49  iter: 4839  total_loss: 0.3394  loss_cls: 0.2733  loss_box_reg: 0.06659  time: 0.7886  data_time: 0.2833  lr: 0.00025  max_mem: 8092M
[32m[05/16 18:26:16 d2.utils.events]: [0m eta: 5:30:33  iter: 4859  total_loss: 0.425  loss_cls: 0.3429  loss_box_reg: 0.07662  time: 0.7886  data_time: 0.2822  lr: 0.00025  max_mem: 8092M
[32m[05/16 18:26:32 d2.utils.events]: [0m eta: 5:30:18  iter: 4879  total_loss: 0.3741  loss_cls: 0.3076  loss_box_reg: 0.06946  time: 0.7887  data_time: 0.2922  lr: 0.00025  max_mem: 8092M
[32m[05/16 18:26:48 d2.utils.events]: [0m eta: 5:30:03  iter: 4899  total_loss: 0.386  loss_cls: 0.3162  loss_box_reg: 0.06959  time: 0.7887  data_time: 0.2829  lr: 0.00025  max_mem: 8092M
[32m[05/16 18:27:04 d2.utils.events]: [0m eta: 5:29:47  iter: 4919  total_loss: 0.3906  loss_cls: 0.3275  loss_box_reg: 0.06542  time: 0.7886  data_time: 0.2786  lr: 0.00025  max_mem: 8092M
[32m[05/16 18:27:20 d2.utils.events]: [0m eta: 5:29:32  iter: 4939  total_loss: 0.362  loss_cls: 0.3042  loss_box_reg: 0.06358  time: 0.7887  data_time: 0.2814  lr: 0.00025  max_mem: 8092M
[32m[05/16 18:27:35 d2.utils.events]: [0m eta: 5:29:12  iter: 4959  total_loss: 0.3843  loss_cls: 0.3206  loss_box_reg: 0.06141  time: 0.7886  data_time: 0.2812  lr: 0.00025  max_mem: 8092M
[32m[05/16 18:27:51 d2.utils.events]: [0m eta: 5:28:58  iter: 4979  total_loss: 0.3448  loss_cls: 0.2848  loss_box_reg: 0.06007  time: 0.7887  data_time: 0.2841  lr: 0.00025  max_mem: 8092M
[32m[05/16 18:28:10 d2.data.datasets.coco]: [0mLoaded 15915 images in COCO format from ../../../../openrooms/annotation_files/train_main_xml_50_test_v3_fastercnn.json
[32m[05/16 18:28:10 d2.data.build]: [0mRemoved 969 images with no usable annotations. 14946 images left.
[32m[05/16 18:28:11 d2.data.build]: [0mDistribution of instances among all 13 categories:
[36m|   category   | #instances   |  category  | #instances   |  category  | #instances   |
|:------------:|:-------------|:----------:|:-------------|:----------:|:-------------|
|    table     | 11652        |    desk    | 4952         | bookshelf  | 4002         |
|     sofa     | 3567         | trash_bin  | 3281         |    bed     | 3356         |
|    chair     | 20114        |  monitor   | 3103         |  bathtub   | 1988         |
| file_cabinet | 1735         | flowerpot  | 227          |   window   | 10283        |
|     lamp     | 2513         |            |              |            |              |
|    total     | 70773        |            |              |            |              |[0m
Proposal boxes for test data added.
[32m[05/16 18:28:11 d2.data.dataset_mapper]: [0m[DatasetMapper] Augmentations used in inference: []
[32m[05/16 18:28:11 d2.data.common]: [0mSerializing 14946 elements to byte tensors and concatenating them all ...
[32m[05/16 18:28:11 d2.data.common]: [0mSerialized dataset takes 11.25 MiB
[32m[05/16 18:28:11 d2.evaluation.evaluator]: [0mStart inference on 14946 batches
[32m[05/16 18:28:12 d2.evaluation.evaluator]: [0mInference done 11/14946. Dataloading: 0.0086 s/iter. Inference: 0.0131 s/iter. Eval: 0.0002 s/iter. Total: 0.0219 s/iter. ETA=0:05:26
[32m[05/16 18:28:17 d2.evaluation.evaluator]: [0mInference done 212/14946. Dataloading: 0.0115 s/iter. Inference: 0.0131 s/iter. Eval: 0.0002 s/iter. Total: 0.0248 s/iter. ETA=0:06:05
[32m[05/16 18:28:22 d2.evaluation.evaluator]: [0mInference done 410/14946. Dataloading: 0.0115 s/iter. Inference: 0.0133 s/iter. Eval: 0.0002 s/iter. Total: 0.0250 s/iter. ETA=0:06:03
[32m[05/16 18:28:27 d2.evaluation.evaluator]: [0mInference done 612/14946. Dataloading: 0.0115 s/iter. Inference: 0.0133 s/iter. Eval: 0.0002 s/iter. Total: 0.0250 s/iter. ETA=0:05:58
[32m[05/16 18:28:32 d2.evaluation.evaluator]: [0mInference done 808/14946. Dataloading: 0.0117 s/iter. Inference: 0.0132 s/iter. Eval: 0.0002 s/iter. Total: 0.0251 s/iter. ETA=0:05:55
[32m[05/16 18:28:37 d2.evaluation.evaluator]: [0mInference done 1007/14946. Dataloading: 0.0117 s/iter. Inference: 0.0132 s/iter. Eval: 0.0002 s/iter. Total: 0.0251 s/iter. ETA=0:05:50
[32m[05/16 18:28:42 d2.evaluation.evaluator]: [0mInference done 1206/14946. Dataloading: 0.0117 s/iter. Inference: 0.0132 s/iter. Eval: 0.0002 s/iter. Total: 0.0252 s/iter. ETA=0:05:45
[32m[05/16 18:28:47 d2.evaluation.evaluator]: [0mInference done 1416/14946. Dataloading: 0.0116 s/iter. Inference: 0.0132 s/iter. Eval: 0.0002 s/iter. Total: 0.0250 s/iter. ETA=0:05:37
[32m[05/16 18:28:52 d2.evaluation.evaluator]: [0mInference done 1623/14946. Dataloading: 0.0115 s/iter. Inference: 0.0132 s/iter. Eval: 0.0002 s/iter. Total: 0.0249 s/iter. ETA=0:05:31
[32m[05/16 18:28:57 d2.evaluation.evaluator]: [0mInference done 1830/14946. Dataloading: 0.0114 s/iter. Inference: 0.0132 s/iter. Eval: 0.0002 s/iter. Total: 0.0248 s/iter. ETA=0:05:25
[32m[05/16 18:29:02 d2.evaluation.evaluator]: [0mInference done 2043/14946. Dataloading: 0.0113 s/iter. Inference: 0.0132 s/iter. Eval: 0.0002 s/iter. Total: 0.0247 s/iter. ETA=0:05:18
[32m[05/16 18:29:07 d2.evaluation.evaluator]: [0mInference done 2255/14946. Dataloading: 0.0112 s/iter. Inference: 0.0131 s/iter. Eval: 0.0002 s/iter. Total: 0.0246 s/iter. ETA=0:05:11
[32m[05/16 18:29:12 d2.evaluation.evaluator]: [0mInference done 2466/14946. Dataloading: 0.0111 s/iter. Inference: 0.0131 s/iter. Eval: 0.0002 s/iter. Total: 0.0245 s/iter. ETA=0:05:05
[32m[05/16 18:29:17 d2.evaluation.evaluator]: [0mInference done 2620/14946. Dataloading: 0.0116 s/iter. Inference: 0.0132 s/iter. Eval: 0.0002 s/iter. Total: 0.0250 s/iter. ETA=0:05:07
[32m[05/16 18:29:22 d2.evaluation.evaluator]: [0mInference done 2819/14946. Dataloading: 0.0116 s/iter. Inference: 0.0132 s/iter. Eval: 0.0002 s/iter. Total: 0.0250 s/iter. ETA=0:05:03
[32m[05/16 18:29:27 d2.evaluation.evaluator]: [0mInference done 3025/14946. Dataloading: 0.0115 s/iter. Inference: 0.0132 s/iter. Eval: 0.0002 s/iter. Total: 0.0249 s/iter. ETA=0:04:57
[32m[05/16 18:29:32 d2.evaluation.evaluator]: [0mInference done 3239/14946. Dataloading: 0.0114 s/iter. Inference: 0.0132 s/iter. Eval: 0.0002 s/iter. Total: 0.0248 s/iter. ETA=0:04:50
[32m[05/16 18:29:37 d2.evaluation.evaluator]: [0mInference done 3454/14946. Dataloading: 0.0114 s/iter. Inference: 0.0132 s/iter. Eval: 0.0002 s/iter. Total: 0.0247 s/iter. ETA=0:04:44
[32m[05/16 18:29:42 d2.evaluation.evaluator]: [0mInference done 3667/14946. Dataloading: 0.0113 s/iter. Inference: 0.0132 s/iter. Eval: 0.0002 s/iter. Total: 0.0247 s/iter. ETA=0:04:38
[32m[05/16 18:29:47 d2.evaluation.evaluator]: [0mInference done 3879/14946. Dataloading: 0.0112 s/iter. Inference: 0.0132 s/iter. Eval: 0.0002 s/iter. Total: 0.0246 s/iter. ETA=0:04:32
[32m[05/16 18:29:52 d2.evaluation.evaluator]: [0mInference done 4096/14946. Dataloading: 0.0112 s/iter. Inference: 0.0131 s/iter. Eval: 0.0002 s/iter. Total: 0.0245 s/iter. ETA=0:04:26
[32m[05/16 18:29:57 d2.evaluation.evaluator]: [0mInference done 4251/14946. Dataloading: 0.0114 s/iter. Inference: 0.0132 s/iter. Eval: 0.0002 s/iter. Total: 0.0248 s/iter. ETA=0:04:25
[32m[05/16 18:30:02 d2.evaluation.evaluator]: [0mInference done 4474/14946. Dataloading: 0.0113 s/iter. Inference: 0.0132 s/iter. Eval: 0.0002 s/iter. Total: 0.0247 s/iter. ETA=0:04:18
[32m[05/16 18:30:07 d2.evaluation.evaluator]: [0mInference done 4693/14946. Dataloading: 0.0112 s/iter. Inference: 0.0132 s/iter. Eval: 0.0002 s/iter. Total: 0.0246 s/iter. ETA=0:04:12
[32m[05/16 18:30:12 d2.evaluation.evaluator]: [0mInference done 4906/14946. Dataloading: 0.0112 s/iter. Inference: 0.0132 s/iter. Eval: 0.0002 s/iter. Total: 0.0246 s/iter. ETA=0:04:06
[32m[05/16 18:30:17 d2.evaluation.evaluator]: [0mInference done 5127/14946. Dataloading: 0.0111 s/iter. Inference: 0.0132 s/iter. Eval: 0.0002 s/iter. Total: 0.0245 s/iter. ETA=0:04:00
[32m[05/16 18:30:22 d2.evaluation.evaluator]: [0mInference done 5348/14946. Dataloading: 0.0110 s/iter. Inference: 0.0132 s/iter. Eval: 0.0002 s/iter. Total: 0.0244 s/iter. ETA=0:03:54
[32m[05/16 18:30:27 d2.evaluation.evaluator]: [0mInference done 5569/14946. Dataloading: 0.0110 s/iter. Inference: 0.0132 s/iter. Eval: 0.0002 s/iter. Total: 0.0243 s/iter. ETA=0:03:48
[32m[05/16 18:30:32 d2.evaluation.evaluator]: [0mInference done 5791/14946. Dataloading: 0.0109 s/iter. Inference: 0.0132 s/iter. Eval: 0.0002 s/iter. Total: 0.0243 s/iter. ETA=0:03:42
[32m[05/16 18:30:37 d2.evaluation.evaluator]: [0mInference done 6015/14946. Dataloading: 0.0108 s/iter. Inference: 0.0131 s/iter. Eval: 0.0002 s/iter. Total: 0.0242 s/iter. ETA=0:03:36
[32m[05/16 18:30:42 d2.evaluation.evaluator]: [0mInference done 6236/14946. Dataloading: 0.0108 s/iter. Inference: 0.0131 s/iter. Eval: 0.0002 s/iter. Total: 0.0242 s/iter. ETA=0:03:30
[32m[05/16 18:30:47 d2.evaluation.evaluator]: [0mInference done 6458/14946. Dataloading: 0.0108 s/iter. Inference: 0.0131 s/iter. Eval: 0.0002 s/iter. Total: 0.0241 s/iter. ETA=0:03:24
[32m[05/16 18:30:52 d2.evaluation.evaluator]: [0mInference done 6684/14946. Dataloading: 0.0107 s/iter. Inference: 0.0131 s/iter. Eval: 0.0002 s/iter. Total: 0.0240 s/iter. ETA=0:03:18
[32m[05/16 18:30:57 d2.evaluation.evaluator]: [0mInference done 6906/14946. Dataloading: 0.0107 s/iter. Inference: 0.0131 s/iter. Eval: 0.0002 s/iter. Total: 0.0240 s/iter. ETA=0:03:12
[32m[05/16 18:31:02 d2.evaluation.evaluator]: [0mInference done 7130/14946. Dataloading: 0.0106 s/iter. Inference: 0.0131 s/iter. Eval: 0.0002 s/iter. Total: 0.0239 s/iter. ETA=0:03:07
[32m[05/16 18:31:07 d2.evaluation.evaluator]: [0mInference done 7353/14946. Dataloading: 0.0106 s/iter. Inference: 0.0131 s/iter. Eval: 0.0002 s/iter. Total: 0.0239 s/iter. ETA=0:03:01
[32m[05/16 18:31:12 d2.evaluation.evaluator]: [0mInference done 7576/14946. Dataloading: 0.0105 s/iter. Inference: 0.0131 s/iter. Eval: 0.0002 s/iter. Total: 0.0239 s/iter. ETA=0:02:55
[32m[05/16 18:31:17 d2.evaluation.evaluator]: [0mInference done 7799/14946. Dataloading: 0.0105 s/iter. Inference: 0.0131 s/iter. Eval: 0.0002 s/iter. Total: 0.0238 s/iter. ETA=0:02:50
[32m[05/16 18:31:22 d2.evaluation.evaluator]: [0mInference done 8021/14946. Dataloading: 0.0105 s/iter. Inference: 0.0131 s/iter. Eval: 0.0002 s/iter. Total: 0.0238 s/iter. ETA=0:02:44
[32m[05/16 18:31:27 d2.evaluation.evaluator]: [0mInference done 8181/14946. Dataloading: 0.0106 s/iter. Inference: 0.0131 s/iter. Eval: 0.0002 s/iter. Total: 0.0239 s/iter. ETA=0:02:41
[32m[05/16 18:31:32 d2.evaluation.evaluator]: [0mInference done 8400/14946. Dataloading: 0.0106 s/iter. Inference: 0.0131 s/iter. Eval: 0.0002 s/iter. Total: 0.0239 s/iter. ETA=0:02:36
[32m[05/16 18:31:37 d2.evaluation.evaluator]: [0mInference done 8622/14946. Dataloading: 0.0106 s/iter. Inference: 0.0131 s/iter. Eval: 0.0002 s/iter. Total: 0.0239 s/iter. ETA=0:02:30
[32m[05/16 18:31:42 d2.evaluation.evaluator]: [0mInference done 8844/14946. Dataloading: 0.0105 s/iter. Inference: 0.0131 s/iter. Eval: 0.0002 s/iter. Total: 0.0238 s/iter. ETA=0:02:25
[32m[05/16 18:31:47 d2.evaluation.evaluator]: [0mInference done 9063/14946. Dataloading: 0.0105 s/iter. Inference: 0.0131 s/iter. Eval: 0.0002 s/iter. Total: 0.0238 s/iter. ETA=0:02:20
[32m[05/16 18:31:52 d2.evaluation.evaluator]: [0mInference done 9283/14946. Dataloading: 0.0105 s/iter. Inference: 0.0131 s/iter. Eval: 0.0002 s/iter. Total: 0.0238 s/iter. ETA=0:02:14
[32m[05/16 18:31:57 d2.evaluation.evaluator]: [0mInference done 9505/14946. Dataloading: 0.0105 s/iter. Inference: 0.0131 s/iter. Eval: 0.0002 s/iter. Total: 0.0238 s/iter. ETA=0:02:09
[32m[05/16 18:32:02 d2.evaluation.evaluator]: [0mInference done 9720/14946. Dataloading: 0.0104 s/iter. Inference: 0.0131 s/iter. Eval: 0.0002 s/iter. Total: 0.0237 s/iter. ETA=0:02:04
[32m[05/16 18:32:07 d2.evaluation.evaluator]: [0mInference done 9941/14946. Dataloading: 0.0104 s/iter. Inference: 0.0131 s/iter. Eval: 0.0002 s/iter. Total: 0.0237 s/iter. ETA=0:01:58
[32m[05/16 18:32:12 d2.evaluation.evaluator]: [0mInference done 10164/14946. Dataloading: 0.0104 s/iter. Inference: 0.0131 s/iter. Eval: 0.0002 s/iter. Total: 0.0237 s/iter. ETA=0:01:53
[32m[05/16 18:32:17 d2.evaluation.evaluator]: [0mInference done 10385/14946. Dataloading: 0.0104 s/iter. Inference: 0.0131 s/iter. Eval: 0.0002 s/iter. Total: 0.0237 s/iter. ETA=0:01:47
[32m[05/16 18:32:22 d2.evaluation.evaluator]: [0mInference done 10607/14946. Dataloading: 0.0103 s/iter. Inference: 0.0131 s/iter. Eval: 0.0002 s/iter. Total: 0.0237 s/iter. ETA=0:01:42
[32m[05/16 18:32:27 d2.evaluation.evaluator]: [0mInference done 10828/14946. Dataloading: 0.0103 s/iter. Inference: 0.0131 s/iter. Eval: 0.0002 s/iter. Total: 0.0236 s/iter. ETA=0:01:37
[32m[05/16 18:32:32 d2.evaluation.evaluator]: [0mInference done 11050/14946. Dataloading: 0.0103 s/iter. Inference: 0.0131 s/iter. Eval: 0.0002 s/iter. Total: 0.0236 s/iter. ETA=0:01:31
[32m[05/16 18:32:37 d2.evaluation.evaluator]: [0mInference done 11272/14946. Dataloading: 0.0103 s/iter. Inference: 0.0131 s/iter. Eval: 0.0002 s/iter. Total: 0.0236 s/iter. ETA=0:01:26
[32m[05/16 18:32:42 d2.evaluation.evaluator]: [0mInference done 11493/14946. Dataloading: 0.0103 s/iter. Inference: 0.0131 s/iter. Eval: 0.0002 s/iter. Total: 0.0236 s/iter. ETA=0:01:21
[32m[05/16 18:32:47 d2.evaluation.evaluator]: [0mInference done 11714/14946. Dataloading: 0.0103 s/iter. Inference: 0.0131 s/iter. Eval: 0.0002 s/iter. Total: 0.0236 s/iter. ETA=0:01:16
[32m[05/16 18:32:52 d2.evaluation.evaluator]: [0mInference done 11929/14946. Dataloading: 0.0103 s/iter. Inference: 0.0131 s/iter. Eval: 0.0002 s/iter. Total: 0.0235 s/iter. ETA=0:01:11
[32m[05/16 18:32:57 d2.evaluation.evaluator]: [0mInference done 12143/14946. Dataloading: 0.0103 s/iter. Inference: 0.0131 s/iter. Eval: 0.0002 s/iter. Total: 0.0235 s/iter. ETA=0:01:06
[32m[05/16 18:33:03 d2.evaluation.evaluator]: [0mInference done 12357/14946. Dataloading: 0.0103 s/iter. Inference: 0.0131 s/iter. Eval: 0.0002 s/iter. Total: 0.0235 s/iter. ETA=0:01:00
[32m[05/16 18:33:08 d2.evaluation.evaluator]: [0mInference done 12575/14946. Dataloading: 0.0103 s/iter. Inference: 0.0131 s/iter. Eval: 0.0002 s/iter. Total: 0.0235 s/iter. ETA=0:00:55
[32m[05/16 18:33:13 d2.evaluation.evaluator]: [0mInference done 12791/14946. Dataloading: 0.0102 s/iter. Inference: 0.0131 s/iter. Eval: 0.0002 s/iter. Total: 0.0235 s/iter. ETA=0:00:50
[32m[05/16 18:33:18 d2.evaluation.evaluator]: [0mInference done 13007/14946. Dataloading: 0.0102 s/iter. Inference: 0.0131 s/iter. Eval: 0.0002 s/iter. Total: 0.0235 s/iter. ETA=0:00:45
[32m[05/16 18:33:23 d2.evaluation.evaluator]: [0mInference done 13223/14946. Dataloading: 0.0102 s/iter. Inference: 0.0131 s/iter. Eval: 0.0002 s/iter. Total: 0.0235 s/iter. ETA=0:00:40
[32m[05/16 18:33:28 d2.evaluation.evaluator]: [0mInference done 13437/14946. Dataloading: 0.0102 s/iter. Inference: 0.0131 s/iter. Eval: 0.0002 s/iter. Total: 0.0235 s/iter. ETA=0:00:35
[32m[05/16 18:33:33 d2.evaluation.evaluator]: [0mInference done 13655/14946. Dataloading: 0.0102 s/iter. Inference: 0.0131 s/iter. Eval: 0.0002 s/iter. Total: 0.0235 s/iter. ETA=0:00:30
[32m[05/16 18:33:38 d2.evaluation.evaluator]: [0mInference done 13867/14946. Dataloading: 0.0102 s/iter. Inference: 0.0131 s/iter. Eval: 0.0002 s/iter. Total: 0.0235 s/iter. ETA=0:00:25
[32m[05/16 18:33:43 d2.evaluation.evaluator]: [0mInference done 14080/14946. Dataloading: 0.0102 s/iter. Inference: 0.0131 s/iter. Eval: 0.0002 s/iter. Total: 0.0235 s/iter. ETA=0:00:20
[32m[05/16 18:33:48 d2.evaluation.evaluator]: [0mInference done 14294/14946. Dataloading: 0.0102 s/iter. Inference: 0.0131 s/iter. Eval: 0.0002 s/iter. Total: 0.0235 s/iter. ETA=0:00:15
[32m[05/16 18:33:53 d2.evaluation.evaluator]: [0mInference done 14508/14946. Dataloading: 0.0102 s/iter. Inference: 0.0131 s/iter. Eval: 0.0002 s/iter. Total: 0.0235 s/iter. ETA=0:00:10
[32m[05/16 18:33:58 d2.evaluation.evaluator]: [0mInference done 14724/14946. Dataloading: 0.0102 s/iter. Inference: 0.0131 s/iter. Eval: 0.0002 s/iter. Total: 0.0235 s/iter. ETA=0:00:05
[32m[05/16 18:34:03 d2.evaluation.evaluator]: [0mInference done 14939/14946. Dataloading: 0.0102 s/iter. Inference: 0.0131 s/iter. Eval: 0.0002 s/iter. Total: 0.0235 s/iter. ETA=0:00:00
[32m[05/16 18:34:03 d2.evaluation.evaluator]: [0mTotal inference time: 0:05:51.155668 (0.023503 s / iter per device, on 1 devices)
[32m[05/16 18:34:03 d2.evaluation.evaluator]: [0mTotal inference pure compute time: 0:03:15 (0.013060 s / iter per device, on 1 devices)
[32m[05/16 18:34:04 d2.evaluation.coco_evaluation]: [0mPreparing results for COCO format ...
[32m[05/16 18:34:04 d2.evaluation.coco_evaluation]: [0mSaving results to material_transfer_fasterrcnn/coco_instances_results.json
[32m[05/16 18:34:04 d2.evaluation.coco_evaluation]: [0mEvaluating predictions with unofficial COCO API...
Loading and preparing results...
DONE (t=0.51s)
creating index...
index created!
[32m[05/16 18:34:05 d2.evaluation.fast_eval_api]: [0mEvaluate annotation type *bbox*
[32m[05/16 18:34:12 d2.evaluation.fast_eval_api]: [0mCOCOeval_opt.evaluate() finished in 6.91 seconds.
[32m[05/16 18:34:12 d2.evaluation.fast_eval_api]: [0mAccumulating evaluation results...
[32m[05/16 18:34:13 d2.evaluation.fast_eval_api]: [0mCOCOeval_opt.accumulate() finished in 1.08 seconds.
 Average Precision  (AP) @[ IoU=0.50:0.95 | area=   all | maxDets=100 ] = 0.776
 Average Precision  (AP) @[ IoU=0.50      | area=   all | maxDets=100 ] = 0.777
 Average Precision  (AP) @[ IoU=0.75      | area=   all | maxDets=100 ] = 0.776
 Average Precision  (AP) @[ IoU=0.50:0.95 | area= small | maxDets=100 ] = 0.402
 Average Precision  (AP) @[ IoU=0.50:0.95 | area=medium | maxDets=100 ] = 0.603
 Average Precision  (AP) @[ IoU=0.50:0.95 | area= large | maxDets=100 ] = 0.836
 Average Recall     (AR) @[ IoU=0.50:0.95 | area=   all | maxDets=  1 ] = 0.663
 Average Recall     (AR) @[ IoU=0.50:0.95 | area=   all | maxDets= 10 ] = 0.893
 Average Recall     (AR) @[ IoU=0.50:0.95 | area=   all | maxDets=100 ] = 0.893
 Average Recall     (AR) @[ IoU=0.50:0.95 | area= small | maxDets=100 ] = 0.700
 Average Recall     (AR) @[ IoU=0.50:0.95 | area=medium | maxDets=100 ] = 0.826
 Average Recall     (AR) @[ IoU=0.50:0.95 | area= large | maxDets=100 ] = 0.921
[32m[05/16 18:34:13 d2.evaluation.coco_evaluation]: [0mEvaluation results for bbox: 
|   AP   |  AP50  |  AP75  |  APs   |  APm   |  APl   |
|:------:|:------:|:------:|:------:|:------:|:------:|
| 77.604 | 77.683 | 77.582 | 40.245 | 60.310 | 83.589 |
[32m[05/16 18:34:13 d2.evaluation.coco_evaluation]: [0mPer-category bbox AP: 
| category     | AP     | category   | AP     | category   | AP     |
|:-------------|:-------|:-----------|:-------|:-----------|:-------|
| table        | 82.360 | desk       | 56.088 | bookshelf  | 75.882 |
| sofa         | 69.945 | trash_bin  | 82.687 | bed        | 77.066 |
| chair        | 92.743 | monitor    | 83.140 | bathtub    | 77.521 |
| file_cabinet | 57.226 | flowerpot  | 61.138 | window     | 97.692 |
| lamp         | 95.371 |            |        |            |        |
[32m[05/16 18:34:14 d2.engine.defaults]: [0mEvaluation results for test in csv format:
[32m[05/16 18:34:14 d2.evaluation.testing]: [0mcopypaste: Task: bbox
[32m[05/16 18:34:14 d2.evaluation.testing]: [0mcopypaste: AP,AP50,AP75,APs,APm,APl
[32m[05/16 18:34:14 d2.evaluation.testing]: [0mcopypaste: 77.6044,77.6826,77.5821,40.2449,60.3099,83.5891
[32m[05/16 18:34:14 d2.utils.events]: [0m eta: 5:28:43  iter: 4999  total_loss: 0.4064  loss_cls: 0.3466  loss_box_reg: 0.06086  time: 0.7887  data_time: 0.2787  lr: 0.00025  max_mem: 8092M
[32m[05/16 18:34:29 d2.utils.events]: [0m eta: 5:28:28  iter: 5019  total_loss: 0.3695  loss_cls: 0.3176  loss_box_reg: 0.05483  time: 0.7887  data_time: 0.2775  lr: 0.00025  max_mem: 8092M
[32m[05/16 18:34:45 d2.utils.events]: [0m eta: 5:28:11  iter: 5039  total_loss: 0.3694  loss_cls: 0.3099  loss_box_reg: 0.05831  time: 0.7887  data_time: 0.2795  lr: 0.00025  max_mem: 8092M
[32m[05/16 18:35:01 d2.utils.events]: [0m eta: 5:27:52  iter: 5059  total_loss: 0.3911  loss_cls: 0.3219  loss_box_reg: 0.06957  time: 0.7887  data_time: 0.2802  lr: 0.00025  max_mem: 8092M
[32m[05/16 18:35:17 d2.utils.events]: [0m eta: 5:27:35  iter: 5079  total_loss: 0.3794  loss_cls: 0.3117  loss_box_reg: 0.06688  time: 0.7887  data_time: 0.2862  lr: 0.00025  max_mem: 8092M
[32m[05/16 18:35:33 d2.utils.events]: [0m eta: 5:27:19  iter: 5099  total_loss: 0.3913  loss_cls: 0.3203  loss_box_reg: 0.0727  time: 0.7887  data_time: 0.2804  lr: 0.00025  max_mem: 8092M
[32m[05/16 18:35:48 d2.utils.events]: [0m eta: 5:27:06  iter: 5119  total_loss: 0.3648  loss_cls: 0.2986  loss_box_reg: 0.064  time: 0.7887  data_time: 0.2813  lr: 0.00025  max_mem: 8092M
[32m[05/16 18:36:04 d2.utils.events]: [0m eta: 5:26:48  iter: 5139  total_loss: 0.4187  loss_cls: 0.3643  loss_box_reg: 0.05375  time: 0.7887  data_time: 0.2785  lr: 0.00025  max_mem: 8092M
[32m[05/16 18:36:20 d2.utils.events]: [0m eta: 5:26:33  iter: 5159  total_loss: 0.3216  loss_cls: 0.2689  loss_box_reg: 0.05439  time: 0.7887  data_time: 0.2848  lr: 0.00025  max_mem: 8092M
[32m[05/16 18:36:36 d2.utils.events]: [0m eta: 5:26:19  iter: 5179  total_loss: 0.3969  loss_cls: 0.3318  loss_box_reg: 0.06047  time: 0.7887  data_time: 0.2857  lr: 0.00025  max_mem: 8092M
[32m[05/16 18:36:51 d2.utils.events]: [0m eta: 5:26:03  iter: 5199  total_loss: 0.3979  loss_cls: 0.3314  loss_box_reg: 0.06052  time: 0.7887  data_time: 0.2860  lr: 0.00025  max_mem: 8092M
[32m[05/16 18:37:07 d2.utils.events]: [0m eta: 5:25:45  iter: 5219  total_loss: 0.3893  loss_cls: 0.3238  loss_box_reg: 0.05841  time: 0.7886  data_time: 0.2813  lr: 0.00025  max_mem: 8092M
[32m[05/16 18:37:23 d2.utils.events]: [0m eta: 5:25:27  iter: 5239  total_loss: 0.3637  loss_cls: 0.3019  loss_box_reg: 0.06355  time: 0.7887  data_time: 0.2798  lr: 0.00025  max_mem: 8092M
[32m[05/16 18:37:39 d2.utils.events]: [0m eta: 5:25:15  iter: 5259  total_loss: 0.4349  loss_cls: 0.3674  loss_box_reg: 0.06782  time: 0.7887  data_time: 0.2770  lr: 0.00025  max_mem: 8092M
[32m[05/16 18:37:55 d2.utils.events]: [0m eta: 5:24:55  iter: 5279  total_loss: 0.399  loss_cls: 0.3402  loss_box_reg: 0.06175  time: 0.7887  data_time: 0.2806  lr: 0.00025  max_mem: 8092M
[32m[05/16 18:38:10 d2.utils.events]: [0m eta: 5:24:40  iter: 5299  total_loss: 0.3581  loss_cls: 0.301  loss_box_reg: 0.05693  time: 0.7887  data_time: 0.2857  lr: 0.00025  max_mem: 8092M
[32m[05/16 18:38:26 d2.utils.events]: [0m eta: 5:24:29  iter: 5319  total_loss: 0.3233  loss_cls: 0.2654  loss_box_reg: 0.06129  time: 0.7887  data_time: 0.2823  lr: 0.00025  max_mem: 8092M
[32m[05/16 18:38:42 d2.utils.events]: [0m eta: 5:24:10  iter: 5339  total_loss: 0.3446  loss_cls: 0.2864  loss_box_reg: 0.05974  time: 0.7887  data_time: 0.2772  lr: 0.00025  max_mem: 8092M
[32m[05/16 18:38:58 d2.utils.events]: [0m eta: 5:23:57  iter: 5359  total_loss: 0.3147  loss_cls: 0.2512  loss_box_reg: 0.06792  time: 0.7887  data_time: 0.2799  lr: 0.00025  max_mem: 8092M
[32m[05/16 18:39:13 d2.utils.events]: [0m eta: 5:23:39  iter: 5379  total_loss: 0.3429  loss_cls: 0.2647  loss_box_reg: 0.06915  time: 0.7887  data_time: 0.2792  lr: 0.00025  max_mem: 8092M
[32m[05/16 18:39:29 d2.utils.events]: [0m eta: 5:23:22  iter: 5399  total_loss: 0.3174  loss_cls: 0.2404  loss_box_reg: 0.07215  time: 0.7886  data_time: 0.2760  lr: 0.00025  max_mem: 8092M
[32m[05/16 18:39:45 d2.utils.events]: [0m eta: 5:23:08  iter: 5419  total_loss: 0.3199  loss_cls: 0.2462  loss_box_reg: 0.07212  time: 0.7886  data_time: 0.2821  lr: 0.00025  max_mem: 8092M
[32m[05/16 18:40:01 d2.utils.events]: [0m eta: 5:22:54  iter: 5439  total_loss: 0.3209  loss_cls: 0.253  loss_box_reg: 0.06553  time: 0.7886  data_time: 0.2816  lr: 0.00025  max_mem: 8092M
[32m[05/16 18:40:16 d2.utils.events]: [0m eta: 5:22:38  iter: 5459  total_loss: 0.3142  loss_cls: 0.2539  loss_box_reg: 0.06644  time: 0.7886  data_time: 0.2787  lr: 0.00025  max_mem: 8092M
[32m[05/16 18:40:32 d2.utils.events]: [0m eta: 5:22:20  iter: 5479  total_loss: 0.3069  loss_cls: 0.2432  loss_box_reg: 0.06468  time: 0.7886  data_time: 0.2794  lr: 0.00025  max_mem: 8092M
[32m[05/16 18:40:48 d2.utils.events]: [0m eta: 5:22:04  iter: 5499  total_loss: 0.3277  loss_cls: 0.2634  loss_box_reg: 0.06422  time: 0.7886  data_time: 0.2790  lr: 0.00025  max_mem: 8092M
[32m[05/16 18:41:04 d2.utils.events]: [0m eta: 5:21:46  iter: 5519  total_loss: 0.3235  loss_cls: 0.2585  loss_box_reg: 0.0644  time: 0.7886  data_time: 0.2775  lr: 0.00025  max_mem: 8092M
[32m[05/16 18:41:20 d2.utils.events]: [0m eta: 5:21:33  iter: 5539  total_loss: 0.3246  loss_cls: 0.2577  loss_box_reg: 0.06349  time: 0.7887  data_time: 0.2793  lr: 0.00025  max_mem: 8092M
[32m[05/16 18:41:35 d2.utils.events]: [0m eta: 5:21:17  iter: 5559  total_loss: 0.3599  loss_cls: 0.2912  loss_box_reg: 0.06514  time: 0.7887  data_time: 0.2747  lr: 0.00025  max_mem: 8092M
[32m[05/16 18:41:52 d2.utils.events]: [0m eta: 5:21:04  iter: 5579  total_loss: 0.3334  loss_cls: 0.2741  loss_box_reg: 0.05769  time: 0.7887  data_time: 0.2933  lr: 0.00025  max_mem: 8092M
[32m[05/16 18:42:07 d2.utils.events]: [0m eta: 5:20:49  iter: 5599  total_loss: 0.3296  loss_cls: 0.2718  loss_box_reg: 0.05727  time: 0.7887  data_time: 0.2774  lr: 0.00025  max_mem: 8092M
[32m[05/16 18:42:23 d2.utils.events]: [0m eta: 5:20:33  iter: 5619  total_loss: 0.2988  loss_cls: 0.2336  loss_box_reg: 0.06307  time: 0.7887  data_time: 0.2904  lr: 0.00025  max_mem: 8092M
[32m[05/16 18:42:39 d2.utils.events]: [0m eta: 5:20:17  iter: 5639  total_loss: 0.3043  loss_cls: 0.2456  loss_box_reg: 0.06082  time: 0.7887  data_time: 0.2844  lr: 0.00025  max_mem: 8092M
[32m[05/16 18:42:55 d2.utils.events]: [0m eta: 5:20:01  iter: 5659  total_loss: 0.314  loss_cls: 0.24  loss_box_reg: 0.06884  time: 0.7887  data_time: 0.2792  lr: 0.00025  max_mem: 8092M
[32m[05/16 18:43:11 d2.utils.events]: [0m eta: 5:19:45  iter: 5679  total_loss: 0.3475  loss_cls: 0.2861  loss_box_reg: 0.06615  time: 0.7887  data_time: 0.2931  lr: 0.00025  max_mem: 8092M
[32m[05/16 18:43:27 d2.utils.events]: [0m eta: 5:19:30  iter: 5699  total_loss: 0.3485  loss_cls: 0.2784  loss_box_reg: 0.0674  time: 0.7888  data_time: 0.2933  lr: 0.00025  max_mem: 8092M
[32m[05/16 18:43:42 d2.utils.events]: [0m eta: 5:19:15  iter: 5719  total_loss: 0.3448  loss_cls: 0.283  loss_box_reg: 0.06494  time: 0.7888  data_time: 0.2842  lr: 0.00025  max_mem: 8092M
[32m[05/16 18:43:58 d2.utils.events]: [0m eta: 5:19:00  iter: 5739  total_loss: 0.3367  loss_cls: 0.2765  loss_box_reg: 0.05813  time: 0.7888  data_time: 0.2829  lr: 0.00025  max_mem: 8092M
[32m[05/16 18:44:14 d2.utils.events]: [0m eta: 5:18:44  iter: 5759  total_loss: 0.3169  loss_cls: 0.2584  loss_box_reg: 0.05528  time: 0.7888  data_time: 0.2856  lr: 0.00025  max_mem: 8092M
[32m[05/16 18:44:30 d2.utils.events]: [0m eta: 5:18:28  iter: 5779  total_loss: 0.3191  loss_cls: 0.25  loss_box_reg: 0.06669  time: 0.7888  data_time: 0.2851  lr: 0.00025  max_mem: 8092M
[32m[05/16 18:44:46 d2.utils.events]: [0m eta: 5:18:12  iter: 5799  total_loss: 0.2878  loss_cls: 0.2302  loss_box_reg: 0.05711  time: 0.7888  data_time: 0.2834  lr: 0.00025  max_mem: 8092M
slurmstepd: error: *** JOB 10150507 ON seasdgx104 CANCELLED AT 2022-05-16T18:44:56 ***
