0
Environment:
	Python: 3.8.11
	PyTorch: 1.9.1+cu102
	Torchvision: 0.10.1+cu102
	CUDA: 10.2
	CUDNN: 7605
	NumPy: 1.21.2
	PIL: 8.3.1
Args:
	algorithm: ERM
	checkpoint_freq: None
	data_dir: ./domainbed/data/PACS/
	dataset: PACS
	holdout_fraction: 0.2
	hparams: None
	hparams_seed: 0
	output_dir: train_output/PACS
	save_model_every_checkpoint: False
	seed: 0
	skip_model_save: False
	steps: None
	task: domain_generalization
	test_envs: [2]
	trial_seed: 0
	uda_holdout_fraction: 0
HParams:
	batch_size: 8
	class_balanced: False
	data_augmentation: True
	lr: 5e-05
	nonlinear_classifier: False
	resnet18: False
	resnet_dropout: 0.0
	weight_decay: 0.0
env0_in_acc   env0_out_acc  env1_in_acc   env1_out_acc  env2_in_acc   env2_out_acc  env3_in_acc   env3_out_acc  epoch         loss          mem_gb        step          step_time    
0.2403904820  0.2640586797  0.2132196162  0.2264957265  0.2559880240  0.2604790419  0.3031170483  0.2942675159  0.0000000000  2.0442068577  2.0467162132  0             0.8930668831 
0.9060402685  0.8606356968  0.9125799574  0.8846153846  0.9401197605  0.9461077844  0.8982188295  0.8764331210  1.7964071856  0.5299498770  2.3151116371  300           0.2794697928 
0.9450884686  0.9242053790  0.9589552239  0.9316239316  0.9513473054  0.9401197605  0.9303435115  0.9133757962  3.5928143713  0.2541097348  2.3151116371  600           0.2792420689 
0.9505796217  0.9119804401  0.9536247335  0.9145299145  0.9296407186  0.9311377246  0.9424300254  0.9248407643  5.3892215569  0.1869081569  2.3151116371  900           0.2788313683 
0.9597315436  0.8899755501  0.9669509595  0.9081196581  0.9214071856  0.8922155689  0.9567430025  0.9273885350  7.1856287425  0.1602310631  2.3151116371  1200          0.2793544141 
0.9701037218  0.9193154034  0.9738805970  0.9316239316  0.9610778443  0.9520958084  0.9697837150  0.9414012739  8.9820359281  0.1306371619  2.3151116371  1500          0.2798476895 
0.9688834655  0.9046454768  0.9749466951  0.9380341880  0.9603293413  0.9251497006  0.9643765903  0.9235668790  10.778443113  0.1080495935  2.3151116371  1800          0.2800537427 
0.9627821843  0.9193154034  0.9712153518  0.9209401709  0.9438622754  0.9371257485  0.9634223919  0.9350318471  12.574850299  0.1007563945  2.3151116371  2100          0.2795451967 
0.9694935937  0.9144254279  0.9680170576  0.9209401709  0.9341317365  0.8922155689  0.9599236641  0.9248407643  14.371257485  0.1102028728  2.3151116371  2400          0.2801768271 
0.9463087248  0.8484107579  0.9722814499  0.9294871795  0.9386227545  0.8982035928  0.9669211196  0.9286624204  16.167664670  0.0957784484  2.3151116371  2700          0.2806160863 
0.9694935937  0.9022004890  0.9722814499  0.9444444444  0.9431137725  0.9341317365  0.9675572519  0.9210191083  17.964071856  0.0878986507  2.3151116371  3000          0.2828061819 
0.9591214155  0.8850855746  0.9365671642  0.8931623932  0.9476047904  0.9161676647  0.9494274809  0.9082802548  19.760479041  0.0809056323  2.3151116371  3300          0.2805505912 
0.9768151312  0.8997555012  0.9786780384  0.9294871795  0.9498502994  0.9461077844  0.9758269720  0.9541401274  21.556886227  0.0582114089  2.3151116371  3600          0.2808677546 
0.9377669311  0.8533007335  0.9589552239  0.9059829060  0.9236526946  0.8982035928  0.9475190840  0.9108280255  23.353293413  0.0574815269  2.3151116371  3900          0.2808580303 
0.9908480781  0.8997555012  0.9909381663  0.9188034188  0.9461077844  0.9161676647  0.9805979644  0.9388535032  25.149700598  0.0812947979  2.3151116371  4200          0.2808824730 
0.9890176937  0.9193154034  0.9898720682  0.9658119658  0.9318862275  0.9041916168  0.9844147583  0.9477707006  26.946107784  0.0765349386  2.3151116371  4500          0.2804075933 
0.9871873093  0.9046454768  0.9888059701  0.9465811966  0.9288922156  0.8982035928  0.9837786260  0.9452229299  28.742514970  0.0637523318  2.3151116371  4800          0.2825962265 
0.9743746187  0.8801955990  0.9706823028  0.9337606838  0.9086826347  0.8742514970  0.9720101781  0.9363057325  29.940119760  0.0447111590  2.3151116371  5000          0.2849282038 
