1
Environment:
	Python: 3.8.11
	PyTorch: 1.9.1+cu102
	Torchvision: 0.10.1+cu102
	CUDA: 10.2
	CUDNN: 7605
	NumPy: 1.21.2
	PIL: 8.3.1
Args:
	algorithm: ERM
	checkpoint_freq: None
	data_dir: ./domainbed/data/PACS/
	dataset: PACS
	holdout_fraction: 0.2
	hparams: None
	hparams_seed: 0
	output_dir: train_output/PACS
	save_model_every_checkpoint: False
	seed: 0
	skip_model_save: False
	steps: None
	task: domain_generalization
	test_envs: [1, 2, 3]
	trial_seed: 0
	uda_holdout_fraction: 0
HParams:
	batch_size: 8
	class_balanced: False
	data_augmentation: True
	lr: 5e-05
	nonlinear_classifier: False
	resnet18: False
	resnet_dropout: 0.0
	weight_decay: 0.0
env0_in_acc   env0_out_acc  env1_in_acc   env1_out_acc  env2_in_acc   env2_out_acc  env3_in_acc   env3_out_acc  epoch         loss          mem_gb        step          step_time    
0.2294081757  0.2224938875  0.1385927505  0.1282051282  0.2088323353  0.1856287425  0.0652035623  0.0560509554  0.0000000000  1.9996483326  1.0264463425  0             0.2665929794 
0.9017693716  0.8777506112  0.5618336887  0.5683760684  0.9401197605  0.9251497006  0.4767811705  0.4891719745  1.7964071856  0.7585688572  1.0264463425  300           0.1220344806 
0.9042098841  0.8508557457  0.5922174840  0.5876068376  0.8824850299  0.8652694611  0.3953562341  0.4038216561  3.5928143713  0.4374107080  1.0264463425  600           0.1217192833 
0.8852959121  0.8386308068  0.7190831557  0.7564102564  0.9094311377  0.9161676647  0.6119592875  0.6140127389  5.3892215569  0.3140318427  1.0264463425  900           0.1219932222 
0.8926174497  0.8288508557  0.6716417910  0.7200854701  0.9049401198  0.8892215569  0.5970101781  0.5974522293  7.1856287425  0.2217557643  1.0264463425  1200          0.1220264784 
0.9298352654  0.8655256724  0.7254797441  0.7457264957  0.9041916168  0.8562874251  0.4271628499  0.4343949045  8.9820359281  0.2331861543  1.0264463425  1500          0.1220487165 
0.9609517999  0.8850855746  0.6593816631  0.6410256410  0.8967065868  0.8682634731  0.5426208651  0.5656050955  10.778443113  0.1788117594  1.0264463425  1800          0.1223727481 
0.9676632093  0.9095354523  0.5586353945  0.5470085470  0.9386227545  0.9041916168  0.4036259542  0.4025477707  12.574850299  0.1975466963  1.0264463425  2100          0.1222772988 
0.9707138499  0.9070904645  0.7185501066  0.7371794872  0.9176646707  0.8952095808  0.6001908397  0.6203821656  14.371257485  0.1455951814  1.0264463425  2400          0.1224943463 
0.9145820622  0.8312958435  0.6407249467  0.6367521368  0.8570359281  0.8473053892  0.5025445293  0.5261146497  16.167664670  0.1420291234  1.0264463425  2700          0.1222485844 
0.9804758999  0.9388753056  0.6929637527  0.6837606838  0.9296407186  0.8982035928  0.6914758270  0.6878980892  17.964071856  0.1234994928  1.0264463425  3000          0.1222475473 
0.9688834655  0.8924205379  0.6647121535  0.6837606838  0.9229041916  0.8892215569  0.6606234097  0.6738853503  19.760479041  0.1556356161  1.0264463425  3300          0.1224796565 
0.9719341062  0.8948655257  0.6593816631  0.6688034188  0.9169161677  0.9041916168  0.5893765903  0.6229299363  21.556886227  0.0991727413  1.0264463425  3600          0.1222334226 
0.9353264185  0.8435207824  0.6753731343  0.7051282051  0.9221556886  0.8862275449  0.4427480916  0.4649681529  23.353293413  0.0841176189  1.0264463425  3900          0.1225610805 
0.9219035998  0.8484107579  0.5271855011  0.5235042735  0.8922155689  0.8562874251  0.5747455471  0.5757961783  25.149700598  0.1149407556  1.0264463425  4200          0.1226176230 
0.9755948749  0.8924205379  0.5463752665  0.5448717949  0.9199101796  0.8892215569  0.5477099237  0.5617834395  26.946107784  0.1373564226  1.0264463425  4500          0.1226796508 
0.9713239780  0.8850855746  0.6300639659  0.6303418803  0.8839820359  0.8532934132  0.5454834606  0.5554140127  28.742514970  0.1100105133  1.0264463425  4800          0.1224164685 
0.9829164124  0.8899755501  0.6615138593  0.6602564103  0.9131736527  0.8682634731  0.6847964377  0.6980891720  29.940119760  0.0757384148  1.0264463425  5000          0.1228350174 
