2
2022-04-13 16:01:59.299011: W tensorflow/stream_executor/platform/default/dso_loader.cc:64] Could not load dynamic library 'libcudart.so.11.0'; dlerror: libcudart.so.11.0: cannot open shared object file: No such file or directory
2022-04-13 16:01:59.416448: I tensorflow/stream_executor/cuda/cudart_stub.cc:29] Ignore above cudart dlerror if you do not have a GPU set up on your machine.
Task is lift the flap, not classification.
Hard mining set to:both
Using materials: ['main_xml_50_2', 'main_xml_50_3']
Hotswapped material loader being used.
{1: 0, 2: 1, 3: 2, 4: 3, 5: 4, 6: 5, 7: 6, 8: 7, 9: 8, 10: 9, 11: 10, 12: 11, 13: 12}
-------------------------------
Annotation Counts
-------------------------------
desk                       4829
trash_bin                  3204
chair                     19905
window                    10204
lamp                       2489
table                     11541
monitor                    3094
file_cabinet               1727
bookshelf                  3902
bed                        3214
sofa                       3550
bathtub                    1988
flowerpot                   227
Total                     69874
-------------------------------

annotations: ../openrooms/annotation_files/train_main_xml_50_v3.json
batch_size: 15
checkpoint: null
git: e22ff54d4e15e859ff3672c5fc808cec0abfc80d
imagedir: ../
imbalance_reweighting: false
learning_rate: 1.0e-05
num_classes: 13
num_decoder_heads: 8
num_decoder_layers: 6
test_annotations: null
test_imagedir: null
uncertainty_gate_type: learned
uncertainty_threshold: 0.8
weighted_prediction: false

No checkpoint was passed.
Starting epoch: 1
batch num:0
Setting targets to 0.
overall: tensor(7.4700, device='cuda:0', grad_fn=<AddBackward0>)
Setting targets to 0.
overall: tensor(6.3527, device='cuda:0', grad_fn=<AddBackward0>)
Setting targets to 0.
overall: tensor(5.7198, device='cuda:0', grad_fn=<AddBackward0>)
Setting targets to 0.
overall: tensor(4.9981, device='cuda:0', grad_fn=<AddBackward0>)
Setting targets to 0.
overall: tensor(5.1614, device='cuda:0', grad_fn=<AddBackward0>)
Setting targets to 0.
overall: tensor(5.2343, device='cuda:0', grad_fn=<AddBackward0>)
Setting targets to 0.
overall: tensor(4.9161, device='cuda:0', grad_fn=<AddBackward0>)
Setting targets to 0.
overall: tensor(4.7783, device='cuda:0', grad_fn=<AddBackward0>)
Setting targets to 0.
overall: tensor(5.3506, device='cuda:0', grad_fn=<AddBackward0>)
Setting targets to 0.
overall: tensor(5.2055, device='cuda:0', grad_fn=<AddBackward0>)
Setting targets to 0.
overall: tensor(6.2464, device='cuda:0', grad_fn=<AddBackward0>)
Setting targets to 0.
overall: tensor(5.6653, device='cuda:0', grad_fn=<AddBackward0>)
Setting targets to 0.
overall: tensor(5.9631, device='cuda:0', grad_fn=<AddBackward0>)
Setting targets to 0.
overall: tensor(6.3377, device='cuda:0', grad_fn=<AddBackward0>)
Setting targets to 0.
overall: tensor(5.8880, device='cuda:0', grad_fn=<AddBackward0>)
Setting targets to 0.
overall: tensor(5.7241, device='cuda:0', grad_fn=<AddBackward0>)
Setting targets to 0.
overall: tensor(5.2419, device='cuda:0', grad_fn=<AddBackward0>)
Setting targets to 0.
overall: tensor(5.1729, device='cuda:0', grad_fn=<AddBackward0>)
Setting targets to 0.
overall: tensor(5.1567, device='cuda:0', grad_fn=<AddBackward0>)
Setting targets to 0.
overall: tensor(5.3354, device='cuda:0', grad_fn=<AddBackward0>)
Setting targets to 0.
overall: tensor(6.4591, device='cuda:0', grad_fn=<AddBackward0>)
Setting targets to 0.
overall: tensor(4.9807, device='cuda:0', grad_fn=<AddBackward0>)
Setting targets to 0.
overall: tensor(5.7602, device='cuda:0', grad_fn=<AddBackward0>)
Setting targets to 0.
overall: tensor(4.7932, device='cuda:0', grad_fn=<AddBackward0>)
Setting targets to 0.
overall: tensor(5.2541, device='cuda:0', grad_fn=<AddBackward0>)
Setting targets to 0.
overall: tensor(4.6579, device='cuda:0', grad_fn=<AddBackward0>)
Setting targets to 0.
overall: tensor(5.8094, device='cuda:0', grad_fn=<AddBackward0>)
Setting targets to 0.
overall: tensor(4.9070, device='cuda:0', grad_fn=<AddBackward0>)
Setting targets to 0.
overall: tensor(5.5270, device='cuda:0', grad_fn=<AddBackward0>)
Setting targets to 0.
overall: tensor(4.7328, device='cuda:0', grad_fn=<AddBackward0>)
Setting targets to 0.
overall: tensor(4.4260, device='cuda:0', grad_fn=<AddBackward0>)
Setting targets to 0.
overall: tensor(4.7984, device='cuda:0', grad_fn=<AddBackward0>)
Setting targets to 0.
overall: tensor(4.6011, device='cuda:0', grad_fn=<AddBackward0>)
Setting targets to 0.
overall: tensor(5.1588, device='cuda:0', grad_fn=<AddBackward0>)
Setting targets to 0.
overall: tensor(4.4016, device='cuda:0', grad_fn=<AddBackward0>)
Setting targets to 0.
overall: tensor(4.8484, device='cuda:0', grad_fn=<AddBackward0>)
Setting targets to 0.
overall: tensor(5.3248, device='cuda:0', grad_fn=<AddBackward0>)
Setting targets to 0.
overall: tensor(5.2742, device='cuda:0', grad_fn=<AddBackward0>)
Setting targets to 0.
overall: tensor(4.8299, device='cuda:0', grad_fn=<AddBackward0>)
Setting targets to 0.
overall: tensor(4.8031, device='cuda:0', grad_fn=<AddBackward0>)
Setting targets to 0.
overall: tensor(4.6953, device='cuda:0', grad_fn=<AddBackward0>)
Setting targets to 0.
overall: tensor(4.7858, device='cuda:0', grad_fn=<AddBackward0>)
Setting targets to 0.
overall: tensor(4.3922, device='cuda:0', grad_fn=<AddBackward0>)
Setting targets to 0.
overall: tensor(4.8874, device='cuda:0', grad_fn=<AddBackward0>)
Setting targets to 0.
overall: tensor(4.7123, device='cuda:0', grad_fn=<AddBackward0>)
Setting targets to 0.
overall: tensor(4.6373, device='cuda:0', grad_fn=<AddBackward0>)
Setting targets to 0.
overall: tensor(5.3993, device='cuda:0', grad_fn=<AddBackward0>)
Setting targets to 0.
overall: tensor(5.1113, device='cuda:0', grad_fn=<AddBackward0>)
Setting targets to 0.
overall: tensor(4.3364, device='cuda:0', grad_fn=<AddBackward0>)
Setting targets to 0.
overall: tensor(5.0122, device='cuda:0', grad_fn=<AddBackward0>)
Setting targets to 0.
overall: tensor(4.5225, device='cuda:0', grad_fn=<AddBackward0>)
Setting targets to 0.
overall: tensor(4.9727, device='cuda:0', grad_fn=<AddBackward0>)
Setting targets to 0.
overall: tensor(4.8578, device='cuda:0', grad_fn=<AddBackward0>)
Setting targets to 0.
overall: tensor(4.9524, device='cuda:0', grad_fn=<AddBackward0>)
Setting targets to 0.
overall: tensor(4.5953, device='cuda:0', grad_fn=<AddBackward0>)
Setting targets to 0.
overall: tensor(5.0207, device='cuda:0', grad_fn=<AddBackward0>)
Setting targets to 0.
overall: tensor(4.8686, device='cuda:0', grad_fn=<AddBackward0>)
Setting targets to 0.
overall: tensor(4.9855, device='cuda:0', grad_fn=<AddBackward0>)
Setting targets to 0.
overall: tensor(4.9908, device='cuda:0', grad_fn=<AddBackward0>)
Setting targets to 0.
overall: tensor(4.9413, device='cuda:0', grad_fn=<AddBackward0>)
Setting targets to 0.
overall: tensor(4.8599, device='cuda:0', grad_fn=<AddBackward0>)
Setting targets to 0.
overall: tensor(4.3901, device='cuda:0', grad_fn=<AddBackward0>)
Setting targets to 0.
overall: tensor(4.7803, device='cuda:0', grad_fn=<AddBackward0>)
Setting targets to 0.
overall: tensor(5.2067, device='cuda:0', grad_fn=<AddBackward0>)
Setting targets to 0.
overall: tensor(4.9915, device='cuda:0', grad_fn=<AddBackward0>)
Setting targets to 0.
overall: tensor(4.7996, device='cuda:0', grad_fn=<AddBackward0>)
Setting targets to 0.
overall: tensor(5.0236, device='cuda:0', grad_fn=<AddBackward0>)
Setting targets to 0.
overall: tensor(4.9681, device='cuda:0', grad_fn=<AddBackward0>)
Setting targets to 0.
overall: tensor(4.4805, device='cuda:0', grad_fn=<AddBackward0>)
Setting targets to 0.
overall: tensor(4.8528, device='cuda:0', grad_fn=<AddBackward0>)
Setting targets to 0.
overall: tensor(4.6452, device='cuda:0', grad_fn=<AddBackward0>)
Setting targets to 0.
overall: tensor(4.6918, device='cuda:0', grad_fn=<AddBackward0>)
Setting targets to 0.
overall: tensor(4.5124, device='cuda:0', grad_fn=<AddBackward0>)
Setting targets to 0.
overall: tensor(4.9006, device='cuda:0', grad_fn=<AddBackward0>)
Setting targets to 0.
overall: tensor(5.4708, device='cuda:0', grad_fn=<AddBackward0>)
Setting targets to 0.
overall: tensor(4.8470, device='cuda:0', grad_fn=<AddBackward0>)
Setting targets to 0.
overall: tensor(4.8719, device='cuda:0', grad_fn=<AddBackward0>)
Setting targets to 0.
overall: tensor(4.3229, device='cuda:0', grad_fn=<AddBackward0>)
Setting targets to 0.
overall: tensor(4.5682, device='cuda:0', grad_fn=<AddBackward0>)
Setting targets to 0.
overall: tensor(4.4823, device='cuda:0', grad_fn=<AddBackward0>)
Setting targets to 0.
overall: tensor(5.0136, device='cuda:0', grad_fn=<AddBackward0>)
Setting targets to 0.
overall: tensor(5.1406, device='cuda:0', grad_fn=<AddBackward0>)
Setting targets to 0.
overall: tensor(4.5695, device='cuda:0', grad_fn=<AddBackward0>)
Setting targets to 0.
overall: tensor(5.4303, device='cuda:0', grad_fn=<AddBackward0>)
Setting targets to 0.
overall: tensor(4.9767, device='cuda:0', grad_fn=<AddBackward0>)
Setting targets to 0.
overall: tensor(4.8164, device='cuda:0', grad_fn=<AddBackward0>)
Setting targets to 0.
overall: tensor(3.9497, device='cuda:0', grad_fn=<AddBackward0>)
Setting targets to 0.
overall: tensor(4.9232, device='cuda:0', grad_fn=<AddBackward0>)
Setting targets to 0.
overall: tensor(4.9396, device='cuda:0', grad_fn=<AddBackward0>)
Setting targets to 0.
overall: tensor(4.7810, device='cuda:0', grad_fn=<AddBackward0>)
Setting targets to 0.
overall: tensor(4.6701, device='cuda:0', grad_fn=<AddBackward0>)
Setting targets to 0.
overall: tensor(4.5296, device='cuda:0', grad_fn=<AddBackward0>)
Setting targets to 0.
overall: tensor(4.0937, device='cuda:0', grad_fn=<AddBackward0>)
Setting targets to 0.
overall: tensor(4.8060, device='cuda:0', grad_fn=<AddBackward0>)
Setting targets to 0.
overall: tensor(5.2785, device='cuda:0', grad_fn=<AddBackward0>)
Setting targets to 0.
overall: tensor(3.9470, device='cuda:0', grad_fn=<AddBackward0>)
Setting targets to 0.
overall: tensor(4.5802, device='cuda:0', grad_fn=<AddBackward0>)
Setting targets to 0.
overall: tensor(5.1159, device='cuda:0', grad_fn=<AddBackward0>)
Setting targets to 0.
overall: tensor(4.7050, device='cuda:0', grad_fn=<AddBackward0>)
Setting targets to 0.
overall: tensor(4.7760, device='cuda:0', grad_fn=<AddBackward0>)
batch num:100
Setting targets to 0.
overall: tensor(4.6147, device='cuda:0', grad_fn=<AddBackward0>)
Setting targets to 0.
overall: tensor(4.5677, device='cuda:0', grad_fn=<AddBackward0>)
Setting targets to 0.
overall: tensor(4.4289, device='cuda:0', grad_fn=<AddBackward0>)
Setting targets to 0.
overall: tensor(4.7265, device='cuda:0', grad_fn=<AddBackward0>)
Setting targets to 0.
overall: tensor(4.3931, device='cuda:0', grad_fn=<AddBackward0>)
Setting targets to 0.
overall: tensor(5.2379, device='cuda:0', grad_fn=<AddBackward0>)
Setting targets to 0.
overall: tensor(4.5189, device='cuda:0', grad_fn=<AddBackward0>)
Setting targets to 0.
overall: tensor(5.1049, device='cuda:0', grad_fn=<AddBackward0>)
Setting targets to 0.
overall: tensor(4.5759, device='cuda:0', grad_fn=<AddBackward0>)
Setting targets to 0.
overall: tensor(4.8865, device='cuda:0', grad_fn=<AddBackward0>)
Setting targets to 0.
overall: tensor(4.9541, device='cuda:0', grad_fn=<AddBackward0>)
Setting targets to 0.
overall: tensor(4.6128, device='cuda:0', grad_fn=<AddBackward0>)
Setting targets to 0.
overall: tensor(4.4903, device='cuda:0', grad_fn=<AddBackward0>)
Setting targets to 0.
overall: tensor(4.6395, device='cuda:0', grad_fn=<AddBackward0>)
Setting targets to 0.
overall: tensor(4.6206, device='cuda:0', grad_fn=<AddBackward0>)
Setting targets to 0.
overall: tensor(4.4556, device='cuda:0', grad_fn=<AddBackward0>)
Setting targets to 0.
overall: tensor(4.8299, device='cuda:0', grad_fn=<AddBackward0>)
Setting targets to 0.
overall: tensor(4.4033, device='cuda:0', grad_fn=<AddBackward0>)
Setting targets to 0.
overall: tensor(4.6269, device='cuda:0', grad_fn=<AddBackward0>)
Setting targets to 0.
overall: tensor(4.7823, device='cuda:0', grad_fn=<AddBackward0>)
Setting targets to 0.
overall: tensor(4.5199, device='cuda:0', grad_fn=<AddBackward0>)
Setting targets to 0.
overall: tensor(4.2081, device='cuda:0', grad_fn=<AddBackward0>)
Setting targets to 0.
overall: tensor(4.7296, device='cuda:0', grad_fn=<AddBackward0>)
Setting targets to 0.
overall: tensor(4.9328, device='cuda:0', grad_fn=<AddBackward0>)
Setting targets to 0.
overall: tensor(4.7376, device='cuda:0', grad_fn=<AddBackward0>)
Setting targets to 0.
overall: tensor(4.9956, device='cuda:0', grad_fn=<AddBackward0>)
Setting targets to 0.
overall: tensor(4.7833, device='cuda:0', grad_fn=<AddBackward0>)
Setting targets to 0.
overall: tensor(4.5412, device='cuda:0', grad_fn=<AddBackward0>)
Setting targets to 0.
overall: tensor(4.4980, device='cuda:0', grad_fn=<AddBackward0>)
Setting targets to 0.
overall: tensor(4.4185, device='cuda:0', grad_fn=<AddBackward0>)
Setting targets to 0.
overall: tensor(4.9235, device='cuda:0', grad_fn=<AddBackward0>)
Setting targets to 0.
overall: tensor(4.8836, device='cuda:0', grad_fn=<AddBackward0>)
Setting targets to 0.
overall: tensor(4.5853, device='cuda:0', grad_fn=<AddBackward0>)
Setting targets to 0.
overall: tensor(4.5873, device='cuda:0', grad_fn=<AddBackward0>)
Setting targets to 0.
overall: tensor(4.2065, device='cuda:0', grad_fn=<AddBackward0>)
Setting targets to 0.
overall: tensor(4.5232, device='cuda:0', grad_fn=<AddBackward0>)
Setting targets to 0.
overall: tensor(4.5689, device='cuda:0', grad_fn=<AddBackward0>)
Setting targets to 0.
overall: tensor(4.9383, device='cuda:0', grad_fn=<AddBackward0>)
Setting targets to 0.
overall: tensor(4.0499, device='cuda:0', grad_fn=<AddBackward0>)
Setting targets to 0.
overall: tensor(5.3601, device='cuda:0', grad_fn=<AddBackward0>)
Setting targets to 0.
overall: tensor(4.7057, device='cuda:0', grad_fn=<AddBackward0>)
Setting targets to 0.
overall: tensor(4.1257, device='cuda:0', grad_fn=<AddBackward0>)
Setting targets to 0.
overall: tensor(4.4824, device='cuda:0', grad_fn=<AddBackward0>)
Setting targets to 0.
overall: tensor(4.9481, device='cuda:0', grad_fn=<AddBackward0>)
Setting targets to 0.
overall: tensor(4.7158, device='cuda:0', grad_fn=<AddBackward0>)
Setting targets to 0.
overall: tensor(4.7825, device='cuda:0', grad_fn=<AddBackward0>)
Setting targets to 0.
overall: tensor(4.5709, device='cuda:0', grad_fn=<AddBackward0>)
Setting targets to 0.
overall: tensor(4.3001, device='cuda:0', grad_fn=<AddBackward0>)
Setting targets to 0.
overall: tensor(4.7932, device='cuda:0', grad_fn=<AddBackward0>)
Setting targets to 0.
overall: tensor(4.4937, device='cuda:0', grad_fn=<AddBackward0>)
Setting targets to 0.
overall: tensor(4.1950, device='cuda:0', grad_fn=<AddBackward0>)
Setting targets to 0.
overall: tensor(4.5370, device='cuda:0', grad_fn=<AddBackward0>)
Setting targets to 0.
overall: tensor(4.5127, device='cuda:0', grad_fn=<AddBackward0>)
Setting targets to 0.
overall: tensor(5.1123, device='cuda:0', grad_fn=<AddBackward0>)
Setting targets to 0.
overall: tensor(5.2923, device='cuda:0', grad_fn=<AddBackward0>)
Setting targets to 0.
overall: tensor(4.8710, device='cuda:0', grad_fn=<AddBackward0>)
Setting targets to 0.
overall: tensor(4.3454, device='cuda:0', grad_fn=<AddBackward0>)
Setting targets to 0.
overall: tensor(4.2270, device='cuda:0', grad_fn=<AddBackward0>)
Setting targets to 0.
overall: tensor(4.2987, device='cuda:0', grad_fn=<AddBackward0>)
Setting targets to 0.
overall: tensor(4.3899, device='cuda:0', grad_fn=<AddBackward0>)
Setting targets to 0.
overall: tensor(4.1344, device='cuda:0', grad_fn=<AddBackward0>)
Setting targets to 0.
overall: tensor(5.0908, device='cuda:0', grad_fn=<AddBackward0>)
Setting targets to 0.
overall: tensor(4.7131, device='cuda:0', grad_fn=<AddBackward0>)
Setting targets to 0.
overall: tensor(4.3662, device='cuda:0', grad_fn=<AddBackward0>)
Setting targets to 0.
overall: tensor(4.2713, device='cuda:0', grad_fn=<AddBackward0>)
Setting targets to 0.
overall: tensor(4.4431, device='cuda:0', grad_fn=<AddBackward0>)
Setting targets to 0.
overall: tensor(4.2409, device='cuda:0', grad_fn=<AddBackward0>)
slurmstepd: error: *** JOB 4616510 ON holygpu2c0913 CANCELLED AT 2022-04-13T16:12:24 ***
