2
2022-03-14 10:15:51.711354: W tensorflow/stream_executor/platform/default/dso_loader.cc:64] Could not load dynamic library 'libcudart.so.11.0'; dlerror: libcudart.so.11.0: cannot open shared object file: No such file or directory
2022-03-14 10:15:51.711497: I tensorflow/stream_executor/cuda/cudart_stub.cc:29] Ignore above cudart dlerror if you do not have a GPU set up on your machine.
Task is classification, not lift the flap.
Hard mining set to:both
Using materials: ['main_xml_50_2', 'main_xml_50_3']
Hotswapped material loader being used.
{1: 0, 2: 1, 3: 2, 4: 3, 5: 4, 6: 5, 7: 6, 8: 7, 9: 8, 10: 9, 11: 10, 12: 11, 13: 12}
-------------------------------
Annotation Counts
-------------------------------
desk                       4829
trash_bin                  3204
chair                     19905
window                    10204
lamp                       2489
table                     11541
monitor                    3094
file_cabinet               1727
bookshelf                  3902
bed                        3214
sofa                       3550
bathtub                    1988
flowerpot                   227
Total                     69874
-------------------------------

annotations: ../openrooms/annotation_files/train_main_xml_50_v3.json
batch_size: 15
checkpoint: null
git: e22ff54d4e15e859ff3672c5fc808cec0abfc80d
imagedir: ../
imbalance_reweighting: false
learning_rate: 1.0e-05
num_classes: 13
num_decoder_heads: 8
num_decoder_layers: 6
test_annotations: null
test_imagedir: null
uncertainty_gate_type: learned
uncertainty_threshold: 0.8
weighted_prediction: false

No checkpoint was passed.
Starting epoch: 1
batch num:0
overall: tensor(6.6893, device='cuda:0', grad_fn=<AddBackward0>)
overall: tensor(6.5809, device='cuda:0', grad_fn=<AddBackward0>)
overall: tensor(5.7648, device='cuda:0', grad_fn=<AddBackward0>)
overall: tensor(5.2468, device='cuda:0', grad_fn=<AddBackward0>)
overall: tensor(5.8439, device='cuda:0', grad_fn=<AddBackward0>)
overall: tensor(5.4338, device='cuda:0', grad_fn=<AddBackward0>)
overall: tensor(5.3825, device='cuda:0', grad_fn=<AddBackward0>)
overall: tensor(4.5757, device='cuda:0', grad_fn=<AddBackward0>)
overall: tensor(6.3969, device='cuda:0', grad_fn=<AddBackward0>)
overall: tensor(6.2884, device='cuda:0', grad_fn=<AddBackward0>)
overall: tensor(5.3366, device='cuda:0', grad_fn=<AddBackward0>)
overall: tensor(4.9399, device='cuda:0', grad_fn=<AddBackward0>)
overall: tensor(5.2538, device='cuda:0', grad_fn=<AddBackward0>)
overall: tensor(4.5779, device='cuda:0', grad_fn=<AddBackward0>)
overall: tensor(5.0260, device='cuda:0', grad_fn=<AddBackward0>)
overall: tensor(5.2524, device='cuda:0', grad_fn=<AddBackward0>)
overall: tensor(5.1610, device='cuda:0', grad_fn=<AddBackward0>)
overall: tensor(4.9018, device='cuda:0', grad_fn=<AddBackward0>)
overall: tensor(4.6923, device='cuda:0', grad_fn=<AddBackward0>)
overall: tensor(4.8914, device='cuda:0', grad_fn=<AddBackward0>)
overall: tensor(4.9317, device='cuda:0', grad_fn=<AddBackward0>)
overall: tensor(5.0323, device='cuda:0', grad_fn=<AddBackward0>)
overall: tensor(4.5187, device='cuda:0', grad_fn=<AddBackward0>)
overall: tensor(5.0814, device='cuda:0', grad_fn=<AddBackward0>)
overall: tensor(4.9216, device='cuda:0', grad_fn=<AddBackward0>)
overall: tensor(5.2323, device='cuda:0', grad_fn=<AddBackward0>)
overall: tensor(5.4996, device='cuda:0', grad_fn=<AddBackward0>)
overall: tensor(5.3654, device='cuda:0', grad_fn=<AddBackward0>)
overall: tensor(4.5843, device='cuda:0', grad_fn=<AddBackward0>)
overall: tensor(4.9670, device='cuda:0', grad_fn=<AddBackward0>)
overall: tensor(5.0285, device='cuda:0', grad_fn=<AddBackward0>)
overall: tensor(5.1405, device='cuda:0', grad_fn=<AddBackward0>)
overall: tensor(4.9870, device='cuda:0', grad_fn=<AddBackward0>)
overall: tensor(4.8662, device='cuda:0', grad_fn=<AddBackward0>)
overall: tensor(5.3527, device='cuda:0', grad_fn=<AddBackward0>)
overall: tensor(4.4527, device='cuda:0', grad_fn=<AddBackward0>)
overall: tensor(4.7203, device='cuda:0', grad_fn=<AddBackward0>)
overall: tensor(3.9895, device='cuda:0', grad_fn=<AddBackward0>)
overall: tensor(5.5691, device='cuda:0', grad_fn=<AddBackward0>)
overall: tensor(4.7350, device='cuda:0', grad_fn=<AddBackward0>)
overall: tensor(5.4244, device='cuda:0', grad_fn=<AddBackward0>)
overall: tensor(4.5512, device='cuda:0', grad_fn=<AddBackward0>)
overall: tensor(4.8129, device='cuda:0', grad_fn=<AddBackward0>)
overall: tensor(4.7305, device='cuda:0', grad_fn=<AddBackward0>)
overall: tensor(5.1541, device='cuda:0', grad_fn=<AddBackward0>)
overall: tensor(4.8987, device='cuda:0', grad_fn=<AddBackward0>)
overall: tensor(4.8971, device='cuda:0', grad_fn=<AddBackward0>)
overall: tensor(5.2832, device='cuda:0', grad_fn=<AddBackward0>)
overall: tensor(4.7885, device='cuda:0', grad_fn=<AddBackward0>)
overall: tensor(5.4646, device='cuda:0', grad_fn=<AddBackward0>)
overall: tensor(4.8828, device='cuda:0', grad_fn=<AddBackward0>)
overall: tensor(4.5425, device='cuda:0', grad_fn=<AddBackward0>)
overall: tensor(5.0299, device='cuda:0', grad_fn=<AddBackward0>)
overall: tensor(4.2469, device='cuda:0', grad_fn=<AddBackward0>)
overall: tensor(5.3468, device='cuda:0', grad_fn=<AddBackward0>)
overall: tensor(4.2260, device='cuda:0', grad_fn=<AddBackward0>)
overall: tensor(4.4697, device='cuda:0', grad_fn=<AddBackward0>)
overall: tensor(5.2591, device='cuda:0', grad_fn=<AddBackward0>)
overall: tensor(4.9468, device='cuda:0', grad_fn=<AddBackward0>)
overall: tensor(4.5704, device='cuda:0', grad_fn=<AddBackward0>)
overall: tensor(4.5691, device='cuda:0', grad_fn=<AddBackward0>)
overall: tensor(4.4170, device='cuda:0', grad_fn=<AddBackward0>)
overall: tensor(4.8694, device='cuda:0', grad_fn=<AddBackward0>)
overall: tensor(4.9205, device='cuda:0', grad_fn=<AddBackward0>)
overall: tensor(4.9481, device='cuda:0', grad_fn=<AddBackward0>)
overall: tensor(4.6262, device='cuda:0', grad_fn=<AddBackward0>)
overall: tensor(4.3667, device='cuda:0', grad_fn=<AddBackward0>)
overall: tensor(4.5638, device='cuda:0', grad_fn=<AddBackward0>)
overall: tensor(4.8642, device='cuda:0', grad_fn=<AddBackward0>)
overall: tensor(4.8824, device='cuda:0', grad_fn=<AddBackward0>)
overall: tensor(5.7726, device='cuda:0', grad_fn=<AddBackward0>)
overall: tensor(4.5434, device='cuda:0', grad_fn=<AddBackward0>)
overall: tensor(4.2654, device='cuda:0', grad_fn=<AddBackward0>)
overall: tensor(4.6880, device='cuda:0', grad_fn=<AddBackward0>)
overall: tensor(4.1297, device='cuda:0', grad_fn=<AddBackward0>)
overall: tensor(4.4886, device='cuda:0', grad_fn=<AddBackward0>)
overall: tensor(4.9370, device='cuda:0', grad_fn=<AddBackward0>)
overall: tensor(4.8937, device='cuda:0', grad_fn=<AddBackward0>)
overall: tensor(5.0150, device='cuda:0', grad_fn=<AddBackward0>)
overall: tensor(4.6067, device='cuda:0', grad_fn=<AddBackward0>)
overall: tensor(5.1215, device='cuda:0', grad_fn=<AddBackward0>)
overall: tensor(4.4175, device='cuda:0', grad_fn=<AddBackward0>)
overall: tensor(4.7664, device='cuda:0', grad_fn=<AddBackward0>)
overall: tensor(3.9648, device='cuda:0', grad_fn=<AddBackward0>)
overall: tensor(4.6768, device='cuda:0', grad_fn=<AddBackward0>)
overall: tensor(3.9873, device='cuda:0', grad_fn=<AddBackward0>)
overall: tensor(4.6792, device='cuda:0', grad_fn=<AddBackward0>)
overall: tensor(4.3496, device='cuda:0', grad_fn=<AddBackward0>)
overall: tensor(4.2475, device='cuda:0', grad_fn=<AddBackward0>)
overall: tensor(4.5348, device='cuda:0', grad_fn=<AddBackward0>)
overall: tensor(4.8011, device='cuda:0', grad_fn=<AddBackward0>)
overall: tensor(4.3707, device='cuda:0', grad_fn=<AddBackward0>)
overall: tensor(4.3268, device='cuda:0', grad_fn=<AddBackward0>)
overall: tensor(4.4632, device='cuda:0', grad_fn=<AddBackward0>)
overall: tensor(4.2803, device='cuda:0', grad_fn=<AddBackward0>)
overall: tensor(5.0375, device='cuda:0', grad_fn=<AddBackward0>)
overall: tensor(4.5315, device='cuda:0', grad_fn=<AddBackward0>)
overall: tensor(4.0167, device='cuda:0', grad_fn=<AddBackward0>)
overall: tensor(5.1937, device='cuda:0', grad_fn=<AddBackward0>)
overall: tensor(5.2684, device='cuda:0', grad_fn=<AddBackward0>)
batch num:100
overall: tensor(4.1872, device='cuda:0', grad_fn=<AddBackward0>)
overall: tensor(4.5545, device='cuda:0', grad_fn=<AddBackward0>)
overall: tensor(4.0455, device='cuda:0', grad_fn=<AddBackward0>)
overall: tensor(5.0151, device='cuda:0', grad_fn=<AddBackward0>)
overall: tensor(4.6609, device='cuda:0', grad_fn=<AddBackward0>)
overall: tensor(4.9722, device='cuda:0', grad_fn=<AddBackward0>)
overall: tensor(3.8581, device='cuda:0', grad_fn=<AddBackward0>)
overall: tensor(4.3828, device='cuda:0', grad_fn=<AddBackward0>)
overall: tensor(4.5003, device='cuda:0', grad_fn=<AddBackward0>)
overall: tensor(4.2125, device='cuda:0', grad_fn=<AddBackward0>)
overall: tensor(4.1061, device='cuda:0', grad_fn=<AddBackward0>)
overall: tensor(4.5635, device='cuda:0', grad_fn=<AddBackward0>)
overall: tensor(4.6513, device='cuda:0', grad_fn=<AddBackward0>)
overall: tensor(4.5348, device='cuda:0', grad_fn=<AddBackward0>)
overall: tensor(4.3623, device='cuda:0', grad_fn=<AddBackward0>)
overall: tensor(4.3257, device='cuda:0', grad_fn=<AddBackward0>)
overall: tensor(4.1606, device='cuda:0', grad_fn=<AddBackward0>)
overall: tensor(4.3059, device='cuda:0', grad_fn=<AddBackward0>)
overall: tensor(4.6958, device='cuda:0', grad_fn=<AddBackward0>)
overall: tensor(4.6917, device='cuda:0', grad_fn=<AddBackward0>)
overall: tensor(3.9054, device='cuda:0', grad_fn=<AddBackward0>)
overall: tensor(4.6819, device='cuda:0', grad_fn=<AddBackward0>)
overall: tensor(4.0519, device='cuda:0', grad_fn=<AddBackward0>)
overall: tensor(4.2165, device='cuda:0', grad_fn=<AddBackward0>)
overall: tensor(3.7385, device='cuda:0', grad_fn=<AddBackward0>)
overall: tensor(3.9350, device='cuda:0', grad_fn=<AddBackward0>)
overall: tensor(4.8118, device='cuda:0', grad_fn=<AddBackward0>)
overall: tensor(3.4330, device='cuda:0', grad_fn=<AddBackward0>)
overall: tensor(4.7398, device='cuda:0', grad_fn=<AddBackward0>)
overall: tensor(3.8203, device='cuda:0', grad_fn=<AddBackward0>)
overall: tensor(4.1498, device='cuda:0', grad_fn=<AddBackward0>)
overall: tensor(4.4222, device='cuda:0', grad_fn=<AddBackward0>)
overall: tensor(3.6974, device='cuda:0', grad_fn=<AddBackward0>)
overall: tensor(4.4891, device='cuda:0', grad_fn=<AddBackward0>)
overall: tensor(3.9132, device='cuda:0', grad_fn=<AddBackward0>)
overall: tensor(4.4221, device='cuda:0', grad_fn=<AddBackward0>)
overall: tensor(4.5362, device='cuda:0', grad_fn=<AddBackward0>)
overall: tensor(3.8398, device='cuda:0', grad_fn=<AddBackward0>)
overall: tensor(4.1844, device='cuda:0', grad_fn=<AddBackward0>)
overall: tensor(4.1214, device='cuda:0', grad_fn=<AddBackward0>)
overall: tensor(4.7414, device='cuda:0', grad_fn=<AddBackward0>)
overall: tensor(4.0168, device='cuda:0', grad_fn=<AddBackward0>)
overall: tensor(4.0370, device='cuda:0', grad_fn=<AddBackward0>)
overall: tensor(4.0935, device='cuda:0', grad_fn=<AddBackward0>)
overall: tensor(3.8907, device='cuda:0', grad_fn=<AddBackward0>)
overall: tensor(3.8962, device='cuda:0', grad_fn=<AddBackward0>)
overall: tensor(3.8491, device='cuda:0', grad_fn=<AddBackward0>)
overall: tensor(4.4898, device='cuda:0', grad_fn=<AddBackward0>)
overall: tensor(4.1137, device='cuda:0', grad_fn=<AddBackward0>)
overall: tensor(3.7803, device='cuda:0', grad_fn=<AddBackward0>)
overall: tensor(3.6549, device='cuda:0', grad_fn=<AddBackward0>)
overall: tensor(3.9803, device='cuda:0', grad_fn=<AddBackward0>)
overall: tensor(4.2174, device='cuda:0', grad_fn=<AddBackward0>)
overall: tensor(3.9844, device='cuda:0', grad_fn=<AddBackward0>)
overall: tensor(4.0798, device='cuda:0', grad_fn=<AddBackward0>)
overall: tensor(4.2885, device='cuda:0', grad_fn=<AddBackward0>)
overall: tensor(3.7506, device='cuda:0', grad_fn=<AddBackward0>)
overall: tensor(3.9498, device='cuda:0', grad_fn=<AddBackward0>)
overall: tensor(4.1308, device='cuda:0', grad_fn=<AddBackward0>)
overall: tensor(3.9916, device='cuda:0', grad_fn=<AddBackward0>)
overall: tensor(3.7340, device='cuda:0', grad_fn=<AddBackward0>)
overall: tensor(4.6171, device='cuda:0', grad_fn=<AddBackward0>)
overall: tensor(3.7944, device='cuda:0', grad_fn=<AddBackward0>)
overall: tensor(3.4419, device='cuda:0', grad_fn=<AddBackward0>)
overall: tensor(4.2532, device='cuda:0', grad_fn=<AddBackward0>)
overall: tensor(4.8753, device='cuda:0', grad_fn=<AddBackward0>)
overall: tensor(4.6894, device='cuda:0', grad_fn=<AddBackward0>)
overall: tensor(4.2622, device='cuda:0', grad_fn=<AddBackward0>)
overall: tensor(4.3891, device='cuda:0', grad_fn=<AddBackward0>)
overall: tensor(4.1741, device='cuda:0', grad_fn=<AddBackward0>)
overall: tensor(4.6375, device='cuda:0', grad_fn=<AddBackward0>)
overall: tensor(4.1370, device='cuda:0', grad_fn=<AddBackward0>)
overall: tensor(4.0907, device='cuda:0', grad_fn=<AddBackward0>)
overall: tensor(4.3872, device='cuda:0', grad_fn=<AddBackward0>)
overall: tensor(3.7341, device='cuda:0', grad_fn=<AddBackward0>)
overall: tensor(3.8221, device='cuda:0', grad_fn=<AddBackward0>)
overall: tensor(4.0855, device='cuda:0', grad_fn=<AddBackward0>)
overall: tensor(3.8897, device='cuda:0', grad_fn=<AddBackward0>)
overall: tensor(3.4180, device='cuda:0', grad_fn=<AddBackward0>)
overall: tensor(4.5397, device='cuda:0', grad_fn=<AddBackward0>)
overall: tensor(3.7550, device='cuda:0', grad_fn=<AddBackward0>)
overall: tensor(3.9219, device='cuda:0', grad_fn=<AddBackward0>)
overall: tensor(4.0585, device='cuda:0', grad_fn=<AddBackward0>)
overall: tensor(4.1306, device='cuda:0', grad_fn=<AddBackward0>)
overall: tensor(4.0910, device='cuda:0', grad_fn=<AddBackward0>)
overall: tensor(4.2579, device='cuda:0', grad_fn=<AddBackward0>)
overall: tensor(4.5375, device='cuda:0', grad_fn=<AddBackward0>)
overall: tensor(4.7449, device='cuda:0', grad_fn=<AddBackward0>)
overall: tensor(4.1727, device='cuda:0', grad_fn=<AddBackward0>)
overall: tensor(4.0342, device='cuda:0', grad_fn=<AddBackward0>)
overall: tensor(4.1777, device='cuda:0', grad_fn=<AddBackward0>)
overall: tensor(3.4822, device='cuda:0', grad_fn=<AddBackward0>)
overall: tensor(3.3051, device='cuda:0', grad_fn=<AddBackward0>)
overall: tensor(3.4981, device='cuda:0', grad_fn=<AddBackward0>)
overall: tensor(4.3019, device='cuda:0', grad_fn=<AddBackward0>)
overall: tensor(4.2137, device='cuda:0', grad_fn=<AddBackward0>)
overall: tensor(4.0172, device='cuda:0', grad_fn=<AddBackward0>)
overall: tensor(4.2119, device='cuda:0', grad_fn=<AddBackward0>)
overall: tensor(4.2208, device='cuda:0', grad_fn=<AddBackward0>)
overall: tensor(4.6696, device='cuda:0', grad_fn=<AddBackward0>)
batch num:200
overall: tensor(4.8087, device='cuda:0', grad_fn=<AddBackward0>)
overall: tensor(4.3333, device='cuda:0', grad_fn=<AddBackward0>)
overall: tensor(4.0378, device='cuda:0', grad_fn=<AddBackward0>)
overall: tensor(4.7800, device='cuda:0', grad_fn=<AddBackward0>)
overall: tensor(4.2668, device='cuda:0', grad_fn=<AddBackward0>)
overall: tensor(3.7262, device='cuda:0', grad_fn=<AddBackward0>)
overall: tensor(4.6238, device='cuda:0', grad_fn=<AddBackward0>)
overall: tensor(4.5709, device='cuda:0', grad_fn=<AddBackward0>)
overall: tensor(3.5185, device='cuda:0', grad_fn=<AddBackward0>)
overall: tensor(3.8574, device='cuda:0', grad_fn=<AddBackward0>)
overall: tensor(4.3545, device='cuda:0', grad_fn=<AddBackward0>)
overall: tensor(4.4519, device='cuda:0', grad_fn=<AddBackward0>)
overall: tensor(4.1305, device='cuda:0', grad_fn=<AddBackward0>)
overall: tensor(4.2170, device='cuda:0', grad_fn=<AddBackward0>)
overall: tensor(4.6105, device='cuda:0', grad_fn=<AddBackward0>)
overall: tensor(4.0346, device='cuda:0', grad_fn=<AddBackward0>)
overall: tensor(4.3410, device='cuda:0', grad_fn=<AddBackward0>)
overall: tensor(4.7341, device='cuda:0', grad_fn=<AddBackward0>)
overall: tensor(4.6554, device='cuda:0', grad_fn=<AddBackward0>)
overall: tensor(3.7768, device='cuda:0', grad_fn=<AddBackward0>)
overall: tensor(3.9003, device='cuda:0', grad_fn=<AddBackward0>)
overall: tensor(4.2088, device='cuda:0', grad_fn=<AddBackward0>)
overall: tensor(4.1133, device='cuda:0', grad_fn=<AddBackward0>)
overall: tensor(3.3788, device='cuda:0', grad_fn=<AddBackward0>)
overall: tensor(4.1582, device='cuda:0', grad_fn=<AddBackward0>)
overall: tensor(3.4807, device='cuda:0', grad_fn=<AddBackward0>)
overall: tensor(3.8521, device='cuda:0', grad_fn=<AddBackward0>)
overall: tensor(4.1420, device='cuda:0', grad_fn=<AddBackward0>)
overall: tensor(4.1888, device='cuda:0', grad_fn=<AddBackward0>)
overall: tensor(3.5753, device='cuda:0', grad_fn=<AddBackward0>)
overall: tensor(4.1922, device='cuda:0', grad_fn=<AddBackward0>)
overall: tensor(3.9223, device='cuda:0', grad_fn=<AddBackward0>)
overall: tensor(3.4117, device='cuda:0', grad_fn=<AddBackward0>)
overall: tensor(3.9217, device='cuda:0', grad_fn=<AddBackward0>)
overall: tensor(4.1948, device='cuda:0', grad_fn=<AddBackward0>)
overall: tensor(4.0185, device='cuda:0', grad_fn=<AddBackward0>)
overall: tensor(4.1909, device='cuda:0', grad_fn=<AddBackward0>)
overall: tensor(4.4336, device='cuda:0', grad_fn=<AddBackward0>)
overall: tensor(4.5546, device='cuda:0', grad_fn=<AddBackward0>)
overall: tensor(4.2839, device='cuda:0', grad_fn=<AddBackward0>)
overall: tensor(4.4787, device='cuda:0', grad_fn=<AddBackward0>)
overall: tensor(3.3505, device='cuda:0', grad_fn=<AddBackward0>)
overall: tensor(4.2078, device='cuda:0', grad_fn=<AddBackward0>)
overall: tensor(3.8618, device='cuda:0', grad_fn=<AddBackward0>)
overall: tensor(3.2070, device='cuda:0', grad_fn=<AddBackward0>)
overall: tensor(4.1488, device='cuda:0', grad_fn=<AddBackward0>)
overall: tensor(4.8207, device='cuda:0', grad_fn=<AddBackward0>)
overall: tensor(4.7823, device='cuda:0', grad_fn=<AddBackward0>)
overall: tensor(4.4269, device='cuda:0', grad_fn=<AddBackward0>)
overall: tensor(3.6072, device='cuda:0', grad_fn=<AddBackward0>)
overall: tensor(3.8006, device='cuda:0', grad_fn=<AddBackward0>)
overall: tensor(3.1917, device='cuda:0', grad_fn=<AddBackward0>)
overall: tensor(3.4503, device='cuda:0', grad_fn=<AddBackward0>)
overall: tensor(3.8012, device='cuda:0', grad_fn=<AddBackward0>)
overall: tensor(3.6820, device='cuda:0', grad_fn=<AddBackward0>)
overall: tensor(3.0573, device='cuda:0', grad_fn=<AddBackward0>)
overall: tensor(3.8551, device='cuda:0', grad_fn=<AddBackward0>)
overall: tensor(3.6005, device='cuda:0', grad_fn=<AddBackward0>)
overall: tensor(4.2555, device='cuda:0', grad_fn=<AddBackward0>)
overall: tensor(4.2789, device='cuda:0', grad_fn=<AddBackward0>)
overall: tensor(3.9773, device='cuda:0', grad_fn=<AddBackward0>)
overall: tensor(3.1392, device='cuda:0', grad_fn=<AddBackward0>)
overall: tensor(3.7973, device='cuda:0', grad_fn=<AddBackward0>)
overall: tensor(4.1267, device='cuda:0', grad_fn=<AddBackward0>)
overall: tensor(3.9649, device='cuda:0', grad_fn=<AddBackward0>)
overall: tensor(3.9879, device='cuda:0', grad_fn=<AddBackward0>)
overall: tensor(4.4257, device='cuda:0', grad_fn=<AddBackward0>)
overall: tensor(3.2417, device='cuda:0', grad_fn=<AddBackward0>)
overall: tensor(3.9549, device='cuda:0', grad_fn=<AddBackward0>)
overall: tensor(4.0089, device='cuda:0', grad_fn=<AddBackward0>)
overall: tensor(3.8594, device='cuda:0', grad_fn=<AddBackward0>)
overall: tensor(3.3740, device='cuda:0', grad_fn=<AddBackward0>)
overall: tensor(4.0145, device='cuda:0', grad_fn=<AddBackward0>)
overall: tensor(4.2003, device='cuda:0', grad_fn=<AddBackward0>)
overall: tensor(3.8746, device='cuda:0', grad_fn=<AddBackward0>)
overall: tensor(3.1591, device='cuda:0', grad_fn=<AddBackward0>)
overall: tensor(3.8776, device='cuda:0', grad_fn=<AddBackward0>)
overall: tensor(3.7633, device='cuda:0', grad_fn=<AddBackward0>)
overall: tensor(4.5243, device='cuda:0', grad_fn=<AddBackward0>)
overall: tensor(3.5907, device='cuda:0', grad_fn=<AddBackward0>)
overall: tensor(3.7958, device='cuda:0', grad_fn=<AddBackward0>)
overall: tensor(4.1028, device='cuda:0', grad_fn=<AddBackward0>)
overall: tensor(4.4446, device='cuda:0', grad_fn=<AddBackward0>)
overall: tensor(3.6267, device='cuda:0', grad_fn=<AddBackward0>)
overall: tensor(3.9687, device='cuda:0', grad_fn=<AddBackward0>)
overall: tensor(3.6084, device='cuda:0', grad_fn=<AddBackward0>)
overall: tensor(3.4206, device='cuda:0', grad_fn=<AddBackward0>)
overall: tensor(4.3540, device='cuda:0', grad_fn=<AddBackward0>)
overall: tensor(3.4972, device='cuda:0', grad_fn=<AddBackward0>)
overall: tensor(4.2876, device='cuda:0', grad_fn=<AddBackward0>)
overall: tensor(3.6659, device='cuda:0', grad_fn=<AddBackward0>)
overall: tensor(3.9627, device='cuda:0', grad_fn=<AddBackward0>)
overall: tensor(4.8499, device='cuda:0', grad_fn=<AddBackward0>)
overall: tensor(3.9811, device='cuda:0', grad_fn=<AddBackward0>)
overall: tensor(3.1804, device='cuda:0', grad_fn=<AddBackward0>)
overall: tensor(3.6796, device='cuda:0', grad_fn=<AddBackward0>)
overall: tensor(3.5010, device='cuda:0', grad_fn=<AddBackward0>)
overall: tensor(3.1110, device='cuda:0', grad_fn=<AddBackward0>)
overall: tensor(3.3142, device='cuda:0', grad_fn=<AddBackward0>)
overall: tensor(3.9138, device='cuda:0', grad_fn=<AddBackward0>)
batch num:300
overall: tensor(2.7772, device='cuda:0', grad_fn=<AddBackward0>)
overall: tensor(3.8187, device='cuda:0', grad_fn=<AddBackward0>)
overall: tensor(3.0127, device='cuda:0', grad_fn=<AddBackward0>)
overall: tensor(3.4457, device='cuda:0', grad_fn=<AddBackward0>)
overall: tensor(3.8145, device='cuda:0', grad_fn=<AddBackward0>)
overall: tensor(4.3417, device='cuda:0', grad_fn=<AddBackward0>)
overall: tensor(4.2319, device='cuda:0', grad_fn=<AddBackward0>)
overall: tensor(3.4690, device='cuda:0', grad_fn=<AddBackward0>)
overall: tensor(3.7723, device='cuda:0', grad_fn=<AddBackward0>)
overall: tensor(4.7092, device='cuda:0', grad_fn=<AddBackward0>)
overall: tensor(3.1674, device='cuda:0', grad_fn=<AddBackward0>)
overall: tensor(4.6402, device='cuda:0', grad_fn=<AddBackward0>)
overall: tensor(3.8079, device='cuda:0', grad_fn=<AddBackward0>)
overall: tensor(3.8148, device='cuda:0', grad_fn=<AddBackward0>)
overall: tensor(4.3519, device='cuda:0', grad_fn=<AddBackward0>)
overall: tensor(3.6899, device='cuda:0', grad_fn=<AddBackward0>)
overall: tensor(3.8735, device='cuda:0', grad_fn=<AddBackward0>)
overall: tensor(3.3480, device='cuda:0', grad_fn=<AddBackward0>)
overall: tensor(4.7433, device='cuda:0', grad_fn=<AddBackward0>)
overall: tensor(3.6305, device='cuda:0', grad_fn=<AddBackward0>)
overall: tensor(3.5534, device='cuda:0', grad_fn=<AddBackward0>)
overall: tensor(3.9831, device='cuda:0', grad_fn=<AddBackward0>)
overall: tensor(3.2035, device='cuda:0', grad_fn=<AddBackward0>)
overall: tensor(3.6909, device='cuda:0', grad_fn=<AddBackward0>)
overall: tensor(3.7313, device='cuda:0', grad_fn=<AddBackward0>)
overall: tensor(3.1408, device='cuda:0', grad_fn=<AddBackward0>)
overall: tensor(3.5661, device='cuda:0', grad_fn=<AddBackward0>)
overall: tensor(3.4557, device='cuda:0', grad_fn=<AddBackward0>)
overall: tensor(3.6170, device='cuda:0', grad_fn=<AddBackward0>)
overall: tensor(4.0070, device='cuda:0', grad_fn=<AddBackward0>)
overall: tensor(3.7463, device='cuda:0', grad_fn=<AddBackward0>)
overall: tensor(3.6593, device='cuda:0', grad_fn=<AddBackward0>)
overall: tensor(3.3746, device='cuda:0', grad_fn=<AddBackward0>)
overall: tensor(4.6274, device='cuda:0', grad_fn=<AddBackward0>)
overall: tensor(2.9596, device='cuda:0', grad_fn=<AddBackward0>)
overall: tensor(4.2507, device='cuda:0', grad_fn=<AddBackward0>)
overall: tensor(3.9240, device='cuda:0', grad_fn=<AddBackward0>)
overall: tensor(5.5706, device='cuda:0', grad_fn=<AddBackward0>)
overall: tensor(3.7253, device='cuda:0', grad_fn=<AddBackward0>)
overall: tensor(3.6003, device='cuda:0', grad_fn=<AddBackward0>)
overall: tensor(3.5630, device='cuda:0', grad_fn=<AddBackward0>)
overall: tensor(3.5447, device='cuda:0', grad_fn=<AddBackward0>)
overall: tensor(4.1255, device='cuda:0', grad_fn=<AddBackward0>)
overall: tensor(3.4043, device='cuda:0', grad_fn=<AddBackward0>)
overall: tensor(3.9654, device='cuda:0', grad_fn=<AddBackward0>)
overall: tensor(4.0352, device='cuda:0', grad_fn=<AddBackward0>)
overall: tensor(3.9778, device='cuda:0', grad_fn=<AddBackward0>)
overall: tensor(3.2322, device='cuda:0', grad_fn=<AddBackward0>)
overall: tensor(4.1232, device='cuda:0', grad_fn=<AddBackward0>)
overall: tensor(3.8142, device='cuda:0', grad_fn=<AddBackward0>)
overall: tensor(3.6560, device='cuda:0', grad_fn=<AddBackward0>)
overall: tensor(3.7553, device='cuda:0', grad_fn=<AddBackward0>)
overall: tensor(3.1064, device='cuda:0', grad_fn=<AddBackward0>)
overall: tensor(3.8938, device='cuda:0', grad_fn=<AddBackward0>)
overall: tensor(4.8903, device='cuda:0', grad_fn=<AddBackward0>)
overall: tensor(3.8761, device='cuda:0', grad_fn=<AddBackward0>)
overall: tensor(3.4348, device='cuda:0', grad_fn=<AddBackward0>)
overall: tensor(3.4651, device='cuda:0', grad_fn=<AddBackward0>)
overall: tensor(3.3009, device='cuda:0', grad_fn=<AddBackward0>)
overall: tensor(3.0196, device='cuda:0', grad_fn=<AddBackward0>)
overall: tensor(3.6037, device='cuda:0', grad_fn=<AddBackward0>)
overall: tensor(3.8886, device='cuda:0', grad_fn=<AddBackward0>)
overall: tensor(3.3375, device='cuda:0', grad_fn=<AddBackward0>)
overall: tensor(3.6764, device='cuda:0', grad_fn=<AddBackward0>)
overall: tensor(3.5370, device='cuda:0', grad_fn=<AddBackward0>)
overall: tensor(4.0715, device='cuda:0', grad_fn=<AddBackward0>)
overall: tensor(4.0181, device='cuda:0', grad_fn=<AddBackward0>)
overall: tensor(3.1724, device='cuda:0', grad_fn=<AddBackward0>)
overall: tensor(3.3816, device='cuda:0', grad_fn=<AddBackward0>)
overall: tensor(2.8193, device='cuda:0', grad_fn=<AddBackward0>)
overall: tensor(3.0212, device='cuda:0', grad_fn=<AddBackward0>)
overall: tensor(3.2202, device='cuda:0', grad_fn=<AddBackward0>)
overall: tensor(3.4292, device='cuda:0', grad_fn=<AddBackward0>)
overall: tensor(3.9857, device='cuda:0', grad_fn=<AddBackward0>)
overall: tensor(3.6140, device='cuda:0', grad_fn=<AddBackward0>)
overall: tensor(3.4997, device='cuda:0', grad_fn=<AddBackward0>)
overall: tensor(3.2673, device='cuda:0', grad_fn=<AddBackward0>)
overall: tensor(3.2987, device='cuda:0', grad_fn=<AddBackward0>)
overall: tensor(3.6444, device='cuda:0', grad_fn=<AddBackward0>)
overall: tensor(4.0934, device='cuda:0', grad_fn=<AddBackward0>)
overall: tensor(4.0888, device='cuda:0', grad_fn=<AddBackward0>)
overall: tensor(3.8985, device='cuda:0', grad_fn=<AddBackward0>)
overall: tensor(4.0695, device='cuda:0', grad_fn=<AddBackward0>)
overall: tensor(3.6019, device='cuda:0', grad_fn=<AddBackward0>)
overall: tensor(4.0433, device='cuda:0', grad_fn=<AddBackward0>)
overall: tensor(3.8137, device='cuda:0', grad_fn=<AddBackward0>)
overall: tensor(3.7182, device='cuda:0', grad_fn=<AddBackward0>)
overall: tensor(2.8552, device='cuda:0', grad_fn=<AddBackward0>)
overall: tensor(3.1061, device='cuda:0', grad_fn=<AddBackward0>)
overall: tensor(3.9179, device='cuda:0', grad_fn=<AddBackward0>)
overall: tensor(3.3098, device='cuda:0', grad_fn=<AddBackward0>)
overall: tensor(3.4051, device='cuda:0', grad_fn=<AddBackward0>)
overall: tensor(2.9471, device='cuda:0', grad_fn=<AddBackward0>)
overall: tensor(3.2668, device='cuda:0', grad_fn=<AddBackward0>)
overall: tensor(3.8132, device='cuda:0', grad_fn=<AddBackward0>)
overall: tensor(3.6536, device='cuda:0', grad_fn=<AddBackward0>)
overall: tensor(3.9255, device='cuda:0', grad_fn=<AddBackward0>)
overall: tensor(3.3684, device='cuda:0', grad_fn=<AddBackward0>)
overall: tensor(3.5123, device='cuda:0', grad_fn=<AddBackward0>)
overall: tensor(3.4202, device='cuda:0', grad_fn=<AddBackward0>)
batch num:400
overall: tensor(3.0693, device='cuda:0', grad_fn=<AddBackward0>)
overall: tensor(3.8901, device='cuda:0', grad_fn=<AddBackward0>)
overall: tensor(3.5118, device='cuda:0', grad_fn=<AddBackward0>)
overall: tensor(3.7334, device='cuda:0', grad_fn=<AddBackward0>)
overall: tensor(3.8703, device='cuda:0', grad_fn=<AddBackward0>)
overall: tensor(3.7372, device='cuda:0', grad_fn=<AddBackward0>)
overall: tensor(4.3511, device='cuda:0', grad_fn=<AddBackward0>)
overall: tensor(3.3868, device='cuda:0', grad_fn=<AddBackward0>)
overall: tensor(3.1748, device='cuda:0', grad_fn=<AddBackward0>)
overall: tensor(3.7107, device='cuda:0', grad_fn=<AddBackward0>)
overall: tensor(4.2224, device='cuda:0', grad_fn=<AddBackward0>)
overall: tensor(3.7231, device='cuda:0', grad_fn=<AddBackward0>)
overall: tensor(3.6624, device='cuda:0', grad_fn=<AddBackward0>)
overall: tensor(3.4301, device='cuda:0', grad_fn=<AddBackward0>)
overall: tensor(3.1740, device='cuda:0', grad_fn=<AddBackward0>)
overall: tensor(4.1043, device='cuda:0', grad_fn=<AddBackward0>)
overall: tensor(3.3159, device='cuda:0', grad_fn=<AddBackward0>)
overall: tensor(2.8432, device='cuda:0', grad_fn=<AddBackward0>)
overall: tensor(3.6248, device='cuda:0', grad_fn=<AddBackward0>)
overall: tensor(3.9847, device='cuda:0', grad_fn=<AddBackward0>)
overall: tensor(3.0581, device='cuda:0', grad_fn=<AddBackward0>)
overall: tensor(3.7301, device='cuda:0', grad_fn=<AddBackward0>)
overall: tensor(3.3808, device='cuda:0', grad_fn=<AddBackward0>)
overall: tensor(3.1397, device='cuda:0', grad_fn=<AddBackward0>)
overall: tensor(3.5524, device='cuda:0', grad_fn=<AddBackward0>)
overall: tensor(3.7276, device='cuda:0', grad_fn=<AddBackward0>)
overall: tensor(3.4085, device='cuda:0', grad_fn=<AddBackward0>)
overall: tensor(3.5056, device='cuda:0', grad_fn=<AddBackward0>)
overall: tensor(3.6010, device='cuda:0', grad_fn=<AddBackward0>)
overall: tensor(3.7671, device='cuda:0', grad_fn=<AddBackward0>)
overall: tensor(2.8148, device='cuda:0', grad_fn=<AddBackward0>)
overall: tensor(3.7972, device='cuda:0', grad_fn=<AddBackward0>)
overall: tensor(3.4885, device='cuda:0', grad_fn=<AddBackward0>)
overall: tensor(4.1079, device='cuda:0', grad_fn=<AddBackward0>)
overall: tensor(3.2337, device='cuda:0', grad_fn=<AddBackward0>)
overall: tensor(3.2595, device='cuda:0', grad_fn=<AddBackward0>)
overall: tensor(3.8317, device='cuda:0', grad_fn=<AddBackward0>)
overall: tensor(3.0256, device='cuda:0', grad_fn=<AddBackward0>)
overall: tensor(3.6456, device='cuda:0', grad_fn=<AddBackward0>)
overall: tensor(4.1918, device='cuda:0', grad_fn=<AddBackward0>)
overall: tensor(3.1745, device='cuda:0', grad_fn=<AddBackward0>)
overall: tensor(3.4661, device='cuda:0', grad_fn=<AddBackward0>)
overall: tensor(3.1193, device='cuda:0', grad_fn=<AddBackward0>)
overall: tensor(3.7803, device='cuda:0', grad_fn=<AddBackward0>)
overall: tensor(4.8873, device='cuda:0', grad_fn=<AddBackward0>)
overall: tensor(2.8939, device='cuda:0', grad_fn=<AddBackward0>)
overall: tensor(3.7843, device='cuda:0', grad_fn=<AddBackward0>)
overall: tensor(3.3472, device='cuda:0', grad_fn=<AddBackward0>)
overall: tensor(4.3208, device='cuda:0', grad_fn=<AddBackward0>)
overall: tensor(4.2223, device='cuda:0', grad_fn=<AddBackward0>)
overall: tensor(3.4171, device='cuda:0', grad_fn=<AddBackward0>)
overall: tensor(4.5457, device='cuda:0', grad_fn=<AddBackward0>)
overall: tensor(3.9505, device='cuda:0', grad_fn=<AddBackward0>)
overall: tensor(3.7517, device='cuda:0', grad_fn=<AddBackward0>)
overall: tensor(3.4865, device='cuda:0', grad_fn=<AddBackward0>)
overall: tensor(4.2693, device='cuda:0', grad_fn=<AddBackward0>)
overall: tensor(4.0321, device='cuda:0', grad_fn=<AddBackward0>)
overall: tensor(2.9649, device='cuda:0', grad_fn=<AddBackward0>)
overall: tensor(3.7349, device='cuda:0', grad_fn=<AddBackward0>)
overall: tensor(3.8858, device='cuda:0', grad_fn=<AddBackward0>)
overall: tensor(3.9267, device='cuda:0', grad_fn=<AddBackward0>)
overall: tensor(3.0284, device='cuda:0', grad_fn=<AddBackward0>)
overall: tensor(4.2444, device='cuda:0', grad_fn=<AddBackward0>)
overall: tensor(2.8626, device='cuda:0', grad_fn=<AddBackward0>)
overall: tensor(3.4135, device='cuda:0', grad_fn=<AddBackward0>)
overall: tensor(3.7471, device='cuda:0', grad_fn=<AddBackward0>)
overall: tensor(3.5192, device='cuda:0', grad_fn=<AddBackward0>)
overall: tensor(3.8378, device='cuda:0', grad_fn=<AddBackward0>)
overall: tensor(2.8720, device='cuda:0', grad_fn=<AddBackward0>)
overall: tensor(3.3464, device='cuda:0', grad_fn=<AddBackward0>)
overall: tensor(3.6346, device='cuda:0', grad_fn=<AddBackward0>)
overall: tensor(3.6006, device='cuda:0', grad_fn=<AddBackward0>)
overall: tensor(3.1135, device='cuda:0', grad_fn=<AddBackward0>)
overall: tensor(3.2599, device='cuda:0', grad_fn=<AddBackward0>)
overall: tensor(3.4639, device='cuda:0', grad_fn=<AddBackward0>)
overall: tensor(3.2526, device='cuda:0', grad_fn=<AddBackward0>)
overall: tensor(3.2413, device='cuda:0', grad_fn=<AddBackward0>)
overall: tensor(3.1964, device='cuda:0', grad_fn=<AddBackward0>)
overall: tensor(2.9348, device='cuda:0', grad_fn=<AddBackward0>)
overall: tensor(2.8846, device='cuda:0', grad_fn=<AddBackward0>)
overall: tensor(3.8640, device='cuda:0', grad_fn=<AddBackward0>)
overall: tensor(3.3552, device='cuda:0', grad_fn=<AddBackward0>)
overall: tensor(3.7111, device='cuda:0', grad_fn=<AddBackward0>)
overall: tensor(3.8277, device='cuda:0', grad_fn=<AddBackward0>)
overall: tensor(3.6545, device='cuda:0', grad_fn=<AddBackward0>)
overall: tensor(2.9709, device='cuda:0', grad_fn=<AddBackward0>)
overall: tensor(3.4601, device='cuda:0', grad_fn=<AddBackward0>)
overall: tensor(3.2857, device='cuda:0', grad_fn=<AddBackward0>)
overall: tensor(3.7104, device='cuda:0', grad_fn=<AddBackward0>)
overall: tensor(3.7260, device='cuda:0', grad_fn=<AddBackward0>)
overall: tensor(3.0798, device='cuda:0', grad_fn=<AddBackward0>)
overall: tensor(2.8484, device='cuda:0', grad_fn=<AddBackward0>)
overall: tensor(3.7497, device='cuda:0', grad_fn=<AddBackward0>)
overall: tensor(3.7231, device='cuda:0', grad_fn=<AddBackward0>)
overall: tensor(3.5289, device='cuda:0', grad_fn=<AddBackward0>)
overall: tensor(3.9748, device='cuda:0', grad_fn=<AddBackward0>)
overall: tensor(3.4607, device='cuda:0', grad_fn=<AddBackward0>)
overall: tensor(3.5386, device='cuda:0', grad_fn=<AddBackward0>)
overall: tensor(3.8646, device='cuda:0', grad_fn=<AddBackward0>)
overall: tensor(3.6360, device='cuda:0', grad_fn=<AddBackward0>)
batch num:500
overall: tensor(3.1911, device='cuda:0', grad_fn=<AddBackward0>)
overall: tensor(2.7933, device='cuda:0', grad_fn=<AddBackward0>)
overall: tensor(3.9007, device='cuda:0', grad_fn=<AddBackward0>)
overall: tensor(3.1701, device='cuda:0', grad_fn=<AddBackward0>)
overall: tensor(3.5535, device='cuda:0', grad_fn=<AddBackward0>)
overall: tensor(3.7504, device='cuda:0', grad_fn=<AddBackward0>)
overall: tensor(4.2700, device='cuda:0', grad_fn=<AddBackward0>)
overall: tensor(4.0373, device='cuda:0', grad_fn=<AddBackward0>)
overall: tensor(3.7816, device='cuda:0', grad_fn=<AddBackward0>)
overall: tensor(3.5481, device='cuda:0', grad_fn=<AddBackward0>)
overall: tensor(3.0926, device='cuda:0', grad_fn=<AddBackward0>)
overall: tensor(2.8241, device='cuda:0', grad_fn=<AddBackward0>)
overall: tensor(3.4940, device='cuda:0', grad_fn=<AddBackward0>)
overall: tensor(3.0085, device='cuda:0', grad_fn=<AddBackward0>)
overall: tensor(3.3964, device='cuda:0', grad_fn=<AddBackward0>)
overall: tensor(3.3815, device='cuda:0', grad_fn=<AddBackward0>)
overall: tensor(3.3290, device='cuda:0', grad_fn=<AddBackward0>)
overall: tensor(2.5056, device='cuda:0', grad_fn=<AddBackward0>)
overall: tensor(3.4635, device='cuda:0', grad_fn=<AddBackward0>)
overall: tensor(4.3668, device='cuda:0', grad_fn=<AddBackward0>)
overall: tensor(3.3927, device='cuda:0', grad_fn=<AddBackward0>)
overall: tensor(3.1977, device='cuda:0', grad_fn=<AddBackward0>)
overall: tensor(2.5833, device='cuda:0', grad_fn=<AddBackward0>)
overall: tensor(3.7672, device='cuda:0', grad_fn=<AddBackward0>)
overall: tensor(3.1500, device='cuda:0', grad_fn=<AddBackward0>)
overall: tensor(3.6931, device='cuda:0', grad_fn=<AddBackward0>)
overall: tensor(4.1113, device='cuda:0', grad_fn=<AddBackward0>)
overall: tensor(3.4776, device='cuda:0', grad_fn=<AddBackward0>)
overall: tensor(3.4595, device='cuda:0', grad_fn=<AddBackward0>)
overall: tensor(4.2040, device='cuda:0', grad_fn=<AddBackward0>)
overall: tensor(3.3603, device='cuda:0', grad_fn=<AddBackward0>)
overall: tensor(4.0071, device='cuda:0', grad_fn=<AddBackward0>)
overall: tensor(3.7331, device='cuda:0', grad_fn=<AddBackward0>)
overall: tensor(2.7628, device='cuda:0', grad_fn=<AddBackward0>)
overall: tensor(4.1980, device='cuda:0', grad_fn=<AddBackward0>)
overall: tensor(4.0109, device='cuda:0', grad_fn=<AddBackward0>)
overall: tensor(3.4279, device='cuda:0', grad_fn=<AddBackward0>)
overall: tensor(3.1397, device='cuda:0', grad_fn=<AddBackward0>)
overall: tensor(2.9841, device='cuda:0', grad_fn=<AddBackward0>)
overall: tensor(3.2222, device='cuda:0', grad_fn=<AddBackward0>)
overall: tensor(3.4294, device='cuda:0', grad_fn=<AddBackward0>)
overall: tensor(3.1571, device='cuda:0', grad_fn=<AddBackward0>)
overall: tensor(3.5552, device='cuda:0', grad_fn=<AddBackward0>)
overall: tensor(3.4149, device='cuda:0', grad_fn=<AddBackward0>)
overall: tensor(3.3939, device='cuda:0', grad_fn=<AddBackward0>)
overall: tensor(3.2674, device='cuda:0', grad_fn=<AddBackward0>)
overall: tensor(3.6737, device='cuda:0', grad_fn=<AddBackward0>)
overall: tensor(3.5799, device='cuda:0', grad_fn=<AddBackward0>)
overall: tensor(4.1410, device='cuda:0', grad_fn=<AddBackward0>)
overall: tensor(4.0835, device='cuda:0', grad_fn=<AddBackward0>)
overall: tensor(3.9257, device='cuda:0', grad_fn=<AddBackward0>)
overall: tensor(3.3286, device='cuda:0', grad_fn=<AddBackward0>)
overall: tensor(4.0740, device='cuda:0', grad_fn=<AddBackward0>)
overall: tensor(3.6781, device='cuda:0', grad_fn=<AddBackward0>)
overall: tensor(3.4607, device='cuda:0', grad_fn=<AddBackward0>)
overall: tensor(3.3630, device='cuda:0', grad_fn=<AddBackward0>)
overall: tensor(3.1587, device='cuda:0', grad_fn=<AddBackward0>)
overall: tensor(3.5900, device='cuda:0', grad_fn=<AddBackward0>)
overall: tensor(2.6131, device='cuda:0', grad_fn=<AddBackward0>)
overall: tensor(3.3110, device='cuda:0', grad_fn=<AddBackward0>)
overall: tensor(3.9794, device='cuda:0', grad_fn=<AddBackward0>)
Traceback (most recent call last):
  File "train_hotswapped.py", line 173, in <module>
    for i, (context_images, target_images, context_images_2, target_images_2, bbox, labels_cpu) in enumerate(dataloader):
  File "/n/home05/smadan/.conda/envs/domain_adaptation/lib/python3.8/site-packages/torch/utils/data/dataloader.py", line 521, in __next__
    data = self._next_data()
  File "/n/home05/smadan/.conda/envs/domain_adaptation/lib/python3.8/site-packages/torch/utils/data/dataloader.py", line 561, in _next_data
    data = self._dataset_fetcher.fetch(index)  # may raise StopIteration
  File "/n/home05/smadan/.conda/envs/domain_adaptation/lib/python3.8/site-packages/torch/utils/data/_utils/fetch.py", line 44, in fetch
    data = [self.dataset[idx] for idx in possibly_batched_index]
  File "/n/home05/smadan/.conda/envs/domain_adaptation/lib/python3.8/site-packages/torch/utils/data/_utils/fetch.py", line 44, in <listcomp>
    data = [self.dataset[idx] for idx in possibly_batched_index]
  File "/net/coxfs01/srv/export/coxfs01/pfister_lab2/share_root/Lab/spandan/contextual_domain_adaptation/WhenPigsFlyContext/core/dataset_hotswapped.py", line 111, in __getitem__
    image_2 = Image.open(image_path_2)
  File "/n/home05/smadan/.conda/envs/domain_adaptation/lib/python3.8/site-packages/PIL/Image.py", line 2968, in open
    fp = builtins.open(filename, "rb")
FileNotFoundError: [Errno 2] No such file or directory: '../openrooms/stylized_all_openrooms/main_xml_50_3//scene0474_00/im_16.png'
