1
2022-03-27 22:35:47.471260: W tensorflow/stream_executor/platform/default/dso_loader.cc:64] Could not load dynamic library 'libcudart.so.11.0'; dlerror: libcudart.so.11.0: cannot open shared object file: No such file or directory
2022-03-27 22:35:47.476790: I tensorflow/stream_executor/cuda/cudart_stub.cc:29] Ignore above cudart dlerror if you do not have a GPU set up on your machine.
Task is classification, not lift the flap.
Hard mining set to:both
Using materials: ['main_xml_50_2', 'main_xml_50_3', 'main_xml_50_4', 'main_xml_50_5', 'main_xml_50_6', 'main_xml1_arbitrary_1', 'main_xml1_arbitrary_candy', 'main_xml1_arbitrary_Composition-VII', 'main_xml1_arbitrary_la_muse', 'main_xml1_arbitrary_rain_princess', 'main_xml1_arbitrary_seated_nude', 'main_xml1_arbitrary_Starry', 'main_xml1_arbitrary_style11', 'main_xml1_arbitrary_udnie', 'main_xml1_arbitrary_wave']
Hotswapped material loader being used.
{1: 0, 2: 1, 3: 2, 4: 3, 5: 4, 6: 5, 7: 6, 8: 7, 9: 8, 10: 9, 11: 10, 12: 11, 13: 12}
-------------------------------
Annotation Counts
-------------------------------
table                     10252
sofa                       3102
chair                     17117
window                     5089
bookshelf                  3324
bed                        2831
monitor                    2408
trash_bin                  2857
file_cabinet               1418
desk                       4200
lamp                        589
bathtub                    1518
flowerpot                   162
Total                     54867
-------------------------------

annotations: ../openrooms/annotation_files/train_main_viewpoints_0_1_v3.json
batch_size: 15
checkpoint: null
git: e22ff54d4e15e859ff3672c5fc808cec0abfc80d
imagedir: ../
imbalance_reweighting: false
learning_rate: 1.0e-05
num_classes: 13
num_decoder_heads: 8
num_decoder_layers: 6
test_annotations: null
test_imagedir: null
uncertainty_gate_type: learned
uncertainty_threshold: 0.8
weighted_prediction: false

No checkpoint was passed.
Starting epoch: 1
batch num:0
overall: tensor(6.2647, device='cuda:0', grad_fn=<AddBackward0>)
overall: tensor(6.8938, device='cuda:0', grad_fn=<AddBackward0>)
overall: tensor(5.8181, device='cuda:0', grad_fn=<AddBackward0>)
overall: tensor(5.2097, device='cuda:0', grad_fn=<AddBackward0>)
overall: tensor(5.3170, device='cuda:0', grad_fn=<AddBackward0>)
overall: tensor(6.0158, device='cuda:0', grad_fn=<AddBackward0>)
overall: tensor(5.1850, device='cuda:0', grad_fn=<AddBackward0>)
overall: tensor(5.3594, device='cuda:0', grad_fn=<AddBackward0>)
overall: tensor(5.9448, device='cuda:0', grad_fn=<AddBackward0>)
overall: tensor(6.0422, device='cuda:0', grad_fn=<AddBackward0>)
overall: tensor(5.6007, device='cuda:0', grad_fn=<AddBackward0>)
overall: tensor(5.6086, device='cuda:0', grad_fn=<AddBackward0>)
overall: tensor(5.5428, device='cuda:0', grad_fn=<AddBackward0>)
overall: tensor(5.4840, device='cuda:0', grad_fn=<AddBackward0>)
overall: tensor(5.0288, device='cuda:0', grad_fn=<AddBackward0>)
overall: tensor(5.2215, device='cuda:0', grad_fn=<AddBackward0>)
overall: tensor(4.9722, device='cuda:0', grad_fn=<AddBackward0>)
overall: tensor(5.0662, device='cuda:0', grad_fn=<AddBackward0>)
overall: tensor(5.4249, device='cuda:0', grad_fn=<AddBackward0>)
overall: tensor(4.5184, device='cuda:0', grad_fn=<AddBackward0>)
overall: tensor(4.0897, device='cuda:0', grad_fn=<AddBackward0>)
overall: tensor(5.2132, device='cuda:0', grad_fn=<AddBackward0>)
overall: tensor(5.2732, device='cuda:0', grad_fn=<AddBackward0>)
overall: tensor(4.8590, device='cuda:0', grad_fn=<AddBackward0>)
overall: tensor(5.5573, device='cuda:0', grad_fn=<AddBackward0>)
overall: tensor(4.3993, device='cuda:0', grad_fn=<AddBackward0>)
overall: tensor(5.3089, device='cuda:0', grad_fn=<AddBackward0>)
overall: tensor(4.6169, device='cuda:0', grad_fn=<AddBackward0>)
overall: tensor(4.7741, device='cuda:0', grad_fn=<AddBackward0>)
overall: tensor(4.6727, device='cuda:0', grad_fn=<AddBackward0>)
overall: tensor(4.7504, device='cuda:0', grad_fn=<AddBackward0>)
overall: tensor(5.0323, device='cuda:0', grad_fn=<AddBackward0>)
overall: tensor(4.8708, device='cuda:0', grad_fn=<AddBackward0>)
overall: tensor(5.5843, device='cuda:0', grad_fn=<AddBackward0>)
overall: tensor(4.7319, device='cuda:0', grad_fn=<AddBackward0>)
overall: tensor(4.5037, device='cuda:0', grad_fn=<AddBackward0>)
overall: tensor(4.7077, device='cuda:0', grad_fn=<AddBackward0>)
overall: tensor(5.0565, device='cuda:0', grad_fn=<AddBackward0>)
overall: tensor(4.5767, device='cuda:0', grad_fn=<AddBackward0>)
overall: tensor(4.9308, device='cuda:0', grad_fn=<AddBackward0>)
overall: tensor(4.5569, device='cuda:0', grad_fn=<AddBackward0>)
overall: tensor(5.2438, device='cuda:0', grad_fn=<AddBackward0>)
overall: tensor(4.7697, device='cuda:0', grad_fn=<AddBackward0>)
overall: tensor(4.7608, device='cuda:0', grad_fn=<AddBackward0>)
overall: tensor(5.3239, device='cuda:0', grad_fn=<AddBackward0>)
overall: tensor(4.8879, device='cuda:0', grad_fn=<AddBackward0>)
overall: tensor(5.3041, device='cuda:0', grad_fn=<AddBackward0>)
overall: tensor(4.8420, device='cuda:0', grad_fn=<AddBackward0>)
overall: tensor(4.8610, device='cuda:0', grad_fn=<AddBackward0>)
overall: tensor(4.4468, device='cuda:0', grad_fn=<AddBackward0>)
overall: tensor(4.8571, device='cuda:0', grad_fn=<AddBackward0>)
overall: tensor(4.7534, device='cuda:0', grad_fn=<AddBackward0>)
overall: tensor(4.6346, device='cuda:0', grad_fn=<AddBackward0>)
overall: tensor(4.8010, device='cuda:0', grad_fn=<AddBackward0>)
overall: tensor(4.5877, device='cuda:0', grad_fn=<AddBackward0>)
overall: tensor(4.4629, device='cuda:0', grad_fn=<AddBackward0>)
overall: tensor(4.7257, device='cuda:0', grad_fn=<AddBackward0>)
overall: tensor(5.3097, device='cuda:0', grad_fn=<AddBackward0>)
overall: tensor(5.1902, device='cuda:0', grad_fn=<AddBackward0>)
overall: tensor(5.1808, device='cuda:0', grad_fn=<AddBackward0>)
overall: tensor(5.3770, device='cuda:0', grad_fn=<AddBackward0>)
overall: tensor(4.5332, device='cuda:0', grad_fn=<AddBackward0>)
overall: tensor(4.6238, device='cuda:0', grad_fn=<AddBackward0>)
overall: tensor(4.2332, device='cuda:0', grad_fn=<AddBackward0>)
overall: tensor(5.2171, device='cuda:0', grad_fn=<AddBackward0>)
overall: tensor(4.8461, device='cuda:0', grad_fn=<AddBackward0>)
overall: tensor(4.6098, device='cuda:0', grad_fn=<AddBackward0>)
overall: tensor(4.5863, device='cuda:0', grad_fn=<AddBackward0>)
overall: tensor(4.5758, device='cuda:0', grad_fn=<AddBackward0>)
overall: tensor(4.6134, device='cuda:0', grad_fn=<AddBackward0>)
overall: tensor(4.8120, device='cuda:0', grad_fn=<AddBackward0>)
overall: tensor(5.0504, device='cuda:0', grad_fn=<AddBackward0>)
overall: tensor(4.6621, device='cuda:0', grad_fn=<AddBackward0>)
overall: tensor(4.7461, device='cuda:0', grad_fn=<AddBackward0>)
overall: tensor(5.0684, device='cuda:0', grad_fn=<AddBackward0>)
overall: tensor(4.8650, device='cuda:0', grad_fn=<AddBackward0>)
overall: tensor(4.6591, device='cuda:0', grad_fn=<AddBackward0>)
overall: tensor(5.4914, device='cuda:0', grad_fn=<AddBackward0>)
overall: tensor(4.6625, device='cuda:0', grad_fn=<AddBackward0>)
overall: tensor(4.7399, device='cuda:0', grad_fn=<AddBackward0>)
overall: tensor(4.7956, device='cuda:0', grad_fn=<AddBackward0>)
overall: tensor(4.4167, device='cuda:0', grad_fn=<AddBackward0>)
overall: tensor(4.6143, device='cuda:0', grad_fn=<AddBackward0>)
overall: tensor(4.5468, device='cuda:0', grad_fn=<AddBackward0>)
overall: tensor(4.5082, device='cuda:0', grad_fn=<AddBackward0>)
overall: tensor(4.7803, device='cuda:0', grad_fn=<AddBackward0>)
overall: tensor(4.8909, device='cuda:0', grad_fn=<AddBackward0>)
overall: tensor(4.3015, device='cuda:0', grad_fn=<AddBackward0>)
overall: tensor(5.0823, device='cuda:0', grad_fn=<AddBackward0>)
overall: tensor(5.4981, device='cuda:0', grad_fn=<AddBackward0>)
overall: tensor(4.5557, device='cuda:0', grad_fn=<AddBackward0>)
overall: tensor(4.6894, device='cuda:0', grad_fn=<AddBackward0>)
overall: tensor(4.6921, device='cuda:0', grad_fn=<AddBackward0>)
overall: tensor(4.6621, device='cuda:0', grad_fn=<AddBackward0>)
overall: tensor(4.6132, device='cuda:0', grad_fn=<AddBackward0>)
overall: tensor(4.3085, device='cuda:0', grad_fn=<AddBackward0>)
overall: tensor(4.3717, device='cuda:0', grad_fn=<AddBackward0>)
overall: tensor(4.4640, device='cuda:0', grad_fn=<AddBackward0>)
overall: tensor(4.9049, device='cuda:0', grad_fn=<AddBackward0>)
overall: tensor(4.6938, device='cuda:0', grad_fn=<AddBackward0>)
batch num:100
overall: tensor(4.4125, device='cuda:0', grad_fn=<AddBackward0>)
overall: tensor(4.3585, device='cuda:0', grad_fn=<AddBackward0>)
overall: tensor(4.5370, device='cuda:0', grad_fn=<AddBackward0>)
overall: tensor(4.5380, device='cuda:0', grad_fn=<AddBackward0>)
overall: tensor(5.1312, device='cuda:0', grad_fn=<AddBackward0>)
overall: tensor(4.1981, device='cuda:0', grad_fn=<AddBackward0>)
overall: tensor(5.0209, device='cuda:0', grad_fn=<AddBackward0>)
overall: tensor(4.7491, device='cuda:0', grad_fn=<AddBackward0>)
overall: tensor(4.9460, device='cuda:0', grad_fn=<AddBackward0>)
overall: tensor(4.6002, device='cuda:0', grad_fn=<AddBackward0>)
overall: tensor(4.7265, device='cuda:0', grad_fn=<AddBackward0>)
overall: tensor(4.5029, device='cuda:0', grad_fn=<AddBackward0>)
overall: tensor(4.7008, device='cuda:0', grad_fn=<AddBackward0>)
overall: tensor(4.7758, device='cuda:0', grad_fn=<AddBackward0>)
overall: tensor(4.0578, device='cuda:0', grad_fn=<AddBackward0>)
overall: tensor(4.2015, device='cuda:0', grad_fn=<AddBackward0>)
overall: tensor(4.9780, device='cuda:0', grad_fn=<AddBackward0>)
overall: tensor(4.9128, device='cuda:0', grad_fn=<AddBackward0>)
overall: tensor(4.1223, device='cuda:0', grad_fn=<AddBackward0>)
overall: tensor(4.5531, device='cuda:0', grad_fn=<AddBackward0>)
overall: tensor(4.5558, device='cuda:0', grad_fn=<AddBackward0>)
overall: tensor(4.0749, device='cuda:0', grad_fn=<AddBackward0>)
overall: tensor(5.4088, device='cuda:0', grad_fn=<AddBackward0>)
overall: tensor(4.8007, device='cuda:0', grad_fn=<AddBackward0>)
overall: tensor(4.2326, device='cuda:0', grad_fn=<AddBackward0>)
overall: tensor(4.5864, device='cuda:0', grad_fn=<AddBackward0>)
overall: tensor(4.4010, device='cuda:0', grad_fn=<AddBackward0>)
overall: tensor(4.6007, device='cuda:0', grad_fn=<AddBackward0>)
overall: tensor(4.6991, device='cuda:0', grad_fn=<AddBackward0>)
overall: tensor(4.2544, device='cuda:0', grad_fn=<AddBackward0>)
overall: tensor(4.4759, device='cuda:0', grad_fn=<AddBackward0>)
overall: tensor(4.5212, device='cuda:0', grad_fn=<AddBackward0>)
overall: tensor(4.6206, device='cuda:0', grad_fn=<AddBackward0>)
overall: tensor(4.7663, device='cuda:0', grad_fn=<AddBackward0>)
overall: tensor(4.2610, device='cuda:0', grad_fn=<AddBackward0>)
overall: tensor(4.5216, device='cuda:0', grad_fn=<AddBackward0>)
overall: tensor(4.8532, device='cuda:0', grad_fn=<AddBackward0>)
overall: tensor(4.7865, device='cuda:0', grad_fn=<AddBackward0>)
overall: tensor(4.4108, device='cuda:0', grad_fn=<AddBackward0>)
overall: tensor(4.7899, device='cuda:0', grad_fn=<AddBackward0>)
overall: tensor(4.6158, device='cuda:0', grad_fn=<AddBackward0>)
overall: tensor(4.7239, device='cuda:0', grad_fn=<AddBackward0>)
overall: tensor(5.0643, device='cuda:0', grad_fn=<AddBackward0>)
overall: tensor(4.6629, device='cuda:0', grad_fn=<AddBackward0>)
overall: tensor(4.4687, device='cuda:0', grad_fn=<AddBackward0>)
overall: tensor(5.0924, device='cuda:0', grad_fn=<AddBackward0>)
overall: tensor(4.2738, device='cuda:0', grad_fn=<AddBackward0>)
overall: tensor(4.6632, device='cuda:0', grad_fn=<AddBackward0>)
overall: tensor(4.4974, device='cuda:0', grad_fn=<AddBackward0>)
overall: tensor(4.5716, device='cuda:0', grad_fn=<AddBackward0>)
overall: tensor(4.5270, device='cuda:0', grad_fn=<AddBackward0>)
overall: tensor(4.5114, device='cuda:0', grad_fn=<AddBackward0>)
overall: tensor(5.0989, device='cuda:0', grad_fn=<AddBackward0>)
overall: tensor(4.5442, device='cuda:0', grad_fn=<AddBackward0>)
overall: tensor(4.3357, device='cuda:0', grad_fn=<AddBackward0>)
overall: tensor(4.2576, device='cuda:0', grad_fn=<AddBackward0>)
overall: tensor(4.6770, device='cuda:0', grad_fn=<AddBackward0>)
overall: tensor(4.7777, device='cuda:0', grad_fn=<AddBackward0>)
overall: tensor(4.5631, device='cuda:0', grad_fn=<AddBackward0>)
overall: tensor(4.1647, device='cuda:0', grad_fn=<AddBackward0>)
overall: tensor(4.1775, device='cuda:0', grad_fn=<AddBackward0>)
overall: tensor(4.0818, device='cuda:0', grad_fn=<AddBackward0>)
overall: tensor(5.0426, device='cuda:0', grad_fn=<AddBackward0>)
overall: tensor(4.1999, device='cuda:0', grad_fn=<AddBackward0>)
overall: tensor(4.6561, device='cuda:0', grad_fn=<AddBackward0>)
overall: tensor(4.2114, device='cuda:0', grad_fn=<AddBackward0>)
overall: tensor(4.3402, device='cuda:0', grad_fn=<AddBackward0>)
overall: tensor(4.7081, device='cuda:0', grad_fn=<AddBackward0>)
overall: tensor(4.5223, device='cuda:0', grad_fn=<AddBackward0>)
overall: tensor(4.6206, device='cuda:0', grad_fn=<AddBackward0>)
overall: tensor(4.7263, device='cuda:0', grad_fn=<AddBackward0>)
overall: tensor(4.1651, device='cuda:0', grad_fn=<AddBackward0>)
overall: tensor(4.1376, device='cuda:0', grad_fn=<AddBackward0>)
overall: tensor(4.3637, device='cuda:0', grad_fn=<AddBackward0>)
overall: tensor(4.6017, device='cuda:0', grad_fn=<AddBackward0>)
overall: tensor(4.5377, device='cuda:0', grad_fn=<AddBackward0>)
overall: tensor(4.5137, device='cuda:0', grad_fn=<AddBackward0>)
overall: tensor(4.2485, device='cuda:0', grad_fn=<AddBackward0>)
overall: tensor(4.5638, device='cuda:0', grad_fn=<AddBackward0>)
overall: tensor(4.4687, device='cuda:0', grad_fn=<AddBackward0>)
overall: tensor(4.8807, device='cuda:0', grad_fn=<AddBackward0>)
overall: tensor(4.8247, device='cuda:0', grad_fn=<AddBackward0>)
overall: tensor(4.3455, device='cuda:0', grad_fn=<AddBackward0>)
overall: tensor(4.5389, device='cuda:0', grad_fn=<AddBackward0>)
overall: tensor(4.6284, device='cuda:0', grad_fn=<AddBackward0>)
overall: tensor(4.2984, device='cuda:0', grad_fn=<AddBackward0>)
overall: tensor(4.3434, device='cuda:0', grad_fn=<AddBackward0>)
overall: tensor(4.5204, device='cuda:0', grad_fn=<AddBackward0>)
overall: tensor(4.9597, device='cuda:0', grad_fn=<AddBackward0>)
overall: tensor(4.5216, device='cuda:0', grad_fn=<AddBackward0>)
overall: tensor(4.3231, device='cuda:0', grad_fn=<AddBackward0>)
overall: tensor(4.7488, device='cuda:0', grad_fn=<AddBackward0>)
overall: tensor(4.4910, device='cuda:0', grad_fn=<AddBackward0>)
overall: tensor(4.3524, device='cuda:0', grad_fn=<AddBackward0>)
overall: tensor(4.0465, device='cuda:0', grad_fn=<AddBackward0>)
overall: tensor(4.3535, device='cuda:0', grad_fn=<AddBackward0>)
overall: tensor(4.1432, device='cuda:0', grad_fn=<AddBackward0>)
overall: tensor(4.1791, device='cuda:0', grad_fn=<AddBackward0>)
overall: tensor(4.0733, device='cuda:0', grad_fn=<AddBackward0>)
overall: tensor(4.1779, device='cuda:0', grad_fn=<AddBackward0>)
batch num:200
overall: tensor(4.1029, device='cuda:0', grad_fn=<AddBackward0>)
overall: tensor(4.1037, device='cuda:0', grad_fn=<AddBackward0>)
overall: tensor(4.9097, device='cuda:0', grad_fn=<AddBackward0>)
overall: tensor(3.9927, device='cuda:0', grad_fn=<AddBackward0>)
overall: tensor(3.9121, device='cuda:0', grad_fn=<AddBackward0>)
overall: tensor(5.1832, device='cuda:0', grad_fn=<AddBackward0>)
overall: tensor(4.0880, device='cuda:0', grad_fn=<AddBackward0>)
overall: tensor(4.7705, device='cuda:0', grad_fn=<AddBackward0>)
overall: tensor(4.5370, device='cuda:0', grad_fn=<AddBackward0>)
overall: tensor(4.4029, device='cuda:0', grad_fn=<AddBackward0>)
overall: tensor(4.2854, device='cuda:0', grad_fn=<AddBackward0>)
overall: tensor(4.7607, device='cuda:0', grad_fn=<AddBackward0>)
overall: tensor(4.0765, device='cuda:0', grad_fn=<AddBackward0>)
overall: tensor(4.1643, device='cuda:0', grad_fn=<AddBackward0>)
overall: tensor(4.3995, device='cuda:0', grad_fn=<AddBackward0>)
overall: tensor(4.3942, device='cuda:0', grad_fn=<AddBackward0>)
overall: tensor(4.5246, device='cuda:0', grad_fn=<AddBackward0>)
overall: tensor(4.5332, device='cuda:0', grad_fn=<AddBackward0>)
overall: tensor(3.9832, device='cuda:0', grad_fn=<AddBackward0>)
overall: tensor(4.9528, device='cuda:0', grad_fn=<AddBackward0>)
overall: tensor(4.5414, device='cuda:0', grad_fn=<AddBackward0>)
overall: tensor(4.5003, device='cuda:0', grad_fn=<AddBackward0>)
overall: tensor(4.2522, device='cuda:0', grad_fn=<AddBackward0>)
overall: tensor(3.9907, device='cuda:0', grad_fn=<AddBackward0>)
overall: tensor(4.1744, device='cuda:0', grad_fn=<AddBackward0>)
overall: tensor(4.5493, device='cuda:0', grad_fn=<AddBackward0>)
overall: tensor(3.9095, device='cuda:0', grad_fn=<AddBackward0>)
overall: tensor(4.4860, device='cuda:0', grad_fn=<AddBackward0>)
overall: tensor(4.3926, device='cuda:0', grad_fn=<AddBackward0>)
overall: tensor(4.2204, device='cuda:0', grad_fn=<AddBackward0>)
overall: tensor(4.0161, device='cuda:0', grad_fn=<AddBackward0>)
overall: tensor(4.3302, device='cuda:0', grad_fn=<AddBackward0>)
overall: tensor(4.1991, device='cuda:0', grad_fn=<AddBackward0>)
overall: tensor(4.3731, device='cuda:0', grad_fn=<AddBackward0>)
overall: tensor(4.1119, device='cuda:0', grad_fn=<AddBackward0>)
overall: tensor(3.7463, device='cuda:0', grad_fn=<AddBackward0>)
overall: tensor(3.8116, device='cuda:0', grad_fn=<AddBackward0>)
overall: tensor(3.9677, device='cuda:0', grad_fn=<AddBackward0>)
overall: tensor(4.3225, device='cuda:0', grad_fn=<AddBackward0>)
overall: tensor(4.4273, device='cuda:0', grad_fn=<AddBackward0>)
overall: tensor(3.9685, device='cuda:0', grad_fn=<AddBackward0>)
overall: tensor(4.4921, device='cuda:0', grad_fn=<AddBackward0>)
overall: tensor(4.8285, device='cuda:0', grad_fn=<AddBackward0>)
overall: tensor(4.7452, device='cuda:0', grad_fn=<AddBackward0>)
overall: tensor(4.7012, device='cuda:0', grad_fn=<AddBackward0>)
overall: tensor(3.9295, device='cuda:0', grad_fn=<AddBackward0>)
overall: tensor(4.0721, device='cuda:0', grad_fn=<AddBackward0>)
overall: tensor(4.3733, device='cuda:0', grad_fn=<AddBackward0>)
overall: tensor(4.5441, device='cuda:0', grad_fn=<AddBackward0>)
overall: tensor(4.0673, device='cuda:0', grad_fn=<AddBackward0>)
overall: tensor(4.3639, device='cuda:0', grad_fn=<AddBackward0>)
overall: tensor(3.9264, device='cuda:0', grad_fn=<AddBackward0>)
overall: tensor(4.5123, device='cuda:0', grad_fn=<AddBackward0>)
overall: tensor(4.3612, device='cuda:0', grad_fn=<AddBackward0>)
overall: tensor(3.5736, device='cuda:0', grad_fn=<AddBackward0>)
overall: tensor(4.6643, device='cuda:0', grad_fn=<AddBackward0>)
overall: tensor(4.3301, device='cuda:0', grad_fn=<AddBackward0>)
overall: tensor(3.9196, device='cuda:0', grad_fn=<AddBackward0>)
overall: tensor(4.2685, device='cuda:0', grad_fn=<AddBackward0>)
overall: tensor(3.9258, device='cuda:0', grad_fn=<AddBackward0>)
overall: tensor(3.8218, device='cuda:0', grad_fn=<AddBackward0>)
overall: tensor(4.4593, device='cuda:0', grad_fn=<AddBackward0>)
overall: tensor(4.2551, device='cuda:0', grad_fn=<AddBackward0>)
overall: tensor(4.7435, device='cuda:0', grad_fn=<AddBackward0>)
overall: tensor(5.3417, device='cuda:0', grad_fn=<AddBackward0>)
overall: tensor(4.2975, device='cuda:0', grad_fn=<AddBackward0>)
overall: tensor(3.9762, device='cuda:0', grad_fn=<AddBackward0>)
overall: tensor(4.3336, device='cuda:0', grad_fn=<AddBackward0>)
overall: tensor(4.3848, device='cuda:0', grad_fn=<AddBackward0>)
overall: tensor(4.6294, device='cuda:0', grad_fn=<AddBackward0>)
overall: tensor(4.2722, device='cuda:0', grad_fn=<AddBackward0>)
overall: tensor(4.4451, device='cuda:0', grad_fn=<AddBackward0>)
overall: tensor(4.1517, device='cuda:0', grad_fn=<AddBackward0>)
overall: tensor(4.0133, device='cuda:0', grad_fn=<AddBackward0>)
overall: tensor(3.7715, device='cuda:0', grad_fn=<AddBackward0>)
overall: tensor(3.7416, device='cuda:0', grad_fn=<AddBackward0>)
overall: tensor(4.3738, device='cuda:0', grad_fn=<AddBackward0>)
overall: tensor(4.0712, device='cuda:0', grad_fn=<AddBackward0>)
overall: tensor(4.9542, device='cuda:0', grad_fn=<AddBackward0>)
overall: tensor(3.8279, device='cuda:0', grad_fn=<AddBackward0>)
overall: tensor(3.7122, device='cuda:0', grad_fn=<AddBackward0>)
overall: tensor(4.0513, device='cuda:0', grad_fn=<AddBackward0>)
overall: tensor(4.0322, device='cuda:0', grad_fn=<AddBackward0>)
overall: tensor(3.8825, device='cuda:0', grad_fn=<AddBackward0>)
overall: tensor(3.9725, device='cuda:0', grad_fn=<AddBackward0>)
overall: tensor(4.3334, device='cuda:0', grad_fn=<AddBackward0>)
overall: tensor(4.3940, device='cuda:0', grad_fn=<AddBackward0>)
overall: tensor(4.4860, device='cuda:0', grad_fn=<AddBackward0>)
overall: tensor(3.8188, device='cuda:0', grad_fn=<AddBackward0>)
overall: tensor(3.4222, device='cuda:0', grad_fn=<AddBackward0>)
overall: tensor(4.0054, device='cuda:0', grad_fn=<AddBackward0>)
overall: tensor(3.7668, device='cuda:0', grad_fn=<AddBackward0>)
overall: tensor(4.5527, device='cuda:0', grad_fn=<AddBackward0>)
overall: tensor(3.9215, device='cuda:0', grad_fn=<AddBackward0>)
overall: tensor(4.2805, device='cuda:0', grad_fn=<AddBackward0>)
overall: tensor(4.0978, device='cuda:0', grad_fn=<AddBackward0>)
overall: tensor(4.1961, device='cuda:0', grad_fn=<AddBackward0>)
overall: tensor(3.8030, device='cuda:0', grad_fn=<AddBackward0>)
overall: tensor(4.1865, device='cuda:0', grad_fn=<AddBackward0>)
overall: tensor(3.9063, device='cuda:0', grad_fn=<AddBackward0>)
batch num:300
overall: tensor(4.6543, device='cuda:0', grad_fn=<AddBackward0>)
overall: tensor(4.1544, device='cuda:0', grad_fn=<AddBackward0>)
overall: tensor(3.7514, device='cuda:0', grad_fn=<AddBackward0>)
overall: tensor(3.6601, device='cuda:0', grad_fn=<AddBackward0>)
overall: tensor(5.0743, device='cuda:0', grad_fn=<AddBackward0>)
overall: tensor(4.7239, device='cuda:0', grad_fn=<AddBackward0>)
overall: tensor(3.7197, device='cuda:0', grad_fn=<AddBackward0>)
overall: tensor(3.8272, device='cuda:0', grad_fn=<AddBackward0>)
overall: tensor(4.3451, device='cuda:0', grad_fn=<AddBackward0>)
overall: tensor(4.2413, device='cuda:0', grad_fn=<AddBackward0>)
overall: tensor(4.5460, device='cuda:0', grad_fn=<AddBackward0>)
overall: tensor(5.0037, device='cuda:0', grad_fn=<AddBackward0>)
overall: tensor(4.1847, device='cuda:0', grad_fn=<AddBackward0>)
overall: tensor(4.3848, device='cuda:0', grad_fn=<AddBackward0>)
overall: tensor(3.7039, device='cuda:0', grad_fn=<AddBackward0>)
overall: tensor(3.8730, device='cuda:0', grad_fn=<AddBackward0>)
overall: tensor(4.1985, device='cuda:0', grad_fn=<AddBackward0>)
overall: tensor(4.3652, device='cuda:0', grad_fn=<AddBackward0>)
overall: tensor(4.0146, device='cuda:0', grad_fn=<AddBackward0>)
overall: tensor(4.4361, device='cuda:0', grad_fn=<AddBackward0>)
overall: tensor(3.8581, device='cuda:0', grad_fn=<AddBackward0>)
overall: tensor(3.8166, device='cuda:0', grad_fn=<AddBackward0>)
overall: tensor(4.5083, device='cuda:0', grad_fn=<AddBackward0>)
overall: tensor(4.0203, device='cuda:0', grad_fn=<AddBackward0>)
overall: tensor(3.9638, device='cuda:0', grad_fn=<AddBackward0>)
overall: tensor(4.2823, device='cuda:0', grad_fn=<AddBackward0>)
overall: tensor(4.4948, device='cuda:0', grad_fn=<AddBackward0>)
overall: tensor(4.3651, device='cuda:0', grad_fn=<AddBackward0>)
overall: tensor(4.5603, device='cuda:0', grad_fn=<AddBackward0>)
overall: tensor(4.0326, device='cuda:0', grad_fn=<AddBackward0>)
overall: tensor(4.0285, device='cuda:0', grad_fn=<AddBackward0>)
overall: tensor(4.1103, device='cuda:0', grad_fn=<AddBackward0>)
overall: tensor(4.3086, device='cuda:0', grad_fn=<AddBackward0>)
overall: tensor(3.9264, device='cuda:0', grad_fn=<AddBackward0>)
overall: tensor(4.0252, device='cuda:0', grad_fn=<AddBackward0>)
overall: tensor(3.3131, device='cuda:0', grad_fn=<AddBackward0>)
overall: tensor(4.4788, device='cuda:0', grad_fn=<AddBackward0>)
overall: tensor(3.6458, device='cuda:0', grad_fn=<AddBackward0>)
overall: tensor(4.2570, device='cuda:0', grad_fn=<AddBackward0>)
overall: tensor(4.5490, device='cuda:0', grad_fn=<AddBackward0>)
overall: tensor(3.4750, device='cuda:0', grad_fn=<AddBackward0>)
overall: tensor(3.8831, device='cuda:0', grad_fn=<AddBackward0>)
overall: tensor(4.0597, device='cuda:0', grad_fn=<AddBackward0>)
overall: tensor(3.8940, device='cuda:0', grad_fn=<AddBackward0>)
overall: tensor(4.3754, device='cuda:0', grad_fn=<AddBackward0>)
overall: tensor(3.9438, device='cuda:0', grad_fn=<AddBackward0>)
overall: tensor(3.4198, device='cuda:0', grad_fn=<AddBackward0>)
overall: tensor(3.2643, device='cuda:0', grad_fn=<AddBackward0>)
overall: tensor(4.4400, device='cuda:0', grad_fn=<AddBackward0>)
overall: tensor(4.0729, device='cuda:0', grad_fn=<AddBackward0>)
overall: tensor(3.6782, device='cuda:0', grad_fn=<AddBackward0>)
overall: tensor(4.3131, device='cuda:0', grad_fn=<AddBackward0>)
overall: tensor(3.7487, device='cuda:0', grad_fn=<AddBackward0>)
overall: tensor(4.5325, device='cuda:0', grad_fn=<AddBackward0>)
overall: tensor(4.0020, device='cuda:0', grad_fn=<AddBackward0>)
overall: tensor(3.4794, device='cuda:0', grad_fn=<AddBackward0>)
overall: tensor(4.4311, device='cuda:0', grad_fn=<AddBackward0>)
overall: tensor(3.4908, device='cuda:0', grad_fn=<AddBackward0>)
overall: tensor(4.2770, device='cuda:0', grad_fn=<AddBackward0>)
overall: tensor(4.1319, device='cuda:0', grad_fn=<AddBackward0>)
overall: tensor(3.8175, device='cuda:0', grad_fn=<AddBackward0>)
overall: tensor(3.6951, device='cuda:0', grad_fn=<AddBackward0>)
overall: tensor(3.6125, device='cuda:0', grad_fn=<AddBackward0>)
overall: tensor(4.7807, device='cuda:0', grad_fn=<AddBackward0>)
overall: tensor(4.3212, device='cuda:0', grad_fn=<AddBackward0>)
overall: tensor(4.2085, device='cuda:0', grad_fn=<AddBackward0>)
overall: tensor(4.4944, device='cuda:0', grad_fn=<AddBackward0>)
overall: tensor(3.9351, device='cuda:0', grad_fn=<AddBackward0>)
overall: tensor(3.5390, device='cuda:0', grad_fn=<AddBackward0>)
overall: tensor(4.8885, device='cuda:0', grad_fn=<AddBackward0>)
overall: tensor(3.9720, device='cuda:0', grad_fn=<AddBackward0>)
overall: tensor(3.9540, device='cuda:0', grad_fn=<AddBackward0>)
overall: tensor(4.0634, device='cuda:0', grad_fn=<AddBackward0>)
overall: tensor(4.4449, device='cuda:0', grad_fn=<AddBackward0>)
overall: tensor(3.8829, device='cuda:0', grad_fn=<AddBackward0>)
overall: tensor(3.9513, device='cuda:0', grad_fn=<AddBackward0>)
overall: tensor(4.7287, device='cuda:0', grad_fn=<AddBackward0>)
overall: tensor(4.9105, device='cuda:0', grad_fn=<AddBackward0>)
overall: tensor(3.7798, device='cuda:0', grad_fn=<AddBackward0>)
overall: tensor(4.5007, device='cuda:0', grad_fn=<AddBackward0>)
overall: tensor(3.7068, device='cuda:0', grad_fn=<AddBackward0>)
overall: tensor(3.6643, device='cuda:0', grad_fn=<AddBackward0>)
overall: tensor(3.6758, device='cuda:0', grad_fn=<AddBackward0>)
overall: tensor(3.9104, device='cuda:0', grad_fn=<AddBackward0>)
overall: tensor(4.0179, device='cuda:0', grad_fn=<AddBackward0>)
overall: tensor(4.7978, device='cuda:0', grad_fn=<AddBackward0>)
overall: tensor(4.7364, device='cuda:0', grad_fn=<AddBackward0>)
overall: tensor(4.2978, device='cuda:0', grad_fn=<AddBackward0>)
overall: tensor(4.1203, device='cuda:0', grad_fn=<AddBackward0>)
overall: tensor(4.0886, device='cuda:0', grad_fn=<AddBackward0>)
overall: tensor(3.8797, device='cuda:0', grad_fn=<AddBackward0>)
overall: tensor(4.0334, device='cuda:0', grad_fn=<AddBackward0>)
overall: tensor(4.1164, device='cuda:0', grad_fn=<AddBackward0>)
overall: tensor(3.8341, device='cuda:0', grad_fn=<AddBackward0>)
overall: tensor(4.7233, device='cuda:0', grad_fn=<AddBackward0>)
overall: tensor(4.0574, device='cuda:0', grad_fn=<AddBackward0>)
overall: tensor(3.5322, device='cuda:0', grad_fn=<AddBackward0>)
overall: tensor(3.8797, device='cuda:0', grad_fn=<AddBackward0>)
overall: tensor(3.9181, device='cuda:0', grad_fn=<AddBackward0>)
overall: tensor(3.2246, device='cuda:0', grad_fn=<AddBackward0>)
batch num:400
overall: tensor(4.7149, device='cuda:0', grad_fn=<AddBackward0>)
overall: tensor(3.9688, device='cuda:0', grad_fn=<AddBackward0>)
overall: tensor(3.8667, device='cuda:0', grad_fn=<AddBackward0>)
overall: tensor(4.6055, device='cuda:0', grad_fn=<AddBackward0>)
overall: tensor(4.1217, device='cuda:0', grad_fn=<AddBackward0>)
overall: tensor(3.6124, device='cuda:0', grad_fn=<AddBackward0>)
overall: tensor(4.1079, device='cuda:0', grad_fn=<AddBackward0>)
overall: tensor(4.1147, device='cuda:0', grad_fn=<AddBackward0>)
overall: tensor(4.4845, device='cuda:0', grad_fn=<AddBackward0>)
overall: tensor(4.0711, device='cuda:0', grad_fn=<AddBackward0>)
overall: tensor(3.8755, device='cuda:0', grad_fn=<AddBackward0>)
Traceback (most recent call last):
  File "train_hotswapped.py", line 173, in <module>
    for i, (context_images, target_images, context_images_2, target_images_2, bbox, labels_cpu) in enumerate(dataloader):
  File "/n/home05/smadan/.conda/envs/domain_adaptation/lib/python3.8/site-packages/torch/utils/data/dataloader.py", line 521, in __next__
    data = self._next_data()
  File "/n/home05/smadan/.conda/envs/domain_adaptation/lib/python3.8/site-packages/torch/utils/data/dataloader.py", line 561, in _next_data
    data = self._dataset_fetcher.fetch(index)  # may raise StopIteration
  File "/n/home05/smadan/.conda/envs/domain_adaptation/lib/python3.8/site-packages/torch/utils/data/_utils/fetch.py", line 44, in fetch
    data = [self.dataset[idx] for idx in possibly_batched_index]
  File "/n/home05/smadan/.conda/envs/domain_adaptation/lib/python3.8/site-packages/torch/utils/data/_utils/fetch.py", line 44, in <listcomp>
    data = [self.dataset[idx] for idx in possibly_batched_index]
  File "/net/coxfs01/srv/export/coxfs01/pfister_lab2/share_root/Lab/spandan/contextual_domain_adaptation/WhenPigsFlyContext/core/dataset_hotswapped.py", line 119, in __getitem__
    image_2 = Image.open(image_path_2)
  File "/n/home05/smadan/.conda/envs/domain_adaptation/lib/python3.8/site-packages/PIL/Image.py", line 2968, in open
    fp = builtins.open(filename, "rb")
FileNotFoundError: [Errno 2] No such file or directory: '../openrooms/stylized_all_openrooms/main_xml_50_3//scene0233_00/im_47.png'
