7
2022-05-14 03:52:56.395261: W tensorflow/stream_executor/platform/default/dso_loader.cc:64] Could not load dynamic library 'libcudart.so.11.0'; dlerror: libcudart.so.11.0: cannot open shared object file: No such file or directory
2022-05-14 03:52:56.395576: I tensorflow/stream_executor/cuda/cudart_stub.cc:29] Ignore above cudart dlerror if you do not have a GPU set up on your machine.
Task is classification, not lift the flap.
Hard mining set to:both
Using materials: ['main_xml_viewpoint_2']
Hotswapped material loader being used.
{1: 0, 2: 1, 3: 2, 4: 3, 5: 4, 6: 5, 7: 6, 8: 7, 9: 8, 10: 9, 11: 10, 12: 11, 13: 12}
-------------------------------
Annotation Counts
-------------------------------
table                     10252
sofa                       3102
chair                     17117
window                     5089
bookshelf                  3324
bed                        2831
monitor                    2408
trash_bin                  2857
file_cabinet               1418
desk                       4200
lamp                        589
bathtub                    1518
flowerpot                   162
Total                     54867
-------------------------------

annotations: ../openrooms/annotation_files/train_main_viewpoints_0_1_v3.json
batch_size: 15
checkpoint: null
git: e22ff54d4e15e859ff3672c5fc808cec0abfc80d
imagedir: ../
imbalance_reweighting: false
learning_rate: 1.0e-05
num_classes: 13
num_decoder_heads: 8
num_decoder_layers: 6
test_annotations: null
test_imagedir: null
uncertainty_gate_type: learned
uncertainty_threshold: 0.8
weighted_prediction: false

No checkpoint was passed.
Starting epoch: 1
batch num:0
overall: tensor(6.3559, device='cuda:0', grad_fn=<AddBackward0>)
overall: tensor(6.6003, device='cuda:0', grad_fn=<AddBackward0>)
overall: tensor(6.0294, device='cuda:0', grad_fn=<AddBackward0>)
overall: tensor(6.4091, device='cuda:0', grad_fn=<AddBackward0>)
overall: tensor(5.7355, device='cuda:0', grad_fn=<AddBackward0>)
overall: tensor(5.4205, device='cuda:0', grad_fn=<AddBackward0>)
overall: tensor(5.8911, device='cuda:0', grad_fn=<AddBackward0>)
overall: tensor(5.5444, device='cuda:0', grad_fn=<AddBackward0>)
overall: tensor(5.0155, device='cuda:0', grad_fn=<AddBackward0>)
overall: tensor(5.7170, device='cuda:0', grad_fn=<AddBackward0>)
overall: tensor(5.9086, device='cuda:0', grad_fn=<AddBackward0>)
overall: tensor(4.5858, device='cuda:0', grad_fn=<AddBackward0>)
overall: tensor(5.7743, device='cuda:0', grad_fn=<AddBackward0>)
overall: tensor(5.3649, device='cuda:0', grad_fn=<AddBackward0>)
overall: tensor(5.3931, device='cuda:0', grad_fn=<AddBackward0>)
overall: tensor(5.2089, device='cuda:0', grad_fn=<AddBackward0>)
overall: tensor(5.4835, device='cuda:0', grad_fn=<AddBackward0>)
overall: tensor(4.7638, device='cuda:0', grad_fn=<AddBackward0>)
overall: tensor(4.9739, device='cuda:0', grad_fn=<AddBackward0>)
overall: tensor(4.6048, device='cuda:0', grad_fn=<AddBackward0>)
overall: tensor(4.5828, device='cuda:0', grad_fn=<AddBackward0>)
overall: tensor(5.2082, device='cuda:0', grad_fn=<AddBackward0>)
overall: tensor(4.3174, device='cuda:0', grad_fn=<AddBackward0>)
overall: tensor(4.4789, device='cuda:0', grad_fn=<AddBackward0>)
overall: tensor(5.1238, device='cuda:0', grad_fn=<AddBackward0>)
overall: tensor(4.5414, device='cuda:0', grad_fn=<AddBackward0>)
overall: tensor(4.3922, device='cuda:0', grad_fn=<AddBackward0>)
overall: tensor(4.9188, device='cuda:0', grad_fn=<AddBackward0>)
overall: tensor(4.7439, device='cuda:0', grad_fn=<AddBackward0>)
overall: tensor(5.8449, device='cuda:0', grad_fn=<AddBackward0>)
overall: tensor(5.9546, device='cuda:0', grad_fn=<AddBackward0>)
overall: tensor(4.5084, device='cuda:0', grad_fn=<AddBackward0>)
overall: tensor(5.3504, device='cuda:0', grad_fn=<AddBackward0>)
overall: tensor(4.7997, device='cuda:0', grad_fn=<AddBackward0>)
overall: tensor(4.6492, device='cuda:0', grad_fn=<AddBackward0>)
overall: tensor(5.0543, device='cuda:0', grad_fn=<AddBackward0>)
overall: tensor(5.3118, device='cuda:0', grad_fn=<AddBackward0>)
overall: tensor(5.4495, device='cuda:0', grad_fn=<AddBackward0>)
overall: tensor(4.8628, device='cuda:0', grad_fn=<AddBackward0>)
overall: tensor(4.9982, device='cuda:0', grad_fn=<AddBackward0>)
overall: tensor(4.5723, device='cuda:0', grad_fn=<AddBackward0>)
overall: tensor(4.6918, device='cuda:0', grad_fn=<AddBackward0>)
overall: tensor(4.9190, device='cuda:0', grad_fn=<AddBackward0>)
overall: tensor(5.1790, device='cuda:0', grad_fn=<AddBackward0>)
overall: tensor(4.6334, device='cuda:0', grad_fn=<AddBackward0>)
overall: tensor(5.3368, device='cuda:0', grad_fn=<AddBackward0>)
overall: tensor(4.4247, device='cuda:0', grad_fn=<AddBackward0>)
overall: tensor(5.3896, device='cuda:0', grad_fn=<AddBackward0>)
overall: tensor(4.8973, device='cuda:0', grad_fn=<AddBackward0>)
overall: tensor(4.8297, device='cuda:0', grad_fn=<AddBackward0>)
overall: tensor(4.9841, device='cuda:0', grad_fn=<AddBackward0>)
overall: tensor(4.9338, device='cuda:0', grad_fn=<AddBackward0>)
overall: tensor(5.1325, device='cuda:0', grad_fn=<AddBackward0>)
overall: tensor(5.0025, device='cuda:0', grad_fn=<AddBackward0>)
overall: tensor(5.4323, device='cuda:0', grad_fn=<AddBackward0>)
overall: tensor(4.9701, device='cuda:0', grad_fn=<AddBackward0>)
overall: tensor(5.1614, device='cuda:0', grad_fn=<AddBackward0>)
overall: tensor(5.4453, device='cuda:0', grad_fn=<AddBackward0>)
overall: tensor(4.9450, device='cuda:0', grad_fn=<AddBackward0>)
overall: tensor(5.3613, device='cuda:0', grad_fn=<AddBackward0>)
overall: tensor(4.9106, device='cuda:0', grad_fn=<AddBackward0>)
overall: tensor(5.0515, device='cuda:0', grad_fn=<AddBackward0>)
overall: tensor(5.2844, device='cuda:0', grad_fn=<AddBackward0>)
overall: tensor(4.6379, device='cuda:0', grad_fn=<AddBackward0>)
overall: tensor(4.2888, device='cuda:0', grad_fn=<AddBackward0>)
overall: tensor(4.7208, device='cuda:0', grad_fn=<AddBackward0>)
overall: tensor(4.6047, device='cuda:0', grad_fn=<AddBackward0>)
overall: tensor(4.3823, device='cuda:0', grad_fn=<AddBackward0>)
overall: tensor(4.6733, device='cuda:0', grad_fn=<AddBackward0>)
overall: tensor(4.6643, device='cuda:0', grad_fn=<AddBackward0>)
overall: tensor(4.4096, device='cuda:0', grad_fn=<AddBackward0>)
overall: tensor(4.7449, device='cuda:0', grad_fn=<AddBackward0>)
overall: tensor(3.8891, device='cuda:0', grad_fn=<AddBackward0>)
overall: tensor(4.5527, device='cuda:0', grad_fn=<AddBackward0>)
overall: tensor(4.4174, device='cuda:0', grad_fn=<AddBackward0>)
overall: tensor(5.5769, device='cuda:0', grad_fn=<AddBackward0>)
overall: tensor(4.5171, device='cuda:0', grad_fn=<AddBackward0>)
overall: tensor(4.7309, device='cuda:0', grad_fn=<AddBackward0>)
overall: tensor(4.7259, device='cuda:0', grad_fn=<AddBackward0>)
overall: tensor(4.4144, device='cuda:0', grad_fn=<AddBackward0>)
overall: tensor(4.8556, device='cuda:0', grad_fn=<AddBackward0>)
overall: tensor(5.3982, device='cuda:0', grad_fn=<AddBackward0>)
overall: tensor(4.9552, device='cuda:0', grad_fn=<AddBackward0>)
overall: tensor(4.3983, device='cuda:0', grad_fn=<AddBackward0>)
overall: tensor(4.5750, device='cuda:0', grad_fn=<AddBackward0>)
overall: tensor(4.5708, device='cuda:0', grad_fn=<AddBackward0>)
overall: tensor(4.8059, device='cuda:0', grad_fn=<AddBackward0>)
overall: tensor(4.9787, device='cuda:0', grad_fn=<AddBackward0>)
overall: tensor(4.5763, device='cuda:0', grad_fn=<AddBackward0>)
overall: tensor(4.7096, device='cuda:0', grad_fn=<AddBackward0>)
overall: tensor(4.2153, device='cuda:0', grad_fn=<AddBackward0>)
overall: tensor(5.2944, device='cuda:0', grad_fn=<AddBackward0>)
overall: tensor(4.6873, device='cuda:0', grad_fn=<AddBackward0>)
overall: tensor(4.5853, device='cuda:0', grad_fn=<AddBackward0>)
overall: tensor(4.2176, device='cuda:0', grad_fn=<AddBackward0>)
overall: tensor(4.6225, device='cuda:0', grad_fn=<AddBackward0>)
overall: tensor(4.2517, device='cuda:0', grad_fn=<AddBackward0>)
overall: tensor(4.8174, device='cuda:0', grad_fn=<AddBackward0>)
overall: tensor(4.4215, device='cuda:0', grad_fn=<AddBackward0>)
overall: tensor(4.8117, device='cuda:0', grad_fn=<AddBackward0>)
batch num:100
overall: tensor(4.8710, device='cuda:0', grad_fn=<AddBackward0>)
overall: tensor(4.7197, device='cuda:0', grad_fn=<AddBackward0>)
overall: tensor(4.3647, device='cuda:0', grad_fn=<AddBackward0>)
overall: tensor(4.8692, device='cuda:0', grad_fn=<AddBackward0>)
overall: tensor(4.6801, device='cuda:0', grad_fn=<AddBackward0>)
overall: tensor(4.3963, device='cuda:0', grad_fn=<AddBackward0>)
overall: tensor(5.1334, device='cuda:0', grad_fn=<AddBackward0>)
overall: tensor(4.5278, device='cuda:0', grad_fn=<AddBackward0>)
overall: tensor(5.2332, device='cuda:0', grad_fn=<AddBackward0>)
overall: tensor(4.4867, device='cuda:0', grad_fn=<AddBackward0>)
overall: tensor(4.1862, device='cuda:0', grad_fn=<AddBackward0>)
overall: tensor(4.8827, device='cuda:0', grad_fn=<AddBackward0>)
overall: tensor(4.5330, device='cuda:0', grad_fn=<AddBackward0>)
overall: tensor(4.3565, device='cuda:0', grad_fn=<AddBackward0>)
overall: tensor(4.6512, device='cuda:0', grad_fn=<AddBackward0>)
overall: tensor(4.2077, device='cuda:0', grad_fn=<AddBackward0>)
overall: tensor(4.7004, device='cuda:0', grad_fn=<AddBackward0>)
overall: tensor(4.7962, device='cuda:0', grad_fn=<AddBackward0>)
overall: tensor(4.6086, device='cuda:0', grad_fn=<AddBackward0>)
overall: tensor(4.6575, device='cuda:0', grad_fn=<AddBackward0>)
overall: tensor(4.5574, device='cuda:0', grad_fn=<AddBackward0>)
overall: tensor(4.7763, device='cuda:0', grad_fn=<AddBackward0>)
overall: tensor(4.6023, device='cuda:0', grad_fn=<AddBackward0>)
overall: tensor(4.6181, device='cuda:0', grad_fn=<AddBackward0>)
overall: tensor(4.5392, device='cuda:0', grad_fn=<AddBackward0>)
overall: tensor(4.7644, device='cuda:0', grad_fn=<AddBackward0>)
overall: tensor(4.7680, device='cuda:0', grad_fn=<AddBackward0>)
overall: tensor(4.4634, device='cuda:0', grad_fn=<AddBackward0>)
overall: tensor(4.4315, device='cuda:0', grad_fn=<AddBackward0>)
overall: tensor(4.7988, device='cuda:0', grad_fn=<AddBackward0>)
overall: tensor(4.4826, device='cuda:0', grad_fn=<AddBackward0>)
overall: tensor(4.7624, device='cuda:0', grad_fn=<AddBackward0>)
overall: tensor(5.0193, device='cuda:0', grad_fn=<AddBackward0>)
overall: tensor(4.9464, device='cuda:0', grad_fn=<AddBackward0>)
overall: tensor(5.0566, device='cuda:0', grad_fn=<AddBackward0>)
overall: tensor(4.0975, device='cuda:0', grad_fn=<AddBackward0>)
overall: tensor(4.4206, device='cuda:0', grad_fn=<AddBackward0>)
overall: tensor(4.5454, device='cuda:0', grad_fn=<AddBackward0>)
overall: tensor(4.2988, device='cuda:0', grad_fn=<AddBackward0>)
overall: tensor(4.9560, device='cuda:0', grad_fn=<AddBackward0>)
overall: tensor(4.3527, device='cuda:0', grad_fn=<AddBackward0>)
overall: tensor(4.5113, device='cuda:0', grad_fn=<AddBackward0>)
overall: tensor(4.8485, device='cuda:0', grad_fn=<AddBackward0>)
overall: tensor(4.2358, device='cuda:0', grad_fn=<AddBackward0>)
overall: tensor(4.9035, device='cuda:0', grad_fn=<AddBackward0>)
overall: tensor(4.5700, device='cuda:0', grad_fn=<AddBackward0>)
overall: tensor(4.2954, device='cuda:0', grad_fn=<AddBackward0>)
overall: tensor(4.9706, device='cuda:0', grad_fn=<AddBackward0>)
overall: tensor(4.3672, device='cuda:0', grad_fn=<AddBackward0>)
overall: tensor(4.4768, device='cuda:0', grad_fn=<AddBackward0>)
overall: tensor(4.1997, device='cuda:0', grad_fn=<AddBackward0>)
overall: tensor(4.5718, device='cuda:0', grad_fn=<AddBackward0>)
overall: tensor(4.1684, device='cuda:0', grad_fn=<AddBackward0>)
overall: tensor(4.7588, device='cuda:0', grad_fn=<AddBackward0>)
overall: tensor(4.3966, device='cuda:0', grad_fn=<AddBackward0>)
overall: tensor(4.5770, device='cuda:0', grad_fn=<AddBackward0>)
overall: tensor(4.4998, device='cuda:0', grad_fn=<AddBackward0>)
overall: tensor(4.3653, device='cuda:0', grad_fn=<AddBackward0>)
overall: tensor(4.5217, device='cuda:0', grad_fn=<AddBackward0>)
overall: tensor(5.4295, device='cuda:0', grad_fn=<AddBackward0>)
overall: tensor(4.3083, device='cuda:0', grad_fn=<AddBackward0>)
overall: tensor(4.6081, device='cuda:0', grad_fn=<AddBackward0>)
overall: tensor(4.8048, device='cuda:0', grad_fn=<AddBackward0>)
overall: tensor(4.5819, device='cuda:0', grad_fn=<AddBackward0>)
overall: tensor(5.0723, device='cuda:0', grad_fn=<AddBackward0>)
overall: tensor(4.8693, device='cuda:0', grad_fn=<AddBackward0>)
overall: tensor(4.8466, device='cuda:0', grad_fn=<AddBackward0>)
overall: tensor(5.1435, device='cuda:0', grad_fn=<AddBackward0>)
overall: tensor(4.5653, device='cuda:0', grad_fn=<AddBackward0>)
overall: tensor(4.5586, device='cuda:0', grad_fn=<AddBackward0>)
overall: tensor(3.8454, device='cuda:0', grad_fn=<AddBackward0>)
overall: tensor(4.4341, device='cuda:0', grad_fn=<AddBackward0>)
overall: tensor(4.6071, device='cuda:0', grad_fn=<AddBackward0>)
overall: tensor(3.8743, device='cuda:0', grad_fn=<AddBackward0>)
overall: tensor(4.6499, device='cuda:0', grad_fn=<AddBackward0>)
overall: tensor(3.5542, device='cuda:0', grad_fn=<AddBackward0>)
overall: tensor(3.9662, device='cuda:0', grad_fn=<AddBackward0>)
overall: tensor(4.4613, device='cuda:0', grad_fn=<AddBackward0>)
overall: tensor(4.3360, device='cuda:0', grad_fn=<AddBackward0>)
overall: tensor(5.1068, device='cuda:0', grad_fn=<AddBackward0>)
overall: tensor(4.6613, device='cuda:0', grad_fn=<AddBackward0>)
overall: tensor(4.6716, device='cuda:0', grad_fn=<AddBackward0>)
overall: tensor(4.1367, device='cuda:0', grad_fn=<AddBackward0>)
overall: tensor(4.8207, device='cuda:0', grad_fn=<AddBackward0>)
overall: tensor(4.2999, device='cuda:0', grad_fn=<AddBackward0>)
overall: tensor(4.3582, device='cuda:0', grad_fn=<AddBackward0>)
overall: tensor(4.7917, device='cuda:0', grad_fn=<AddBackward0>)
overall: tensor(4.6151, device='cuda:0', grad_fn=<AddBackward0>)
overall: tensor(4.6359, device='cuda:0', grad_fn=<AddBackward0>)
overall: tensor(4.6666, device='cuda:0', grad_fn=<AddBackward0>)
overall: tensor(4.6971, device='cuda:0', grad_fn=<AddBackward0>)
overall: tensor(4.2859, device='cuda:0', grad_fn=<AddBackward0>)
overall: tensor(4.4959, device='cuda:0', grad_fn=<AddBackward0>)
overall: tensor(4.1499, device='cuda:0', grad_fn=<AddBackward0>)
overall: tensor(4.0640, device='cuda:0', grad_fn=<AddBackward0>)
overall: tensor(5.5598, device='cuda:0', grad_fn=<AddBackward0>)
overall: tensor(4.6508, device='cuda:0', grad_fn=<AddBackward0>)
overall: tensor(4.5620, device='cuda:0', grad_fn=<AddBackward0>)
overall: tensor(5.0984, device='cuda:0', grad_fn=<AddBackward0>)
overall: tensor(4.0801, device='cuda:0', grad_fn=<AddBackward0>)
batch num:200
overall: tensor(4.5038, device='cuda:0', grad_fn=<AddBackward0>)
overall: tensor(4.4583, device='cuda:0', grad_fn=<AddBackward0>)
overall: tensor(4.2909, device='cuda:0', grad_fn=<AddBackward0>)
overall: tensor(4.2792, device='cuda:0', grad_fn=<AddBackward0>)
overall: tensor(5.3644, device='cuda:0', grad_fn=<AddBackward0>)
overall: tensor(4.7880, device='cuda:0', grad_fn=<AddBackward0>)
overall: tensor(4.6270, device='cuda:0', grad_fn=<AddBackward0>)
overall: tensor(4.6304, device='cuda:0', grad_fn=<AddBackward0>)
overall: tensor(4.6848, device='cuda:0', grad_fn=<AddBackward0>)
overall: tensor(3.9814, device='cuda:0', grad_fn=<AddBackward0>)
overall: tensor(4.2820, device='cuda:0', grad_fn=<AddBackward0>)
overall: tensor(4.4607, device='cuda:0', grad_fn=<AddBackward0>)
overall: tensor(4.9567, device='cuda:0', grad_fn=<AddBackward0>)
overall: tensor(5.1839, device='cuda:0', grad_fn=<AddBackward0>)
overall: tensor(4.3962, device='cuda:0', grad_fn=<AddBackward0>)
overall: tensor(4.7285, device='cuda:0', grad_fn=<AddBackward0>)
overall: tensor(3.9762, device='cuda:0', grad_fn=<AddBackward0>)
overall: tensor(3.7589, device='cuda:0', grad_fn=<AddBackward0>)
overall: tensor(3.9081, device='cuda:0', grad_fn=<AddBackward0>)
overall: tensor(4.2244, device='cuda:0', grad_fn=<AddBackward0>)
overall: tensor(4.5323, device='cuda:0', grad_fn=<AddBackward0>)
overall: tensor(4.2394, device='cuda:0', grad_fn=<AddBackward0>)
overall: tensor(4.7628, device='cuda:0', grad_fn=<AddBackward0>)
overall: tensor(4.6326, device='cuda:0', grad_fn=<AddBackward0>)
overall: tensor(4.4139, device='cuda:0', grad_fn=<AddBackward0>)
overall: tensor(4.3768, device='cuda:0', grad_fn=<AddBackward0>)
overall: tensor(4.7138, device='cuda:0', grad_fn=<AddBackward0>)
overall: tensor(4.2336, device='cuda:0', grad_fn=<AddBackward0>)
overall: tensor(4.3968, device='cuda:0', grad_fn=<AddBackward0>)
overall: tensor(4.4322, device='cuda:0', grad_fn=<AddBackward0>)
overall: tensor(4.6825, device='cuda:0', grad_fn=<AddBackward0>)
overall: tensor(4.3687, device='cuda:0', grad_fn=<AddBackward0>)
overall: tensor(4.2552, device='cuda:0', grad_fn=<AddBackward0>)
overall: tensor(4.4285, device='cuda:0', grad_fn=<AddBackward0>)
overall: tensor(4.1476, device='cuda:0', grad_fn=<AddBackward0>)
overall: tensor(4.2633, device='cuda:0', grad_fn=<AddBackward0>)
overall: tensor(4.4243, device='cuda:0', grad_fn=<AddBackward0>)
overall: tensor(4.2753, device='cuda:0', grad_fn=<AddBackward0>)
overall: tensor(4.3928, device='cuda:0', grad_fn=<AddBackward0>)
overall: tensor(4.3805, device='cuda:0', grad_fn=<AddBackward0>)
overall: tensor(4.3725, device='cuda:0', grad_fn=<AddBackward0>)
overall: tensor(4.9181, device='cuda:0', grad_fn=<AddBackward0>)
overall: tensor(4.2836, device='cuda:0', grad_fn=<AddBackward0>)
overall: tensor(4.6704, device='cuda:0', grad_fn=<AddBackward0>)
overall: tensor(4.3753, device='cuda:0', grad_fn=<AddBackward0>)
overall: tensor(4.0168, device='cuda:0', grad_fn=<AddBackward0>)
overall: tensor(4.6334, device='cuda:0', grad_fn=<AddBackward0>)
overall: tensor(4.6852, device='cuda:0', grad_fn=<AddBackward0>)
overall: tensor(4.5651, device='cuda:0', grad_fn=<AddBackward0>)
overall: tensor(4.3109, device='cuda:0', grad_fn=<AddBackward0>)
overall: tensor(4.6055, device='cuda:0', grad_fn=<AddBackward0>)
overall: tensor(4.0572, device='cuda:0', grad_fn=<AddBackward0>)
overall: tensor(4.2744, device='cuda:0', grad_fn=<AddBackward0>)
overall: tensor(4.6591, device='cuda:0', grad_fn=<AddBackward0>)
overall: tensor(4.1496, device='cuda:0', grad_fn=<AddBackward0>)
overall: tensor(4.1919, device='cuda:0', grad_fn=<AddBackward0>)
overall: tensor(4.8315, device='cuda:0', grad_fn=<AddBackward0>)
overall: tensor(4.2839, device='cuda:0', grad_fn=<AddBackward0>)
overall: tensor(4.6989, device='cuda:0', grad_fn=<AddBackward0>)
overall: tensor(4.7888, device='cuda:0', grad_fn=<AddBackward0>)
overall: tensor(4.4325, device='cuda:0', grad_fn=<AddBackward0>)
overall: tensor(3.9617, device='cuda:0', grad_fn=<AddBackward0>)
overall: tensor(4.6778, device='cuda:0', grad_fn=<AddBackward0>)
overall: tensor(4.0394, device='cuda:0', grad_fn=<AddBackward0>)
overall: tensor(4.7697, device='cuda:0', grad_fn=<AddBackward0>)
overall: tensor(4.4807, device='cuda:0', grad_fn=<AddBackward0>)
overall: tensor(4.1141, device='cuda:0', grad_fn=<AddBackward0>)
overall: tensor(4.4271, device='cuda:0', grad_fn=<AddBackward0>)
overall: tensor(3.8990, device='cuda:0', grad_fn=<AddBackward0>)
overall: tensor(4.9834, device='cuda:0', grad_fn=<AddBackward0>)
overall: tensor(4.2632, device='cuda:0', grad_fn=<AddBackward0>)
overall: tensor(4.9090, device='cuda:0', grad_fn=<AddBackward0>)
overall: tensor(4.2174, device='cuda:0', grad_fn=<AddBackward0>)
overall: tensor(4.2065, device='cuda:0', grad_fn=<AddBackward0>)
overall: tensor(4.1798, device='cuda:0', grad_fn=<AddBackward0>)
overall: tensor(4.2084, device='cuda:0', grad_fn=<AddBackward0>)
overall: tensor(4.6206, device='cuda:0', grad_fn=<AddBackward0>)
overall: tensor(4.6558, device='cuda:0', grad_fn=<AddBackward0>)
overall: tensor(4.8682, device='cuda:0', grad_fn=<AddBackward0>)
overall: tensor(4.6422, device='cuda:0', grad_fn=<AddBackward0>)
overall: tensor(4.6243, device='cuda:0', grad_fn=<AddBackward0>)
overall: tensor(4.6906, device='cuda:0', grad_fn=<AddBackward0>)
overall: tensor(4.3980, device='cuda:0', grad_fn=<AddBackward0>)
overall: tensor(4.6551, device='cuda:0', grad_fn=<AddBackward0>)
overall: tensor(4.6584, device='cuda:0', grad_fn=<AddBackward0>)
overall: tensor(4.4085, device='cuda:0', grad_fn=<AddBackward0>)
overall: tensor(4.1215, device='cuda:0', grad_fn=<AddBackward0>)
overall: tensor(5.2260, device='cuda:0', grad_fn=<AddBackward0>)
overall: tensor(4.9444, device='cuda:0', grad_fn=<AddBackward0>)
overall: tensor(4.4248, device='cuda:0', grad_fn=<AddBackward0>)
overall: tensor(4.1935, device='cuda:0', grad_fn=<AddBackward0>)
overall: tensor(4.4512, device='cuda:0', grad_fn=<AddBackward0>)
overall: tensor(4.3304, device='cuda:0', grad_fn=<AddBackward0>)
overall: tensor(4.1247, device='cuda:0', grad_fn=<AddBackward0>)
overall: tensor(4.0891, device='cuda:0', grad_fn=<AddBackward0>)
overall: tensor(4.4726, device='cuda:0', grad_fn=<AddBackward0>)
overall: tensor(4.4194, device='cuda:0', grad_fn=<AddBackward0>)
overall: tensor(4.0788, device='cuda:0', grad_fn=<AddBackward0>)
overall: tensor(4.6629, device='cuda:0', grad_fn=<AddBackward0>)
overall: tensor(4.3252, device='cuda:0', grad_fn=<AddBackward0>)
batch num:300
overall: tensor(4.2311, device='cuda:0', grad_fn=<AddBackward0>)
overall: tensor(4.3745, device='cuda:0', grad_fn=<AddBackward0>)
overall: tensor(4.0342, device='cuda:0', grad_fn=<AddBackward0>)
overall: tensor(4.6700, device='cuda:0', grad_fn=<AddBackward0>)
overall: tensor(3.5147, device='cuda:0', grad_fn=<AddBackward0>)
overall: tensor(4.7341, device='cuda:0', grad_fn=<AddBackward0>)
overall: tensor(4.7554, device='cuda:0', grad_fn=<AddBackward0>)
overall: tensor(4.3149, device='cuda:0', grad_fn=<AddBackward0>)
overall: tensor(4.6019, device='cuda:0', grad_fn=<AddBackward0>)
overall: tensor(4.1890, device='cuda:0', grad_fn=<AddBackward0>)
overall: tensor(4.3292, device='cuda:0', grad_fn=<AddBackward0>)
overall: tensor(4.5329, device='cuda:0', grad_fn=<AddBackward0>)
overall: tensor(3.9481, device='cuda:0', grad_fn=<AddBackward0>)
overall: tensor(4.2098, device='cuda:0', grad_fn=<AddBackward0>)
overall: tensor(4.0726, device='cuda:0', grad_fn=<AddBackward0>)
overall: tensor(3.7936, device='cuda:0', grad_fn=<AddBackward0>)
overall: tensor(3.9878, device='cuda:0', grad_fn=<AddBackward0>)
overall: tensor(4.7942, device='cuda:0', grad_fn=<AddBackward0>)
overall: tensor(4.7834, device='cuda:0', grad_fn=<AddBackward0>)
overall: tensor(4.3029, device='cuda:0', grad_fn=<AddBackward0>)
overall: tensor(4.0920, device='cuda:0', grad_fn=<AddBackward0>)
overall: tensor(4.7020, device='cuda:0', grad_fn=<AddBackward0>)
overall: tensor(4.0981, device='cuda:0', grad_fn=<AddBackward0>)
overall: tensor(4.4533, device='cuda:0', grad_fn=<AddBackward0>)
overall: tensor(4.4303, device='cuda:0', grad_fn=<AddBackward0>)
overall: tensor(4.7687, device='cuda:0', grad_fn=<AddBackward0>)
overall: tensor(4.4261, device='cuda:0', grad_fn=<AddBackward0>)
overall: tensor(4.4550, device='cuda:0', grad_fn=<AddBackward0>)
overall: tensor(4.2562, device='cuda:0', grad_fn=<AddBackward0>)
overall: tensor(4.3798, device='cuda:0', grad_fn=<AddBackward0>)
overall: tensor(4.3188, device='cuda:0', grad_fn=<AddBackward0>)
overall: tensor(4.3502, device='cuda:0', grad_fn=<AddBackward0>)
overall: tensor(4.7690, device='cuda:0', grad_fn=<AddBackward0>)
Traceback (most recent call last):
  File "train_hotswapped_viewpoint.py", line 176, in <module>
    for i, (context_images, target_images, context_images_2, target_images_2, bbox, labels_cpu) in enumerate(dataloader):
  File "/n/home05/smadan/.conda/envs/domain_adaptation/lib/python3.8/site-packages/torch/utils/data/dataloader.py", line 521, in __next__
    data = self._next_data()
  File "/n/home05/smadan/.conda/envs/domain_adaptation/lib/python3.8/site-packages/torch/utils/data/dataloader.py", line 561, in _next_data
    data = self._dataset_fetcher.fetch(index)  # may raise StopIteration
  File "/n/home05/smadan/.conda/envs/domain_adaptation/lib/python3.8/site-packages/torch/utils/data/_utils/fetch.py", line 44, in fetch
    data = [self.dataset[idx] for idx in possibly_batched_index]
  File "/n/home05/smadan/.conda/envs/domain_adaptation/lib/python3.8/site-packages/torch/utils/data/_utils/fetch.py", line 44, in <listcomp>
    data = [self.dataset[idx] for idx in possibly_batched_index]
  File "/net/coxfs01/srv/export/coxfs01/pfister_lab2/share_root/Lab/spandan/contextual_domain_adaptation/WhenPigsFlyContext/core/dataset_hotswapped_viewpoint.py", line 130, in __getitem__
    image = Image.open(image_path)
  File "/n/home05/smadan/.conda/envs/domain_adaptation/lib/python3.8/site-packages/PIL/Image.py", line 2968, in open
    fp = builtins.open(filename, "rb")
FileNotFoundError: [Errno 2] No such file or directory: '../openrooms/all_openrooms/main_xml//scene0001_00/im_14.png'
