1
2022-04-13 16:01:50.409086: W tensorflow/stream_executor/platform/default/dso_loader.cc:64] Could not load dynamic library 'libcudart.so.11.0'; dlerror: libcudart.so.11.0: cannot open shared object file: No such file or directory
2022-04-13 16:01:50.465406: I tensorflow/stream_executor/cuda/cudart_stub.cc:29] Ignore above cudart dlerror if you do not have a GPU set up on your machine.
Task is lift the flap, not classification.
Hard mining set to:both
Using materials: ['main_xml_50_2']
Hotswapped material loader being used.
{1: 0, 2: 1, 3: 2, 4: 3, 5: 4, 6: 5, 7: 6, 8: 7, 9: 8, 10: 9, 11: 10, 12: 11, 13: 12}
-------------------------------
Annotation Counts
-------------------------------
desk                       4829
trash_bin                  3204
chair                     19905
window                    10204
lamp                       2489
table                     11541
monitor                    3094
file_cabinet               1727
bookshelf                  3902
bed                        3214
sofa                       3550
bathtub                    1988
flowerpot                   227
Total                     69874
-------------------------------

annotations: ../openrooms/annotation_files/train_main_xml_50_v3.json
batch_size: 15
checkpoint: null
git: e22ff54d4e15e859ff3672c5fc808cec0abfc80d
imagedir: ../
imbalance_reweighting: false
learning_rate: 1.0e-05
num_classes: 13
num_decoder_heads: 8
num_decoder_layers: 6
test_annotations: null
test_imagedir: null
uncertainty_gate_type: learned
uncertainty_threshold: 0.8
weighted_prediction: false

No checkpoint was passed.
Starting epoch: 1
batch num:0
Setting targets to 0.
overall: tensor(7.1519, device='cuda:0', grad_fn=<AddBackward0>)
Setting targets to 0.
overall: tensor(7.1381, device='cuda:0', grad_fn=<AddBackward0>)
Setting targets to 0.
overall: tensor(6.0302, device='cuda:0', grad_fn=<AddBackward0>)
Setting targets to 0.
overall: tensor(5.3217, device='cuda:0', grad_fn=<AddBackward0>)
Setting targets to 0.
overall: tensor(4.3063, device='cuda:0', grad_fn=<AddBackward0>)
Setting targets to 0.
overall: tensor(5.7863, device='cuda:0', grad_fn=<AddBackward0>)
Setting targets to 0.
overall: tensor(5.7253, device='cuda:0', grad_fn=<AddBackward0>)
Setting targets to 0.
overall: tensor(5.8553, device='cuda:0', grad_fn=<AddBackward0>)
Setting targets to 0.
overall: tensor(5.7348, device='cuda:0', grad_fn=<AddBackward0>)
Setting targets to 0.
overall: tensor(7.1737, device='cuda:0', grad_fn=<AddBackward0>)
Setting targets to 0.
overall: tensor(6.9481, device='cuda:0', grad_fn=<AddBackward0>)
Setting targets to 0.
overall: tensor(5.6479, device='cuda:0', grad_fn=<AddBackward0>)
Setting targets to 0.
overall: tensor(5.2067, device='cuda:0', grad_fn=<AddBackward0>)
Setting targets to 0.
overall: tensor(5.5162, device='cuda:0', grad_fn=<AddBackward0>)
Setting targets to 0.
overall: tensor(5.0772, device='cuda:0', grad_fn=<AddBackward0>)
Setting targets to 0.
overall: tensor(5.3783, device='cuda:0', grad_fn=<AddBackward0>)
Setting targets to 0.
overall: tensor(5.5565, device='cuda:0', grad_fn=<AddBackward0>)
Setting targets to 0.
overall: tensor(5.6322, device='cuda:0', grad_fn=<AddBackward0>)
Setting targets to 0.
overall: tensor(5.7758, device='cuda:0', grad_fn=<AddBackward0>)
Setting targets to 0.
overall: tensor(4.9643, device='cuda:0', grad_fn=<AddBackward0>)
Setting targets to 0.
overall: tensor(5.1276, device='cuda:0', grad_fn=<AddBackward0>)
Setting targets to 0.
overall: tensor(5.2538, device='cuda:0', grad_fn=<AddBackward0>)
Setting targets to 0.
overall: tensor(5.2484, device='cuda:0', grad_fn=<AddBackward0>)
Setting targets to 0.
overall: tensor(4.6285, device='cuda:0', grad_fn=<AddBackward0>)
Setting targets to 0.
overall: tensor(5.0193, device='cuda:0', grad_fn=<AddBackward0>)
Setting targets to 0.
overall: tensor(4.7947, device='cuda:0', grad_fn=<AddBackward0>)
Setting targets to 0.
overall: tensor(5.0006, device='cuda:0', grad_fn=<AddBackward0>)
Setting targets to 0.
overall: tensor(4.8041, device='cuda:0', grad_fn=<AddBackward0>)
Setting targets to 0.
overall: tensor(5.4408, device='cuda:0', grad_fn=<AddBackward0>)
Setting targets to 0.
overall: tensor(4.6436, device='cuda:0', grad_fn=<AddBackward0>)
Setting targets to 0.
overall: tensor(4.5661, device='cuda:0', grad_fn=<AddBackward0>)
Setting targets to 0.
overall: tensor(5.0896, device='cuda:0', grad_fn=<AddBackward0>)
Setting targets to 0.
overall: tensor(4.9312, device='cuda:0', grad_fn=<AddBackward0>)
Setting targets to 0.
overall: tensor(4.5682, device='cuda:0', grad_fn=<AddBackward0>)
Setting targets to 0.
overall: tensor(5.2510, device='cuda:0', grad_fn=<AddBackward0>)
Setting targets to 0.
overall: tensor(4.7480, device='cuda:0', grad_fn=<AddBackward0>)
Setting targets to 0.
overall: tensor(5.3853, device='cuda:0', grad_fn=<AddBackward0>)
Setting targets to 0.
overall: tensor(4.5764, device='cuda:0', grad_fn=<AddBackward0>)
Setting targets to 0.
overall: tensor(5.0459, device='cuda:0', grad_fn=<AddBackward0>)
Setting targets to 0.
overall: tensor(4.8719, device='cuda:0', grad_fn=<AddBackward0>)
Setting targets to 0.
overall: tensor(4.7271, device='cuda:0', grad_fn=<AddBackward0>)
Setting targets to 0.
overall: tensor(5.0873, device='cuda:0', grad_fn=<AddBackward0>)
Setting targets to 0.
overall: tensor(4.9198, device='cuda:0', grad_fn=<AddBackward0>)
Setting targets to 0.
overall: tensor(5.1517, device='cuda:0', grad_fn=<AddBackward0>)
Setting targets to 0.
overall: tensor(4.7740, device='cuda:0', grad_fn=<AddBackward0>)
Setting targets to 0.
overall: tensor(4.4962, device='cuda:0', grad_fn=<AddBackward0>)
Setting targets to 0.
overall: tensor(5.3071, device='cuda:0', grad_fn=<AddBackward0>)
Setting targets to 0.
overall: tensor(4.2789, device='cuda:0', grad_fn=<AddBackward0>)
Setting targets to 0.
overall: tensor(4.7702, device='cuda:0', grad_fn=<AddBackward0>)
Setting targets to 0.
overall: tensor(4.6216, device='cuda:0', grad_fn=<AddBackward0>)
Setting targets to 0.
overall: tensor(4.9842, device='cuda:0', grad_fn=<AddBackward0>)
Setting targets to 0.
overall: tensor(4.4897, device='cuda:0', grad_fn=<AddBackward0>)
Setting targets to 0.
overall: tensor(5.0514, device='cuda:0', grad_fn=<AddBackward0>)
Setting targets to 0.
overall: tensor(4.9765, device='cuda:0', grad_fn=<AddBackward0>)
Setting targets to 0.
overall: tensor(5.0455, device='cuda:0', grad_fn=<AddBackward0>)
Setting targets to 0.
overall: tensor(4.9009, device='cuda:0', grad_fn=<AddBackward0>)
Setting targets to 0.
overall: tensor(4.1421, device='cuda:0', grad_fn=<AddBackward0>)
Setting targets to 0.
overall: tensor(4.8267, device='cuda:0', grad_fn=<AddBackward0>)
Setting targets to 0.
overall: tensor(5.1577, device='cuda:0', grad_fn=<AddBackward0>)
Setting targets to 0.
overall: tensor(4.7129, device='cuda:0', grad_fn=<AddBackward0>)
Setting targets to 0.
overall: tensor(4.9099, device='cuda:0', grad_fn=<AddBackward0>)
Setting targets to 0.
overall: tensor(4.9449, device='cuda:0', grad_fn=<AddBackward0>)
Setting targets to 0.
overall: tensor(5.0529, device='cuda:0', grad_fn=<AddBackward0>)
Setting targets to 0.
overall: tensor(4.6627, device='cuda:0', grad_fn=<AddBackward0>)
Setting targets to 0.
overall: tensor(4.6510, device='cuda:0', grad_fn=<AddBackward0>)
Setting targets to 0.
overall: tensor(4.8155, device='cuda:0', grad_fn=<AddBackward0>)
Setting targets to 0.
overall: tensor(4.5338, device='cuda:0', grad_fn=<AddBackward0>)
Setting targets to 0.
overall: tensor(4.8096, device='cuda:0', grad_fn=<AddBackward0>)
Setting targets to 0.
overall: tensor(5.0417, device='cuda:0', grad_fn=<AddBackward0>)
Setting targets to 0.
overall: tensor(4.9603, device='cuda:0', grad_fn=<AddBackward0>)
Setting targets to 0.
overall: tensor(4.5410, device='cuda:0', grad_fn=<AddBackward0>)
Setting targets to 0.
overall: tensor(4.7193, device='cuda:0', grad_fn=<AddBackward0>)
Setting targets to 0.
overall: tensor(4.8103, device='cuda:0', grad_fn=<AddBackward0>)
Setting targets to 0.
overall: tensor(4.3831, device='cuda:0', grad_fn=<AddBackward0>)
Setting targets to 0.
overall: tensor(4.5141, device='cuda:0', grad_fn=<AddBackward0>)
Setting targets to 0.
overall: tensor(4.9728, device='cuda:0', grad_fn=<AddBackward0>)
Setting targets to 0.
overall: tensor(4.5767, device='cuda:0', grad_fn=<AddBackward0>)
Setting targets to 0.
overall: tensor(4.4028, device='cuda:0', grad_fn=<AddBackward0>)
Setting targets to 0.
overall: tensor(5.0910, device='cuda:0', grad_fn=<AddBackward0>)
Setting targets to 0.
overall: tensor(4.2798, device='cuda:0', grad_fn=<AddBackward0>)
Setting targets to 0.
overall: tensor(4.0882, device='cuda:0', grad_fn=<AddBackward0>)
Setting targets to 0.
overall: tensor(4.3938, device='cuda:0', grad_fn=<AddBackward0>)
Setting targets to 0.
overall: tensor(4.4837, device='cuda:0', grad_fn=<AddBackward0>)
Setting targets to 0.
overall: tensor(4.7275, device='cuda:0', grad_fn=<AddBackward0>)
Setting targets to 0.
overall: tensor(4.6680, device='cuda:0', grad_fn=<AddBackward0>)
Setting targets to 0.
overall: tensor(4.7766, device='cuda:0', grad_fn=<AddBackward0>)
Setting targets to 0.
overall: tensor(4.7872, device='cuda:0', grad_fn=<AddBackward0>)
Setting targets to 0.
overall: tensor(4.9325, device='cuda:0', grad_fn=<AddBackward0>)
Setting targets to 0.
overall: tensor(4.6906, device='cuda:0', grad_fn=<AddBackward0>)
Setting targets to 0.
overall: tensor(4.7987, device='cuda:0', grad_fn=<AddBackward0>)
Setting targets to 0.
overall: tensor(4.4255, device='cuda:0', grad_fn=<AddBackward0>)
Setting targets to 0.
overall: tensor(4.7518, device='cuda:0', grad_fn=<AddBackward0>)
Setting targets to 0.
overall: tensor(4.3024, device='cuda:0', grad_fn=<AddBackward0>)
Setting targets to 0.
overall: tensor(4.5861, device='cuda:0', grad_fn=<AddBackward0>)
Setting targets to 0.
overall: tensor(4.6607, device='cuda:0', grad_fn=<AddBackward0>)
Setting targets to 0.
overall: tensor(5.0697, device='cuda:0', grad_fn=<AddBackward0>)
Setting targets to 0.
overall: tensor(4.8330, device='cuda:0', grad_fn=<AddBackward0>)
Setting targets to 0.
overall: tensor(4.6313, device='cuda:0', grad_fn=<AddBackward0>)
Setting targets to 0.
overall: tensor(4.5743, device='cuda:0', grad_fn=<AddBackward0>)
Setting targets to 0.
overall: tensor(4.4513, device='cuda:0', grad_fn=<AddBackward0>)
batch num:100
Setting targets to 0.
overall: tensor(4.7541, device='cuda:0', grad_fn=<AddBackward0>)
Setting targets to 0.
overall: tensor(5.0374, device='cuda:0', grad_fn=<AddBackward0>)
Setting targets to 0.
overall: tensor(4.5670, device='cuda:0', grad_fn=<AddBackward0>)
Setting targets to 0.
overall: tensor(4.5466, device='cuda:0', grad_fn=<AddBackward0>)
Setting targets to 0.
overall: tensor(5.1065, device='cuda:0', grad_fn=<AddBackward0>)
Setting targets to 0.
overall: tensor(4.4993, device='cuda:0', grad_fn=<AddBackward0>)
Setting targets to 0.
overall: tensor(4.1804, device='cuda:0', grad_fn=<AddBackward0>)
Setting targets to 0.
overall: tensor(4.8465, device='cuda:0', grad_fn=<AddBackward0>)
Setting targets to 0.
overall: tensor(4.7712, device='cuda:0', grad_fn=<AddBackward0>)
Setting targets to 0.
overall: tensor(4.6755, device='cuda:0', grad_fn=<AddBackward0>)
Setting targets to 0.
overall: tensor(4.6090, device='cuda:0', grad_fn=<AddBackward0>)
Setting targets to 0.
overall: tensor(4.5967, device='cuda:0', grad_fn=<AddBackward0>)
Setting targets to 0.
overall: tensor(4.7604, device='cuda:0', grad_fn=<AddBackward0>)
Setting targets to 0.
overall: tensor(4.6233, device='cuda:0', grad_fn=<AddBackward0>)
Setting targets to 0.
overall: tensor(4.6822, device='cuda:0', grad_fn=<AddBackward0>)
Setting targets to 0.
overall: tensor(4.6071, device='cuda:0', grad_fn=<AddBackward0>)
Setting targets to 0.
overall: tensor(4.7829, device='cuda:0', grad_fn=<AddBackward0>)
Setting targets to 0.
overall: tensor(4.4469, device='cuda:0', grad_fn=<AddBackward0>)
Setting targets to 0.
overall: tensor(4.3386, device='cuda:0', grad_fn=<AddBackward0>)
Setting targets to 0.
overall: tensor(3.9758, device='cuda:0', grad_fn=<AddBackward0>)
Setting targets to 0.
overall: tensor(4.8951, device='cuda:0', grad_fn=<AddBackward0>)
Setting targets to 0.
overall: tensor(4.7218, device='cuda:0', grad_fn=<AddBackward0>)
Setting targets to 0.
overall: tensor(4.9374, device='cuda:0', grad_fn=<AddBackward0>)
Setting targets to 0.
overall: tensor(4.6823, device='cuda:0', grad_fn=<AddBackward0>)
Setting targets to 0.
overall: tensor(4.0698, device='cuda:0', grad_fn=<AddBackward0>)
Setting targets to 0.
overall: tensor(4.5428, device='cuda:0', grad_fn=<AddBackward0>)
Setting targets to 0.
overall: tensor(4.6998, device='cuda:0', grad_fn=<AddBackward0>)
Setting targets to 0.
overall: tensor(4.5978, device='cuda:0', grad_fn=<AddBackward0>)
Setting targets to 0.
overall: tensor(4.2725, device='cuda:0', grad_fn=<AddBackward0>)
Setting targets to 0.
overall: tensor(4.9066, device='cuda:0', grad_fn=<AddBackward0>)
Setting targets to 0.
overall: tensor(4.9000, device='cuda:0', grad_fn=<AddBackward0>)
Setting targets to 0.
overall: tensor(4.3504, device='cuda:0', grad_fn=<AddBackward0>)
Setting targets to 0.
overall: tensor(4.8342, device='cuda:0', grad_fn=<AddBackward0>)
Setting targets to 0.
overall: tensor(5.0807, device='cuda:0', grad_fn=<AddBackward0>)
Setting targets to 0.
overall: tensor(4.8000, device='cuda:0', grad_fn=<AddBackward0>)
Setting targets to 0.
overall: tensor(4.2091, device='cuda:0', grad_fn=<AddBackward0>)
Setting targets to 0.
overall: tensor(4.7971, device='cuda:0', grad_fn=<AddBackward0>)
Setting targets to 0.
overall: tensor(4.7583, device='cuda:0', grad_fn=<AddBackward0>)
Setting targets to 0.
overall: tensor(4.7738, device='cuda:0', grad_fn=<AddBackward0>)
Setting targets to 0.
overall: tensor(4.9229, device='cuda:0', grad_fn=<AddBackward0>)
Setting targets to 0.
overall: tensor(4.2190, device='cuda:0', grad_fn=<AddBackward0>)
Setting targets to 0.
overall: tensor(4.5951, device='cuda:0', grad_fn=<AddBackward0>)
Setting targets to 0.
overall: tensor(4.1994, device='cuda:0', grad_fn=<AddBackward0>)
Setting targets to 0.
overall: tensor(4.7940, device='cuda:0', grad_fn=<AddBackward0>)
Setting targets to 0.
overall: tensor(5.7187, device='cuda:0', grad_fn=<AddBackward0>)
Setting targets to 0.
overall: tensor(4.2353, device='cuda:0', grad_fn=<AddBackward0>)
Setting targets to 0.
overall: tensor(4.0307, device='cuda:0', grad_fn=<AddBackward0>)
Setting targets to 0.
overall: tensor(5.2397, device='cuda:0', grad_fn=<AddBackward0>)
Setting targets to 0.
overall: tensor(5.0447, device='cuda:0', grad_fn=<AddBackward0>)
Setting targets to 0.
overall: tensor(4.0327, device='cuda:0', grad_fn=<AddBackward0>)
Setting targets to 0.
overall: tensor(5.1424, device='cuda:0', grad_fn=<AddBackward0>)
Setting targets to 0.
overall: tensor(4.6115, device='cuda:0', grad_fn=<AddBackward0>)
Setting targets to 0.
overall: tensor(4.8193, device='cuda:0', grad_fn=<AddBackward0>)
Setting targets to 0.
overall: tensor(4.5481, device='cuda:0', grad_fn=<AddBackward0>)
Setting targets to 0.
overall: tensor(4.4544, device='cuda:0', grad_fn=<AddBackward0>)
Setting targets to 0.
overall: tensor(4.0058, device='cuda:0', grad_fn=<AddBackward0>)
Setting targets to 0.
overall: tensor(4.4843, device='cuda:0', grad_fn=<AddBackward0>)
Setting targets to 0.
overall: tensor(4.6544, device='cuda:0', grad_fn=<AddBackward0>)
Setting targets to 0.
overall: tensor(5.4003, device='cuda:0', grad_fn=<AddBackward0>)
Setting targets to 0.
overall: tensor(4.8672, device='cuda:0', grad_fn=<AddBackward0>)
Setting targets to 0.
overall: tensor(4.8004, device='cuda:0', grad_fn=<AddBackward0>)
Setting targets to 0.
overall: tensor(4.5813, device='cuda:0', grad_fn=<AddBackward0>)
Setting targets to 0.
overall: tensor(4.7498, device='cuda:0', grad_fn=<AddBackward0>)
Setting targets to 0.
overall: tensor(4.9406, device='cuda:0', grad_fn=<AddBackward0>)
Setting targets to 0.
overall: tensor(5.2531, device='cuda:0', grad_fn=<AddBackward0>)
Setting targets to 0.
overall: tensor(5.4543, device='cuda:0', grad_fn=<AddBackward0>)
Setting targets to 0.
overall: tensor(4.7283, device='cuda:0', grad_fn=<AddBackward0>)
Setting targets to 0.
overall: tensor(4.1550, device='cuda:0', grad_fn=<AddBackward0>)
Setting targets to 0.
overall: tensor(4.5712, device='cuda:0', grad_fn=<AddBackward0>)
Setting targets to 0.
overall: tensor(5.1034, device='cuda:0', grad_fn=<AddBackward0>)
Setting targets to 0.
overall: tensor(4.3876, device='cuda:0', grad_fn=<AddBackward0>)
Setting targets to 0.
overall: tensor(4.7380, device='cuda:0', grad_fn=<AddBackward0>)
Setting targets to 0.
overall: tensor(4.0544, device='cuda:0', grad_fn=<AddBackward0>)
Setting targets to 0.
overall: tensor(4.9235, device='cuda:0', grad_fn=<AddBackward0>)
slurmstepd: error: *** JOB 4616382 ON holygpu2c0913 CANCELLED AT 2022-04-13T16:12:24 ***
