10
2022-05-14 03:53:03.628278: W tensorflow/stream_executor/platform/default/dso_loader.cc:64] Could not load dynamic library 'libcudart.so.11.0'; dlerror: libcudart.so.11.0: cannot open shared object file: No such file or directory
2022-05-14 03:53:03.628567: I tensorflow/stream_executor/cuda/cudart_stub.cc:29] Ignore above cudart dlerror if you do not have a GPU set up on your machine.
Task is classification, not lift the flap.
Hard mining set to:both
Using materials: ['main_xml_viewpoint_2', 'main_xml_viewpoint_3', 'main_xml_viewpoint_4', 'main_xml_viewpoint_5', 'main_xml_50_2', 'main_xml_50_3', 'main_xml_50_4', 'main_xml_50_5', 'main_xml_50_lights_1', 'main_xml_50_lights_2', 'main_xml_50_lights_3']
Hotswapped material loader being used.
{1: 0, 2: 1, 3: 2, 4: 3, 5: 4, 6: 5, 7: 6, 8: 7, 9: 8, 10: 9, 11: 10, 12: 11, 13: 12}
-------------------------------
Annotation Counts
-------------------------------
table                     10252
sofa                       3102
chair                     17117
window                     5089
bookshelf                  3324
bed                        2831
monitor                    2408
trash_bin                  2857
file_cabinet               1418
desk                       4200
lamp                        589
bathtub                    1518
flowerpot                   162
Total                     54867
-------------------------------

annotations: ../openrooms/annotation_files/train_main_viewpoints_0_1_v3.json
batch_size: 15
checkpoint: null
git: e22ff54d4e15e859ff3672c5fc808cec0abfc80d
imagedir: ../
imbalance_reweighting: false
learning_rate: 1.0e-05
num_classes: 13
num_decoder_heads: 8
num_decoder_layers: 6
test_annotations: null
test_imagedir: null
uncertainty_gate_type: learned
uncertainty_threshold: 0.8
weighted_prediction: false

No checkpoint was passed.
Starting epoch: 1
batch num:0
overall: tensor(6.9561, device='cuda:0', grad_fn=<AddBackward0>)
overall: tensor(5.3047, device='cuda:0', grad_fn=<AddBackward0>)
overall: tensor(5.7770, device='cuda:0', grad_fn=<AddBackward0>)
overall: tensor(6.0215, device='cuda:0', grad_fn=<AddBackward0>)
overall: tensor(6.2827, device='cuda:0', grad_fn=<AddBackward0>)
overall: tensor(6.2013, device='cuda:0', grad_fn=<AddBackward0>)
overall: tensor(5.9562, device='cuda:0', grad_fn=<AddBackward0>)
overall: tensor(4.8012, device='cuda:0', grad_fn=<AddBackward0>)
overall: tensor(5.1668, device='cuda:0', grad_fn=<AddBackward0>)
overall: tensor(6.8607, device='cuda:0', grad_fn=<AddBackward0>)
overall: tensor(5.3151, device='cuda:0', grad_fn=<AddBackward0>)
overall: tensor(4.9149, device='cuda:0', grad_fn=<AddBackward0>)
overall: tensor(5.8731, device='cuda:0', grad_fn=<AddBackward0>)
overall: tensor(5.3687, device='cuda:0', grad_fn=<AddBackward0>)
overall: tensor(5.1413, device='cuda:0', grad_fn=<AddBackward0>)
overall: tensor(5.5188, device='cuda:0', grad_fn=<AddBackward0>)
overall: tensor(5.0926, device='cuda:0', grad_fn=<AddBackward0>)
overall: tensor(5.7286, device='cuda:0', grad_fn=<AddBackward0>)
overall: tensor(5.6975, device='cuda:0', grad_fn=<AddBackward0>)
overall: tensor(5.0919, device='cuda:0', grad_fn=<AddBackward0>)
overall: tensor(4.8930, device='cuda:0', grad_fn=<AddBackward0>)
overall: tensor(5.8811, device='cuda:0', grad_fn=<AddBackward0>)
overall: tensor(4.8680, device='cuda:0', grad_fn=<AddBackward0>)
overall: tensor(5.2858, device='cuda:0', grad_fn=<AddBackward0>)
overall: tensor(4.9847, device='cuda:0', grad_fn=<AddBackward0>)
overall: tensor(5.4961, device='cuda:0', grad_fn=<AddBackward0>)
overall: tensor(5.7342, device='cuda:0', grad_fn=<AddBackward0>)
overall: tensor(4.8780, device='cuda:0', grad_fn=<AddBackward0>)
overall: tensor(5.3652, device='cuda:0', grad_fn=<AddBackward0>)
overall: tensor(4.4506, device='cuda:0', grad_fn=<AddBackward0>)
overall: tensor(5.8812, device='cuda:0', grad_fn=<AddBackward0>)
overall: tensor(4.9280, device='cuda:0', grad_fn=<AddBackward0>)
overall: tensor(4.8112, device='cuda:0', grad_fn=<AddBackward0>)
overall: tensor(4.7735, device='cuda:0', grad_fn=<AddBackward0>)
overall: tensor(5.7144, device='cuda:0', grad_fn=<AddBackward0>)
overall: tensor(4.7779, device='cuda:0', grad_fn=<AddBackward0>)
overall: tensor(5.0577, device='cuda:0', grad_fn=<AddBackward0>)
overall: tensor(4.8674, device='cuda:0', grad_fn=<AddBackward0>)
overall: tensor(4.6202, device='cuda:0', grad_fn=<AddBackward0>)
overall: tensor(5.1300, device='cuda:0', grad_fn=<AddBackward0>)
overall: tensor(4.6288, device='cuda:0', grad_fn=<AddBackward0>)
overall: tensor(5.2781, device='cuda:0', grad_fn=<AddBackward0>)
overall: tensor(5.2555, device='cuda:0', grad_fn=<AddBackward0>)
overall: tensor(4.9070, device='cuda:0', grad_fn=<AddBackward0>)
overall: tensor(5.1941, device='cuda:0', grad_fn=<AddBackward0>)
overall: tensor(5.6337, device='cuda:0', grad_fn=<AddBackward0>)
overall: tensor(4.5430, device='cuda:0', grad_fn=<AddBackward0>)
overall: tensor(5.2005, device='cuda:0', grad_fn=<AddBackward0>)
overall: tensor(5.8221, device='cuda:0', grad_fn=<AddBackward0>)
overall: tensor(4.8972, device='cuda:0', grad_fn=<AddBackward0>)
overall: tensor(4.9687, device='cuda:0', grad_fn=<AddBackward0>)
overall: tensor(4.8028, device='cuda:0', grad_fn=<AddBackward0>)
overall: tensor(4.4342, device='cuda:0', grad_fn=<AddBackward0>)
overall: tensor(5.2435, device='cuda:0', grad_fn=<AddBackward0>)
overall: tensor(4.5818, device='cuda:0', grad_fn=<AddBackward0>)
overall: tensor(4.9111, device='cuda:0', grad_fn=<AddBackward0>)
overall: tensor(4.4853, device='cuda:0', grad_fn=<AddBackward0>)
overall: tensor(4.8085, device='cuda:0', grad_fn=<AddBackward0>)
overall: tensor(4.8887, device='cuda:0', grad_fn=<AddBackward0>)
overall: tensor(5.0425, device='cuda:0', grad_fn=<AddBackward0>)
overall: tensor(4.6628, device='cuda:0', grad_fn=<AddBackward0>)
overall: tensor(4.4381, device='cuda:0', grad_fn=<AddBackward0>)
overall: tensor(5.1300, device='cuda:0', grad_fn=<AddBackward0>)
overall: tensor(4.8872, device='cuda:0', grad_fn=<AddBackward0>)
overall: tensor(4.9565, device='cuda:0', grad_fn=<AddBackward0>)
overall: tensor(5.2852, device='cuda:0', grad_fn=<AddBackward0>)
overall: tensor(4.7480, device='cuda:0', grad_fn=<AddBackward0>)
overall: tensor(4.3112, device='cuda:0', grad_fn=<AddBackward0>)
overall: tensor(4.3842, device='cuda:0', grad_fn=<AddBackward0>)
overall: tensor(5.3637, device='cuda:0', grad_fn=<AddBackward0>)
overall: tensor(4.8438, device='cuda:0', grad_fn=<AddBackward0>)
overall: tensor(4.5443, device='cuda:0', grad_fn=<AddBackward0>)
overall: tensor(4.6941, device='cuda:0', grad_fn=<AddBackward0>)
overall: tensor(4.5456, device='cuda:0', grad_fn=<AddBackward0>)
overall: tensor(4.9980, device='cuda:0', grad_fn=<AddBackward0>)
overall: tensor(5.1270, device='cuda:0', grad_fn=<AddBackward0>)
overall: tensor(4.8279, device='cuda:0', grad_fn=<AddBackward0>)
overall: tensor(4.7267, device='cuda:0', grad_fn=<AddBackward0>)
overall: tensor(4.7197, device='cuda:0', grad_fn=<AddBackward0>)
overall: tensor(4.8132, device='cuda:0', grad_fn=<AddBackward0>)
overall: tensor(4.6303, device='cuda:0', grad_fn=<AddBackward0>)
overall: tensor(4.4806, device='cuda:0', grad_fn=<AddBackward0>)
overall: tensor(5.1789, device='cuda:0', grad_fn=<AddBackward0>)
overall: tensor(4.7487, device='cuda:0', grad_fn=<AddBackward0>)
overall: tensor(5.5870, device='cuda:0', grad_fn=<AddBackward0>)
overall: tensor(4.7689, device='cuda:0', grad_fn=<AddBackward0>)
overall: tensor(4.2455, device='cuda:0', grad_fn=<AddBackward0>)
overall: tensor(4.6447, device='cuda:0', grad_fn=<AddBackward0>)
overall: tensor(5.2542, device='cuda:0', grad_fn=<AddBackward0>)
overall: tensor(4.5996, device='cuda:0', grad_fn=<AddBackward0>)
overall: tensor(4.8590, device='cuda:0', grad_fn=<AddBackward0>)
overall: tensor(4.5573, device='cuda:0', grad_fn=<AddBackward0>)
overall: tensor(4.3753, device='cuda:0', grad_fn=<AddBackward0>)
overall: tensor(5.2049, device='cuda:0', grad_fn=<AddBackward0>)
overall: tensor(4.1216, device='cuda:0', grad_fn=<AddBackward0>)
overall: tensor(4.5426, device='cuda:0', grad_fn=<AddBackward0>)
overall: tensor(4.6624, device='cuda:0', grad_fn=<AddBackward0>)
overall: tensor(4.4493, device='cuda:0', grad_fn=<AddBackward0>)
overall: tensor(4.5876, device='cuda:0', grad_fn=<AddBackward0>)
overall: tensor(5.1637, device='cuda:0', grad_fn=<AddBackward0>)
batch num:100
overall: tensor(5.0688, device='cuda:0', grad_fn=<AddBackward0>)
overall: tensor(4.4382, device='cuda:0', grad_fn=<AddBackward0>)
overall: tensor(5.0240, device='cuda:0', grad_fn=<AddBackward0>)
overall: tensor(3.9416, device='cuda:0', grad_fn=<AddBackward0>)
overall: tensor(4.7579, device='cuda:0', grad_fn=<AddBackward0>)
overall: tensor(4.9778, device='cuda:0', grad_fn=<AddBackward0>)
overall: tensor(4.6270, device='cuda:0', grad_fn=<AddBackward0>)
overall: tensor(4.7373, device='cuda:0', grad_fn=<AddBackward0>)
overall: tensor(4.5871, device='cuda:0', grad_fn=<AddBackward0>)
overall: tensor(4.2354, device='cuda:0', grad_fn=<AddBackward0>)
overall: tensor(4.6619, device='cuda:0', grad_fn=<AddBackward0>)
overall: tensor(5.2770, device='cuda:0', grad_fn=<AddBackward0>)
overall: tensor(4.3298, device='cuda:0', grad_fn=<AddBackward0>)
overall: tensor(5.2723, device='cuda:0', grad_fn=<AddBackward0>)
overall: tensor(4.6006, device='cuda:0', grad_fn=<AddBackward0>)
overall: tensor(4.2107, device='cuda:0', grad_fn=<AddBackward0>)
overall: tensor(4.3649, device='cuda:0', grad_fn=<AddBackward0>)
overall: tensor(4.5831, device='cuda:0', grad_fn=<AddBackward0>)
overall: tensor(4.3822, device='cuda:0', grad_fn=<AddBackward0>)
overall: tensor(4.3593, device='cuda:0', grad_fn=<AddBackward0>)
overall: tensor(4.8020, device='cuda:0', grad_fn=<AddBackward0>)
overall: tensor(4.6508, device='cuda:0', grad_fn=<AddBackward0>)
overall: tensor(4.1857, device='cuda:0', grad_fn=<AddBackward0>)
overall: tensor(4.5534, device='cuda:0', grad_fn=<AddBackward0>)
overall: tensor(4.7412, device='cuda:0', grad_fn=<AddBackward0>)
overall: tensor(4.9980, device='cuda:0', grad_fn=<AddBackward0>)
overall: tensor(5.5977, device='cuda:0', grad_fn=<AddBackward0>)
overall: tensor(5.5023, device='cuda:0', grad_fn=<AddBackward0>)
overall: tensor(4.6836, device='cuda:0', grad_fn=<AddBackward0>)
overall: tensor(3.9848, device='cuda:0', grad_fn=<AddBackward0>)
overall: tensor(4.7893, device='cuda:0', grad_fn=<AddBackward0>)
overall: tensor(4.6885, device='cuda:0', grad_fn=<AddBackward0>)
overall: tensor(4.7262, device='cuda:0', grad_fn=<AddBackward0>)
overall: tensor(5.2936, device='cuda:0', grad_fn=<AddBackward0>)
overall: tensor(4.3406, device='cuda:0', grad_fn=<AddBackward0>)
overall: tensor(4.4193, device='cuda:0', grad_fn=<AddBackward0>)
overall: tensor(4.0645, device='cuda:0', grad_fn=<AddBackward0>)
overall: tensor(4.8107, device='cuda:0', grad_fn=<AddBackward0>)
overall: tensor(4.4697, device='cuda:0', grad_fn=<AddBackward0>)
overall: tensor(4.2159, device='cuda:0', grad_fn=<AddBackward0>)
overall: tensor(5.2701, device='cuda:0', grad_fn=<AddBackward0>)
overall: tensor(4.8435, device='cuda:0', grad_fn=<AddBackward0>)
overall: tensor(4.6301, device='cuda:0', grad_fn=<AddBackward0>)
overall: tensor(4.4993, device='cuda:0', grad_fn=<AddBackward0>)
overall: tensor(4.6870, device='cuda:0', grad_fn=<AddBackward0>)
overall: tensor(4.4053, device='cuda:0', grad_fn=<AddBackward0>)
overall: tensor(4.4824, device='cuda:0', grad_fn=<AddBackward0>)
overall: tensor(5.3909, device='cuda:0', grad_fn=<AddBackward0>)
overall: tensor(5.0627, device='cuda:0', grad_fn=<AddBackward0>)
overall: tensor(4.9435, device='cuda:0', grad_fn=<AddBackward0>)
overall: tensor(4.9983, device='cuda:0', grad_fn=<AddBackward0>)
overall: tensor(4.5251, device='cuda:0', grad_fn=<AddBackward0>)
overall: tensor(4.5654, device='cuda:0', grad_fn=<AddBackward0>)
overall: tensor(4.4429, device='cuda:0', grad_fn=<AddBackward0>)
overall: tensor(4.5707, device='cuda:0', grad_fn=<AddBackward0>)
overall: tensor(4.6637, device='cuda:0', grad_fn=<AddBackward0>)
overall: tensor(4.8971, device='cuda:0', grad_fn=<AddBackward0>)
overall: tensor(4.8103, device='cuda:0', grad_fn=<AddBackward0>)
overall: tensor(4.5807, device='cuda:0', grad_fn=<AddBackward0>)
overall: tensor(4.5874, device='cuda:0', grad_fn=<AddBackward0>)
overall: tensor(4.7778, device='cuda:0', grad_fn=<AddBackward0>)
overall: tensor(4.3289, device='cuda:0', grad_fn=<AddBackward0>)
overall: tensor(4.5519, device='cuda:0', grad_fn=<AddBackward0>)
overall: tensor(4.3086, device='cuda:0', grad_fn=<AddBackward0>)
overall: tensor(4.2680, device='cuda:0', grad_fn=<AddBackward0>)
overall: tensor(4.4784, device='cuda:0', grad_fn=<AddBackward0>)
overall: tensor(4.3658, device='cuda:0', grad_fn=<AddBackward0>)
overall: tensor(4.8028, device='cuda:0', grad_fn=<AddBackward0>)
overall: tensor(4.5434, device='cuda:0', grad_fn=<AddBackward0>)
overall: tensor(4.2286, device='cuda:0', grad_fn=<AddBackward0>)
overall: tensor(4.5800, device='cuda:0', grad_fn=<AddBackward0>)
Traceback (most recent call last):
  File "train_hotswapped_viewpoint.py", line 176, in <module>
    for i, (context_images, target_images, context_images_2, target_images_2, bbox, labels_cpu) in enumerate(dataloader):
  File "/n/home05/smadan/.conda/envs/domain_adaptation/lib/python3.8/site-packages/torch/utils/data/dataloader.py", line 521, in __next__
    data = self._next_data()
  File "/n/home05/smadan/.conda/envs/domain_adaptation/lib/python3.8/site-packages/torch/utils/data/dataloader.py", line 561, in _next_data
    data = self._dataset_fetcher.fetch(index)  # may raise StopIteration
  File "/n/home05/smadan/.conda/envs/domain_adaptation/lib/python3.8/site-packages/torch/utils/data/_utils/fetch.py", line 44, in fetch
    data = [self.dataset[idx] for idx in possibly_batched_index]
  File "/n/home05/smadan/.conda/envs/domain_adaptation/lib/python3.8/site-packages/torch/utils/data/_utils/fetch.py", line 44, in <listcomp>
    data = [self.dataset[idx] for idx in possibly_batched_index]
  File "/net/coxfs01/srv/export/coxfs01/pfister_lab2/share_root/Lab/spandan/contextual_domain_adaptation/WhenPigsFlyContext/core/dataset_hotswapped_viewpoint.py", line 130, in __getitem__
    image = Image.open(image_path)
  File "/n/home05/smadan/.conda/envs/domain_adaptation/lib/python3.8/site-packages/PIL/Image.py", line 2968, in open
    fp = builtins.open(filename, "rb")
FileNotFoundError: [Errno 2] No such file or directory: '../openrooms/all_openrooms/main_xml//scene0001_00/im_14.png'
