10
usage: train_hotswapped_auto_load.py [-h] [--config CONFIG] [--outdir OUTDIR]
                                     [--checkpoint CHECKPOINT]
                                     [--annotations ANNOTATIONS]
                                     [--imagedir IMAGEDIR]
                                     [--test_annotations TEST_ANNOTATIONS]
                                     [--test_imagedir TEST_IMAGEDIR]
                                     [--test_frequency TEST_FREQUENCY]
                                     [--epochs EPOCHS]
                                     [--save_frequency SAVE_FREQUENCY]
                                     [--print_batch_metrics]
                                     [--batch_size BATCH_SIZE]
                                     [--learning_rate LEARNING_RATE]
                                     [--imbalance_reweighting]
                                     [--num_decoder_heads NUM_DECODER_HEADS]
                                     [--num_decoder_layers NUM_DECODER_LAYERS]
                                     [--uncertainty_gate_type UNCERTAINTY_GATE_TYPE]
                                     [--uncertainty_threshold UNCERTAINTY_THRESHOLD]
                                     [--weighted_prediction]
                                     [--hard_mining HARD_MINING]
                                     [--num_materials NUM_MATERIALS]
                                     [--material_names MATERIAL_NAMES]
                                     [--lift_the_flap] [--no_context]
                                     [--empty_baseline]
                                     [--blur_target BLUR_TARGET]
                                     [--blur_context BLUR_CONTEXT]
                                     [--start_im START_IM] [--cnn_baseline]
train_hotswapped_auto_load.py: error: unrecognized arguments: --vit_baseline
