9
2022-05-14 05:58:58.998768: W tensorflow/stream_executor/platform/default/dso_loader.cc:64] Could not load dynamic library 'libcudart.so.11.0'; dlerror: libcudart.so.11.0: cannot open shared object file: No such file or directory
2022-05-14 05:58:58.998979: I tensorflow/stream_executor/cuda/cudart_stub.cc:29] Ignore above cudart dlerror if you do not have a GPU set up on your machine.
Task is classification, not lift the flap.
Hard mining set to:both
Using materials: ['main_xml_viewpoint_2', 'main_xml_viewpoint_3', 'main_xml_viewpoint_4']
Hotswapped material loader being used.
{1: 0, 2: 1, 3: 2, 4: 3, 5: 4, 6: 5, 7: 6, 8: 7, 9: 8, 10: 9, 11: 10, 12: 11, 13: 12}
-------------------------------
Annotation Counts
-------------------------------
table                     10252
sofa                       3102
chair                     17117
window                     5089
bookshelf                  3324
bed                        2831
monitor                    2408
trash_bin                  2857
file_cabinet               1418
desk                       4200
lamp                        589
bathtub                    1518
flowerpot                   162
Total                     54867
-------------------------------

annotations: ../openrooms/annotation_files/train_main_viewpoints_0_1_v3.json
batch_size: 15
checkpoint: null
git: e22ff54d4e15e859ff3672c5fc808cec0abfc80d
imagedir: ../
imbalance_reweighting: false
learning_rate: 1.0e-05
num_classes: 13
num_decoder_heads: 8
num_decoder_layers: 6
test_annotations: null
test_imagedir: null
uncertainty_gate_type: learned
uncertainty_threshold: 0.8
weighted_prediction: false

No checkpoint was passed.
Starting epoch: 1
batch num:0
overall: tensor(6.5575, device='cuda:0', grad_fn=<AddBackward0>)
overall: tensor(5.9989, device='cuda:0', grad_fn=<AddBackward0>)
overall: tensor(5.4412, device='cuda:0', grad_fn=<AddBackward0>)
overall: tensor(4.9259, device='cuda:0', grad_fn=<AddBackward0>)
overall: tensor(7.1723, device='cuda:0', grad_fn=<AddBackward0>)
overall: tensor(7.1816, device='cuda:0', grad_fn=<AddBackward0>)
overall: tensor(5.8943, device='cuda:0', grad_fn=<AddBackward0>)
overall: tensor(5.2231, device='cuda:0', grad_fn=<AddBackward0>)
overall: tensor(5.2740, device='cuda:0', grad_fn=<AddBackward0>)
overall: tensor(5.5553, device='cuda:0', grad_fn=<AddBackward0>)
overall: tensor(5.5082, device='cuda:0', grad_fn=<AddBackward0>)
overall: tensor(5.5822, device='cuda:0', grad_fn=<AddBackward0>)
overall: tensor(5.7286, device='cuda:0', grad_fn=<AddBackward0>)
overall: tensor(4.7710, device='cuda:0', grad_fn=<AddBackward0>)
overall: tensor(5.7484, device='cuda:0', grad_fn=<AddBackward0>)
overall: tensor(4.6551, device='cuda:0', grad_fn=<AddBackward0>)
overall: tensor(5.7947, device='cuda:0', grad_fn=<AddBackward0>)
overall: tensor(5.9090, device='cuda:0', grad_fn=<AddBackward0>)
overall: tensor(5.3391, device='cuda:0', grad_fn=<AddBackward0>)
overall: tensor(4.7487, device='cuda:0', grad_fn=<AddBackward0>)
overall: tensor(4.9398, device='cuda:0', grad_fn=<AddBackward0>)
overall: tensor(5.0204, device='cuda:0', grad_fn=<AddBackward0>)
overall: tensor(4.9265, device='cuda:0', grad_fn=<AddBackward0>)
overall: tensor(4.4120, device='cuda:0', grad_fn=<AddBackward0>)
overall: tensor(4.8845, device='cuda:0', grad_fn=<AddBackward0>)
overall: tensor(4.2271, device='cuda:0', grad_fn=<AddBackward0>)
overall: tensor(4.7251, device='cuda:0', grad_fn=<AddBackward0>)
overall: tensor(5.4936, device='cuda:0', grad_fn=<AddBackward0>)
overall: tensor(5.1672, device='cuda:0', grad_fn=<AddBackward0>)
overall: tensor(5.2942, device='cuda:0', grad_fn=<AddBackward0>)
overall: tensor(5.4131, device='cuda:0', grad_fn=<AddBackward0>)
overall: tensor(5.1547, device='cuda:0', grad_fn=<AddBackward0>)
overall: tensor(5.6006, device='cuda:0', grad_fn=<AddBackward0>)
overall: tensor(4.7449, device='cuda:0', grad_fn=<AddBackward0>)
overall: tensor(4.5946, device='cuda:0', grad_fn=<AddBackward0>)
overall: tensor(4.3741, device='cuda:0', grad_fn=<AddBackward0>)
overall: tensor(4.7992, device='cuda:0', grad_fn=<AddBackward0>)
overall: tensor(5.3684, device='cuda:0', grad_fn=<AddBackward0>)
overall: tensor(4.5946, device='cuda:0', grad_fn=<AddBackward0>)
overall: tensor(4.3838, device='cuda:0', grad_fn=<AddBackward0>)
overall: tensor(5.1410, device='cuda:0', grad_fn=<AddBackward0>)
overall: tensor(5.0572, device='cuda:0', grad_fn=<AddBackward0>)
overall: tensor(4.8541, device='cuda:0', grad_fn=<AddBackward0>)
overall: tensor(5.0670, device='cuda:0', grad_fn=<AddBackward0>)
overall: tensor(5.4465, device='cuda:0', grad_fn=<AddBackward0>)
overall: tensor(4.6819, device='cuda:0', grad_fn=<AddBackward0>)
overall: tensor(4.7175, device='cuda:0', grad_fn=<AddBackward0>)
overall: tensor(4.4949, device='cuda:0', grad_fn=<AddBackward0>)
overall: tensor(4.3545, device='cuda:0', grad_fn=<AddBackward0>)
overall: tensor(5.2911, device='cuda:0', grad_fn=<AddBackward0>)
overall: tensor(4.5624, device='cuda:0', grad_fn=<AddBackward0>)
overall: tensor(5.1604, device='cuda:0', grad_fn=<AddBackward0>)
overall: tensor(4.0439, device='cuda:0', grad_fn=<AddBackward0>)
overall: tensor(5.3166, device='cuda:0', grad_fn=<AddBackward0>)
overall: tensor(4.7134, device='cuda:0', grad_fn=<AddBackward0>)
overall: tensor(4.3325, device='cuda:0', grad_fn=<AddBackward0>)
overall: tensor(5.5128, device='cuda:0', grad_fn=<AddBackward0>)
overall: tensor(4.9400, device='cuda:0', grad_fn=<AddBackward0>)
overall: tensor(4.3530, device='cuda:0', grad_fn=<AddBackward0>)
overall: tensor(4.6687, device='cuda:0', grad_fn=<AddBackward0>)
overall: tensor(4.5760, device='cuda:0', grad_fn=<AddBackward0>)
overall: tensor(5.1314, device='cuda:0', grad_fn=<AddBackward0>)
overall: tensor(4.2637, device='cuda:0', grad_fn=<AddBackward0>)
overall: tensor(4.5314, device='cuda:0', grad_fn=<AddBackward0>)
overall: tensor(4.8833, device='cuda:0', grad_fn=<AddBackward0>)
overall: tensor(4.5239, device='cuda:0', grad_fn=<AddBackward0>)
overall: tensor(4.7696, device='cuda:0', grad_fn=<AddBackward0>)
overall: tensor(4.7075, device='cuda:0', grad_fn=<AddBackward0>)
overall: tensor(4.6616, device='cuda:0', grad_fn=<AddBackward0>)
overall: tensor(4.4143, device='cuda:0', grad_fn=<AddBackward0>)
overall: tensor(4.5237, device='cuda:0', grad_fn=<AddBackward0>)
overall: tensor(4.8167, device='cuda:0', grad_fn=<AddBackward0>)
overall: tensor(4.8824, device='cuda:0', grad_fn=<AddBackward0>)
overall: tensor(4.8421, device='cuda:0', grad_fn=<AddBackward0>)
overall: tensor(4.5706, device='cuda:0', grad_fn=<AddBackward0>)
overall: tensor(5.0854, device='cuda:0', grad_fn=<AddBackward0>)
overall: tensor(4.0742, device='cuda:0', grad_fn=<AddBackward0>)
overall: tensor(4.5959, device='cuda:0', grad_fn=<AddBackward0>)
overall: tensor(5.3916, device='cuda:0', grad_fn=<AddBackward0>)
overall: tensor(4.4037, device='cuda:0', grad_fn=<AddBackward0>)
overall: tensor(3.7513, device='cuda:0', grad_fn=<AddBackward0>)
overall: tensor(4.1327, device='cuda:0', grad_fn=<AddBackward0>)
overall: tensor(4.5982, device='cuda:0', grad_fn=<AddBackward0>)
overall: tensor(4.1249, device='cuda:0', grad_fn=<AddBackward0>)
overall: tensor(4.9278, device='cuda:0', grad_fn=<AddBackward0>)
overall: tensor(4.3160, device='cuda:0', grad_fn=<AddBackward0>)
overall: tensor(4.7393, device='cuda:0', grad_fn=<AddBackward0>)
overall: tensor(4.5152, device='cuda:0', grad_fn=<AddBackward0>)
overall: tensor(5.8001, device='cuda:0', grad_fn=<AddBackward0>)
overall: tensor(5.1104, device='cuda:0', grad_fn=<AddBackward0>)
overall: tensor(4.3256, device='cuda:0', grad_fn=<AddBackward0>)
overall: tensor(4.6972, device='cuda:0', grad_fn=<AddBackward0>)
overall: tensor(5.0440, device='cuda:0', grad_fn=<AddBackward0>)
overall: tensor(4.5007, device='cuda:0', grad_fn=<AddBackward0>)
overall: tensor(4.4095, device='cuda:0', grad_fn=<AddBackward0>)
overall: tensor(4.3778, device='cuda:0', grad_fn=<AddBackward0>)
overall: tensor(4.6473, device='cuda:0', grad_fn=<AddBackward0>)
overall: tensor(4.7591, device='cuda:0', grad_fn=<AddBackward0>)
overall: tensor(4.8176, device='cuda:0', grad_fn=<AddBackward0>)
overall: tensor(4.4536, device='cuda:0', grad_fn=<AddBackward0>)
batch num:100
overall: tensor(5.1954, device='cuda:0', grad_fn=<AddBackward0>)
overall: tensor(4.5990, device='cuda:0', grad_fn=<AddBackward0>)
overall: tensor(4.7269, device='cuda:0', grad_fn=<AddBackward0>)
overall: tensor(4.7148, device='cuda:0', grad_fn=<AddBackward0>)
overall: tensor(4.4800, device='cuda:0', grad_fn=<AddBackward0>)
overall: tensor(4.8316, device='cuda:0', grad_fn=<AddBackward0>)
overall: tensor(5.2642, device='cuda:0', grad_fn=<AddBackward0>)
overall: tensor(5.2092, device='cuda:0', grad_fn=<AddBackward0>)
overall: tensor(4.9843, device='cuda:0', grad_fn=<AddBackward0>)
overall: tensor(4.3508, device='cuda:0', grad_fn=<AddBackward0>)
overall: tensor(4.9043, device='cuda:0', grad_fn=<AddBackward0>)
overall: tensor(4.4955, device='cuda:0', grad_fn=<AddBackward0>)
overall: tensor(4.3474, device='cuda:0', grad_fn=<AddBackward0>)
overall: tensor(4.3626, device='cuda:0', grad_fn=<AddBackward0>)
overall: tensor(4.0907, device='cuda:0', grad_fn=<AddBackward0>)
overall: tensor(4.6558, device='cuda:0', grad_fn=<AddBackward0>)
overall: tensor(4.2559, device='cuda:0', grad_fn=<AddBackward0>)
overall: tensor(5.2132, device='cuda:0', grad_fn=<AddBackward0>)
overall: tensor(5.1482, device='cuda:0', grad_fn=<AddBackward0>)
overall: tensor(4.8283, device='cuda:0', grad_fn=<AddBackward0>)
overall: tensor(4.8100, device='cuda:0', grad_fn=<AddBackward0>)
overall: tensor(4.3319, device='cuda:0', grad_fn=<AddBackward0>)
overall: tensor(3.9578, device='cuda:0', grad_fn=<AddBackward0>)
overall: tensor(4.9021, device='cuda:0', grad_fn=<AddBackward0>)
overall: tensor(4.5381, device='cuda:0', grad_fn=<AddBackward0>)
overall: tensor(5.2835, device='cuda:0', grad_fn=<AddBackward0>)
overall: tensor(4.5456, device='cuda:0', grad_fn=<AddBackward0>)
overall: tensor(3.8939, device='cuda:0', grad_fn=<AddBackward0>)
overall: tensor(4.7908, device='cuda:0', grad_fn=<AddBackward0>)
overall: tensor(5.1794, device='cuda:0', grad_fn=<AddBackward0>)
overall: tensor(4.0976, device='cuda:0', grad_fn=<AddBackward0>)
overall: tensor(4.6867, device='cuda:0', grad_fn=<AddBackward0>)
overall: tensor(4.7595, device='cuda:0', grad_fn=<AddBackward0>)
overall: tensor(4.2304, device='cuda:0', grad_fn=<AddBackward0>)
overall: tensor(4.9013, device='cuda:0', grad_fn=<AddBackward0>)
overall: tensor(4.7829, device='cuda:0', grad_fn=<AddBackward0>)
overall: tensor(4.3987, device='cuda:0', grad_fn=<AddBackward0>)
overall: tensor(4.5082, device='cuda:0', grad_fn=<AddBackward0>)
overall: tensor(4.7748, device='cuda:0', grad_fn=<AddBackward0>)
overall: tensor(4.7210, device='cuda:0', grad_fn=<AddBackward0>)
overall: tensor(4.3933, device='cuda:0', grad_fn=<AddBackward0>)
overall: tensor(4.6589, device='cuda:0', grad_fn=<AddBackward0>)
overall: tensor(5.0179, device='cuda:0', grad_fn=<AddBackward0>)
overall: tensor(4.7256, device='cuda:0', grad_fn=<AddBackward0>)
overall: tensor(4.6366, device='cuda:0', grad_fn=<AddBackward0>)
overall: tensor(4.6527, device='cuda:0', grad_fn=<AddBackward0>)
overall: tensor(4.4460, device='cuda:0', grad_fn=<AddBackward0>)
overall: tensor(4.8148, device='cuda:0', grad_fn=<AddBackward0>)
overall: tensor(4.7143, device='cuda:0', grad_fn=<AddBackward0>)
overall: tensor(4.5295, device='cuda:0', grad_fn=<AddBackward0>)
overall: tensor(4.2046, device='cuda:0', grad_fn=<AddBackward0>)
overall: tensor(4.2817, device='cuda:0', grad_fn=<AddBackward0>)
overall: tensor(4.2615, device='cuda:0', grad_fn=<AddBackward0>)
overall: tensor(4.6980, device='cuda:0', grad_fn=<AddBackward0>)
overall: tensor(4.7165, device='cuda:0', grad_fn=<AddBackward0>)
overall: tensor(4.9059, device='cuda:0', grad_fn=<AddBackward0>)
overall: tensor(4.6696, device='cuda:0', grad_fn=<AddBackward0>)
overall: tensor(4.1843, device='cuda:0', grad_fn=<AddBackward0>)
overall: tensor(4.6751, device='cuda:0', grad_fn=<AddBackward0>)
overall: tensor(4.3587, device='cuda:0', grad_fn=<AddBackward0>)
overall: tensor(4.4789, device='cuda:0', grad_fn=<AddBackward0>)
overall: tensor(4.4848, device='cuda:0', grad_fn=<AddBackward0>)
overall: tensor(4.1868, device='cuda:0', grad_fn=<AddBackward0>)
overall: tensor(4.9251, device='cuda:0', grad_fn=<AddBackward0>)
overall: tensor(4.7299, device='cuda:0', grad_fn=<AddBackward0>)
overall: tensor(4.8703, device='cuda:0', grad_fn=<AddBackward0>)
overall: tensor(4.4530, device='cuda:0', grad_fn=<AddBackward0>)
overall: tensor(5.1043, device='cuda:0', grad_fn=<AddBackward0>)
overall: tensor(4.3288, device='cuda:0', grad_fn=<AddBackward0>)
overall: tensor(4.1022, device='cuda:0', grad_fn=<AddBackward0>)
overall: tensor(5.0628, device='cuda:0', grad_fn=<AddBackward0>)
overall: tensor(4.7522, device='cuda:0', grad_fn=<AddBackward0>)
overall: tensor(4.2723, device='cuda:0', grad_fn=<AddBackward0>)
overall: tensor(4.9797, device='cuda:0', grad_fn=<AddBackward0>)
overall: tensor(4.6411, device='cuda:0', grad_fn=<AddBackward0>)
overall: tensor(3.8226, device='cuda:0', grad_fn=<AddBackward0>)
overall: tensor(4.0547, device='cuda:0', grad_fn=<AddBackward0>)
overall: tensor(4.5188, device='cuda:0', grad_fn=<AddBackward0>)
overall: tensor(4.9025, device='cuda:0', grad_fn=<AddBackward0>)
overall: tensor(4.0035, device='cuda:0', grad_fn=<AddBackward0>)
overall: tensor(4.1998, device='cuda:0', grad_fn=<AddBackward0>)
overall: tensor(4.6581, device='cuda:0', grad_fn=<AddBackward0>)
overall: tensor(4.4162, device='cuda:0', grad_fn=<AddBackward0>)
overall: tensor(4.5321, device='cuda:0', grad_fn=<AddBackward0>)
overall: tensor(4.9122, device='cuda:0', grad_fn=<AddBackward0>)
overall: tensor(4.7390, device='cuda:0', grad_fn=<AddBackward0>)
overall: tensor(4.4111, device='cuda:0', grad_fn=<AddBackward0>)
overall: tensor(4.3498, device='cuda:0', grad_fn=<AddBackward0>)
overall: tensor(4.3073, device='cuda:0', grad_fn=<AddBackward0>)
overall: tensor(4.6590, device='cuda:0', grad_fn=<AddBackward0>)
overall: tensor(4.0946, device='cuda:0', grad_fn=<AddBackward0>)
overall: tensor(4.1701, device='cuda:0', grad_fn=<AddBackward0>)
overall: tensor(4.9117, device='cuda:0', grad_fn=<AddBackward0>)
overall: tensor(4.1047, device='cuda:0', grad_fn=<AddBackward0>)
overall: tensor(4.3674, device='cuda:0', grad_fn=<AddBackward0>)
overall: tensor(4.6072, device='cuda:0', grad_fn=<AddBackward0>)
overall: tensor(4.0369, device='cuda:0', grad_fn=<AddBackward0>)
overall: tensor(4.3250, device='cuda:0', grad_fn=<AddBackward0>)
overall: tensor(4.3764, device='cuda:0', grad_fn=<AddBackward0>)
overall: tensor(4.4442, device='cuda:0', grad_fn=<AddBackward0>)
batch num:200
overall: tensor(4.3325, device='cuda:0', grad_fn=<AddBackward0>)
overall: tensor(4.3239, device='cuda:0', grad_fn=<AddBackward0>)
overall: tensor(4.2617, device='cuda:0', grad_fn=<AddBackward0>)
overall: tensor(4.4366, device='cuda:0', grad_fn=<AddBackward0>)
overall: tensor(4.4056, device='cuda:0', grad_fn=<AddBackward0>)
overall: tensor(4.6690, device='cuda:0', grad_fn=<AddBackward0>)
overall: tensor(5.1072, device='cuda:0', grad_fn=<AddBackward0>)
overall: tensor(4.3224, device='cuda:0', grad_fn=<AddBackward0>)
overall: tensor(5.0918, device='cuda:0', grad_fn=<AddBackward0>)
overall: tensor(4.0853, device='cuda:0', grad_fn=<AddBackward0>)
overall: tensor(4.4671, device='cuda:0', grad_fn=<AddBackward0>)
overall: tensor(4.5751, device='cuda:0', grad_fn=<AddBackward0>)
overall: tensor(4.2727, device='cuda:0', grad_fn=<AddBackward0>)
overall: tensor(4.5112, device='cuda:0', grad_fn=<AddBackward0>)
overall: tensor(4.8950, device='cuda:0', grad_fn=<AddBackward0>)
overall: tensor(3.8711, device='cuda:0', grad_fn=<AddBackward0>)
overall: tensor(4.1025, device='cuda:0', grad_fn=<AddBackward0>)
overall: tensor(4.8902, device='cuda:0', grad_fn=<AddBackward0>)
overall: tensor(4.6922, device='cuda:0', grad_fn=<AddBackward0>)
overall: tensor(4.7618, device='cuda:0', grad_fn=<AddBackward0>)
overall: tensor(4.3983, device='cuda:0', grad_fn=<AddBackward0>)
overall: tensor(3.9808, device='cuda:0', grad_fn=<AddBackward0>)
overall: tensor(4.1787, device='cuda:0', grad_fn=<AddBackward0>)
overall: tensor(4.7752, device='cuda:0', grad_fn=<AddBackward0>)
overall: tensor(5.0088, device='cuda:0', grad_fn=<AddBackward0>)
overall: tensor(4.9346, device='cuda:0', grad_fn=<AddBackward0>)
overall: tensor(5.0232, device='cuda:0', grad_fn=<AddBackward0>)
overall: tensor(4.7431, device='cuda:0', grad_fn=<AddBackward0>)
overall: tensor(4.8660, device='cuda:0', grad_fn=<AddBackward0>)
overall: tensor(4.1218, device='cuda:0', grad_fn=<AddBackward0>)
overall: tensor(4.5814, device='cuda:0', grad_fn=<AddBackward0>)
overall: tensor(4.0877, device='cuda:0', grad_fn=<AddBackward0>)
overall: tensor(4.3981, device='cuda:0', grad_fn=<AddBackward0>)
overall: tensor(4.4853, device='cuda:0', grad_fn=<AddBackward0>)
overall: tensor(4.7972, device='cuda:0', grad_fn=<AddBackward0>)
overall: tensor(4.4217, device='cuda:0', grad_fn=<AddBackward0>)
overall: tensor(4.9222, device='cuda:0', grad_fn=<AddBackward0>)
overall: tensor(4.1908, device='cuda:0', grad_fn=<AddBackward0>)
overall: tensor(4.1682, device='cuda:0', grad_fn=<AddBackward0>)
overall: tensor(4.2697, device='cuda:0', grad_fn=<AddBackward0>)
overall: tensor(4.5193, device='cuda:0', grad_fn=<AddBackward0>)
overall: tensor(4.9576, device='cuda:0', grad_fn=<AddBackward0>)
overall: tensor(3.9456, device='cuda:0', grad_fn=<AddBackward0>)
overall: tensor(4.2834, device='cuda:0', grad_fn=<AddBackward0>)
overall: tensor(4.1073, device='cuda:0', grad_fn=<AddBackward0>)
overall: tensor(4.5678, device='cuda:0', grad_fn=<AddBackward0>)
overall: tensor(4.1741, device='cuda:0', grad_fn=<AddBackward0>)
overall: tensor(5.1547, device='cuda:0', grad_fn=<AddBackward0>)
overall: tensor(4.4330, device='cuda:0', grad_fn=<AddBackward0>)
overall: tensor(4.2846, device='cuda:0', grad_fn=<AddBackward0>)
overall: tensor(4.8226, device='cuda:0', grad_fn=<AddBackward0>)
overall: tensor(4.7755, device='cuda:0', grad_fn=<AddBackward0>)
overall: tensor(4.5091, device='cuda:0', grad_fn=<AddBackward0>)
overall: tensor(4.3267, device='cuda:0', grad_fn=<AddBackward0>)
overall: tensor(4.1543, device='cuda:0', grad_fn=<AddBackward0>)
overall: tensor(4.7367, device='cuda:0', grad_fn=<AddBackward0>)
overall: tensor(4.2683, device='cuda:0', grad_fn=<AddBackward0>)
overall: tensor(4.5207, device='cuda:0', grad_fn=<AddBackward0>)
overall: tensor(4.9410, device='cuda:0', grad_fn=<AddBackward0>)
overall: tensor(5.0266, device='cuda:0', grad_fn=<AddBackward0>)
overall: tensor(4.8161, device='cuda:0', grad_fn=<AddBackward0>)
overall: tensor(4.3530, device='cuda:0', grad_fn=<AddBackward0>)
overall: tensor(4.4196, device='cuda:0', grad_fn=<AddBackward0>)
overall: tensor(4.2301, device='cuda:0', grad_fn=<AddBackward0>)
overall: tensor(4.3372, device='cuda:0', grad_fn=<AddBackward0>)
overall: tensor(4.0101, device='cuda:0', grad_fn=<AddBackward0>)
overall: tensor(4.5007, device='cuda:0', grad_fn=<AddBackward0>)
overall: tensor(4.3505, device='cuda:0', grad_fn=<AddBackward0>)
overall: tensor(4.3714, device='cuda:0', grad_fn=<AddBackward0>)
overall: tensor(4.8378, device='cuda:0', grad_fn=<AddBackward0>)
overall: tensor(4.7951, device='cuda:0', grad_fn=<AddBackward0>)
overall: tensor(4.5231, device='cuda:0', grad_fn=<AddBackward0>)
overall: tensor(4.3596, device='cuda:0', grad_fn=<AddBackward0>)
overall: tensor(4.5881, device='cuda:0', grad_fn=<AddBackward0>)
overall: tensor(4.1456, device='cuda:0', grad_fn=<AddBackward0>)
overall: tensor(3.7594, device='cuda:0', grad_fn=<AddBackward0>)
overall: tensor(4.1776, device='cuda:0', grad_fn=<AddBackward0>)
overall: tensor(5.0392, device='cuda:0', grad_fn=<AddBackward0>)
overall: tensor(4.1838, device='cuda:0', grad_fn=<AddBackward0>)
overall: tensor(4.2901, device='cuda:0', grad_fn=<AddBackward0>)
overall: tensor(4.2471, device='cuda:0', grad_fn=<AddBackward0>)
overall: tensor(4.5126, device='cuda:0', grad_fn=<AddBackward0>)
overall: tensor(4.4614, device='cuda:0', grad_fn=<AddBackward0>)
overall: tensor(4.2684, device='cuda:0', grad_fn=<AddBackward0>)
overall: tensor(4.4020, device='cuda:0', grad_fn=<AddBackward0>)
overall: tensor(4.4020, device='cuda:0', grad_fn=<AddBackward0>)
overall: tensor(4.0346, device='cuda:0', grad_fn=<AddBackward0>)
overall: tensor(4.2350, device='cuda:0', grad_fn=<AddBackward0>)
overall: tensor(4.0282, device='cuda:0', grad_fn=<AddBackward0>)
overall: tensor(4.4459, device='cuda:0', grad_fn=<AddBackward0>)
overall: tensor(4.1398, device='cuda:0', grad_fn=<AddBackward0>)
overall: tensor(4.4015, device='cuda:0', grad_fn=<AddBackward0>)
overall: tensor(4.2255, device='cuda:0', grad_fn=<AddBackward0>)
overall: tensor(4.4822, device='cuda:0', grad_fn=<AddBackward0>)
overall: tensor(3.7888, device='cuda:0', grad_fn=<AddBackward0>)
overall: tensor(4.1089, device='cuda:0', grad_fn=<AddBackward0>)
overall: tensor(4.8439, device='cuda:0', grad_fn=<AddBackward0>)
overall: tensor(4.5970, device='cuda:0', grad_fn=<AddBackward0>)
overall: tensor(4.6492, device='cuda:0', grad_fn=<AddBackward0>)
overall: tensor(4.5713, device='cuda:0', grad_fn=<AddBackward0>)
batch num:300
overall: tensor(4.5712, device='cuda:0', grad_fn=<AddBackward0>)
overall: tensor(4.0491, device='cuda:0', grad_fn=<AddBackward0>)
overall: tensor(4.2118, device='cuda:0', grad_fn=<AddBackward0>)
overall: tensor(4.3347, device='cuda:0', grad_fn=<AddBackward0>)
overall: tensor(4.3297, device='cuda:0', grad_fn=<AddBackward0>)
overall: tensor(4.6763, device='cuda:0', grad_fn=<AddBackward0>)
overall: tensor(4.4181, device='cuda:0', grad_fn=<AddBackward0>)
overall: tensor(4.4386, device='cuda:0', grad_fn=<AddBackward0>)
overall: tensor(4.3249, device='cuda:0', grad_fn=<AddBackward0>)
overall: tensor(4.5387, device='cuda:0', grad_fn=<AddBackward0>)
overall: tensor(4.6166, device='cuda:0', grad_fn=<AddBackward0>)
overall: tensor(4.5026, device='cuda:0', grad_fn=<AddBackward0>)
overall: tensor(4.5986, device='cuda:0', grad_fn=<AddBackward0>)
overall: tensor(4.2882, device='cuda:0', grad_fn=<AddBackward0>)
overall: tensor(4.4761, device='cuda:0', grad_fn=<AddBackward0>)
overall: tensor(4.0608, device='cuda:0', grad_fn=<AddBackward0>)
overall: tensor(4.0702, device='cuda:0', grad_fn=<AddBackward0>)
overall: tensor(4.1799, device='cuda:0', grad_fn=<AddBackward0>)
overall: tensor(4.3889, device='cuda:0', grad_fn=<AddBackward0>)
overall: tensor(5.2129, device='cuda:0', grad_fn=<AddBackward0>)
overall: tensor(4.3003, device='cuda:0', grad_fn=<AddBackward0>)
overall: tensor(4.8722, device='cuda:0', grad_fn=<AddBackward0>)
overall: tensor(3.9843, device='cuda:0', grad_fn=<AddBackward0>)
overall: tensor(3.8553, device='cuda:0', grad_fn=<AddBackward0>)
overall: tensor(4.9531, device='cuda:0', grad_fn=<AddBackward0>)
overall: tensor(4.7135, device='cuda:0', grad_fn=<AddBackward0>)
overall: tensor(4.1694, device='cuda:0', grad_fn=<AddBackward0>)
overall: tensor(3.9894, device='cuda:0', grad_fn=<AddBackward0>)
overall: tensor(4.4416, device='cuda:0', grad_fn=<AddBackward0>)
overall: tensor(4.3802, device='cuda:0', grad_fn=<AddBackward0>)
overall: tensor(4.0271, device='cuda:0', grad_fn=<AddBackward0>)
overall: tensor(4.4121, device='cuda:0', grad_fn=<AddBackward0>)
overall: tensor(4.3628, device='cuda:0', grad_fn=<AddBackward0>)
overall: tensor(4.1870, device='cuda:0', grad_fn=<AddBackward0>)
overall: tensor(4.2103, device='cuda:0', grad_fn=<AddBackward0>)
overall: tensor(4.4727, device='cuda:0', grad_fn=<AddBackward0>)
overall: tensor(4.0342, device='cuda:0', grad_fn=<AddBackward0>)
overall: tensor(4.2596, device='cuda:0', grad_fn=<AddBackward0>)
overall: tensor(4.4880, device='cuda:0', grad_fn=<AddBackward0>)
overall: tensor(4.2799, device='cuda:0', grad_fn=<AddBackward0>)
overall: tensor(4.4151, device='cuda:0', grad_fn=<AddBackward0>)
overall: tensor(3.8725, device='cuda:0', grad_fn=<AddBackward0>)
overall: tensor(4.6738, device='cuda:0', grad_fn=<AddBackward0>)
overall: tensor(5.0965, device='cuda:0', grad_fn=<AddBackward0>)
overall: tensor(4.3976, device='cuda:0', grad_fn=<AddBackward0>)
overall: tensor(4.5468, device='cuda:0', grad_fn=<AddBackward0>)
overall: tensor(4.6035, device='cuda:0', grad_fn=<AddBackward0>)
overall: tensor(3.8981, device='cuda:0', grad_fn=<AddBackward0>)
overall: tensor(4.6662, device='cuda:0', grad_fn=<AddBackward0>)
overall: tensor(4.3506, device='cuda:0', grad_fn=<AddBackward0>)
overall: tensor(4.3306, device='cuda:0', grad_fn=<AddBackward0>)
overall: tensor(4.8476, device='cuda:0', grad_fn=<AddBackward0>)
overall: tensor(4.8895, device='cuda:0', grad_fn=<AddBackward0>)
overall: tensor(4.3845, device='cuda:0', grad_fn=<AddBackward0>)
overall: tensor(4.4256, device='cuda:0', grad_fn=<AddBackward0>)
overall: tensor(3.8609, device='cuda:0', grad_fn=<AddBackward0>)
overall: tensor(4.3442, device='cuda:0', grad_fn=<AddBackward0>)
overall: tensor(4.2252, device='cuda:0', grad_fn=<AddBackward0>)
overall: tensor(4.1991, device='cuda:0', grad_fn=<AddBackward0>)
overall: tensor(4.0772, device='cuda:0', grad_fn=<AddBackward0>)
overall: tensor(4.7411, device='cuda:0', grad_fn=<AddBackward0>)
overall: tensor(4.4789, device='cuda:0', grad_fn=<AddBackward0>)
overall: tensor(4.0839, device='cuda:0', grad_fn=<AddBackward0>)
overall: tensor(4.3691, device='cuda:0', grad_fn=<AddBackward0>)
overall: tensor(4.6520, device='cuda:0', grad_fn=<AddBackward0>)
overall: tensor(4.3135, device='cuda:0', grad_fn=<AddBackward0>)
overall: tensor(4.4169, device='cuda:0', grad_fn=<AddBackward0>)
overall: tensor(4.5269, device='cuda:0', grad_fn=<AddBackward0>)
overall: tensor(4.3813, device='cuda:0', grad_fn=<AddBackward0>)
overall: tensor(4.2522, device='cuda:0', grad_fn=<AddBackward0>)
overall: tensor(4.2374, device='cuda:0', grad_fn=<AddBackward0>)
overall: tensor(4.3057, device='cuda:0', grad_fn=<AddBackward0>)
overall: tensor(4.2355, device='cuda:0', grad_fn=<AddBackward0>)
overall: tensor(4.5062, device='cuda:0', grad_fn=<AddBackward0>)
overall: tensor(3.9712, device='cuda:0', grad_fn=<AddBackward0>)
overall: tensor(4.5533, device='cuda:0', grad_fn=<AddBackward0>)
overall: tensor(3.7151, device='cuda:0', grad_fn=<AddBackward0>)
overall: tensor(4.3181, device='cuda:0', grad_fn=<AddBackward0>)
overall: tensor(5.3088, device='cuda:0', grad_fn=<AddBackward0>)
overall: tensor(4.3233, device='cuda:0', grad_fn=<AddBackward0>)
overall: tensor(4.0005, device='cuda:0', grad_fn=<AddBackward0>)
overall: tensor(4.0009, device='cuda:0', grad_fn=<AddBackward0>)
overall: tensor(4.7958, device='cuda:0', grad_fn=<AddBackward0>)
overall: tensor(4.3877, device='cuda:0', grad_fn=<AddBackward0>)
overall: tensor(4.8454, device='cuda:0', grad_fn=<AddBackward0>)
overall: tensor(4.4308, device='cuda:0', grad_fn=<AddBackward0>)
overall: tensor(3.8995, device='cuda:0', grad_fn=<AddBackward0>)
overall: tensor(4.2363, device='cuda:0', grad_fn=<AddBackward0>)
overall: tensor(4.3678, device='cuda:0', grad_fn=<AddBackward0>)
overall: tensor(4.0764, device='cuda:0', grad_fn=<AddBackward0>)
overall: tensor(4.2193, device='cuda:0', grad_fn=<AddBackward0>)
overall: tensor(4.6025, device='cuda:0', grad_fn=<AddBackward0>)
overall: tensor(4.0670, device='cuda:0', grad_fn=<AddBackward0>)
overall: tensor(3.5385, device='cuda:0', grad_fn=<AddBackward0>)
overall: tensor(4.1877, device='cuda:0', grad_fn=<AddBackward0>)
overall: tensor(4.6410, device='cuda:0', grad_fn=<AddBackward0>)
overall: tensor(4.9613, device='cuda:0', grad_fn=<AddBackward0>)
overall: tensor(4.0393, device='cuda:0', grad_fn=<AddBackward0>)
overall: tensor(4.4938, device='cuda:0', grad_fn=<AddBackward0>)
overall: tensor(4.4991, device='cuda:0', grad_fn=<AddBackward0>)
batch num:400
overall: tensor(4.0090, device='cuda:0', grad_fn=<AddBackward0>)
overall: tensor(4.0904, device='cuda:0', grad_fn=<AddBackward0>)
overall: tensor(4.3114, device='cuda:0', grad_fn=<AddBackward0>)
overall: tensor(4.8979, device='cuda:0', grad_fn=<AddBackward0>)
overall: tensor(3.9407, device='cuda:0', grad_fn=<AddBackward0>)
overall: tensor(4.2233, device='cuda:0', grad_fn=<AddBackward0>)
overall: tensor(4.1195, device='cuda:0', grad_fn=<AddBackward0>)
overall: tensor(4.7720, device='cuda:0', grad_fn=<AddBackward0>)
overall: tensor(5.0211, device='cuda:0', grad_fn=<AddBackward0>)
overall: tensor(4.1896, device='cuda:0', grad_fn=<AddBackward0>)
overall: tensor(4.4354, device='cuda:0', grad_fn=<AddBackward0>)
overall: tensor(4.4620, device='cuda:0', grad_fn=<AddBackward0>)
overall: tensor(4.4869, device='cuda:0', grad_fn=<AddBackward0>)
overall: tensor(4.8868, device='cuda:0', grad_fn=<AddBackward0>)
overall: tensor(4.2342, device='cuda:0', grad_fn=<AddBackward0>)
overall: tensor(4.4375, device='cuda:0', grad_fn=<AddBackward0>)
overall: tensor(4.2943, device='cuda:0', grad_fn=<AddBackward0>)
overall: tensor(3.9320, device='cuda:0', grad_fn=<AddBackward0>)
overall: tensor(4.0833, device='cuda:0', grad_fn=<AddBackward0>)
overall: tensor(3.9215, device='cuda:0', grad_fn=<AddBackward0>)
overall: tensor(4.3972, device='cuda:0', grad_fn=<AddBackward0>)
overall: tensor(4.6741, device='cuda:0', grad_fn=<AddBackward0>)
overall: tensor(4.5875, device='cuda:0', grad_fn=<AddBackward0>)
overall: tensor(4.4088, device='cuda:0', grad_fn=<AddBackward0>)
overall: tensor(4.0396, device='cuda:0', grad_fn=<AddBackward0>)
overall: tensor(4.2568, device='cuda:0', grad_fn=<AddBackward0>)
overall: tensor(4.1242, device='cuda:0', grad_fn=<AddBackward0>)
overall: tensor(4.3885, device='cuda:0', grad_fn=<AddBackward0>)
overall: tensor(4.0632, device='cuda:0', grad_fn=<AddBackward0>)
overall: tensor(3.9060, device='cuda:0', grad_fn=<AddBackward0>)
overall: tensor(4.3630, device='cuda:0', grad_fn=<AddBackward0>)
overall: tensor(4.5892, device='cuda:0', grad_fn=<AddBackward0>)
overall: tensor(4.2479, device='cuda:0', grad_fn=<AddBackward0>)
overall: tensor(4.2823, device='cuda:0', grad_fn=<AddBackward0>)
overall: tensor(3.6497, device='cuda:0', grad_fn=<AddBackward0>)
overall: tensor(4.1627, device='cuda:0', grad_fn=<AddBackward0>)
overall: tensor(3.8965, device='cuda:0', grad_fn=<AddBackward0>)
overall: tensor(3.9721, device='cuda:0', grad_fn=<AddBackward0>)
overall: tensor(4.5368, device='cuda:0', grad_fn=<AddBackward0>)
overall: tensor(4.7957, device='cuda:0', grad_fn=<AddBackward0>)
overall: tensor(4.2196, device='cuda:0', grad_fn=<AddBackward0>)
overall: tensor(4.7172, device='cuda:0', grad_fn=<AddBackward0>)
overall: tensor(4.0225, device='cuda:0', grad_fn=<AddBackward0>)
overall: tensor(4.3404, device='cuda:0', grad_fn=<AddBackward0>)
overall: tensor(4.4790, device='cuda:0', grad_fn=<AddBackward0>)
overall: tensor(4.6219, device='cuda:0', grad_fn=<AddBackward0>)
overall: tensor(4.1350, device='cuda:0', grad_fn=<AddBackward0>)
overall: tensor(4.1101, device='cuda:0', grad_fn=<AddBackward0>)
overall: tensor(4.6108, device='cuda:0', grad_fn=<AddBackward0>)
overall: tensor(4.2007, device='cuda:0', grad_fn=<AddBackward0>)
overall: tensor(4.0672, device='cuda:0', grad_fn=<AddBackward0>)
overall: tensor(4.1823, device='cuda:0', grad_fn=<AddBackward0>)
overall: tensor(4.5215, device='cuda:0', grad_fn=<AddBackward0>)
overall: tensor(4.3004, device='cuda:0', grad_fn=<AddBackward0>)
overall: tensor(3.8668, device='cuda:0', grad_fn=<AddBackward0>)
overall: tensor(4.3730, device='cuda:0', grad_fn=<AddBackward0>)
overall: tensor(4.4735, device='cuda:0', grad_fn=<AddBackward0>)
overall: tensor(3.6949, device='cuda:0', grad_fn=<AddBackward0>)
overall: tensor(4.3107, device='cuda:0', grad_fn=<AddBackward0>)
overall: tensor(4.2571, device='cuda:0', grad_fn=<AddBackward0>)
overall: tensor(4.3039, device='cuda:0', grad_fn=<AddBackward0>)
overall: tensor(4.4144, device='cuda:0', grad_fn=<AddBackward0>)
overall: tensor(4.4591, device='cuda:0', grad_fn=<AddBackward0>)
overall: tensor(3.9484, device='cuda:0', grad_fn=<AddBackward0>)
overall: tensor(4.5381, device='cuda:0', grad_fn=<AddBackward0>)
overall: tensor(3.4764, device='cuda:0', grad_fn=<AddBackward0>)
overall: tensor(3.9918, device='cuda:0', grad_fn=<AddBackward0>)
overall: tensor(4.3933, device='cuda:0', grad_fn=<AddBackward0>)
overall: tensor(4.0255, device='cuda:0', grad_fn=<AddBackward0>)
overall: tensor(4.1954, device='cuda:0', grad_fn=<AddBackward0>)
overall: tensor(4.4991, device='cuda:0', grad_fn=<AddBackward0>)
overall: tensor(4.1307, device='cuda:0', grad_fn=<AddBackward0>)
overall: tensor(4.3358, device='cuda:0', grad_fn=<AddBackward0>)
overall: tensor(4.3051, device='cuda:0', grad_fn=<AddBackward0>)
overall: tensor(4.2654, device='cuda:0', grad_fn=<AddBackward0>)
overall: tensor(4.6086, device='cuda:0', grad_fn=<AddBackward0>)
overall: tensor(4.5194, device='cuda:0', grad_fn=<AddBackward0>)
overall: tensor(4.3518, device='cuda:0', grad_fn=<AddBackward0>)
overall: tensor(3.9128, device='cuda:0', grad_fn=<AddBackward0>)
overall: tensor(4.3846, device='cuda:0', grad_fn=<AddBackward0>)
overall: tensor(4.5426, device='cuda:0', grad_fn=<AddBackward0>)
overall: tensor(4.0024, device='cuda:0', grad_fn=<AddBackward0>)
overall: tensor(3.9749, device='cuda:0', grad_fn=<AddBackward0>)
overall: tensor(4.5544, device='cuda:0', grad_fn=<AddBackward0>)
overall: tensor(3.6971, device='cuda:0', grad_fn=<AddBackward0>)
overall: tensor(4.1882, device='cuda:0', grad_fn=<AddBackward0>)
overall: tensor(3.8418, device='cuda:0', grad_fn=<AddBackward0>)
overall: tensor(4.1653, device='cuda:0', grad_fn=<AddBackward0>)
overall: tensor(4.2574, device='cuda:0', grad_fn=<AddBackward0>)
overall: tensor(4.5657, device='cuda:0', grad_fn=<AddBackward0>)
overall: tensor(4.0190, device='cuda:0', grad_fn=<AddBackward0>)
overall: tensor(4.4245, device='cuda:0', grad_fn=<AddBackward0>)
overall: tensor(4.6826, device='cuda:0', grad_fn=<AddBackward0>)
overall: tensor(3.6600, device='cuda:0', grad_fn=<AddBackward0>)
overall: tensor(4.2711, device='cuda:0', grad_fn=<AddBackward0>)
overall: tensor(4.1372, device='cuda:0', grad_fn=<AddBackward0>)
overall: tensor(4.1267, device='cuda:0', grad_fn=<AddBackward0>)
overall: tensor(3.7451, device='cuda:0', grad_fn=<AddBackward0>)
overall: tensor(4.2978, device='cuda:0', grad_fn=<AddBackward0>)
overall: tensor(3.7852, device='cuda:0', grad_fn=<AddBackward0>)
batch num:500
overall: tensor(4.1425, device='cuda:0', grad_fn=<AddBackward0>)
overall: tensor(4.7670, device='cuda:0', grad_fn=<AddBackward0>)
overall: tensor(4.2381, device='cuda:0', grad_fn=<AddBackward0>)
overall: tensor(4.5439, device='cuda:0', grad_fn=<AddBackward0>)
overall: tensor(4.7242, device='cuda:0', grad_fn=<AddBackward0>)
overall: tensor(4.5779, device='cuda:0', grad_fn=<AddBackward0>)
overall: tensor(4.1076, device='cuda:0', grad_fn=<AddBackward0>)
overall: tensor(4.0087, device='cuda:0', grad_fn=<AddBackward0>)
overall: tensor(4.1469, device='cuda:0', grad_fn=<AddBackward0>)
overall: tensor(4.3725, device='cuda:0', grad_fn=<AddBackward0>)
overall: tensor(4.3008, device='cuda:0', grad_fn=<AddBackward0>)
overall: tensor(3.5964, device='cuda:0', grad_fn=<AddBackward0>)
overall: tensor(4.2741, device='cuda:0', grad_fn=<AddBackward0>)
overall: tensor(3.8190, device='cuda:0', grad_fn=<AddBackward0>)
overall: tensor(4.1714, device='cuda:0', grad_fn=<AddBackward0>)
overall: tensor(4.0386, device='cuda:0', grad_fn=<AddBackward0>)
overall: tensor(3.8062, device='cuda:0', grad_fn=<AddBackward0>)
overall: tensor(4.0447, device='cuda:0', grad_fn=<AddBackward0>)
overall: tensor(4.3707, device='cuda:0', grad_fn=<AddBackward0>)
overall: tensor(4.1261, device='cuda:0', grad_fn=<AddBackward0>)
overall: tensor(4.4688, device='cuda:0', grad_fn=<AddBackward0>)
overall: tensor(4.2056, device='cuda:0', grad_fn=<AddBackward0>)
overall: tensor(4.1528, device='cuda:0', grad_fn=<AddBackward0>)
overall: tensor(4.2007, device='cuda:0', grad_fn=<AddBackward0>)
overall: tensor(4.6857, device='cuda:0', grad_fn=<AddBackward0>)
overall: tensor(4.3461, device='cuda:0', grad_fn=<AddBackward0>)
overall: tensor(4.4136, device='cuda:0', grad_fn=<AddBackward0>)
overall: tensor(4.5904, device='cuda:0', grad_fn=<AddBackward0>)
overall: tensor(4.0551, device='cuda:0', grad_fn=<AddBackward0>)
overall: tensor(3.4604, device='cuda:0', grad_fn=<AddBackward0>)
overall: tensor(4.5316, device='cuda:0', grad_fn=<AddBackward0>)
overall: tensor(4.0636, device='cuda:0', grad_fn=<AddBackward0>)
overall: tensor(4.3835, device='cuda:0', grad_fn=<AddBackward0>)
overall: tensor(4.5252, device='cuda:0', grad_fn=<AddBackward0>)
overall: tensor(4.1628, device='cuda:0', grad_fn=<AddBackward0>)
overall: tensor(3.8239, device='cuda:0', grad_fn=<AddBackward0>)
overall: tensor(4.1655, device='cuda:0', grad_fn=<AddBackward0>)
overall: tensor(4.7691, device='cuda:0', grad_fn=<AddBackward0>)
overall: tensor(4.4149, device='cuda:0', grad_fn=<AddBackward0>)
overall: tensor(4.3218, device='cuda:0', grad_fn=<AddBackward0>)
overall: tensor(4.7216, device='cuda:0', grad_fn=<AddBackward0>)
overall: tensor(4.2187, device='cuda:0', grad_fn=<AddBackward0>)
overall: tensor(4.3586, device='cuda:0', grad_fn=<AddBackward0>)
overall: tensor(4.3910, device='cuda:0', grad_fn=<AddBackward0>)
overall: tensor(4.0566, device='cuda:0', grad_fn=<AddBackward0>)
overall: tensor(4.0554, device='cuda:0', grad_fn=<AddBackward0>)
overall: tensor(4.6060, device='cuda:0', grad_fn=<AddBackward0>)
overall: tensor(4.1118, device='cuda:0', grad_fn=<AddBackward0>)
overall: tensor(4.5984, device='cuda:0', grad_fn=<AddBackward0>)
overall: tensor(4.2189, device='cuda:0', grad_fn=<AddBackward0>)
overall: tensor(4.3141, device='cuda:0', grad_fn=<AddBackward0>)
overall: tensor(4.1940, device='cuda:0', grad_fn=<AddBackward0>)
overall: tensor(4.2943, device='cuda:0', grad_fn=<AddBackward0>)
overall: tensor(4.2780, device='cuda:0', grad_fn=<AddBackward0>)
overall: tensor(4.1716, device='cuda:0', grad_fn=<AddBackward0>)
overall: tensor(4.0742, device='cuda:0', grad_fn=<AddBackward0>)
overall: tensor(4.6836, device='cuda:0', grad_fn=<AddBackward0>)
overall: tensor(3.7553, device='cuda:0', grad_fn=<AddBackward0>)
overall: tensor(4.1601, device='cuda:0', grad_fn=<AddBackward0>)
overall: tensor(4.2726, device='cuda:0', grad_fn=<AddBackward0>)
overall: tensor(3.9964, device='cuda:0', grad_fn=<AddBackward0>)
overall: tensor(3.9911, device='cuda:0', grad_fn=<AddBackward0>)
overall: tensor(4.3031, device='cuda:0', grad_fn=<AddBackward0>)
overall: tensor(3.8832, device='cuda:0', grad_fn=<AddBackward0>)
overall: tensor(4.0203, device='cuda:0', grad_fn=<AddBackward0>)
overall: tensor(4.1041, device='cuda:0', grad_fn=<AddBackward0>)
overall: tensor(4.0905, device='cuda:0', grad_fn=<AddBackward0>)
overall: tensor(3.9887, device='cuda:0', grad_fn=<AddBackward0>)
overall: tensor(4.4997, device='cuda:0', grad_fn=<AddBackward0>)
overall: tensor(4.3374, device='cuda:0', grad_fn=<AddBackward0>)
overall: tensor(3.5767, device='cuda:0', grad_fn=<AddBackward0>)
overall: tensor(4.6062, device='cuda:0', grad_fn=<AddBackward0>)
overall: tensor(4.1842, device='cuda:0', grad_fn=<AddBackward0>)
overall: tensor(4.0590, device='cuda:0', grad_fn=<AddBackward0>)
overall: tensor(3.8700, device='cuda:0', grad_fn=<AddBackward0>)
overall: tensor(4.5756, device='cuda:0', grad_fn=<AddBackward0>)
overall: tensor(4.0893, device='cuda:0', grad_fn=<AddBackward0>)
overall: tensor(4.3267, device='cuda:0', grad_fn=<AddBackward0>)
overall: tensor(3.8041, device='cuda:0', grad_fn=<AddBackward0>)
overall: tensor(4.4003, device='cuda:0', grad_fn=<AddBackward0>)
overall: tensor(4.0573, device='cuda:0', grad_fn=<AddBackward0>)
overall: tensor(4.5414, device='cuda:0', grad_fn=<AddBackward0>)
overall: tensor(3.6476, device='cuda:0', grad_fn=<AddBackward0>)
overall: tensor(4.5996, device='cuda:0', grad_fn=<AddBackward0>)
overall: tensor(4.2039, device='cuda:0', grad_fn=<AddBackward0>)
overall: tensor(4.5443, device='cuda:0', grad_fn=<AddBackward0>)
overall: tensor(4.4995, device='cuda:0', grad_fn=<AddBackward0>)
overall: tensor(4.5759, device='cuda:0', grad_fn=<AddBackward0>)
overall: tensor(4.2236, device='cuda:0', grad_fn=<AddBackward0>)
overall: tensor(3.8594, device='cuda:0', grad_fn=<AddBackward0>)
overall: tensor(4.2036, device='cuda:0', grad_fn=<AddBackward0>)
overall: tensor(4.7511, device='cuda:0', grad_fn=<AddBackward0>)
overall: tensor(4.4270, device='cuda:0', grad_fn=<AddBackward0>)
overall: tensor(4.0499, device='cuda:0', grad_fn=<AddBackward0>)
overall: tensor(4.5591, device='cuda:0', grad_fn=<AddBackward0>)
overall: tensor(4.2223, device='cuda:0', grad_fn=<AddBackward0>)
overall: tensor(4.2779, device='cuda:0', grad_fn=<AddBackward0>)
overall: tensor(4.3224, device='cuda:0', grad_fn=<AddBackward0>)
overall: tensor(4.8199, device='cuda:0', grad_fn=<AddBackward0>)
overall: tensor(4.1182, device='cuda:0', grad_fn=<AddBackward0>)
batch num:600
overall: tensor(3.6851, device='cuda:0', grad_fn=<AddBackward0>)
overall: tensor(4.2087, device='cuda:0', grad_fn=<AddBackward0>)
overall: tensor(4.3372, device='cuda:0', grad_fn=<AddBackward0>)
overall: tensor(4.2242, device='cuda:0', grad_fn=<AddBackward0>)
overall: tensor(4.0620, device='cuda:0', grad_fn=<AddBackward0>)
overall: tensor(4.3608, device='cuda:0', grad_fn=<AddBackward0>)
overall: tensor(4.3991, device='cuda:0', grad_fn=<AddBackward0>)
overall: tensor(3.9238, device='cuda:0', grad_fn=<AddBackward0>)
overall: tensor(3.6649, device='cuda:0', grad_fn=<AddBackward0>)
overall: tensor(3.9953, device='cuda:0', grad_fn=<AddBackward0>)
overall: tensor(4.1423, device='cuda:0', grad_fn=<AddBackward0>)
overall: tensor(4.6397, device='cuda:0', grad_fn=<AddBackward0>)
overall: tensor(3.7838, device='cuda:0', grad_fn=<AddBackward0>)
overall: tensor(3.4499, device='cuda:0', grad_fn=<AddBackward0>)
overall: tensor(4.0292, device='cuda:0', grad_fn=<AddBackward0>)
overall: tensor(4.3496, device='cuda:0', grad_fn=<AddBackward0>)
overall: tensor(4.0842, device='cuda:0', grad_fn=<AddBackward0>)
overall: tensor(3.8380, device='cuda:0', grad_fn=<AddBackward0>)
overall: tensor(3.9725, device='cuda:0', grad_fn=<AddBackward0>)
overall: tensor(3.9122, device='cuda:0', grad_fn=<AddBackward0>)
overall: tensor(3.6218, device='cuda:0', grad_fn=<AddBackward0>)
overall: tensor(4.2723, device='cuda:0', grad_fn=<AddBackward0>)
overall: tensor(4.3751, device='cuda:0', grad_fn=<AddBackward0>)
overall: tensor(3.9965, device='cuda:0', grad_fn=<AddBackward0>)
overall: tensor(3.7346, device='cuda:0', grad_fn=<AddBackward0>)
overall: tensor(4.4318, device='cuda:0', grad_fn=<AddBackward0>)
overall: tensor(4.4443, device='cuda:0', grad_fn=<AddBackward0>)
overall: tensor(3.7656, device='cuda:0', grad_fn=<AddBackward0>)
overall: tensor(4.2749, device='cuda:0', grad_fn=<AddBackward0>)
overall: tensor(4.1101, device='cuda:0', grad_fn=<AddBackward0>)
overall: tensor(4.4994, device='cuda:0', grad_fn=<AddBackward0>)
overall: tensor(3.6501, device='cuda:0', grad_fn=<AddBackward0>)
overall: tensor(3.7350, device='cuda:0', grad_fn=<AddBackward0>)
overall: tensor(4.2872, device='cuda:0', grad_fn=<AddBackward0>)
overall: tensor(3.9518, device='cuda:0', grad_fn=<AddBackward0>)
overall: tensor(4.1224, device='cuda:0', grad_fn=<AddBackward0>)
overall: tensor(4.8516, device='cuda:0', grad_fn=<AddBackward0>)
overall: tensor(3.9925, device='cuda:0', grad_fn=<AddBackward0>)
overall: tensor(4.1731, device='cuda:0', grad_fn=<AddBackward0>)
overall: tensor(4.3204, device='cuda:0', grad_fn=<AddBackward0>)
overall: tensor(4.1770, device='cuda:0', grad_fn=<AddBackward0>)
overall: tensor(4.6397, device='cuda:0', grad_fn=<AddBackward0>)
overall: tensor(4.0207, device='cuda:0', grad_fn=<AddBackward0>)
overall: tensor(3.9819, device='cuda:0', grad_fn=<AddBackward0>)
overall: tensor(3.9614, device='cuda:0', grad_fn=<AddBackward0>)
overall: tensor(4.4953, device='cuda:0', grad_fn=<AddBackward0>)
overall: tensor(4.0553, device='cuda:0', grad_fn=<AddBackward0>)
overall: tensor(4.4505, device='cuda:0', grad_fn=<AddBackward0>)
overall: tensor(4.1401, device='cuda:0', grad_fn=<AddBackward0>)
overall: tensor(4.2216, device='cuda:0', grad_fn=<AddBackward0>)
overall: tensor(3.9104, device='cuda:0', grad_fn=<AddBackward0>)
overall: tensor(4.7632, device='cuda:0', grad_fn=<AddBackward0>)
overall: tensor(4.5097, device='cuda:0', grad_fn=<AddBackward0>)
overall: tensor(4.2202, device='cuda:0', grad_fn=<AddBackward0>)
overall: tensor(5.0308, device='cuda:0', grad_fn=<AddBackward0>)
overall: tensor(4.4838, device='cuda:0', grad_fn=<AddBackward0>)
overall: tensor(4.0650, device='cuda:0', grad_fn=<AddBackward0>)
overall: tensor(4.3546, device='cuda:0', grad_fn=<AddBackward0>)
overall: tensor(4.1941, device='cuda:0', grad_fn=<AddBackward0>)
overall: tensor(4.3184, device='cuda:0', grad_fn=<AddBackward0>)
overall: tensor(4.1470, device='cuda:0', grad_fn=<AddBackward0>)
overall: tensor(4.2368, device='cuda:0', grad_fn=<AddBackward0>)
overall: tensor(4.2225, device='cuda:0', grad_fn=<AddBackward0>)
overall: tensor(4.3251, device='cuda:0', grad_fn=<AddBackward0>)
overall: tensor(4.1207, device='cuda:0', grad_fn=<AddBackward0>)
overall: tensor(4.3692, device='cuda:0', grad_fn=<AddBackward0>)
overall: tensor(3.9070, device='cuda:0', grad_fn=<AddBackward0>)
overall: tensor(4.2531, device='cuda:0', grad_fn=<AddBackward0>)
overall: tensor(3.9317, device='cuda:0', grad_fn=<AddBackward0>)
overall: tensor(4.0910, device='cuda:0', grad_fn=<AddBackward0>)
overall: tensor(4.0029, device='cuda:0', grad_fn=<AddBackward0>)
overall: tensor(4.2948, device='cuda:0', grad_fn=<AddBackward0>)
overall: tensor(4.5230, device='cuda:0', grad_fn=<AddBackward0>)
overall: tensor(4.0700, device='cuda:0', grad_fn=<AddBackward0>)
overall: tensor(4.0181, device='cuda:0', grad_fn=<AddBackward0>)
overall: tensor(4.1086, device='cuda:0', grad_fn=<AddBackward0>)
overall: tensor(4.1701, device='cuda:0', grad_fn=<AddBackward0>)
overall: tensor(4.1185, device='cuda:0', grad_fn=<AddBackward0>)
overall: tensor(3.3663, device='cuda:0', grad_fn=<AddBackward0>)
overall: tensor(3.8871, device='cuda:0', grad_fn=<AddBackward0>)
overall: tensor(3.7577, device='cuda:0', grad_fn=<AddBackward0>)
overall: tensor(4.2314, device='cuda:0', grad_fn=<AddBackward0>)
overall: tensor(4.3806, device='cuda:0', grad_fn=<AddBackward0>)
overall: tensor(4.7085, device='cuda:0', grad_fn=<AddBackward0>)
overall: tensor(3.7937, device='cuda:0', grad_fn=<AddBackward0>)
overall: tensor(3.7151, device='cuda:0', grad_fn=<AddBackward0>)
overall: tensor(4.5388, device='cuda:0', grad_fn=<AddBackward0>)
overall: tensor(3.8458, device='cuda:0', grad_fn=<AddBackward0>)
overall: tensor(4.4616, device='cuda:0', grad_fn=<AddBackward0>)
overall: tensor(4.1074, device='cuda:0', grad_fn=<AddBackward0>)
overall: tensor(4.6680, device='cuda:0', grad_fn=<AddBackward0>)
overall: tensor(4.6555, device='cuda:0', grad_fn=<AddBackward0>)
overall: tensor(4.0903, device='cuda:0', grad_fn=<AddBackward0>)
overall: tensor(4.2791, device='cuda:0', grad_fn=<AddBackward0>)
overall: tensor(3.9013, device='cuda:0', grad_fn=<AddBackward0>)
overall: tensor(4.6008, device='cuda:0', grad_fn=<AddBackward0>)
overall: tensor(4.4113, device='cuda:0', grad_fn=<AddBackward0>)
overall: tensor(3.8287, device='cuda:0', grad_fn=<AddBackward0>)
overall: tensor(4.6396, device='cuda:0', grad_fn=<AddBackward0>)
overall: tensor(4.5395, device='cuda:0', grad_fn=<AddBackward0>)
batch num:700
overall: tensor(3.7375, device='cuda:0', grad_fn=<AddBackward0>)
overall: tensor(3.7737, device='cuda:0', grad_fn=<AddBackward0>)
overall: tensor(4.7745, device='cuda:0', grad_fn=<AddBackward0>)
overall: tensor(4.3027, device='cuda:0', grad_fn=<AddBackward0>)
overall: tensor(3.6885, device='cuda:0', grad_fn=<AddBackward0>)
overall: tensor(4.5579, device='cuda:0', grad_fn=<AddBackward0>)
overall: tensor(3.9260, device='cuda:0', grad_fn=<AddBackward0>)
overall: tensor(4.0329, device='cuda:0', grad_fn=<AddBackward0>)
overall: tensor(4.0700, device='cuda:0', grad_fn=<AddBackward0>)
overall: tensor(4.0273, device='cuda:0', grad_fn=<AddBackward0>)
overall: tensor(4.2014, device='cuda:0', grad_fn=<AddBackward0>)
overall: tensor(4.3571, device='cuda:0', grad_fn=<AddBackward0>)
overall: tensor(3.8921, device='cuda:0', grad_fn=<AddBackward0>)
overall: tensor(3.8055, device='cuda:0', grad_fn=<AddBackward0>)
overall: tensor(4.2748, device='cuda:0', grad_fn=<AddBackward0>)
overall: tensor(4.3880, device='cuda:0', grad_fn=<AddBackward0>)
overall: tensor(3.8227, device='cuda:0', grad_fn=<AddBackward0>)
overall: tensor(4.0263, device='cuda:0', grad_fn=<AddBackward0>)
overall: tensor(3.9041, device='cuda:0', grad_fn=<AddBackward0>)
overall: tensor(3.5309, device='cuda:0', grad_fn=<AddBackward0>)
overall: tensor(3.8513, device='cuda:0', grad_fn=<AddBackward0>)
overall: tensor(4.2904, device='cuda:0', grad_fn=<AddBackward0>)
overall: tensor(4.1929, device='cuda:0', grad_fn=<AddBackward0>)
overall: tensor(4.6803, device='cuda:0', grad_fn=<AddBackward0>)
overall: tensor(4.0315, device='cuda:0', grad_fn=<AddBackward0>)
overall: tensor(3.8072, device='cuda:0', grad_fn=<AddBackward0>)
overall: tensor(3.5026, device='cuda:0', grad_fn=<AddBackward0>)
overall: tensor(4.1213, device='cuda:0', grad_fn=<AddBackward0>)
overall: tensor(4.3583, device='cuda:0', grad_fn=<AddBackward0>)
overall: tensor(4.0271, device='cuda:0', grad_fn=<AddBackward0>)
overall: tensor(4.7051, device='cuda:0', grad_fn=<AddBackward0>)
overall: tensor(3.8540, device='cuda:0', grad_fn=<AddBackward0>)
overall: tensor(4.0824, device='cuda:0', grad_fn=<AddBackward0>)
overall: tensor(3.9953, device='cuda:0', grad_fn=<AddBackward0>)
overall: tensor(4.2834, device='cuda:0', grad_fn=<AddBackward0>)
overall: tensor(4.1393, device='cuda:0', grad_fn=<AddBackward0>)
overall: tensor(4.0891, device='cuda:0', grad_fn=<AddBackward0>)
overall: tensor(4.1607, device='cuda:0', grad_fn=<AddBackward0>)
overall: tensor(4.8711, device='cuda:0', grad_fn=<AddBackward0>)
overall: tensor(4.2698, device='cuda:0', grad_fn=<AddBackward0>)
overall: tensor(4.2109, device='cuda:0', grad_fn=<AddBackward0>)
overall: tensor(3.8854, device='cuda:0', grad_fn=<AddBackward0>)
overall: tensor(3.8910, device='cuda:0', grad_fn=<AddBackward0>)
overall: tensor(3.8562, device='cuda:0', grad_fn=<AddBackward0>)
overall: tensor(3.8254, device='cuda:0', grad_fn=<AddBackward0>)
overall: tensor(4.5631, device='cuda:0', grad_fn=<AddBackward0>)
overall: tensor(4.0697, device='cuda:0', grad_fn=<AddBackward0>)
overall: tensor(3.5511, device='cuda:0', grad_fn=<AddBackward0>)
overall: tensor(3.8482, device='cuda:0', grad_fn=<AddBackward0>)
overall: tensor(3.9133, device='cuda:0', grad_fn=<AddBackward0>)
overall: tensor(4.6098, device='cuda:0', grad_fn=<AddBackward0>)
overall: tensor(3.8002, device='cuda:0', grad_fn=<AddBackward0>)
overall: tensor(3.9268, device='cuda:0', grad_fn=<AddBackward0>)
overall: tensor(4.3487, device='cuda:0', grad_fn=<AddBackward0>)
overall: tensor(4.9375, device='cuda:0', grad_fn=<AddBackward0>)
overall: tensor(4.0792, device='cuda:0', grad_fn=<AddBackward0>)
overall: tensor(3.6589, device='cuda:0', grad_fn=<AddBackward0>)
overall: tensor(3.9006, device='cuda:0', grad_fn=<AddBackward0>)
overall: tensor(3.8247, device='cuda:0', grad_fn=<AddBackward0>)
overall: tensor(3.8559, device='cuda:0', grad_fn=<AddBackward0>)
overall: tensor(4.1091, device='cuda:0', grad_fn=<AddBackward0>)
overall: tensor(3.9649, device='cuda:0', grad_fn=<AddBackward0>)
overall: tensor(3.3885, device='cuda:0', grad_fn=<AddBackward0>)
overall: tensor(3.6223, device='cuda:0', grad_fn=<AddBackward0>)
overall: tensor(4.6547, device='cuda:0', grad_fn=<AddBackward0>)
overall: tensor(3.9655, device='cuda:0', grad_fn=<AddBackward0>)
overall: tensor(4.3050, device='cuda:0', grad_fn=<AddBackward0>)
overall: tensor(3.9223, device='cuda:0', grad_fn=<AddBackward0>)
overall: tensor(4.2075, device='cuda:0', grad_fn=<AddBackward0>)
overall: tensor(4.2622, device='cuda:0', grad_fn=<AddBackward0>)
overall: tensor(4.6244, device='cuda:0', grad_fn=<AddBackward0>)
overall: tensor(4.5566, device='cuda:0', grad_fn=<AddBackward0>)
overall: tensor(3.9419, device='cuda:0', grad_fn=<AddBackward0>)
overall: tensor(3.4958, device='cuda:0', grad_fn=<AddBackward0>)
overall: tensor(3.7415, device='cuda:0', grad_fn=<AddBackward0>)
overall: tensor(4.2314, device='cuda:0', grad_fn=<AddBackward0>)
overall: tensor(3.9168, device='cuda:0', grad_fn=<AddBackward0>)
overall: tensor(4.2272, device='cuda:0', grad_fn=<AddBackward0>)
overall: tensor(4.1458, device='cuda:0', grad_fn=<AddBackward0>)
overall: tensor(4.0984, device='cuda:0', grad_fn=<AddBackward0>)
overall: tensor(4.1877, device='cuda:0', grad_fn=<AddBackward0>)
overall: tensor(4.2237, device='cuda:0', grad_fn=<AddBackward0>)
overall: tensor(3.9943, device='cuda:0', grad_fn=<AddBackward0>)
overall: tensor(4.3324, device='cuda:0', grad_fn=<AddBackward0>)
overall: tensor(4.3531, device='cuda:0', grad_fn=<AddBackward0>)
overall: tensor(4.5223, device='cuda:0', grad_fn=<AddBackward0>)
overall: tensor(3.8811, device='cuda:0', grad_fn=<AddBackward0>)
overall: tensor(4.4714, device='cuda:0', grad_fn=<AddBackward0>)
overall: tensor(4.5389, device='cuda:0', grad_fn=<AddBackward0>)
overall: tensor(3.9819, device='cuda:0', grad_fn=<AddBackward0>)
overall: tensor(4.2765, device='cuda:0', grad_fn=<AddBackward0>)
overall: tensor(4.1030, device='cuda:0', grad_fn=<AddBackward0>)
overall: tensor(4.6469, device='cuda:0', grad_fn=<AddBackward0>)
overall: tensor(4.1962, device='cuda:0', grad_fn=<AddBackward0>)
overall: tensor(3.6810, device='cuda:0', grad_fn=<AddBackward0>)
overall: tensor(3.9599, device='cuda:0', grad_fn=<AddBackward0>)
overall: tensor(4.1689, device='cuda:0', grad_fn=<AddBackward0>)
overall: tensor(4.1785, device='cuda:0', grad_fn=<AddBackward0>)
overall: tensor(4.1007, device='cuda:0', grad_fn=<AddBackward0>)
overall: tensor(4.2499, device='cuda:0', grad_fn=<AddBackward0>)
batch num:800
overall: tensor(4.0082, device='cuda:0', grad_fn=<AddBackward0>)
overall: tensor(3.9934, device='cuda:0', grad_fn=<AddBackward0>)
overall: tensor(3.4371, device='cuda:0', grad_fn=<AddBackward0>)
overall: tensor(3.9883, device='cuda:0', grad_fn=<AddBackward0>)
overall: tensor(3.7767, device='cuda:0', grad_fn=<AddBackward0>)
overall: tensor(4.1083, device='cuda:0', grad_fn=<AddBackward0>)
overall: tensor(4.8116, device='cuda:0', grad_fn=<AddBackward0>)
overall: tensor(3.9013, device='cuda:0', grad_fn=<AddBackward0>)
overall: tensor(4.2864, device='cuda:0', grad_fn=<AddBackward0>)
overall: tensor(4.3649, device='cuda:0', grad_fn=<AddBackward0>)
overall: tensor(3.7107, device='cuda:0', grad_fn=<AddBackward0>)
overall: tensor(3.7528, device='cuda:0', grad_fn=<AddBackward0>)
overall: tensor(4.3130, device='cuda:0', grad_fn=<AddBackward0>)
overall: tensor(4.3655, device='cuda:0', grad_fn=<AddBackward0>)
overall: tensor(4.4813, device='cuda:0', grad_fn=<AddBackward0>)
overall: tensor(4.2068, device='cuda:0', grad_fn=<AddBackward0>)
overall: tensor(4.3625, device='cuda:0', grad_fn=<AddBackward0>)
overall: tensor(3.9331, device='cuda:0', grad_fn=<AddBackward0>)
overall: tensor(3.7450, device='cuda:0', grad_fn=<AddBackward0>)
overall: tensor(4.4897, device='cuda:0', grad_fn=<AddBackward0>)
overall: tensor(3.8143, device='cuda:0', grad_fn=<AddBackward0>)
overall: tensor(4.3517, device='cuda:0', grad_fn=<AddBackward0>)
overall: tensor(4.0474, device='cuda:0', grad_fn=<AddBackward0>)
overall: tensor(3.6217, device='cuda:0', grad_fn=<AddBackward0>)
overall: tensor(4.3982, device='cuda:0', grad_fn=<AddBackward0>)
overall: tensor(4.3019, device='cuda:0', grad_fn=<AddBackward0>)
overall: tensor(4.1070, device='cuda:0', grad_fn=<AddBackward0>)
overall: tensor(4.5757, device='cuda:0', grad_fn=<AddBackward0>)
overall: tensor(4.2126, device='cuda:0', grad_fn=<AddBackward0>)
overall: tensor(4.1850, device='cuda:0', grad_fn=<AddBackward0>)
overall: tensor(3.7685, device='cuda:0', grad_fn=<AddBackward0>)
overall: tensor(4.1813, device='cuda:0', grad_fn=<AddBackward0>)
overall: tensor(3.8957, device='cuda:0', grad_fn=<AddBackward0>)
overall: tensor(3.9403, device='cuda:0', grad_fn=<AddBackward0>)
overall: tensor(3.7977, device='cuda:0', grad_fn=<AddBackward0>)
overall: tensor(3.7802, device='cuda:0', grad_fn=<AddBackward0>)
overall: tensor(4.2118, device='cuda:0', grad_fn=<AddBackward0>)
overall: tensor(3.6466, device='cuda:0', grad_fn=<AddBackward0>)
overall: tensor(3.9146, device='cuda:0', grad_fn=<AddBackward0>)
overall: tensor(4.0602, device='cuda:0', grad_fn=<AddBackward0>)
overall: tensor(4.0214, device='cuda:0', grad_fn=<AddBackward0>)
overall: tensor(3.8970, device='cuda:0', grad_fn=<AddBackward0>)
overall: tensor(3.8202, device='cuda:0', grad_fn=<AddBackward0>)
overall: tensor(4.4510, device='cuda:0', grad_fn=<AddBackward0>)
overall: tensor(4.3214, device='cuda:0', grad_fn=<AddBackward0>)
overall: tensor(4.2701, device='cuda:0', grad_fn=<AddBackward0>)
overall: tensor(3.8500, device='cuda:0', grad_fn=<AddBackward0>)
overall: tensor(3.4416, device='cuda:0', grad_fn=<AddBackward0>)
overall: tensor(3.6136, device='cuda:0', grad_fn=<AddBackward0>)
overall: tensor(4.2159, device='cuda:0', grad_fn=<AddBackward0>)
overall: tensor(4.3610, device='cuda:0', grad_fn=<AddBackward0>)
overall: tensor(4.2729, device='cuda:0', grad_fn=<AddBackward0>)
overall: tensor(4.2205, device='cuda:0', grad_fn=<AddBackward0>)
overall: tensor(4.1940, device='cuda:0', grad_fn=<AddBackward0>)
overall: tensor(3.9586, device='cuda:0', grad_fn=<AddBackward0>)
overall: tensor(3.6109, device='cuda:0', grad_fn=<AddBackward0>)
overall: tensor(3.8614, device='cuda:0', grad_fn=<AddBackward0>)
overall: tensor(3.7162, device='cuda:0', grad_fn=<AddBackward0>)
overall: tensor(4.1284, device='cuda:0', grad_fn=<AddBackward0>)
overall: tensor(4.3674, device='cuda:0', grad_fn=<AddBackward0>)
overall: tensor(4.2498, device='cuda:0', grad_fn=<AddBackward0>)
overall: tensor(3.9455, device='cuda:0', grad_fn=<AddBackward0>)
overall: tensor(4.2400, device='cuda:0', grad_fn=<AddBackward0>)
overall: tensor(4.2425, device='cuda:0', grad_fn=<AddBackward0>)
overall: tensor(4.2922, device='cuda:0', grad_fn=<AddBackward0>)
overall: tensor(3.8150, device='cuda:0', grad_fn=<AddBackward0>)
overall: tensor(3.8036, device='cuda:0', grad_fn=<AddBackward0>)
overall: tensor(3.9932, device='cuda:0', grad_fn=<AddBackward0>)
overall: tensor(4.0753, device='cuda:0', grad_fn=<AddBackward0>)
overall: tensor(3.8902, device='cuda:0', grad_fn=<AddBackward0>)
overall: tensor(4.1145, device='cuda:0', grad_fn=<AddBackward0>)
overall: tensor(4.8507, device='cuda:0', grad_fn=<AddBackward0>)
overall: tensor(4.1408, device='cuda:0', grad_fn=<AddBackward0>)
overall: tensor(3.6601, device='cuda:0', grad_fn=<AddBackward0>)
overall: tensor(4.4899, device='cuda:0', grad_fn=<AddBackward0>)
overall: tensor(4.1401, device='cuda:0', grad_fn=<AddBackward0>)
overall: tensor(4.1409, device='cuda:0', grad_fn=<AddBackward0>)
overall: tensor(3.2850, device='cuda:0', grad_fn=<AddBackward0>)
overall: tensor(3.7334, device='cuda:0', grad_fn=<AddBackward0>)
overall: tensor(3.9785, device='cuda:0', grad_fn=<AddBackward0>)
overall: tensor(3.6611, device='cuda:0', grad_fn=<AddBackward0>)
overall: tensor(4.1873, device='cuda:0', grad_fn=<AddBackward0>)
overall: tensor(4.0137, device='cuda:0', grad_fn=<AddBackward0>)
overall: tensor(4.2880, device='cuda:0', grad_fn=<AddBackward0>)
overall: tensor(3.9546, device='cuda:0', grad_fn=<AddBackward0>)
overall: tensor(3.6280, device='cuda:0', grad_fn=<AddBackward0>)
overall: tensor(4.4099, device='cuda:0', grad_fn=<AddBackward0>)
overall: tensor(3.8719, device='cuda:0', grad_fn=<AddBackward0>)
overall: tensor(3.6158, device='cuda:0', grad_fn=<AddBackward0>)
overall: tensor(4.3029, device='cuda:0', grad_fn=<AddBackward0>)
overall: tensor(3.8421, device='cuda:0', grad_fn=<AddBackward0>)
overall: tensor(4.4055, device='cuda:0', grad_fn=<AddBackward0>)
overall: tensor(3.6850, device='cuda:0', grad_fn=<AddBackward0>)
overall: tensor(3.9950, device='cuda:0', grad_fn=<AddBackward0>)
overall: tensor(3.8271, device='cuda:0', grad_fn=<AddBackward0>)
overall: tensor(4.3269, device='cuda:0', grad_fn=<AddBackward0>)
overall: tensor(3.7502, device='cuda:0', grad_fn=<AddBackward0>)
overall: tensor(3.6250, device='cuda:0', grad_fn=<AddBackward0>)
overall: tensor(4.2305, device='cuda:0', grad_fn=<AddBackward0>)
overall: tensor(4.3223, device='cuda:0', grad_fn=<AddBackward0>)
batch num:900
overall: tensor(3.5544, device='cuda:0', grad_fn=<AddBackward0>)
overall: tensor(4.4670, device='cuda:0', grad_fn=<AddBackward0>)
overall: tensor(4.9290, device='cuda:0', grad_fn=<AddBackward0>)
overall: tensor(3.9823, device='cuda:0', grad_fn=<AddBackward0>)
overall: tensor(4.3366, device='cuda:0', grad_fn=<AddBackward0>)
overall: tensor(4.0043, device='cuda:0', grad_fn=<AddBackward0>)
overall: tensor(4.4105, device='cuda:0', grad_fn=<AddBackward0>)
overall: tensor(4.3571, device='cuda:0', grad_fn=<AddBackward0>)
overall: tensor(4.4756, device='cuda:0', grad_fn=<AddBackward0>)
overall: tensor(4.4569, device='cuda:0', grad_fn=<AddBackward0>)
overall: tensor(4.1712, device='cuda:0', grad_fn=<AddBackward0>)
overall: tensor(4.0893, device='cuda:0', grad_fn=<AddBackward0>)
overall: tensor(4.4089, device='cuda:0', grad_fn=<AddBackward0>)
overall: tensor(4.0012, device='cuda:0', grad_fn=<AddBackward0>)
overall: tensor(4.3512, device='cuda:0', grad_fn=<AddBackward0>)
overall: tensor(4.3708, device='cuda:0', grad_fn=<AddBackward0>)
overall: tensor(4.4025, device='cuda:0', grad_fn=<AddBackward0>)
overall: tensor(3.8159, device='cuda:0', grad_fn=<AddBackward0>)
overall: tensor(4.1927, device='cuda:0', grad_fn=<AddBackward0>)
overall: tensor(4.1042, device='cuda:0', grad_fn=<AddBackward0>)
overall: tensor(3.9149, device='cuda:0', grad_fn=<AddBackward0>)
overall: tensor(4.1885, device='cuda:0', grad_fn=<AddBackward0>)
overall: tensor(4.2492, device='cuda:0', grad_fn=<AddBackward0>)
overall: tensor(3.6180, device='cuda:0', grad_fn=<AddBackward0>)
overall: tensor(4.0455, device='cuda:0', grad_fn=<AddBackward0>)
overall: tensor(3.9235, device='cuda:0', grad_fn=<AddBackward0>)
overall: tensor(4.1419, device='cuda:0', grad_fn=<AddBackward0>)
overall: tensor(3.9927, device='cuda:0', grad_fn=<AddBackward0>)
overall: tensor(3.9183, device='cuda:0', grad_fn=<AddBackward0>)
overall: tensor(4.1815, device='cuda:0', grad_fn=<AddBackward0>)
overall: tensor(4.2179, device='cuda:0', grad_fn=<AddBackward0>)
overall: tensor(4.0615, device='cuda:0', grad_fn=<AddBackward0>)
overall: tensor(3.3194, device='cuda:0', grad_fn=<AddBackward0>)
overall: tensor(3.7809, device='cuda:0', grad_fn=<AddBackward0>)
overall: tensor(3.4840, device='cuda:0', grad_fn=<AddBackward0>)
overall: tensor(4.4647, device='cuda:0', grad_fn=<AddBackward0>)
overall: tensor(3.7840, device='cuda:0', grad_fn=<AddBackward0>)
overall: tensor(3.9984, device='cuda:0', grad_fn=<AddBackward0>)
overall: tensor(4.4548, device='cuda:0', grad_fn=<AddBackward0>)
overall: tensor(4.3326, device='cuda:0', grad_fn=<AddBackward0>)
overall: tensor(3.9719, device='cuda:0', grad_fn=<AddBackward0>)
overall: tensor(3.9247, device='cuda:0', grad_fn=<AddBackward0>)
overall: tensor(3.9708, device='cuda:0', grad_fn=<AddBackward0>)
overall: tensor(3.6175, device='cuda:0', grad_fn=<AddBackward0>)
overall: tensor(4.4900, device='cuda:0', grad_fn=<AddBackward0>)
overall: tensor(3.9213, device='cuda:0', grad_fn=<AddBackward0>)
overall: tensor(4.3192, device='cuda:0', grad_fn=<AddBackward0>)
overall: tensor(4.6284, device='cuda:0', grad_fn=<AddBackward0>)
overall: tensor(4.1650, device='cuda:0', grad_fn=<AddBackward0>)
overall: tensor(3.9766, device='cuda:0', grad_fn=<AddBackward0>)
overall: tensor(4.1400, device='cuda:0', grad_fn=<AddBackward0>)
overall: tensor(4.2519, device='cuda:0', grad_fn=<AddBackward0>)
overall: tensor(3.6202, device='cuda:0', grad_fn=<AddBackward0>)
overall: tensor(3.7891, device='cuda:0', grad_fn=<AddBackward0>)
overall: tensor(3.6027, device='cuda:0', grad_fn=<AddBackward0>)
overall: tensor(3.7033, device='cuda:0', grad_fn=<AddBackward0>)
overall: tensor(3.8817, device='cuda:0', grad_fn=<AddBackward0>)
overall: tensor(3.7401, device='cuda:0', grad_fn=<AddBackward0>)
overall: tensor(4.0369, device='cuda:0', grad_fn=<AddBackward0>)
overall: tensor(4.3772, device='cuda:0', grad_fn=<AddBackward0>)
overall: tensor(4.0602, device='cuda:0', grad_fn=<AddBackward0>)
overall: tensor(5.3381, device='cuda:0', grad_fn=<AddBackward0>)
overall: tensor(4.7380, device='cuda:0', grad_fn=<AddBackward0>)
overall: tensor(3.6184, device='cuda:0', grad_fn=<AddBackward0>)
overall: tensor(4.3771, device='cuda:0', grad_fn=<AddBackward0>)
overall: tensor(4.4699, device='cuda:0', grad_fn=<AddBackward0>)
overall: tensor(3.7986, device='cuda:0', grad_fn=<AddBackward0>)
overall: tensor(4.1116, device='cuda:0', grad_fn=<AddBackward0>)
overall: tensor(4.1454, device='cuda:0', grad_fn=<AddBackward0>)
overall: tensor(3.9921, device='cuda:0', grad_fn=<AddBackward0>)
overall: tensor(3.7531, device='cuda:0', grad_fn=<AddBackward0>)
overall: tensor(4.2382, device='cuda:0', grad_fn=<AddBackward0>)
overall: tensor(4.1210, device='cuda:0', grad_fn=<AddBackward0>)
overall: tensor(4.0515, device='cuda:0', grad_fn=<AddBackward0>)
overall: tensor(3.5532, device='cuda:0', grad_fn=<AddBackward0>)
overall: tensor(4.2723, device='cuda:0', grad_fn=<AddBackward0>)
overall: tensor(3.5691, device='cuda:0', grad_fn=<AddBackward0>)
overall: tensor(4.7427, device='cuda:0', grad_fn=<AddBackward0>)
overall: tensor(4.3405, device='cuda:0', grad_fn=<AddBackward0>)
overall: tensor(4.2449, device='cuda:0', grad_fn=<AddBackward0>)
overall: tensor(3.9038, device='cuda:0', grad_fn=<AddBackward0>)
overall: tensor(5.0355, device='cuda:0', grad_fn=<AddBackward0>)
overall: tensor(4.0819, device='cuda:0', grad_fn=<AddBackward0>)
overall: tensor(3.6708, device='cuda:0', grad_fn=<AddBackward0>)
overall: tensor(4.5706, device='cuda:0', grad_fn=<AddBackward0>)
overall: tensor(4.2978, device='cuda:0', grad_fn=<AddBackward0>)
overall: tensor(3.9817, device='cuda:0', grad_fn=<AddBackward0>)
overall: tensor(3.9282, device='cuda:0', grad_fn=<AddBackward0>)
overall: tensor(3.9403, device='cuda:0', grad_fn=<AddBackward0>)
overall: tensor(4.2570, device='cuda:0', grad_fn=<AddBackward0>)
overall: tensor(4.2594, device='cuda:0', grad_fn=<AddBackward0>)
overall: tensor(4.3036, device='cuda:0', grad_fn=<AddBackward0>)
overall: tensor(4.1931, device='cuda:0', grad_fn=<AddBackward0>)
overall: tensor(3.5548, device='cuda:0', grad_fn=<AddBackward0>)
overall: tensor(4.0249, device='cuda:0', grad_fn=<AddBackward0>)
overall: tensor(4.2331, device='cuda:0', grad_fn=<AddBackward0>)
overall: tensor(4.1364, device='cuda:0', grad_fn=<AddBackward0>)
overall: tensor(4.1171, device='cuda:0', grad_fn=<AddBackward0>)
overall: tensor(3.6075, device='cuda:0', grad_fn=<AddBackward0>)
overall: tensor(3.6009, device='cuda:0', grad_fn=<AddBackward0>)
batch num:1000
overall: tensor(4.2999, device='cuda:0', grad_fn=<AddBackward0>)
overall: tensor(4.4836, device='cuda:0', grad_fn=<AddBackward0>)
overall: tensor(3.8789, device='cuda:0', grad_fn=<AddBackward0>)
overall: tensor(3.5706, device='cuda:0', grad_fn=<AddBackward0>)
overall: tensor(4.1717, device='cuda:0', grad_fn=<AddBackward0>)
overall: tensor(3.1664, device='cuda:0', grad_fn=<AddBackward0>)
overall: tensor(3.6085, device='cuda:0', grad_fn=<AddBackward0>)
overall: tensor(3.4374, device='cuda:0', grad_fn=<AddBackward0>)
overall: tensor(3.7648, device='cuda:0', grad_fn=<AddBackward0>)
overall: tensor(4.3234, device='cuda:0', grad_fn=<AddBackward0>)
overall: tensor(4.2004, device='cuda:0', grad_fn=<AddBackward0>)
overall: tensor(4.7961, device='cuda:0', grad_fn=<AddBackward0>)
overall: tensor(4.2697, device='cuda:0', grad_fn=<AddBackward0>)
overall: tensor(4.0098, device='cuda:0', grad_fn=<AddBackward0>)
overall: tensor(3.9054, device='cuda:0', grad_fn=<AddBackward0>)
overall: tensor(3.9889, device='cuda:0', grad_fn=<AddBackward0>)
overall: tensor(4.0109, device='cuda:0', grad_fn=<AddBackward0>)
overall: tensor(4.0681, device='cuda:0', grad_fn=<AddBackward0>)
overall: tensor(4.2578, device='cuda:0', grad_fn=<AddBackward0>)
overall: tensor(4.0237, device='cuda:0', grad_fn=<AddBackward0>)
overall: tensor(4.0035, device='cuda:0', grad_fn=<AddBackward0>)
overall: tensor(4.1250, device='cuda:0', grad_fn=<AddBackward0>)
overall: tensor(4.0208, device='cuda:0', grad_fn=<AddBackward0>)
overall: tensor(3.8714, device='cuda:0', grad_fn=<AddBackward0>)
overall: tensor(3.4394, device='cuda:0', grad_fn=<AddBackward0>)
overall: tensor(4.2367, device='cuda:0', grad_fn=<AddBackward0>)
overall: tensor(3.9836, device='cuda:0', grad_fn=<AddBackward0>)
overall: tensor(4.0328, device='cuda:0', grad_fn=<AddBackward0>)
overall: tensor(3.9175, device='cuda:0', grad_fn=<AddBackward0>)
overall: tensor(4.3955, device='cuda:0', grad_fn=<AddBackward0>)
overall: tensor(4.1486, device='cuda:0', grad_fn=<AddBackward0>)
overall: tensor(4.1799, device='cuda:0', grad_fn=<AddBackward0>)
overall: tensor(4.2090, device='cuda:0', grad_fn=<AddBackward0>)
overall: tensor(4.1199, device='cuda:0', grad_fn=<AddBackward0>)
overall: tensor(3.9746, device='cuda:0', grad_fn=<AddBackward0>)
overall: tensor(4.0216, device='cuda:0', grad_fn=<AddBackward0>)
overall: tensor(4.0122, device='cuda:0', grad_fn=<AddBackward0>)
overall: tensor(4.1737, device='cuda:0', grad_fn=<AddBackward0>)
overall: tensor(3.9249, device='cuda:0', grad_fn=<AddBackward0>)
overall: tensor(4.5082, device='cuda:0', grad_fn=<AddBackward0>)
overall: tensor(3.7373, device='cuda:0', grad_fn=<AddBackward0>)
overall: tensor(3.8064, device='cuda:0', grad_fn=<AddBackward0>)
overall: tensor(4.2880, device='cuda:0', grad_fn=<AddBackward0>)
overall: tensor(3.5597, device='cuda:0', grad_fn=<AddBackward0>)
overall: tensor(3.6529, device='cuda:0', grad_fn=<AddBackward0>)
overall: tensor(3.7831, device='cuda:0', grad_fn=<AddBackward0>)
overall: tensor(5.1145, device='cuda:0', grad_fn=<AddBackward0>)
overall: tensor(3.9465, device='cuda:0', grad_fn=<AddBackward0>)
overall: tensor(4.1704, device='cuda:0', grad_fn=<AddBackward0>)
overall: tensor(4.4438, device='cuda:0', grad_fn=<AddBackward0>)
overall: tensor(4.4120, device='cuda:0', grad_fn=<AddBackward0>)
overall: tensor(3.9809, device='cuda:0', grad_fn=<AddBackward0>)
overall: tensor(4.1605, device='cuda:0', grad_fn=<AddBackward0>)
overall: tensor(4.1566, device='cuda:0', grad_fn=<AddBackward0>)
overall: tensor(4.0443, device='cuda:0', grad_fn=<AddBackward0>)
overall: tensor(4.0338, device='cuda:0', grad_fn=<AddBackward0>)
overall: tensor(4.2659, device='cuda:0', grad_fn=<AddBackward0>)
overall: tensor(4.1794, device='cuda:0', grad_fn=<AddBackward0>)
overall: tensor(4.1211, device='cuda:0', grad_fn=<AddBackward0>)
overall: tensor(3.9523, device='cuda:0', grad_fn=<AddBackward0>)
overall: tensor(4.0352, device='cuda:0', grad_fn=<AddBackward0>)
overall: tensor(4.3635, device='cuda:0', grad_fn=<AddBackward0>)
overall: tensor(3.2686, device='cuda:0', grad_fn=<AddBackward0>)
overall: tensor(3.4646, device='cuda:0', grad_fn=<AddBackward0>)
overall: tensor(4.1098, device='cuda:0', grad_fn=<AddBackward0>)
overall: tensor(3.6667, device='cuda:0', grad_fn=<AddBackward0>)
overall: tensor(3.9054, device='cuda:0', grad_fn=<AddBackward0>)
overall: tensor(4.3662, device='cuda:0', grad_fn=<AddBackward0>)
overall: tensor(3.7082, device='cuda:0', grad_fn=<AddBackward0>)
overall: tensor(3.6898, device='cuda:0', grad_fn=<AddBackward0>)
overall: tensor(4.2960, device='cuda:0', grad_fn=<AddBackward0>)
overall: tensor(3.5741, device='cuda:0', grad_fn=<AddBackward0>)
overall: tensor(3.7053, device='cuda:0', grad_fn=<AddBackward0>)
overall: tensor(3.9544, device='cuda:0', grad_fn=<AddBackward0>)
overall: tensor(3.9610, device='cuda:0', grad_fn=<AddBackward0>)
overall: tensor(4.3658, device='cuda:0', grad_fn=<AddBackward0>)
overall: tensor(4.0613, device='cuda:0', grad_fn=<AddBackward0>)
overall: tensor(3.6659, device='cuda:0', grad_fn=<AddBackward0>)
overall: tensor(3.6930, device='cuda:0', grad_fn=<AddBackward0>)
overall: tensor(4.0752, device='cuda:0', grad_fn=<AddBackward0>)
overall: tensor(3.4910, device='cuda:0', grad_fn=<AddBackward0>)
overall: tensor(3.8342, device='cuda:0', grad_fn=<AddBackward0>)
overall: tensor(3.8857, device='cuda:0', grad_fn=<AddBackward0>)
overall: tensor(4.5474, device='cuda:0', grad_fn=<AddBackward0>)
overall: tensor(3.9942, device='cuda:0', grad_fn=<AddBackward0>)
overall: tensor(3.9412, device='cuda:0', grad_fn=<AddBackward0>)
overall: tensor(3.5071, device='cuda:0', grad_fn=<AddBackward0>)
overall: tensor(4.1430, device='cuda:0', grad_fn=<AddBackward0>)
overall: tensor(3.6570, device='cuda:0', grad_fn=<AddBackward0>)
overall: tensor(3.8991, device='cuda:0', grad_fn=<AddBackward0>)
overall: tensor(3.8115, device='cuda:0', grad_fn=<AddBackward0>)
overall: tensor(4.4760, device='cuda:0', grad_fn=<AddBackward0>)
overall: tensor(4.2962, device='cuda:0', grad_fn=<AddBackward0>)
overall: tensor(3.9979, device='cuda:0', grad_fn=<AddBackward0>)
overall: tensor(3.9459, device='cuda:0', grad_fn=<AddBackward0>)
overall: tensor(3.9471, device='cuda:0', grad_fn=<AddBackward0>)
overall: tensor(3.9291, device='cuda:0', grad_fn=<AddBackward0>)
overall: tensor(3.8498, device='cuda:0', grad_fn=<AddBackward0>)
overall: tensor(4.3595, device='cuda:0', grad_fn=<AddBackward0>)
overall: tensor(4.0910, device='cuda:0', grad_fn=<AddBackward0>)
batch num:1100
overall: tensor(3.5224, device='cuda:0', grad_fn=<AddBackward0>)
overall: tensor(3.6449, device='cuda:0', grad_fn=<AddBackward0>)
overall: tensor(3.5174, device='cuda:0', grad_fn=<AddBackward0>)
overall: tensor(4.4018, device='cuda:0', grad_fn=<AddBackward0>)
overall: tensor(4.4204, device='cuda:0', grad_fn=<AddBackward0>)
overall: tensor(3.5992, device='cuda:0', grad_fn=<AddBackward0>)
overall: tensor(3.5002, device='cuda:0', grad_fn=<AddBackward0>)
overall: tensor(3.5611, device='cuda:0', grad_fn=<AddBackward0>)
overall: tensor(4.4487, device='cuda:0', grad_fn=<AddBackward0>)
overall: tensor(3.7341, device='cuda:0', grad_fn=<AddBackward0>)
overall: tensor(4.1844, device='cuda:0', grad_fn=<AddBackward0>)
overall: tensor(3.5129, device='cuda:0', grad_fn=<AddBackward0>)
overall: tensor(3.8685, device='cuda:0', grad_fn=<AddBackward0>)
overall: tensor(4.1894, device='cuda:0', grad_fn=<AddBackward0>)
overall: tensor(3.8470, device='cuda:0', grad_fn=<AddBackward0>)
overall: tensor(4.6987, device='cuda:0', grad_fn=<AddBackward0>)
overall: tensor(3.5443, device='cuda:0', grad_fn=<AddBackward0>)
overall: tensor(3.7984, device='cuda:0', grad_fn=<AddBackward0>)
overall: tensor(3.6307, device='cuda:0', grad_fn=<AddBackward0>)
overall: tensor(4.1592, device='cuda:0', grad_fn=<AddBackward0>)
overall: tensor(3.9212, device='cuda:0', grad_fn=<AddBackward0>)
overall: tensor(3.7836, device='cuda:0', grad_fn=<AddBackward0>)
overall: tensor(3.8041, device='cuda:0', grad_fn=<AddBackward0>)
overall: tensor(4.3699, device='cuda:0', grad_fn=<AddBackward0>)
overall: tensor(4.4201, device='cuda:0', grad_fn=<AddBackward0>)
overall: tensor(4.0962, device='cuda:0', grad_fn=<AddBackward0>)
overall: tensor(3.7022, device='cuda:0', grad_fn=<AddBackward0>)
overall: tensor(4.2315, device='cuda:0', grad_fn=<AddBackward0>)
overall: tensor(3.9953, device='cuda:0', grad_fn=<AddBackward0>)
overall: tensor(3.5491, device='cuda:0', grad_fn=<AddBackward0>)
overall: tensor(4.0073, device='cuda:0', grad_fn=<AddBackward0>)
overall: tensor(3.6859, device='cuda:0', grad_fn=<AddBackward0>)
overall: tensor(3.7682, device='cuda:0', grad_fn=<AddBackward0>)
overall: tensor(3.6337, device='cuda:0', grad_fn=<AddBackward0>)
overall: tensor(3.9138, device='cuda:0', grad_fn=<AddBackward0>)
overall: tensor(3.5210, device='cuda:0', grad_fn=<AddBackward0>)
overall: tensor(3.3563, device='cuda:0', grad_fn=<AddBackward0>)
overall: tensor(3.8042, device='cuda:0', grad_fn=<AddBackward0>)
overall: tensor(4.3578, device='cuda:0', grad_fn=<AddBackward0>)
overall: tensor(4.6072, device='cuda:0', grad_fn=<AddBackward0>)
overall: tensor(4.2645, device='cuda:0', grad_fn=<AddBackward0>)
overall: tensor(4.1292, device='cuda:0', grad_fn=<AddBackward0>)
overall: tensor(3.7727, device='cuda:0', grad_fn=<AddBackward0>)
overall: tensor(3.9990, device='cuda:0', grad_fn=<AddBackward0>)
overall: tensor(3.9173, device='cuda:0', grad_fn=<AddBackward0>)
overall: tensor(4.0339, device='cuda:0', grad_fn=<AddBackward0>)
overall: tensor(4.4459, device='cuda:0', grad_fn=<AddBackward0>)
overall: tensor(3.9542, device='cuda:0', grad_fn=<AddBackward0>)
overall: tensor(4.3870, device='cuda:0', grad_fn=<AddBackward0>)
overall: tensor(3.7221, device='cuda:0', grad_fn=<AddBackward0>)
overall: tensor(4.0706, device='cuda:0', grad_fn=<AddBackward0>)
overall: tensor(3.7904, device='cuda:0', grad_fn=<AddBackward0>)
overall: tensor(4.2139, device='cuda:0', grad_fn=<AddBackward0>)
overall: tensor(4.0916, device='cuda:0', grad_fn=<AddBackward0>)
overall: tensor(3.9497, device='cuda:0', grad_fn=<AddBackward0>)
overall: tensor(3.8354, device='cuda:0', grad_fn=<AddBackward0>)
overall: tensor(4.1470, device='cuda:0', grad_fn=<AddBackward0>)
overall: tensor(4.2145, device='cuda:0', grad_fn=<AddBackward0>)
overall: tensor(3.8341, device='cuda:0', grad_fn=<AddBackward0>)
overall: tensor(3.9344, device='cuda:0', grad_fn=<AddBackward0>)
overall: tensor(4.1457, device='cuda:0', grad_fn=<AddBackward0>)
overall: tensor(3.9234, device='cuda:0', grad_fn=<AddBackward0>)
overall: tensor(3.7862, device='cuda:0', grad_fn=<AddBackward0>)
overall: tensor(3.5449, device='cuda:0', grad_fn=<AddBackward0>)
overall: tensor(4.1163, device='cuda:0', grad_fn=<AddBackward0>)
overall: tensor(4.2341, device='cuda:0', grad_fn=<AddBackward0>)
overall: tensor(4.1974, device='cuda:0', grad_fn=<AddBackward0>)
overall: tensor(3.8730, device='cuda:0', grad_fn=<AddBackward0>)
overall: tensor(4.3574, device='cuda:0', grad_fn=<AddBackward0>)
overall: tensor(3.7540, device='cuda:0', grad_fn=<AddBackward0>)
overall: tensor(4.0350, device='cuda:0', grad_fn=<AddBackward0>)
overall: tensor(3.8830, device='cuda:0', grad_fn=<AddBackward0>)
overall: tensor(3.7419, device='cuda:0', grad_fn=<AddBackward0>)
overall: tensor(4.2259, device='cuda:0', grad_fn=<AddBackward0>)
overall: tensor(3.8130, device='cuda:0', grad_fn=<AddBackward0>)
overall: tensor(3.8151, device='cuda:0', grad_fn=<AddBackward0>)
overall: tensor(3.8943, device='cuda:0', grad_fn=<AddBackward0>)
overall: tensor(4.1149, device='cuda:0', grad_fn=<AddBackward0>)
overall: tensor(3.6339, device='cuda:0', grad_fn=<AddBackward0>)
overall: tensor(3.7356, device='cuda:0', grad_fn=<AddBackward0>)
overall: tensor(4.1354, device='cuda:0', grad_fn=<AddBackward0>)
overall: tensor(3.7709, device='cuda:0', grad_fn=<AddBackward0>)
overall: tensor(3.6362, device='cuda:0', grad_fn=<AddBackward0>)
overall: tensor(4.1956, device='cuda:0', grad_fn=<AddBackward0>)
overall: tensor(3.4598, device='cuda:0', grad_fn=<AddBackward0>)
overall: tensor(3.6742, device='cuda:0', grad_fn=<AddBackward0>)
overall: tensor(3.4951, device='cuda:0', grad_fn=<AddBackward0>)
overall: tensor(3.4096, device='cuda:0', grad_fn=<AddBackward0>)
overall: tensor(3.8233, device='cuda:0', grad_fn=<AddBackward0>)
overall: tensor(3.9029, device='cuda:0', grad_fn=<AddBackward0>)
overall: tensor(4.3841, device='cuda:0', grad_fn=<AddBackward0>)
overall: tensor(3.5442, device='cuda:0', grad_fn=<AddBackward0>)
overall: tensor(3.4283, device='cuda:0', grad_fn=<AddBackward0>)
overall: tensor(4.0483, device='cuda:0', grad_fn=<AddBackward0>)
overall: tensor(3.6339, device='cuda:0', grad_fn=<AddBackward0>)
overall: tensor(4.5309, device='cuda:0', grad_fn=<AddBackward0>)
Traceback (most recent call last):
  File "train_hotswapped_viewpoint.py", line 176, in <module>
    for i, (context_images, target_images, context_images_2, target_images_2, bbox, labels_cpu) in enumerate(dataloader):
  File "/n/home05/smadan/.conda/envs/domain_adaptation/lib/python3.8/site-packages/torch/utils/data/dataloader.py", line 521, in __next__
    data = self._next_data()
  File "/n/home05/smadan/.conda/envs/domain_adaptation/lib/python3.8/site-packages/torch/utils/data/dataloader.py", line 561, in _next_data
    data = self._dataset_fetcher.fetch(index)  # may raise StopIteration
  File "/n/home05/smadan/.conda/envs/domain_adaptation/lib/python3.8/site-packages/torch/utils/data/_utils/fetch.py", line 44, in fetch
    data = [self.dataset[idx] for idx in possibly_batched_index]
  File "/n/home05/smadan/.conda/envs/domain_adaptation/lib/python3.8/site-packages/torch/utils/data/_utils/fetch.py", line 44, in <listcomp>
    data = [self.dataset[idx] for idx in possibly_batched_index]
  File "/net/coxfs01/srv/export/coxfs01/pfister_lab2/share_root/Lab/spandan/contextual_domain_adaptation/WhenPigsFlyContext/core/dataset_hotswapped_viewpoint.py", line 121, in __getitem__
    image_path_2 = os.path.join(chosen_material_fol_path, random.choice(chosen_mat_fol_images))
  File "/n/home05/smadan/.conda/envs/domain_adaptation/lib/python3.8/random.py", line 290, in choice
    raise IndexError('Cannot choose from an empty sequence') from None
IndexError: Cannot choose from an empty sequence
