1
2022-03-11 23:36:28.002776: W tensorflow/stream_executor/platform/default/dso_loader.cc:64] Could not load dynamic library 'libcudart.so.11.0'; dlerror: libcudart.so.11.0: cannot open shared object file: No such file or directory
2022-03-11 23:36:28.003008: I tensorflow/stream_executor/cuda/cudart_stub.cc:29] Ignore above cudart dlerror if you do not have a GPU set up on your machine.
Task is classification, not lift the flap.
Hard mining set to:both
Using materials: ['main_xml_50_2']
Hotswapped material loader being used.
{1: 0, 2: 1, 3: 2, 4: 3, 5: 4, 6: 5, 7: 6, 8: 7, 9: 8, 10: 9, 11: 10, 12: 11, 13: 12}
-------------------------------
Annotation Counts
-------------------------------
desk                       4829
trash_bin                  3204
chair                     19905
window                    10204
lamp                       2489
table                     11541
monitor                    3094
file_cabinet               1727
bookshelf                  3902
bed                        3214
sofa                       3550
bathtub                    1988
flowerpot                   227
Total                     69874
-------------------------------

annotations: ../openrooms/annotation_files/train_main_xml_50_v3.json
batch_size: 15
checkpoint: null
git: e22ff54d4e15e859ff3672c5fc808cec0abfc80d
imagedir: ../
imbalance_reweighting: false
learning_rate: 1.0e-05
num_classes: 13
num_decoder_heads: 8
num_decoder_layers: 6
test_annotations: null
test_imagedir: null
uncertainty_gate_type: learned
uncertainty_threshold: 0.8
weighted_prediction: false

No checkpoint was passed.
Starting epoch: 1
batch num:0
overall: tensor(6.6655, device='cuda:0', grad_fn=<AddBackward0>)
overall: tensor(6.2014, device='cuda:0', grad_fn=<AddBackward0>)
overall: tensor(5.5083, device='cuda:0', grad_fn=<AddBackward0>)
overall: tensor(5.4749, device='cuda:0', grad_fn=<AddBackward0>)
overall: tensor(5.4328, device='cuda:0', grad_fn=<AddBackward0>)
overall: tensor(4.6974, device='cuda:0', grad_fn=<AddBackward0>)
overall: tensor(5.8839, device='cuda:0', grad_fn=<AddBackward0>)
overall: tensor(5.0856, device='cuda:0', grad_fn=<AddBackward0>)
overall: tensor(4.8137, device='cuda:0', grad_fn=<AddBackward0>)
overall: tensor(5.8509, device='cuda:0', grad_fn=<AddBackward0>)
overall: tensor(5.8896, device='cuda:0', grad_fn=<AddBackward0>)
overall: tensor(5.4019, device='cuda:0', grad_fn=<AddBackward0>)
overall: tensor(4.9477, device='cuda:0', grad_fn=<AddBackward0>)
overall: tensor(4.9321, device='cuda:0', grad_fn=<AddBackward0>)
overall: tensor(5.6443, device='cuda:0', grad_fn=<AddBackward0>)
overall: tensor(5.5958, device='cuda:0', grad_fn=<AddBackward0>)
overall: tensor(5.5294, device='cuda:0', grad_fn=<AddBackward0>)
overall: tensor(5.3217, device='cuda:0', grad_fn=<AddBackward0>)
overall: tensor(4.9633, device='cuda:0', grad_fn=<AddBackward0>)
overall: tensor(5.1164, device='cuda:0', grad_fn=<AddBackward0>)
overall: tensor(5.3536, device='cuda:0', grad_fn=<AddBackward0>)
overall: tensor(4.6496, device='cuda:0', grad_fn=<AddBackward0>)
overall: tensor(4.7592, device='cuda:0', grad_fn=<AddBackward0>)
overall: tensor(4.8598, device='cuda:0', grad_fn=<AddBackward0>)
overall: tensor(4.3316, device='cuda:0', grad_fn=<AddBackward0>)
overall: tensor(5.8243, device='cuda:0', grad_fn=<AddBackward0>)
overall: tensor(5.0218, device='cuda:0', grad_fn=<AddBackward0>)
overall: tensor(4.9375, device='cuda:0', grad_fn=<AddBackward0>)
overall: tensor(4.8389, device='cuda:0', grad_fn=<AddBackward0>)
overall: tensor(5.0207, device='cuda:0', grad_fn=<AddBackward0>)
overall: tensor(4.6284, device='cuda:0', grad_fn=<AddBackward0>)
overall: tensor(5.7585, device='cuda:0', grad_fn=<AddBackward0>)
overall: tensor(4.3632, device='cuda:0', grad_fn=<AddBackward0>)
overall: tensor(5.0161, device='cuda:0', grad_fn=<AddBackward0>)
overall: tensor(4.5941, device='cuda:0', grad_fn=<AddBackward0>)
overall: tensor(4.8675, device='cuda:0', grad_fn=<AddBackward0>)
Traceback (most recent call last):
  File "train_hotswapped.py", line 173, in <module>
    for i, (context_images, target_images, context_images_2, target_images_2, bbox, labels_cpu) in enumerate(dataloader):
  File "/n/home05/smadan/.conda/envs/domain_adaptation/lib/python3.8/site-packages/torch/utils/data/dataloader.py", line 521, in __next__
    data = self._next_data()
  File "/n/home05/smadan/.conda/envs/domain_adaptation/lib/python3.8/site-packages/torch/utils/data/dataloader.py", line 561, in _next_data
    data = self._dataset_fetcher.fetch(index)  # may raise StopIteration
  File "/n/home05/smadan/.conda/envs/domain_adaptation/lib/python3.8/site-packages/torch/utils/data/_utils/fetch.py", line 44, in fetch
    data = [self.dataset[idx] for idx in possibly_batched_index]
  File "/n/home05/smadan/.conda/envs/domain_adaptation/lib/python3.8/site-packages/torch/utils/data/_utils/fetch.py", line 44, in <listcomp>
    data = [self.dataset[idx] for idx in possibly_batched_index]
  File "/net/coxfs01/srv/export/coxfs01/pfister_lab2/share_root/Lab/spandan/contextual_domain_adaptation/WhenPigsFlyContext/core/dataset_hotswapped.py", line 111, in __getitem__
    image_2 = Image.open(image_path_2)
  File "/n/home05/smadan/.conda/envs/domain_adaptation/lib/python3.8/site-packages/PIL/Image.py", line 2968, in open
    fp = builtins.open(filename, "rb")
FileNotFoundError: [Errno 2] No such file or directory: '../openrooms/stylized_all_openrooms/main_xml_50_2//scene0209_01/im_13.png'
