61
Task is classification, not lift the flap.
Hard mining set to:both
Pretrained is set to:
False
blur target
0
blur context
0
Using materials: ['main_xml_50_2']
Hotswapped material loader being used.
{1: 0, 2: 1, 3: 2, 4: 3, 5: 4, 6: 5, 7: 6, 8: 7, 9: 8, 10: 9, 11: 10, 12: 11, 13: 12}
-------------------------------
Annotation Counts
-------------------------------
desk                       4829
trash_bin                  3204
chair                     19905
window                    10204
lamp                       2489
table                     11541
monitor                    3094
file_cabinet               1727
bookshelf                  3902
bed                        3214
sofa                       3550
bathtub                    1988
flowerpot                   227
Total                     69874
-------------------------------

annotations: ../openrooms/annotation_files/train_main_xml_50_v3.json
batch_size: 15
blur_context: 0
blur_target: 0
checkpoint: null
cnn_baseline: false
git: 2179780af36e53218cf9f25623959fb36ae2379d
imagedir: ../
imbalance_reweighting: false
learning_rate: 1.0e-05
num_classes: 13
num_decoder_heads: 8
num_decoder_layers: 6
pretrained: false
test_annotations: ../openrooms/annotation_files/train_main_xml_50_test_v3.json
test_imagedir: ../
uncertainty_gate_type: learned
uncertainty_threshold: 0.8
vit_baseline: false
weighted_prediction: false

Not using pretrained features for encoder.
Not using pretrained features for encoder.
No checkpoint was passed.
Starting epoch: 1
batch num:0
using contrastive loss
overall: tensor(6.6379, device='cuda:0', grad_fn=<AddBackward0>)
using contrastive loss
overall: tensor(5.7471, device='cuda:0', grad_fn=<AddBackward0>)
using contrastive loss
overall: tensor(5.6702, device='cuda:0', grad_fn=<AddBackward0>)
using contrastive loss
overall: tensor(6.0085, device='cuda:0', grad_fn=<AddBackward0>)
using contrastive loss
overall: tensor(6.7430, device='cuda:0', grad_fn=<AddBackward0>)
using contrastive loss
overall: tensor(6.8787, device='cuda:0', grad_fn=<AddBackward0>)
using contrastive loss
overall: tensor(4.1302, device='cuda:0', grad_fn=<AddBackward0>)
using contrastive loss
overall: tensor(5.5781, device='cuda:0', grad_fn=<AddBackward0>)
using contrastive loss
overall: tensor(5.6374, device='cuda:0', grad_fn=<AddBackward0>)
using contrastive loss
overall: tensor(5.7263, device='cuda:0', grad_fn=<AddBackward0>)
using contrastive loss
overall: tensor(5.5733, device='cuda:0', grad_fn=<AddBackward0>)
using contrastive loss
overall: tensor(4.7162, device='cuda:0', grad_fn=<AddBackward0>)
using contrastive loss
overall: tensor(5.8864, device='cuda:0', grad_fn=<AddBackward0>)
using contrastive loss
overall: tensor(5.3645, device='cuda:0', grad_fn=<AddBackward0>)
using contrastive loss
overall: tensor(4.8793, device='cuda:0', grad_fn=<AddBackward0>)
using contrastive loss
overall: tensor(6.3782, device='cuda:0', grad_fn=<AddBackward0>)
using contrastive loss
overall: tensor(5.4487, device='cuda:0', grad_fn=<AddBackward0>)
using contrastive loss
overall: tensor(5.6408, device='cuda:0', grad_fn=<AddBackward0>)
using contrastive loss
overall: tensor(4.7862, device='cuda:0', grad_fn=<AddBackward0>)
using contrastive loss
overall: tensor(5.8393, device='cuda:0', grad_fn=<AddBackward0>)
using contrastive loss
overall: tensor(4.7223, device='cuda:0', grad_fn=<AddBackward0>)
using contrastive loss
overall: tensor(4.7267, device='cuda:0', grad_fn=<AddBackward0>)
using contrastive loss
overall: tensor(5.1011, device='cuda:0', grad_fn=<AddBackward0>)
using contrastive loss
overall: tensor(4.9607, device='cuda:0', grad_fn=<AddBackward0>)
using contrastive loss
overall: tensor(5.3070, device='cuda:0', grad_fn=<AddBackward0>)
using contrastive loss
overall: tensor(4.9023, device='cuda:0', grad_fn=<AddBackward0>)
using contrastive loss
overall: tensor(4.3473, device='cuda:0', grad_fn=<AddBackward0>)
using contrastive loss
overall: tensor(4.9613, device='cuda:0', grad_fn=<AddBackward0>)
using contrastive loss
overall: tensor(5.3310, device='cuda:0', grad_fn=<AddBackward0>)
using contrastive loss
overall: tensor(5.2281, device='cuda:0', grad_fn=<AddBackward0>)
using contrastive loss
overall: tensor(4.8587, device='cuda:0', grad_fn=<AddBackward0>)
using contrastive loss
overall: tensor(5.5657, device='cuda:0', grad_fn=<AddBackward0>)
using contrastive loss
overall: tensor(5.3638, device='cuda:0', grad_fn=<AddBackward0>)
using contrastive loss
overall: tensor(5.3657, device='cuda:0', grad_fn=<AddBackward0>)
using contrastive loss
overall: tensor(4.9819, device='cuda:0', grad_fn=<AddBackward0>)
using contrastive loss
overall: tensor(4.7877, device='cuda:0', grad_fn=<AddBackward0>)
using contrastive loss
overall: tensor(4.6081, device='cuda:0', grad_fn=<AddBackward0>)
using contrastive loss
overall: tensor(5.1600, device='cuda:0', grad_fn=<AddBackward0>)
using contrastive loss
overall: tensor(4.4683, device='cuda:0', grad_fn=<AddBackward0>)
using contrastive loss
overall: tensor(4.9497, device='cuda:0', grad_fn=<AddBackward0>)
using contrastive loss
overall: tensor(5.1569, device='cuda:0', grad_fn=<AddBackward0>)
using contrastive loss
overall: tensor(5.2486, device='cuda:0', grad_fn=<AddBackward0>)
using contrastive loss
overall: tensor(4.9002, device='cuda:0', grad_fn=<AddBackward0>)
using contrastive loss
overall: tensor(4.5371, device='cuda:0', grad_fn=<AddBackward0>)
using contrastive loss
overall: tensor(4.1088, device='cuda:0', grad_fn=<AddBackward0>)
using contrastive loss
overall: tensor(4.5809, device='cuda:0', grad_fn=<AddBackward0>)
using contrastive loss
overall: tensor(4.8927, device='cuda:0', grad_fn=<AddBackward0>)
using contrastive loss
overall: tensor(4.6799, device='cuda:0', grad_fn=<AddBackward0>)
using contrastive loss
overall: tensor(4.9429, device='cuda:0', grad_fn=<AddBackward0>)
using contrastive loss
overall: tensor(5.0621, device='cuda:0', grad_fn=<AddBackward0>)
using contrastive loss
overall: tensor(4.8068, device='cuda:0', grad_fn=<AddBackward0>)
using contrastive loss
overall: tensor(4.7866, device='cuda:0', grad_fn=<AddBackward0>)
using contrastive loss
overall: tensor(5.5606, device='cuda:0', grad_fn=<AddBackward0>)
using contrastive loss
overall: tensor(4.9331, device='cuda:0', grad_fn=<AddBackward0>)
using contrastive loss
overall: tensor(4.3396, device='cuda:0', grad_fn=<AddBackward0>)
using contrastive loss
overall: tensor(4.4977, device='cuda:0', grad_fn=<AddBackward0>)
using contrastive loss
overall: tensor(4.5254, device='cuda:0', grad_fn=<AddBackward0>)
using contrastive loss
overall: tensor(5.5262, device='cuda:0', grad_fn=<AddBackward0>)
using contrastive loss
overall: tensor(5.0185, device='cuda:0', grad_fn=<AddBackward0>)
using contrastive loss
overall: tensor(5.1328, device='cuda:0', grad_fn=<AddBackward0>)
using contrastive loss
overall: tensor(4.9075, device='cuda:0', grad_fn=<AddBackward0>)
using contrastive loss
overall: tensor(4.2760, device='cuda:0', grad_fn=<AddBackward0>)
using contrastive loss
overall: tensor(4.7041, device='cuda:0', grad_fn=<AddBackward0>)
using contrastive loss
overall: tensor(4.7928, device='cuda:0', grad_fn=<AddBackward0>)
using contrastive loss
overall: tensor(4.5811, device='cuda:0', grad_fn=<AddBackward0>)
using contrastive loss
overall: tensor(4.4223, device='cuda:0', grad_fn=<AddBackward0>)
using contrastive loss
overall: tensor(4.8514, device='cuda:0', grad_fn=<AddBackward0>)
using contrastive loss
overall: tensor(4.0173, device='cuda:0', grad_fn=<AddBackward0>)
using contrastive loss
overall: tensor(4.6742, device='cuda:0', grad_fn=<AddBackward0>)
using contrastive loss
overall: tensor(4.9275, device='cuda:0', grad_fn=<AddBackward0>)
using contrastive loss
overall: tensor(4.9051, device='cuda:0', grad_fn=<AddBackward0>)
using contrastive loss
overall: tensor(4.5845, device='cuda:0', grad_fn=<AddBackward0>)
using contrastive loss
overall: tensor(4.5295, device='cuda:0', grad_fn=<AddBackward0>)
using contrastive loss
overall: tensor(4.9315, device='cuda:0', grad_fn=<AddBackward0>)
using contrastive loss
overall: tensor(4.3439, device='cuda:0', grad_fn=<AddBackward0>)
using contrastive loss
overall: tensor(5.1331, device='cuda:0', grad_fn=<AddBackward0>)
using contrastive loss
overall: tensor(4.8854, device='cuda:0', grad_fn=<AddBackward0>)
using contrastive loss
overall: tensor(4.8009, device='cuda:0', grad_fn=<AddBackward0>)
using contrastive loss
overall: tensor(4.4414, device='cuda:0', grad_fn=<AddBackward0>)
using contrastive loss
overall: tensor(4.3133, device='cuda:0', grad_fn=<AddBackward0>)
using contrastive loss
overall: tensor(4.8982, device='cuda:0', grad_fn=<AddBackward0>)
using contrastive loss
overall: tensor(4.9733, device='cuda:0', grad_fn=<AddBackward0>)
using contrastive loss
overall: tensor(4.9958, device='cuda:0', grad_fn=<AddBackward0>)
using contrastive loss
overall: tensor(5.1916, device='cuda:0', grad_fn=<AddBackward0>)
using contrastive loss
overall: tensor(4.4601, device='cuda:0', grad_fn=<AddBackward0>)
using contrastive loss
overall: tensor(4.5645, device='cuda:0', grad_fn=<AddBackward0>)
using contrastive loss
overall: tensor(4.1277, device='cuda:0', grad_fn=<AddBackward0>)
using contrastive loss
overall: tensor(4.7979, device='cuda:0', grad_fn=<AddBackward0>)
using contrastive loss
overall: tensor(4.5316, device='cuda:0', grad_fn=<AddBackward0>)
using contrastive loss
overall: tensor(4.6725, device='cuda:0', grad_fn=<AddBackward0>)
using contrastive loss
overall: tensor(4.4432, device='cuda:0', grad_fn=<AddBackward0>)
using contrastive loss
overall: tensor(4.6689, device='cuda:0', grad_fn=<AddBackward0>)
using contrastive loss
overall: tensor(4.8236, device='cuda:0', grad_fn=<AddBackward0>)
using contrastive loss
overall: tensor(4.5485, device='cuda:0', grad_fn=<AddBackward0>)
using contrastive loss
overall: tensor(4.1831, device='cuda:0', grad_fn=<AddBackward0>)
using contrastive loss
overall: tensor(5.5500, device='cuda:0', grad_fn=<AddBackward0>)
using contrastive loss
overall: tensor(4.5685, device='cuda:0', grad_fn=<AddBackward0>)
using contrastive loss
overall: tensor(4.6918, device='cuda:0', grad_fn=<AddBackward0>)
using contrastive loss
overall: tensor(4.9998, device='cuda:0', grad_fn=<AddBackward0>)
using contrastive loss
overall: tensor(4.8904, device='cuda:0', grad_fn=<AddBackward0>)
batch num:100
using contrastive loss
overall: tensor(4.4740, device='cuda:0', grad_fn=<AddBackward0>)
using contrastive loss
overall: tensor(4.7699, device='cuda:0', grad_fn=<AddBackward0>)
using contrastive loss
overall: tensor(4.3761, device='cuda:0', grad_fn=<AddBackward0>)
using contrastive loss
overall: tensor(4.8958, device='cuda:0', grad_fn=<AddBackward0>)
using contrastive loss
overall: tensor(4.7057, device='cuda:0', grad_fn=<AddBackward0>)
using contrastive loss
overall: tensor(4.4018, device='cuda:0', grad_fn=<AddBackward0>)
using contrastive loss
overall: tensor(4.8498, device='cuda:0', grad_fn=<AddBackward0>)
using contrastive loss
overall: tensor(4.8364, device='cuda:0', grad_fn=<AddBackward0>)
using contrastive loss
overall: tensor(4.6181, device='cuda:0', grad_fn=<AddBackward0>)
using contrastive loss
overall: tensor(4.5904, device='cuda:0', grad_fn=<AddBackward0>)
using contrastive loss
overall: tensor(4.4619, device='cuda:0', grad_fn=<AddBackward0>)
using contrastive loss
overall: tensor(4.4360, device='cuda:0', grad_fn=<AddBackward0>)
using contrastive loss
overall: tensor(4.6949, device='cuda:0', grad_fn=<AddBackward0>)
using contrastive loss
overall: tensor(4.9347, device='cuda:0', grad_fn=<AddBackward0>)
using contrastive loss
overall: tensor(4.9764, device='cuda:0', grad_fn=<AddBackward0>)
using contrastive loss
overall: tensor(4.5756, device='cuda:0', grad_fn=<AddBackward0>)
using contrastive loss
overall: tensor(4.2850, device='cuda:0', grad_fn=<AddBackward0>)
using contrastive loss
overall: tensor(4.5839, device='cuda:0', grad_fn=<AddBackward0>)
using contrastive loss
overall: tensor(4.6898, device='cuda:0', grad_fn=<AddBackward0>)
using contrastive loss
overall: tensor(5.2455, device='cuda:0', grad_fn=<AddBackward0>)
using contrastive loss
overall: tensor(4.8129, device='cuda:0', grad_fn=<AddBackward0>)
using contrastive loss
overall: tensor(4.7928, device='cuda:0', grad_fn=<AddBackward0>)
using contrastive loss
overall: tensor(4.6737, device='cuda:0', grad_fn=<AddBackward0>)
using contrastive loss
overall: tensor(3.9880, device='cuda:0', grad_fn=<AddBackward0>)
using contrastive loss
overall: tensor(4.5230, device='cuda:0', grad_fn=<AddBackward0>)
using contrastive loss
overall: tensor(4.5566, device='cuda:0', grad_fn=<AddBackward0>)
using contrastive loss
overall: tensor(4.7148, device='cuda:0', grad_fn=<AddBackward0>)
using contrastive loss
overall: tensor(4.4113, device='cuda:0', grad_fn=<AddBackward0>)
using contrastive loss
overall: tensor(5.3439, device='cuda:0', grad_fn=<AddBackward0>)
using contrastive loss
overall: tensor(4.5922, device='cuda:0', grad_fn=<AddBackward0>)
using contrastive loss
overall: tensor(4.6635, device='cuda:0', grad_fn=<AddBackward0>)
using contrastive loss
overall: tensor(4.6993, device='cuda:0', grad_fn=<AddBackward0>)
using contrastive loss
overall: tensor(4.6524, device='cuda:0', grad_fn=<AddBackward0>)
using contrastive loss
overall: tensor(4.3490, device='cuda:0', grad_fn=<AddBackward0>)
using contrastive loss
overall: tensor(4.4490, device='cuda:0', grad_fn=<AddBackward0>)
using contrastive loss
overall: tensor(4.3343, device='cuda:0', grad_fn=<AddBackward0>)
using contrastive loss
overall: tensor(4.6308, device='cuda:0', grad_fn=<AddBackward0>)
using contrastive loss
overall: tensor(4.9551, device='cuda:0', grad_fn=<AddBackward0>)
using contrastive loss
overall: tensor(5.0400, device='cuda:0', grad_fn=<AddBackward0>)
using contrastive loss
overall: tensor(4.6720, device='cuda:0', grad_fn=<AddBackward0>)
using contrastive loss
overall: tensor(4.4089, device='cuda:0', grad_fn=<AddBackward0>)
using contrastive loss
overall: tensor(4.6655, device='cuda:0', grad_fn=<AddBackward0>)
using contrastive loss
overall: tensor(4.6497, device='cuda:0', grad_fn=<AddBackward0>)
using contrastive loss
overall: tensor(4.4712, device='cuda:0', grad_fn=<AddBackward0>)
using contrastive loss
overall: tensor(4.1410, device='cuda:0', grad_fn=<AddBackward0>)
using contrastive loss
overall: tensor(4.3976, device='cuda:0', grad_fn=<AddBackward0>)
using contrastive loss
overall: tensor(3.9412, device='cuda:0', grad_fn=<AddBackward0>)
using contrastive loss
overall: tensor(4.4435, device='cuda:0', grad_fn=<AddBackward0>)
using contrastive loss
overall: tensor(4.3790, device='cuda:0', grad_fn=<AddBackward0>)
using contrastive loss
overall: tensor(4.4941, device='cuda:0', grad_fn=<AddBackward0>)
using contrastive loss
overall: tensor(4.7420, device='cuda:0', grad_fn=<AddBackward0>)
using contrastive loss
overall: tensor(3.9248, device='cuda:0', grad_fn=<AddBackward0>)
using contrastive loss
overall: tensor(4.5877, device='cuda:0', grad_fn=<AddBackward0>)
using contrastive loss
overall: tensor(4.7194, device='cuda:0', grad_fn=<AddBackward0>)
using contrastive loss
overall: tensor(4.9057, device='cuda:0', grad_fn=<AddBackward0>)
using contrastive loss
overall: tensor(4.4207, device='cuda:0', grad_fn=<AddBackward0>)
using contrastive loss
overall: tensor(5.1185, device='cuda:0', grad_fn=<AddBackward0>)
using contrastive loss
overall: tensor(5.6224, device='cuda:0', grad_fn=<AddBackward0>)
using contrastive loss
overall: tensor(4.5308, device='cuda:0', grad_fn=<AddBackward0>)
using contrastive loss
overall: tensor(4.2517, device='cuda:0', grad_fn=<AddBackward0>)
using contrastive loss
overall: tensor(4.3394, device='cuda:0', grad_fn=<AddBackward0>)
using contrastive loss
overall: tensor(4.3879, device='cuda:0', grad_fn=<AddBackward0>)
using contrastive loss
overall: tensor(5.0269, device='cuda:0', grad_fn=<AddBackward0>)
using contrastive loss
overall: tensor(4.9591, device='cuda:0', grad_fn=<AddBackward0>)
using contrastive loss
overall: tensor(4.4431, device='cuda:0', grad_fn=<AddBackward0>)
using contrastive loss
overall: tensor(4.4993, device='cuda:0', grad_fn=<AddBackward0>)
using contrastive loss
overall: tensor(4.3786, device='cuda:0', grad_fn=<AddBackward0>)
using contrastive loss
overall: tensor(4.5093, device='cuda:0', grad_fn=<AddBackward0>)
using contrastive loss
overall: tensor(4.4057, device='cuda:0', grad_fn=<AddBackward0>)
using contrastive loss
overall: tensor(4.0717, device='cuda:0', grad_fn=<AddBackward0>)
using contrastive loss
overall: tensor(4.5864, device='cuda:0', grad_fn=<AddBackward0>)
using contrastive loss
overall: tensor(5.1461, device='cuda:0', grad_fn=<AddBackward0>)
using contrastive loss
overall: tensor(5.0030, device='cuda:0', grad_fn=<AddBackward0>)
using contrastive loss
overall: tensor(4.9436, device='cuda:0', grad_fn=<AddBackward0>)
using contrastive loss
overall: tensor(5.4410, device='cuda:0', grad_fn=<AddBackward0>)
using contrastive loss
overall: tensor(4.1344, device='cuda:0', grad_fn=<AddBackward0>)
using contrastive loss
overall: tensor(5.0353, device='cuda:0', grad_fn=<AddBackward0>)
using contrastive loss
overall: tensor(4.8681, device='cuda:0', grad_fn=<AddBackward0>)
using contrastive loss
overall: tensor(4.4139, device='cuda:0', grad_fn=<AddBackward0>)
using contrastive loss
overall: tensor(5.0903, device='cuda:0', grad_fn=<AddBackward0>)
using contrastive loss
overall: tensor(5.0827, device='cuda:0', grad_fn=<AddBackward0>)
using contrastive loss
overall: tensor(4.4400, device='cuda:0', grad_fn=<AddBackward0>)
using contrastive loss
overall: tensor(4.7357, device='cuda:0', grad_fn=<AddBackward0>)
using contrastive loss
overall: tensor(4.3277, device='cuda:0', grad_fn=<AddBackward0>)
using contrastive loss
overall: tensor(5.0909, device='cuda:0', grad_fn=<AddBackward0>)
using contrastive loss
overall: tensor(4.5980, device='cuda:0', grad_fn=<AddBackward0>)
using contrastive loss
overall: tensor(4.6983, device='cuda:0', grad_fn=<AddBackward0>)
using contrastive loss
overall: tensor(4.5685, device='cuda:0', grad_fn=<AddBackward0>)
using contrastive loss
overall: tensor(4.9653, device='cuda:0', grad_fn=<AddBackward0>)
using contrastive loss
overall: tensor(4.2321, device='cuda:0', grad_fn=<AddBackward0>)
using contrastive loss
overall: tensor(4.9853, device='cuda:0', grad_fn=<AddBackward0>)
using contrastive loss
overall: tensor(5.2894, device='cuda:0', grad_fn=<AddBackward0>)
using contrastive loss
overall: tensor(4.5772, device='cuda:0', grad_fn=<AddBackward0>)
using contrastive loss
overall: tensor(3.8794, device='cuda:0', grad_fn=<AddBackward0>)
using contrastive loss
overall: tensor(4.3861, device='cuda:0', grad_fn=<AddBackward0>)
using contrastive loss
overall: tensor(5.0033, device='cuda:0', grad_fn=<AddBackward0>)
using contrastive loss
overall: tensor(5.1414, device='cuda:0', grad_fn=<AddBackward0>)
using contrastive loss
overall: tensor(4.8360, device='cuda:0', grad_fn=<AddBackward0>)
using contrastive loss
overall: tensor(3.8544, device='cuda:0', grad_fn=<AddBackward0>)
using contrastive loss
overall: tensor(4.7656, device='cuda:0', grad_fn=<AddBackward0>)
batch num:200
using contrastive loss
overall: tensor(4.6050, device='cuda:0', grad_fn=<AddBackward0>)
using contrastive loss
overall: tensor(4.4085, device='cuda:0', grad_fn=<AddBackward0>)
using contrastive loss
overall: tensor(4.7594, device='cuda:0', grad_fn=<AddBackward0>)
using contrastive loss
overall: tensor(4.8164, device='cuda:0', grad_fn=<AddBackward0>)
using contrastive loss
overall: tensor(4.2160, device='cuda:0', grad_fn=<AddBackward0>)
using contrastive loss
overall: tensor(4.7960, device='cuda:0', grad_fn=<AddBackward0>)
using contrastive loss
overall: tensor(4.9028, device='cuda:0', grad_fn=<AddBackward0>)
using contrastive loss
overall: tensor(4.4742, device='cuda:0', grad_fn=<AddBackward0>)
using contrastive loss
overall: tensor(4.7649, device='cuda:0', grad_fn=<AddBackward0>)
using contrastive loss
overall: tensor(4.9236, device='cuda:0', grad_fn=<AddBackward0>)
using contrastive loss
overall: tensor(4.3413, device='cuda:0', grad_fn=<AddBackward0>)
using contrastive loss
overall: tensor(4.2800, device='cuda:0', grad_fn=<AddBackward0>)
using contrastive loss
overall: tensor(4.7827, device='cuda:0', grad_fn=<AddBackward0>)
using contrastive loss
overall: tensor(4.2215, device='cuda:0', grad_fn=<AddBackward0>)
using contrastive loss
overall: tensor(4.3522, device='cuda:0', grad_fn=<AddBackward0>)
using contrastive loss
overall: tensor(4.1810, device='cuda:0', grad_fn=<AddBackward0>)
using contrastive loss
overall: tensor(4.5491, device='cuda:0', grad_fn=<AddBackward0>)
using contrastive loss
overall: tensor(4.3849, device='cuda:0', grad_fn=<AddBackward0>)
using contrastive loss
overall: tensor(4.7033, device='cuda:0', grad_fn=<AddBackward0>)
using contrastive loss
overall: tensor(4.6894, device='cuda:0', grad_fn=<AddBackward0>)
using contrastive loss
overall: tensor(4.5907, device='cuda:0', grad_fn=<AddBackward0>)
using contrastive loss
overall: tensor(4.7304, device='cuda:0', grad_fn=<AddBackward0>)
using contrastive loss
overall: tensor(5.0146, device='cuda:0', grad_fn=<AddBackward0>)
using contrastive loss
overall: tensor(4.8286, device='cuda:0', grad_fn=<AddBackward0>)
using contrastive loss
overall: tensor(4.1589, device='cuda:0', grad_fn=<AddBackward0>)
using contrastive loss
overall: tensor(4.6381, device='cuda:0', grad_fn=<AddBackward0>)
using contrastive loss
overall: tensor(4.6286, device='cuda:0', grad_fn=<AddBackward0>)
using contrastive loss
overall: tensor(4.6740, device='cuda:0', grad_fn=<AddBackward0>)
using contrastive loss
overall: tensor(4.5447, device='cuda:0', grad_fn=<AddBackward0>)
using contrastive loss
overall: tensor(4.5057, device='cuda:0', grad_fn=<AddBackward0>)
using contrastive loss
overall: tensor(4.4209, device='cuda:0', grad_fn=<AddBackward0>)
using contrastive loss
overall: tensor(4.8424, device='cuda:0', grad_fn=<AddBackward0>)
using contrastive loss
overall: tensor(5.2832, device='cuda:0', grad_fn=<AddBackward0>)
using contrastive loss
overall: tensor(3.6911, device='cuda:0', grad_fn=<AddBackward0>)
using contrastive loss
overall: tensor(4.6478, device='cuda:0', grad_fn=<AddBackward0>)
using contrastive loss
overall: tensor(4.4082, device='cuda:0', grad_fn=<AddBackward0>)
using contrastive loss
overall: tensor(5.2550, device='cuda:0', grad_fn=<AddBackward0>)
using contrastive loss
overall: tensor(4.6280, device='cuda:0', grad_fn=<AddBackward0>)
using contrastive loss
overall: tensor(4.9980, device='cuda:0', grad_fn=<AddBackward0>)
using contrastive loss
overall: tensor(4.5400, device='cuda:0', grad_fn=<AddBackward0>)
using contrastive loss
overall: tensor(4.5646, device='cuda:0', grad_fn=<AddBackward0>)
using contrastive loss
overall: tensor(4.6989, device='cuda:0', grad_fn=<AddBackward0>)
using contrastive loss
overall: tensor(4.8423, device='cuda:0', grad_fn=<AddBackward0>)
using contrastive loss
overall: tensor(4.2820, device='cuda:0', grad_fn=<AddBackward0>)
using contrastive loss
overall: tensor(4.5020, device='cuda:0', grad_fn=<AddBackward0>)
using contrastive loss
overall: tensor(4.1763, device='cuda:0', grad_fn=<AddBackward0>)
using contrastive loss
overall: tensor(4.3383, device='cuda:0', grad_fn=<AddBackward0>)
using contrastive loss
overall: tensor(4.8740, device='cuda:0', grad_fn=<AddBackward0>)
using contrastive loss
overall: tensor(5.0824, device='cuda:0', grad_fn=<AddBackward0>)
using contrastive loss
overall: tensor(4.7609, device='cuda:0', grad_fn=<AddBackward0>)
using contrastive loss
overall: tensor(4.9160, device='cuda:0', grad_fn=<AddBackward0>)
slurmstepd: error: *** JOB 41860897 ON holygpu8a31203 CANCELLED AT 2023-02-10T18:34:28 ***
