48
Task is classification, not lift the flap.
Hard mining set to:both
Pretrained is set to:
False
Using materials: ['main_xml_50_2', 'main_xml_50_3']
Hotswapped material loader being used.
{1: 0, 2: 1, 3: 2, 4: 3, 5: 4, 6: 5, 7: 6, 8: 7, 9: 8, 10: 9, 11: 10, 12: 11, 13: 12}
-------------------------------
Annotation Counts
-------------------------------
desk                       4829
trash_bin                  3204
chair                     19905
window                    10204
lamp                       2489
table                     11541
monitor                    3094
file_cabinet               1727
bookshelf                  3902
bed                        3214
sofa                       3550
bathtub                    1988
flowerpot                   227
Total                     69874
-------------------------------

annotations: ../openrooms/annotation_files/train_main_xml_50_v3.json
batch_size: 15
checkpoint: null
git: 2179780af36e53218cf9f25623959fb36ae2379d
imagedir: ../
imbalance_reweighting: false
learning_rate: 0.0001
num_classes: 13
num_decoder_heads: 8
num_decoder_layers: 6
pretrained: false
test_annotations: scannet_handmade_test_set.json
test_imagedir: ../
uncertainty_gate_type: learned
uncertainty_threshold: 0.8
weighted_prediction: false

Not using pretrained features for encoder.
Not using pretrained features for encoder.
No checkpoint was passed.
Starting epoch: 1
batch num:0
using contrastive loss
overall: tensor(6.1108, device='cuda:0', grad_fn=<AddBackward0>)
using contrastive loss
overall: tensor(11.0963, device='cuda:0', grad_fn=<AddBackward0>)
using contrastive loss
overall: tensor(9.6567, device='cuda:0', grad_fn=<AddBackward0>)
using contrastive loss
overall: tensor(7.9976, device='cuda:0', grad_fn=<AddBackward0>)
using contrastive loss
overall: tensor(8.0536, device='cuda:0', grad_fn=<AddBackward0>)
using contrastive loss
overall: tensor(7.1205, device='cuda:0', grad_fn=<AddBackward0>)
using contrastive loss
overall: tensor(5.9794, device='cuda:0', grad_fn=<AddBackward0>)
using contrastive loss
overall: tensor(5.7058, device='cuda:0', grad_fn=<AddBackward0>)
using contrastive loss
overall: tensor(5.6285, device='cuda:0', grad_fn=<AddBackward0>)
using contrastive loss
overall: tensor(5.4848, device='cuda:0', grad_fn=<AddBackward0>)
using contrastive loss
overall: tensor(4.7678, device='cuda:0', grad_fn=<AddBackward0>)
using contrastive loss
overall: tensor(5.4846, device='cuda:0', grad_fn=<AddBackward0>)
using contrastive loss
overall: tensor(5.2158, device='cuda:0', grad_fn=<AddBackward0>)
using contrastive loss
overall: tensor(4.4591, device='cuda:0', grad_fn=<AddBackward0>)
using contrastive loss
overall: tensor(5.4073, device='cuda:0', grad_fn=<AddBackward0>)
using contrastive loss
overall: tensor(5.0677, device='cuda:0', grad_fn=<AddBackward0>)
using contrastive loss
overall: tensor(5.1158, device='cuda:0', grad_fn=<AddBackward0>)
using contrastive loss
overall: tensor(5.2103, device='cuda:0', grad_fn=<AddBackward0>)
using contrastive loss
overall: tensor(5.9814, device='cuda:0', grad_fn=<AddBackward0>)
using contrastive loss
overall: tensor(5.3031, device='cuda:0', grad_fn=<AddBackward0>)
using contrastive loss
overall: tensor(5.5550, device='cuda:0', grad_fn=<AddBackward0>)
using contrastive loss
overall: tensor(4.7127, device='cuda:0', grad_fn=<AddBackward0>)
using contrastive loss
overall: tensor(5.4056, device='cuda:0', grad_fn=<AddBackward0>)
using contrastive loss
overall: tensor(6.0113, device='cuda:0', grad_fn=<AddBackward0>)
using contrastive loss
overall: tensor(5.2663, device='cuda:0', grad_fn=<AddBackward0>)
using contrastive loss
overall: tensor(4.8931, device='cuda:0', grad_fn=<AddBackward0>)
using contrastive loss
overall: tensor(5.6001, device='cuda:0', grad_fn=<AddBackward0>)
using contrastive loss
overall: tensor(4.8794, device='cuda:0', grad_fn=<AddBackward0>)
using contrastive loss
overall: tensor(4.9560, device='cuda:0', grad_fn=<AddBackward0>)
using contrastive loss
overall: tensor(4.2372, device='cuda:0', grad_fn=<AddBackward0>)
using contrastive loss
overall: tensor(5.3947, device='cuda:0', grad_fn=<AddBackward0>)
using contrastive loss
overall: tensor(3.9111, device='cuda:0', grad_fn=<AddBackward0>)
using contrastive loss
overall: tensor(4.4512, device='cuda:0', grad_fn=<AddBackward0>)
using contrastive loss
overall: tensor(5.2507, device='cuda:0', grad_fn=<AddBackward0>)
using contrastive loss
overall: tensor(4.9763, device='cuda:0', grad_fn=<AddBackward0>)
using contrastive loss
overall: tensor(5.2922, device='cuda:0', grad_fn=<AddBackward0>)
using contrastive loss
overall: tensor(5.3726, device='cuda:0', grad_fn=<AddBackward0>)
using contrastive loss
overall: tensor(5.0507, device='cuda:0', grad_fn=<AddBackward0>)
using contrastive loss
overall: tensor(4.7860, device='cuda:0', grad_fn=<AddBackward0>)
using contrastive loss
overall: tensor(5.0046, device='cuda:0', grad_fn=<AddBackward0>)
using contrastive loss
overall: tensor(5.4432, device='cuda:0', grad_fn=<AddBackward0>)
using contrastive loss
overall: tensor(5.2379, device='cuda:0', grad_fn=<AddBackward0>)
using contrastive loss
overall: tensor(4.7710, device='cuda:0', grad_fn=<AddBackward0>)
using contrastive loss
overall: tensor(4.7812, device='cuda:0', grad_fn=<AddBackward0>)
using contrastive loss
overall: tensor(4.2006, device='cuda:0', grad_fn=<AddBackward0>)
using contrastive loss
overall: tensor(4.6981, device='cuda:0', grad_fn=<AddBackward0>)
using contrastive loss
overall: tensor(4.7866, device='cuda:0', grad_fn=<AddBackward0>)
using contrastive loss
overall: tensor(4.3738, device='cuda:0', grad_fn=<AddBackward0>)
using contrastive loss
overall: tensor(4.5287, device='cuda:0', grad_fn=<AddBackward0>)
using contrastive loss
overall: tensor(5.2937, device='cuda:0', grad_fn=<AddBackward0>)
using contrastive loss
overall: tensor(5.0737, device='cuda:0', grad_fn=<AddBackward0>)
using contrastive loss
overall: tensor(4.9933, device='cuda:0', grad_fn=<AddBackward0>)
using contrastive loss
overall: tensor(4.4313, device='cuda:0', grad_fn=<AddBackward0>)
using contrastive loss
overall: tensor(5.1699, device='cuda:0', grad_fn=<AddBackward0>)
using contrastive loss
overall: tensor(4.6367, device='cuda:0', grad_fn=<AddBackward0>)
using contrastive loss
overall: tensor(5.6693, device='cuda:0', grad_fn=<AddBackward0>)
using contrastive loss
overall: tensor(5.1470, device='cuda:0', grad_fn=<AddBackward0>)
using contrastive loss
overall: tensor(4.9287, device='cuda:0', grad_fn=<AddBackward0>)
using contrastive loss
overall: tensor(4.8434, device='cuda:0', grad_fn=<AddBackward0>)
using contrastive loss
overall: tensor(5.0361, device='cuda:0', grad_fn=<AddBackward0>)
using contrastive loss
overall: tensor(4.5243, device='cuda:0', grad_fn=<AddBackward0>)
using contrastive loss
overall: tensor(4.7107, device='cuda:0', grad_fn=<AddBackward0>)
using contrastive loss
overall: tensor(4.4373, device='cuda:0', grad_fn=<AddBackward0>)
using contrastive loss
overall: tensor(5.1076, device='cuda:0', grad_fn=<AddBackward0>)
using contrastive loss
overall: tensor(5.2558, device='cuda:0', grad_fn=<AddBackward0>)
using contrastive loss
overall: tensor(5.3317, device='cuda:0', grad_fn=<AddBackward0>)
using contrastive loss
overall: tensor(5.4743, device='cuda:0', grad_fn=<AddBackward0>)
using contrastive loss
overall: tensor(5.0464, device='cuda:0', grad_fn=<AddBackward0>)
using contrastive loss
overall: tensor(4.8586, device='cuda:0', grad_fn=<AddBackward0>)
using contrastive loss
overall: tensor(4.9339, device='cuda:0', grad_fn=<AddBackward0>)
using contrastive loss
overall: tensor(5.1416, device='cuda:0', grad_fn=<AddBackward0>)
using contrastive loss
overall: tensor(4.9310, device='cuda:0', grad_fn=<AddBackward0>)
using contrastive loss
overall: tensor(4.9854, device='cuda:0', grad_fn=<AddBackward0>)
using contrastive loss
overall: tensor(5.2906, device='cuda:0', grad_fn=<AddBackward0>)
using contrastive loss
overall: tensor(4.5587, device='cuda:0', grad_fn=<AddBackward0>)
using contrastive loss
overall: tensor(4.5280, device='cuda:0', grad_fn=<AddBackward0>)
using contrastive loss
overall: tensor(4.7103, device='cuda:0', grad_fn=<AddBackward0>)
using contrastive loss
overall: tensor(4.8828, device='cuda:0', grad_fn=<AddBackward0>)
using contrastive loss
overall: tensor(5.0815, device='cuda:0', grad_fn=<AddBackward0>)
using contrastive loss
overall: tensor(4.4034, device='cuda:0', grad_fn=<AddBackward0>)
using contrastive loss
overall: tensor(4.4812, device='cuda:0', grad_fn=<AddBackward0>)
using contrastive loss
overall: tensor(4.5814, device='cuda:0', grad_fn=<AddBackward0>)
using contrastive loss
overall: tensor(4.9813, device='cuda:0', grad_fn=<AddBackward0>)
using contrastive loss
overall: tensor(4.5201, device='cuda:0', grad_fn=<AddBackward0>)
using contrastive loss
overall: tensor(4.7227, device='cuda:0', grad_fn=<AddBackward0>)
using contrastive loss
overall: tensor(4.6160, device='cuda:0', grad_fn=<AddBackward0>)
using contrastive loss
overall: tensor(4.2242, device='cuda:0', grad_fn=<AddBackward0>)
using contrastive loss
overall: tensor(4.1807, device='cuda:0', grad_fn=<AddBackward0>)
using contrastive loss
overall: tensor(5.1965, device='cuda:0', grad_fn=<AddBackward0>)
using contrastive loss
overall: tensor(3.9633, device='cuda:0', grad_fn=<AddBackward0>)
using contrastive loss
overall: tensor(5.2287, device='cuda:0', grad_fn=<AddBackward0>)
using contrastive loss
overall: tensor(4.9384, device='cuda:0', grad_fn=<AddBackward0>)
using contrastive loss
overall: tensor(4.6428, device='cuda:0', grad_fn=<AddBackward0>)
using contrastive loss
overall: tensor(4.4182, device='cuda:0', grad_fn=<AddBackward0>)
using contrastive loss
overall: tensor(5.1093, device='cuda:0', grad_fn=<AddBackward0>)
using contrastive loss
overall: tensor(4.7271, device='cuda:0', grad_fn=<AddBackward0>)
using contrastive loss
overall: tensor(4.3558, device='cuda:0', grad_fn=<AddBackward0>)
using contrastive loss
overall: tensor(4.7368, device='cuda:0', grad_fn=<AddBackward0>)
using contrastive loss
overall: tensor(4.7404, device='cuda:0', grad_fn=<AddBackward0>)
using contrastive loss
overall: tensor(4.6543, device='cuda:0', grad_fn=<AddBackward0>)
batch num:100
using contrastive loss
overall: tensor(5.0013, device='cuda:0', grad_fn=<AddBackward0>)
using contrastive loss
overall: tensor(4.2533, device='cuda:0', grad_fn=<AddBackward0>)
using contrastive loss
overall: tensor(5.3860, device='cuda:0', grad_fn=<AddBackward0>)
using contrastive loss
overall: tensor(4.9395, device='cuda:0', grad_fn=<AddBackward0>)
using contrastive loss
overall: tensor(4.3375, device='cuda:0', grad_fn=<AddBackward0>)
using contrastive loss
overall: tensor(4.8968, device='cuda:0', grad_fn=<AddBackward0>)
using contrastive loss
overall: tensor(4.7114, device='cuda:0', grad_fn=<AddBackward0>)
using contrastive loss
overall: tensor(5.5456, device='cuda:0', grad_fn=<AddBackward0>)
using contrastive loss
overall: tensor(4.4359, device='cuda:0', grad_fn=<AddBackward0>)
using contrastive loss
overall: tensor(4.6892, device='cuda:0', grad_fn=<AddBackward0>)
using contrastive loss
overall: tensor(5.3976, device='cuda:0', grad_fn=<AddBackward0>)
using contrastive loss
overall: tensor(4.4163, device='cuda:0', grad_fn=<AddBackward0>)
using contrastive loss
overall: tensor(4.5583, device='cuda:0', grad_fn=<AddBackward0>)
using contrastive loss
overall: tensor(4.3821, device='cuda:0', grad_fn=<AddBackward0>)
using contrastive loss
overall: tensor(3.9128, device='cuda:0', grad_fn=<AddBackward0>)
using contrastive loss
overall: tensor(4.4097, device='cuda:0', grad_fn=<AddBackward0>)
using contrastive loss
overall: tensor(4.8041, device='cuda:0', grad_fn=<AddBackward0>)
using contrastive loss
overall: tensor(4.6879, device='cuda:0', grad_fn=<AddBackward0>)
using contrastive loss
overall: tensor(4.8409, device='cuda:0', grad_fn=<AddBackward0>)
using contrastive loss
overall: tensor(5.2329, device='cuda:0', grad_fn=<AddBackward0>)
using contrastive loss
overall: tensor(4.8609, device='cuda:0', grad_fn=<AddBackward0>)
using contrastive loss
overall: tensor(5.1387, device='cuda:0', grad_fn=<AddBackward0>)
using contrastive loss
overall: tensor(4.4479, device='cuda:0', grad_fn=<AddBackward0>)
using contrastive loss
overall: tensor(5.0208, device='cuda:0', grad_fn=<AddBackward0>)
using contrastive loss
overall: tensor(4.1741, device='cuda:0', grad_fn=<AddBackward0>)
using contrastive loss
overall: tensor(4.9482, device='cuda:0', grad_fn=<AddBackward0>)
using contrastive loss
overall: tensor(5.1753, device='cuda:0', grad_fn=<AddBackward0>)
using contrastive loss
overall: tensor(4.5112, device='cuda:0', grad_fn=<AddBackward0>)
using contrastive loss
overall: tensor(4.4041, device='cuda:0', grad_fn=<AddBackward0>)
using contrastive loss
overall: tensor(4.5092, device='cuda:0', grad_fn=<AddBackward0>)
using contrastive loss
overall: tensor(5.8401, device='cuda:0', grad_fn=<AddBackward0>)
using contrastive loss
overall: tensor(4.9009, device='cuda:0', grad_fn=<AddBackward0>)
using contrastive loss
overall: tensor(4.2869, device='cuda:0', grad_fn=<AddBackward0>)
using contrastive loss
overall: tensor(5.1509, device='cuda:0', grad_fn=<AddBackward0>)
using contrastive loss
overall: tensor(4.9002, device='cuda:0', grad_fn=<AddBackward0>)
using contrastive loss
overall: tensor(4.8078, device='cuda:0', grad_fn=<AddBackward0>)
using contrastive loss
overall: tensor(5.1606, device='cuda:0', grad_fn=<AddBackward0>)
using contrastive loss
overall: tensor(5.0943, device='cuda:0', grad_fn=<AddBackward0>)
using contrastive loss
overall: tensor(4.7263, device='cuda:0', grad_fn=<AddBackward0>)
using contrastive loss
overall: tensor(4.7401, device='cuda:0', grad_fn=<AddBackward0>)
using contrastive loss
overall: tensor(4.5345, device='cuda:0', grad_fn=<AddBackward0>)
using contrastive loss
overall: tensor(4.2367, device='cuda:0', grad_fn=<AddBackward0>)
using contrastive loss
overall: tensor(5.2773, device='cuda:0', grad_fn=<AddBackward0>)
using contrastive loss
overall: tensor(4.9649, device='cuda:0', grad_fn=<AddBackward0>)
using contrastive loss
overall: tensor(4.4010, device='cuda:0', grad_fn=<AddBackward0>)
using contrastive loss
overall: tensor(5.1169, device='cuda:0', grad_fn=<AddBackward0>)
using contrastive loss
overall: tensor(4.6483, device='cuda:0', grad_fn=<AddBackward0>)
using contrastive loss
overall: tensor(5.1947, device='cuda:0', grad_fn=<AddBackward0>)
using contrastive loss
overall: tensor(5.0359, device='cuda:0', grad_fn=<AddBackward0>)
using contrastive loss
overall: tensor(4.7752, device='cuda:0', grad_fn=<AddBackward0>)
using contrastive loss
overall: tensor(4.5385, device='cuda:0', grad_fn=<AddBackward0>)
using contrastive loss
overall: tensor(4.8958, device='cuda:0', grad_fn=<AddBackward0>)
using contrastive loss
overall: tensor(5.4169, device='cuda:0', grad_fn=<AddBackward0>)
using contrastive loss
overall: tensor(4.5775, device='cuda:0', grad_fn=<AddBackward0>)
using contrastive loss
overall: tensor(4.4794, device='cuda:0', grad_fn=<AddBackward0>)
using contrastive loss
overall: tensor(4.5185, device='cuda:0', grad_fn=<AddBackward0>)
using contrastive loss
overall: tensor(4.8581, device='cuda:0', grad_fn=<AddBackward0>)
using contrastive loss
overall: tensor(4.4375, device='cuda:0', grad_fn=<AddBackward0>)
using contrastive loss
overall: tensor(4.7763, device='cuda:0', grad_fn=<AddBackward0>)
using contrastive loss
overall: tensor(4.3049, device='cuda:0', grad_fn=<AddBackward0>)
using contrastive loss
overall: tensor(4.7616, device='cuda:0', grad_fn=<AddBackward0>)
using contrastive loss
overall: tensor(4.6578, device='cuda:0', grad_fn=<AddBackward0>)
using contrastive loss
overall: tensor(4.5175, device='cuda:0', grad_fn=<AddBackward0>)
using contrastive loss
overall: tensor(4.4386, device='cuda:0', grad_fn=<AddBackward0>)
using contrastive loss
overall: tensor(4.2765, device='cuda:0', grad_fn=<AddBackward0>)
using contrastive loss
overall: tensor(4.5089, device='cuda:0', grad_fn=<AddBackward0>)
using contrastive loss
overall: tensor(4.6823, device='cuda:0', grad_fn=<AddBackward0>)
using contrastive loss
overall: tensor(4.7688, device='cuda:0', grad_fn=<AddBackward0>)
using contrastive loss
overall: tensor(4.9382, device='cuda:0', grad_fn=<AddBackward0>)
using contrastive loss
overall: tensor(4.7575, device='cuda:0', grad_fn=<AddBackward0>)
using contrastive loss
overall: tensor(4.8038, device='cuda:0', grad_fn=<AddBackward0>)
using contrastive loss
overall: tensor(4.2714, device='cuda:0', grad_fn=<AddBackward0>)
using contrastive loss
overall: tensor(5.1367, device='cuda:0', grad_fn=<AddBackward0>)
using contrastive loss
overall: tensor(5.2362, device='cuda:0', grad_fn=<AddBackward0>)
using contrastive loss
overall: tensor(4.1841, device='cuda:0', grad_fn=<AddBackward0>)
using contrastive loss
overall: tensor(4.9035, device='cuda:0', grad_fn=<AddBackward0>)
using contrastive loss
overall: tensor(4.4579, device='cuda:0', grad_fn=<AddBackward0>)
using contrastive loss
overall: tensor(4.2502, device='cuda:0', grad_fn=<AddBackward0>)
using contrastive loss
overall: tensor(4.3138, device='cuda:0', grad_fn=<AddBackward0>)
using contrastive loss
overall: tensor(5.0885, device='cuda:0', grad_fn=<AddBackward0>)
using contrastive loss
overall: tensor(5.0250, device='cuda:0', grad_fn=<AddBackward0>)
using contrastive loss
overall: tensor(4.6106, device='cuda:0', grad_fn=<AddBackward0>)
using contrastive loss
overall: tensor(4.4880, device='cuda:0', grad_fn=<AddBackward0>)
using contrastive loss
overall: tensor(4.6658, device='cuda:0', grad_fn=<AddBackward0>)
using contrastive loss
overall: tensor(4.8424, device='cuda:0', grad_fn=<AddBackward0>)
using contrastive loss
overall: tensor(4.5523, device='cuda:0', grad_fn=<AddBackward0>)
using contrastive loss
overall: tensor(4.7166, device='cuda:0', grad_fn=<AddBackward0>)
using contrastive loss
overall: tensor(5.1318, device='cuda:0', grad_fn=<AddBackward0>)
using contrastive loss
overall: tensor(4.6265, device='cuda:0', grad_fn=<AddBackward0>)
using contrastive loss
overall: tensor(4.5139, device='cuda:0', grad_fn=<AddBackward0>)
using contrastive loss
overall: tensor(4.5973, device='cuda:0', grad_fn=<AddBackward0>)
using contrastive loss
overall: tensor(4.3937, device='cuda:0', grad_fn=<AddBackward0>)
using contrastive loss
overall: tensor(4.4917, device='cuda:0', grad_fn=<AddBackward0>)
using contrastive loss
overall: tensor(4.3996, device='cuda:0', grad_fn=<AddBackward0>)
using contrastive loss
overall: tensor(4.7761, device='cuda:0', grad_fn=<AddBackward0>)
using contrastive loss
overall: tensor(4.4151, device='cuda:0', grad_fn=<AddBackward0>)
using contrastive loss
overall: tensor(4.6316, device='cuda:0', grad_fn=<AddBackward0>)
using contrastive loss
overall: tensor(5.0174, device='cuda:0', grad_fn=<AddBackward0>)
using contrastive loss
overall: tensor(4.2498, device='cuda:0', grad_fn=<AddBackward0>)
using contrastive loss
overall: tensor(5.1660, device='cuda:0', grad_fn=<AddBackward0>)
batch num:200
using contrastive loss
overall: tensor(4.8159, device='cuda:0', grad_fn=<AddBackward0>)
using contrastive loss
overall: tensor(4.8237, device='cuda:0', grad_fn=<AddBackward0>)
using contrastive loss
overall: tensor(4.8600, device='cuda:0', grad_fn=<AddBackward0>)
using contrastive loss
overall: tensor(4.2649, device='cuda:0', grad_fn=<AddBackward0>)
using contrastive loss
overall: tensor(4.5304, device='cuda:0', grad_fn=<AddBackward0>)
using contrastive loss
overall: tensor(4.7074, device='cuda:0', grad_fn=<AddBackward0>)
using contrastive loss
overall: tensor(4.7904, device='cuda:0', grad_fn=<AddBackward0>)
using contrastive loss
overall: tensor(4.8769, device='cuda:0', grad_fn=<AddBackward0>)
using contrastive loss
overall: tensor(4.3124, device='cuda:0', grad_fn=<AddBackward0>)
using contrastive loss
overall: tensor(4.9550, device='cuda:0', grad_fn=<AddBackward0>)
using contrastive loss
overall: tensor(4.1331, device='cuda:0', grad_fn=<AddBackward0>)
using contrastive loss
overall: tensor(4.2826, device='cuda:0', grad_fn=<AddBackward0>)
using contrastive loss
overall: tensor(4.8163, device='cuda:0', grad_fn=<AddBackward0>)
using contrastive loss
overall: tensor(4.5288, device='cuda:0', grad_fn=<AddBackward0>)
using contrastive loss
overall: tensor(4.6221, device='cuda:0', grad_fn=<AddBackward0>)
using contrastive loss
overall: tensor(4.7552, device='cuda:0', grad_fn=<AddBackward0>)
using contrastive loss
overall: tensor(4.9562, device='cuda:0', grad_fn=<AddBackward0>)
using contrastive loss
overall: tensor(4.6063, device='cuda:0', grad_fn=<AddBackward0>)
using contrastive loss
overall: tensor(4.9240, device='cuda:0', grad_fn=<AddBackward0>)
using contrastive loss
overall: tensor(4.8516, device='cuda:0', grad_fn=<AddBackward0>)
using contrastive loss
overall: tensor(4.8875, device='cuda:0', grad_fn=<AddBackward0>)
using contrastive loss
overall: tensor(4.5585, device='cuda:0', grad_fn=<AddBackward0>)
using contrastive loss
overall: tensor(4.9007, device='cuda:0', grad_fn=<AddBackward0>)
using contrastive loss
overall: tensor(4.4922, device='cuda:0', grad_fn=<AddBackward0>)
using contrastive loss
overall: tensor(5.0904, device='cuda:0', grad_fn=<AddBackward0>)
slurmstepd: error: *** JOB 41121345 ON holygpu8a31106 CANCELLED AT 2023-02-03T14:39:52 ***
