8
2022-05-14 03:52:56.395293: W tensorflow/stream_executor/platform/default/dso_loader.cc:64] Could not load dynamic library 'libcudart.so.11.0'; dlerror: libcudart.so.11.0: cannot open shared object file: No such file or directory
2022-05-14 03:52:56.395587: I tensorflow/stream_executor/cuda/cudart_stub.cc:29] Ignore above cudart dlerror if you do not have a GPU set up on your machine.
Task is classification, not lift the flap.
Hard mining set to:both
Using materials: ['main_xml_viewpoint_2', 'main_xml_viewpoint_3']
Hotswapped material loader being used.
{1: 0, 2: 1, 3: 2, 4: 3, 5: 4, 6: 5, 7: 6, 8: 7, 9: 8, 10: 9, 11: 10, 12: 11, 13: 12}
-------------------------------
Annotation Counts
-------------------------------
table                     10252
sofa                       3102
chair                     17117
window                     5089
bookshelf                  3324
bed                        2831
monitor                    2408
trash_bin                  2857
file_cabinet               1418
desk                       4200
lamp                        589
bathtub                    1518
flowerpot                   162
Total                     54867
-------------------------------

annotations: ../openrooms/annotation_files/train_main_viewpoints_0_1_v3.json
batch_size: 15
checkpoint: null
git: e22ff54d4e15e859ff3672c5fc808cec0abfc80d
imagedir: ../
imbalance_reweighting: false
learning_rate: 1.0e-05
num_classes: 13
num_decoder_heads: 8
num_decoder_layers: 6
test_annotations: null
test_imagedir: null
uncertainty_gate_type: learned
uncertainty_threshold: 0.8
weighted_prediction: false

No checkpoint was passed.
Starting epoch: 1
batch num:0
overall: tensor(7.1750, device='cuda:0', grad_fn=<AddBackward0>)
overall: tensor(6.4084, device='cuda:0', grad_fn=<AddBackward0>)
overall: tensor(6.5313, device='cuda:0', grad_fn=<AddBackward0>)
overall: tensor(5.4996, device='cuda:0', grad_fn=<AddBackward0>)
overall: tensor(4.6888, device='cuda:0', grad_fn=<AddBackward0>)
overall: tensor(5.7456, device='cuda:0', grad_fn=<AddBackward0>)
overall: tensor(5.3659, device='cuda:0', grad_fn=<AddBackward0>)
overall: tensor(5.4527, device='cuda:0', grad_fn=<AddBackward0>)
overall: tensor(5.5992, device='cuda:0', grad_fn=<AddBackward0>)
overall: tensor(6.3089, device='cuda:0', grad_fn=<AddBackward0>)
overall: tensor(4.9783, device='cuda:0', grad_fn=<AddBackward0>)
overall: tensor(4.6406, device='cuda:0', grad_fn=<AddBackward0>)
overall: tensor(5.3001, device='cuda:0', grad_fn=<AddBackward0>)
overall: tensor(5.1037, device='cuda:0', grad_fn=<AddBackward0>)
overall: tensor(5.8770, device='cuda:0', grad_fn=<AddBackward0>)
overall: tensor(4.7021, device='cuda:0', grad_fn=<AddBackward0>)
overall: tensor(4.9591, device='cuda:0', grad_fn=<AddBackward0>)
overall: tensor(4.8354, device='cuda:0', grad_fn=<AddBackward0>)
overall: tensor(5.1146, device='cuda:0', grad_fn=<AddBackward0>)
overall: tensor(5.9605, device='cuda:0', grad_fn=<AddBackward0>)
overall: tensor(5.6601, device='cuda:0', grad_fn=<AddBackward0>)
overall: tensor(5.4697, device='cuda:0', grad_fn=<AddBackward0>)
overall: tensor(5.0908, device='cuda:0', grad_fn=<AddBackward0>)
overall: tensor(4.1390, device='cuda:0', grad_fn=<AddBackward0>)
overall: tensor(4.9618, device='cuda:0', grad_fn=<AddBackward0>)
overall: tensor(5.0570, device='cuda:0', grad_fn=<AddBackward0>)
overall: tensor(4.7223, device='cuda:0', grad_fn=<AddBackward0>)
overall: tensor(4.3097, device='cuda:0', grad_fn=<AddBackward0>)
overall: tensor(4.7391, device='cuda:0', grad_fn=<AddBackward0>)
overall: tensor(5.1837, device='cuda:0', grad_fn=<AddBackward0>)
overall: tensor(4.5124, device='cuda:0', grad_fn=<AddBackward0>)
overall: tensor(4.7917, device='cuda:0', grad_fn=<AddBackward0>)
overall: tensor(4.7979, device='cuda:0', grad_fn=<AddBackward0>)
overall: tensor(5.8345, device='cuda:0', grad_fn=<AddBackward0>)
overall: tensor(5.0926, device='cuda:0', grad_fn=<AddBackward0>)
overall: tensor(4.6992, device='cuda:0', grad_fn=<AddBackward0>)
overall: tensor(4.8746, device='cuda:0', grad_fn=<AddBackward0>)
overall: tensor(4.7143, device='cuda:0', grad_fn=<AddBackward0>)
overall: tensor(4.8232, device='cuda:0', grad_fn=<AddBackward0>)
overall: tensor(5.1963, device='cuda:0', grad_fn=<AddBackward0>)
overall: tensor(4.2357, device='cuda:0', grad_fn=<AddBackward0>)
overall: tensor(4.6463, device='cuda:0', grad_fn=<AddBackward0>)
overall: tensor(4.6876, device='cuda:0', grad_fn=<AddBackward0>)
overall: tensor(4.5577, device='cuda:0', grad_fn=<AddBackward0>)
overall: tensor(4.3723, device='cuda:0', grad_fn=<AddBackward0>)
overall: tensor(5.1369, device='cuda:0', grad_fn=<AddBackward0>)
overall: tensor(4.8056, device='cuda:0', grad_fn=<AddBackward0>)
overall: tensor(4.6788, device='cuda:0', grad_fn=<AddBackward0>)
overall: tensor(4.4560, device='cuda:0', grad_fn=<AddBackward0>)
overall: tensor(4.6643, device='cuda:0', grad_fn=<AddBackward0>)
overall: tensor(4.9773, device='cuda:0', grad_fn=<AddBackward0>)
overall: tensor(5.0182, device='cuda:0', grad_fn=<AddBackward0>)
overall: tensor(4.4899, device='cuda:0', grad_fn=<AddBackward0>)
overall: tensor(5.3055, device='cuda:0', grad_fn=<AddBackward0>)
overall: tensor(4.5884, device='cuda:0', grad_fn=<AddBackward0>)
overall: tensor(4.8465, device='cuda:0', grad_fn=<AddBackward0>)
overall: tensor(4.6436, device='cuda:0', grad_fn=<AddBackward0>)
overall: tensor(4.8675, device='cuda:0', grad_fn=<AddBackward0>)
overall: tensor(4.3489, device='cuda:0', grad_fn=<AddBackward0>)
overall: tensor(4.5817, device='cuda:0', grad_fn=<AddBackward0>)
overall: tensor(4.6780, device='cuda:0', grad_fn=<AddBackward0>)
overall: tensor(5.0252, device='cuda:0', grad_fn=<AddBackward0>)
overall: tensor(5.2323, device='cuda:0', grad_fn=<AddBackward0>)
overall: tensor(4.8747, device='cuda:0', grad_fn=<AddBackward0>)
overall: tensor(4.7276, device='cuda:0', grad_fn=<AddBackward0>)
overall: tensor(5.0762, device='cuda:0', grad_fn=<AddBackward0>)
overall: tensor(4.3631, device='cuda:0', grad_fn=<AddBackward0>)
overall: tensor(4.7216, device='cuda:0', grad_fn=<AddBackward0>)
overall: tensor(4.8266, device='cuda:0', grad_fn=<AddBackward0>)
overall: tensor(4.8129, device='cuda:0', grad_fn=<AddBackward0>)
overall: tensor(4.6029, device='cuda:0', grad_fn=<AddBackward0>)
overall: tensor(4.3824, device='cuda:0', grad_fn=<AddBackward0>)
overall: tensor(4.3566, device='cuda:0', grad_fn=<AddBackward0>)
overall: tensor(4.2090, device='cuda:0', grad_fn=<AddBackward0>)
overall: tensor(5.2563, device='cuda:0', grad_fn=<AddBackward0>)
overall: tensor(4.9183, device='cuda:0', grad_fn=<AddBackward0>)
overall: tensor(4.1957, device='cuda:0', grad_fn=<AddBackward0>)
overall: tensor(5.2125, device='cuda:0', grad_fn=<AddBackward0>)
overall: tensor(4.3651, device='cuda:0', grad_fn=<AddBackward0>)
overall: tensor(4.4568, device='cuda:0', grad_fn=<AddBackward0>)
overall: tensor(4.7403, device='cuda:0', grad_fn=<AddBackward0>)
overall: tensor(4.7510, device='cuda:0', grad_fn=<AddBackward0>)
overall: tensor(4.5710, device='cuda:0', grad_fn=<AddBackward0>)
overall: tensor(4.7952, device='cuda:0', grad_fn=<AddBackward0>)
overall: tensor(5.1564, device='cuda:0', grad_fn=<AddBackward0>)
overall: tensor(5.1352, device='cuda:0', grad_fn=<AddBackward0>)
overall: tensor(5.1676, device='cuda:0', grad_fn=<AddBackward0>)
overall: tensor(4.7614, device='cuda:0', grad_fn=<AddBackward0>)
overall: tensor(4.8803, device='cuda:0', grad_fn=<AddBackward0>)
overall: tensor(4.8377, device='cuda:0', grad_fn=<AddBackward0>)
overall: tensor(4.6221, device='cuda:0', grad_fn=<AddBackward0>)
overall: tensor(4.6669, device='cuda:0', grad_fn=<AddBackward0>)
overall: tensor(4.5096, device='cuda:0', grad_fn=<AddBackward0>)
overall: tensor(4.6946, device='cuda:0', grad_fn=<AddBackward0>)
overall: tensor(4.4570, device='cuda:0', grad_fn=<AddBackward0>)
overall: tensor(4.6621, device='cuda:0', grad_fn=<AddBackward0>)
overall: tensor(4.1049, device='cuda:0', grad_fn=<AddBackward0>)
overall: tensor(4.8083, device='cuda:0', grad_fn=<AddBackward0>)
overall: tensor(4.1984, device='cuda:0', grad_fn=<AddBackward0>)
overall: tensor(4.3196, device='cuda:0', grad_fn=<AddBackward0>)
batch num:100
overall: tensor(4.8300, device='cuda:0', grad_fn=<AddBackward0>)
overall: tensor(4.7652, device='cuda:0', grad_fn=<AddBackward0>)
overall: tensor(4.6372, device='cuda:0', grad_fn=<AddBackward0>)
overall: tensor(4.7065, device='cuda:0', grad_fn=<AddBackward0>)
overall: tensor(4.9322, device='cuda:0', grad_fn=<AddBackward0>)
overall: tensor(4.6345, device='cuda:0', grad_fn=<AddBackward0>)
overall: tensor(4.0455, device='cuda:0', grad_fn=<AddBackward0>)
overall: tensor(4.6959, device='cuda:0', grad_fn=<AddBackward0>)
overall: tensor(4.7150, device='cuda:0', grad_fn=<AddBackward0>)
overall: tensor(5.0267, device='cuda:0', grad_fn=<AddBackward0>)
overall: tensor(4.5491, device='cuda:0', grad_fn=<AddBackward0>)
overall: tensor(4.8683, device='cuda:0', grad_fn=<AddBackward0>)
overall: tensor(4.5827, device='cuda:0', grad_fn=<AddBackward0>)
overall: tensor(4.7648, device='cuda:0', grad_fn=<AddBackward0>)
overall: tensor(4.2978, device='cuda:0', grad_fn=<AddBackward0>)
overall: tensor(4.8595, device='cuda:0', grad_fn=<AddBackward0>)
overall: tensor(4.6903, device='cuda:0', grad_fn=<AddBackward0>)
overall: tensor(4.7037, device='cuda:0', grad_fn=<AddBackward0>)
overall: tensor(4.6590, device='cuda:0', grad_fn=<AddBackward0>)
overall: tensor(4.4872, device='cuda:0', grad_fn=<AddBackward0>)
overall: tensor(4.4301, device='cuda:0', grad_fn=<AddBackward0>)
overall: tensor(4.6067, device='cuda:0', grad_fn=<AddBackward0>)
overall: tensor(4.7161, device='cuda:0', grad_fn=<AddBackward0>)
overall: tensor(4.5248, device='cuda:0', grad_fn=<AddBackward0>)
overall: tensor(4.9004, device='cuda:0', grad_fn=<AddBackward0>)
overall: tensor(4.8690, device='cuda:0', grad_fn=<AddBackward0>)
overall: tensor(5.3313, device='cuda:0', grad_fn=<AddBackward0>)
overall: tensor(4.8634, device='cuda:0', grad_fn=<AddBackward0>)
overall: tensor(4.1641, device='cuda:0', grad_fn=<AddBackward0>)
overall: tensor(4.9667, device='cuda:0', grad_fn=<AddBackward0>)
overall: tensor(5.0090, device='cuda:0', grad_fn=<AddBackward0>)
overall: tensor(4.9062, device='cuda:0', grad_fn=<AddBackward0>)
overall: tensor(4.5318, device='cuda:0', grad_fn=<AddBackward0>)
overall: tensor(4.2013, device='cuda:0', grad_fn=<AddBackward0>)
overall: tensor(4.7598, device='cuda:0', grad_fn=<AddBackward0>)
overall: tensor(4.8264, device='cuda:0', grad_fn=<AddBackward0>)
overall: tensor(4.4613, device='cuda:0', grad_fn=<AddBackward0>)
overall: tensor(4.6806, device='cuda:0', grad_fn=<AddBackward0>)
overall: tensor(4.3199, device='cuda:0', grad_fn=<AddBackward0>)
overall: tensor(4.7676, device='cuda:0', grad_fn=<AddBackward0>)
overall: tensor(4.5270, device='cuda:0', grad_fn=<AddBackward0>)
overall: tensor(4.5211, device='cuda:0', grad_fn=<AddBackward0>)
overall: tensor(4.5332, device='cuda:0', grad_fn=<AddBackward0>)
overall: tensor(4.3143, device='cuda:0', grad_fn=<AddBackward0>)
overall: tensor(4.7683, device='cuda:0', grad_fn=<AddBackward0>)
overall: tensor(4.4981, device='cuda:0', grad_fn=<AddBackward0>)
overall: tensor(4.6180, device='cuda:0', grad_fn=<AddBackward0>)
overall: tensor(4.2381, device='cuda:0', grad_fn=<AddBackward0>)
overall: tensor(4.2773, device='cuda:0', grad_fn=<AddBackward0>)
overall: tensor(4.6477, device='cuda:0', grad_fn=<AddBackward0>)
overall: tensor(4.5939, device='cuda:0', grad_fn=<AddBackward0>)
overall: tensor(4.2562, device='cuda:0', grad_fn=<AddBackward0>)
overall: tensor(4.5147, device='cuda:0', grad_fn=<AddBackward0>)
overall: tensor(4.4124, device='cuda:0', grad_fn=<AddBackward0>)
overall: tensor(4.5195, device='cuda:0', grad_fn=<AddBackward0>)
overall: tensor(4.6738, device='cuda:0', grad_fn=<AddBackward0>)
overall: tensor(4.9875, device='cuda:0', grad_fn=<AddBackward0>)
overall: tensor(4.5408, device='cuda:0', grad_fn=<AddBackward0>)
overall: tensor(4.6407, device='cuda:0', grad_fn=<AddBackward0>)
overall: tensor(4.1324, device='cuda:0', grad_fn=<AddBackward0>)
overall: tensor(4.5694, device='cuda:0', grad_fn=<AddBackward0>)
overall: tensor(4.2301, device='cuda:0', grad_fn=<AddBackward0>)
overall: tensor(4.6370, device='cuda:0', grad_fn=<AddBackward0>)
overall: tensor(4.7833, device='cuda:0', grad_fn=<AddBackward0>)
overall: tensor(4.7140, device='cuda:0', grad_fn=<AddBackward0>)
overall: tensor(4.8073, device='cuda:0', grad_fn=<AddBackward0>)
overall: tensor(4.3059, device='cuda:0', grad_fn=<AddBackward0>)
overall: tensor(4.4154, device='cuda:0', grad_fn=<AddBackward0>)
overall: tensor(4.5114, device='cuda:0', grad_fn=<AddBackward0>)
overall: tensor(3.9880, device='cuda:0', grad_fn=<AddBackward0>)
overall: tensor(4.5634, device='cuda:0', grad_fn=<AddBackward0>)
overall: tensor(5.4374, device='cuda:0', grad_fn=<AddBackward0>)
overall: tensor(4.3394, device='cuda:0', grad_fn=<AddBackward0>)
overall: tensor(4.1857, device='cuda:0', grad_fn=<AddBackward0>)
overall: tensor(4.4570, device='cuda:0', grad_fn=<AddBackward0>)
overall: tensor(4.7703, device='cuda:0', grad_fn=<AddBackward0>)
overall: tensor(4.6250, device='cuda:0', grad_fn=<AddBackward0>)
overall: tensor(5.0534, device='cuda:0', grad_fn=<AddBackward0>)
overall: tensor(4.5463, device='cuda:0', grad_fn=<AddBackward0>)
overall: tensor(4.2426, device='cuda:0', grad_fn=<AddBackward0>)
overall: tensor(4.4455, device='cuda:0', grad_fn=<AddBackward0>)
overall: tensor(4.7061, device='cuda:0', grad_fn=<AddBackward0>)
overall: tensor(4.7745, device='cuda:0', grad_fn=<AddBackward0>)
overall: tensor(4.5555, device='cuda:0', grad_fn=<AddBackward0>)
overall: tensor(4.6985, device='cuda:0', grad_fn=<AddBackward0>)
overall: tensor(4.5047, device='cuda:0', grad_fn=<AddBackward0>)
overall: tensor(4.9419, device='cuda:0', grad_fn=<AddBackward0>)
overall: tensor(4.3633, device='cuda:0', grad_fn=<AddBackward0>)
overall: tensor(4.4061, device='cuda:0', grad_fn=<AddBackward0>)
overall: tensor(4.0313, device='cuda:0', grad_fn=<AddBackward0>)
overall: tensor(4.8955, device='cuda:0', grad_fn=<AddBackward0>)
overall: tensor(5.1319, device='cuda:0', grad_fn=<AddBackward0>)
overall: tensor(4.4865, device='cuda:0', grad_fn=<AddBackward0>)
overall: tensor(5.3779, device='cuda:0', grad_fn=<AddBackward0>)
overall: tensor(4.4112, device='cuda:0', grad_fn=<AddBackward0>)
overall: tensor(3.9468, device='cuda:0', grad_fn=<AddBackward0>)
overall: tensor(4.5693, device='cuda:0', grad_fn=<AddBackward0>)
overall: tensor(4.7878, device='cuda:0', grad_fn=<AddBackward0>)
overall: tensor(4.1135, device='cuda:0', grad_fn=<AddBackward0>)
overall: tensor(4.3450, device='cuda:0', grad_fn=<AddBackward0>)
batch num:200
overall: tensor(4.7416, device='cuda:0', grad_fn=<AddBackward0>)
overall: tensor(4.6138, device='cuda:0', grad_fn=<AddBackward0>)
Traceback (most recent call last):
  File "train_hotswapped_viewpoint.py", line 176, in <module>
    for i, (context_images, target_images, context_images_2, target_images_2, bbox, labels_cpu) in enumerate(dataloader):
  File "/n/home05/smadan/.conda/envs/domain_adaptation/lib/python3.8/site-packages/torch/utils/data/dataloader.py", line 521, in __next__
    data = self._next_data()
  File "/n/home05/smadan/.conda/envs/domain_adaptation/lib/python3.8/site-packages/torch/utils/data/dataloader.py", line 561, in _next_data
    data = self._dataset_fetcher.fetch(index)  # may raise StopIteration
  File "/n/home05/smadan/.conda/envs/domain_adaptation/lib/python3.8/site-packages/torch/utils/data/_utils/fetch.py", line 44, in fetch
    data = [self.dataset[idx] for idx in possibly_batched_index]
  File "/n/home05/smadan/.conda/envs/domain_adaptation/lib/python3.8/site-packages/torch/utils/data/_utils/fetch.py", line 44, in <listcomp>
    data = [self.dataset[idx] for idx in possibly_batched_index]
  File "/net/coxfs01/srv/export/coxfs01/pfister_lab2/share_root/Lab/spandan/contextual_domain_adaptation/WhenPigsFlyContext/core/dataset_hotswapped_viewpoint.py", line 130, in __getitem__
    image = Image.open(image_path)
  File "/n/home05/smadan/.conda/envs/domain_adaptation/lib/python3.8/site-packages/PIL/Image.py", line 2968, in open
    fp = builtins.open(filename, "rb")
FileNotFoundError: [Errno 2] No such file or directory: '../openrooms/all_openrooms/main_xml//scene0001_00/im_14.png'
