49
Task is classification, not lift the flap.
Hard mining set to:both
Pretrained is set to:
False
Using materials: ['main_xml_50_2']
Hotswapped material loader being used.
{1: 0, 2: 1, 3: 2, 4: 3, 5: 4, 6: 5, 7: 6, 8: 7, 9: 8, 10: 9, 11: 10, 12: 11, 13: 12}
-------------------------------
Annotation Counts
-------------------------------
desk                       4829
trash_bin                  3204
chair                     19905
window                    10204
lamp                       2489
table                     11541
monitor                    3094
file_cabinet               1727
bookshelf                  3902
bed                        3214
sofa                       3550
bathtub                    1988
flowerpot                   227
Total                     69874
-------------------------------

annotations: ../openrooms/annotation_files/train_main_xml_50_v3.json
batch_size: 15
checkpoint: null
git: 2179780af36e53218cf9f25623959fb36ae2379d
imagedir: ../
imbalance_reweighting: false
learning_rate: 0.0001
num_classes: 13
num_decoder_heads: 8
num_decoder_layers: 6
pretrained: false
test_annotations: scannet_handmade_test_set.json
test_imagedir: ../
uncertainty_gate_type: learned
uncertainty_threshold: 0.8
weighted_prediction: false

Not using pretrained features for encoder.
Not using pretrained features for encoder.
No checkpoint was passed.
Starting epoch: 1
batch num:0
using contrastive loss
overall: tensor(6.4345, device='cuda:0', grad_fn=<AddBackward0>)
using contrastive loss
overall: tensor(10.6503, device='cuda:0', grad_fn=<AddBackward0>)
using contrastive loss
overall: tensor(7.3702, device='cuda:0', grad_fn=<AddBackward0>)
using contrastive loss
overall: tensor(10.6433, device='cuda:0', grad_fn=<AddBackward0>)
using contrastive loss
overall: tensor(7.8509, device='cuda:0', grad_fn=<AddBackward0>)
using contrastive loss
overall: tensor(6.0173, device='cuda:0', grad_fn=<AddBackward0>)
using contrastive loss
overall: tensor(5.1061, device='cuda:0', grad_fn=<AddBackward0>)
using contrastive loss
overall: tensor(8.7635, device='cuda:0', grad_fn=<AddBackward0>)
using contrastive loss
overall: tensor(6.4288, device='cuda:0', grad_fn=<AddBackward0>)
using contrastive loss
overall: tensor(6.1964, device='cuda:0', grad_fn=<AddBackward0>)
using contrastive loss
overall: tensor(5.3272, device='cuda:0', grad_fn=<AddBackward0>)
using contrastive loss
overall: tensor(7.3788, device='cuda:0', grad_fn=<AddBackward0>)
using contrastive loss
overall: tensor(6.2934, device='cuda:0', grad_fn=<AddBackward0>)
using contrastive loss
overall: tensor(5.6596, device='cuda:0', grad_fn=<AddBackward0>)
using contrastive loss
overall: tensor(4.5748, device='cuda:0', grad_fn=<AddBackward0>)
using contrastive loss
overall: tensor(4.6574, device='cuda:0', grad_fn=<AddBackward0>)
using contrastive loss
overall: tensor(5.9028, device='cuda:0', grad_fn=<AddBackward0>)
using contrastive loss
overall: tensor(4.6917, device='cuda:0', grad_fn=<AddBackward0>)
using contrastive loss
overall: tensor(5.3225, device='cuda:0', grad_fn=<AddBackward0>)
using contrastive loss
overall: tensor(4.6980, device='cuda:0', grad_fn=<AddBackward0>)
using contrastive loss
overall: tensor(5.2295, device='cuda:0', grad_fn=<AddBackward0>)
using contrastive loss
overall: tensor(4.6381, device='cuda:0', grad_fn=<AddBackward0>)
using contrastive loss
overall: tensor(4.9321, device='cuda:0', grad_fn=<AddBackward0>)
using contrastive loss
overall: tensor(5.2666, device='cuda:0', grad_fn=<AddBackward0>)
using contrastive loss
overall: tensor(4.7405, device='cuda:0', grad_fn=<AddBackward0>)
using contrastive loss
overall: tensor(4.8105, device='cuda:0', grad_fn=<AddBackward0>)
using contrastive loss
overall: tensor(5.6444, device='cuda:0', grad_fn=<AddBackward0>)
using contrastive loss
overall: tensor(4.8421, device='cuda:0', grad_fn=<AddBackward0>)
using contrastive loss
overall: tensor(4.9684, device='cuda:0', grad_fn=<AddBackward0>)
using contrastive loss
overall: tensor(4.7512, device='cuda:0', grad_fn=<AddBackward0>)
using contrastive loss
overall: tensor(4.8907, device='cuda:0', grad_fn=<AddBackward0>)
using contrastive loss
overall: tensor(4.4550, device='cuda:0', grad_fn=<AddBackward0>)
using contrastive loss
overall: tensor(4.7281, device='cuda:0', grad_fn=<AddBackward0>)
using contrastive loss
overall: tensor(4.6072, device='cuda:0', grad_fn=<AddBackward0>)
using contrastive loss
overall: tensor(5.0486, device='cuda:0', grad_fn=<AddBackward0>)
using contrastive loss
overall: tensor(5.0238, device='cuda:0', grad_fn=<AddBackward0>)
using contrastive loss
overall: tensor(5.3011, device='cuda:0', grad_fn=<AddBackward0>)
using contrastive loss
overall: tensor(5.1201, device='cuda:0', grad_fn=<AddBackward0>)
using contrastive loss
overall: tensor(5.3639, device='cuda:0', grad_fn=<AddBackward0>)
using contrastive loss
overall: tensor(5.6952, device='cuda:0', grad_fn=<AddBackward0>)
using contrastive loss
overall: tensor(4.4897, device='cuda:0', grad_fn=<AddBackward0>)
using contrastive loss
overall: tensor(5.1546, device='cuda:0', grad_fn=<AddBackward0>)
using contrastive loss
overall: tensor(5.2645, device='cuda:0', grad_fn=<AddBackward0>)
using contrastive loss
overall: tensor(5.6251, device='cuda:0', grad_fn=<AddBackward0>)
using contrastive loss
overall: tensor(5.6743, device='cuda:0', grad_fn=<AddBackward0>)
using contrastive loss
overall: tensor(5.2797, device='cuda:0', grad_fn=<AddBackward0>)
using contrastive loss
overall: tensor(4.6843, device='cuda:0', grad_fn=<AddBackward0>)
using contrastive loss
overall: tensor(5.0068, device='cuda:0', grad_fn=<AddBackward0>)
using contrastive loss
overall: tensor(4.5630, device='cuda:0', grad_fn=<AddBackward0>)
using contrastive loss
overall: tensor(4.3327, device='cuda:0', grad_fn=<AddBackward0>)
using contrastive loss
overall: tensor(4.8009, device='cuda:0', grad_fn=<AddBackward0>)
using contrastive loss
overall: tensor(5.0675, device='cuda:0', grad_fn=<AddBackward0>)
using contrastive loss
overall: tensor(5.7080, device='cuda:0', grad_fn=<AddBackward0>)
using contrastive loss
overall: tensor(4.9404, device='cuda:0', grad_fn=<AddBackward0>)
using contrastive loss
overall: tensor(5.2006, device='cuda:0', grad_fn=<AddBackward0>)
using contrastive loss
overall: tensor(4.8738, device='cuda:0', grad_fn=<AddBackward0>)
using contrastive loss
overall: tensor(4.5299, device='cuda:0', grad_fn=<AddBackward0>)
using contrastive loss
overall: tensor(4.7369, device='cuda:0', grad_fn=<AddBackward0>)
using contrastive loss
overall: tensor(5.0215, device='cuda:0', grad_fn=<AddBackward0>)
using contrastive loss
overall: tensor(5.1098, device='cuda:0', grad_fn=<AddBackward0>)
using contrastive loss
overall: tensor(5.1961, device='cuda:0', grad_fn=<AddBackward0>)
using contrastive loss
overall: tensor(4.5044, device='cuda:0', grad_fn=<AddBackward0>)
using contrastive loss
overall: tensor(4.9410, device='cuda:0', grad_fn=<AddBackward0>)
using contrastive loss
overall: tensor(4.5861, device='cuda:0', grad_fn=<AddBackward0>)
using contrastive loss
overall: tensor(4.7578, device='cuda:0', grad_fn=<AddBackward0>)
using contrastive loss
overall: tensor(4.7474, device='cuda:0', grad_fn=<AddBackward0>)
using contrastive loss
overall: tensor(4.6106, device='cuda:0', grad_fn=<AddBackward0>)
using contrastive loss
overall: tensor(4.9168, device='cuda:0', grad_fn=<AddBackward0>)
using contrastive loss
overall: tensor(5.1582, device='cuda:0', grad_fn=<AddBackward0>)
using contrastive loss
overall: tensor(4.4988, device='cuda:0', grad_fn=<AddBackward0>)
using contrastive loss
overall: tensor(4.5976, device='cuda:0', grad_fn=<AddBackward0>)
using contrastive loss
overall: tensor(4.9058, device='cuda:0', grad_fn=<AddBackward0>)
using contrastive loss
overall: tensor(4.5891, device='cuda:0', grad_fn=<AddBackward0>)
using contrastive loss
overall: tensor(4.9626, device='cuda:0', grad_fn=<AddBackward0>)
using contrastive loss
overall: tensor(5.0669, device='cuda:0', grad_fn=<AddBackward0>)
using contrastive loss
overall: tensor(4.6065, device='cuda:0', grad_fn=<AddBackward0>)
using contrastive loss
overall: tensor(4.6124, device='cuda:0', grad_fn=<AddBackward0>)
using contrastive loss
overall: tensor(5.1072, device='cuda:0', grad_fn=<AddBackward0>)
using contrastive loss
overall: tensor(4.3016, device='cuda:0', grad_fn=<AddBackward0>)
using contrastive loss
overall: tensor(4.6667, device='cuda:0', grad_fn=<AddBackward0>)
using contrastive loss
overall: tensor(4.7026, device='cuda:0', grad_fn=<AddBackward0>)
using contrastive loss
overall: tensor(4.7592, device='cuda:0', grad_fn=<AddBackward0>)
using contrastive loss
overall: tensor(4.9398, device='cuda:0', grad_fn=<AddBackward0>)
using contrastive loss
overall: tensor(4.1681, device='cuda:0', grad_fn=<AddBackward0>)
using contrastive loss
overall: tensor(4.5643, device='cuda:0', grad_fn=<AddBackward0>)
using contrastive loss
overall: tensor(4.6459, device='cuda:0', grad_fn=<AddBackward0>)
using contrastive loss
overall: tensor(4.6216, device='cuda:0', grad_fn=<AddBackward0>)
using contrastive loss
overall: tensor(4.8176, device='cuda:0', grad_fn=<AddBackward0>)
using contrastive loss
overall: tensor(5.1984, device='cuda:0', grad_fn=<AddBackward0>)
using contrastive loss
overall: tensor(5.6986, device='cuda:0', grad_fn=<AddBackward0>)
using contrastive loss
overall: tensor(5.1615, device='cuda:0', grad_fn=<AddBackward0>)
using contrastive loss
overall: tensor(4.9158, device='cuda:0', grad_fn=<AddBackward0>)
using contrastive loss
overall: tensor(4.6378, device='cuda:0', grad_fn=<AddBackward0>)
using contrastive loss
overall: tensor(4.6871, device='cuda:0', grad_fn=<AddBackward0>)
using contrastive loss
overall: tensor(4.4998, device='cuda:0', grad_fn=<AddBackward0>)
using contrastive loss
overall: tensor(4.0654, device='cuda:0', grad_fn=<AddBackward0>)
using contrastive loss
overall: tensor(4.2935, device='cuda:0', grad_fn=<AddBackward0>)
using contrastive loss
overall: tensor(5.1972, device='cuda:0', grad_fn=<AddBackward0>)
using contrastive loss
overall: tensor(4.1833, device='cuda:0', grad_fn=<AddBackward0>)
using contrastive loss
overall: tensor(6.3837, device='cuda:0', grad_fn=<AddBackward0>)
batch num:100
using contrastive loss
overall: tensor(5.3422, device='cuda:0', grad_fn=<AddBackward0>)
using contrastive loss
overall: tensor(5.1624, device='cuda:0', grad_fn=<AddBackward0>)
using contrastive loss
overall: tensor(4.9493, device='cuda:0', grad_fn=<AddBackward0>)
using contrastive loss
overall: tensor(4.6764, device='cuda:0', grad_fn=<AddBackward0>)
using contrastive loss
overall: tensor(4.4168, device='cuda:0', grad_fn=<AddBackward0>)
using contrastive loss
overall: tensor(5.0449, device='cuda:0', grad_fn=<AddBackward0>)
using contrastive loss
overall: tensor(5.6937, device='cuda:0', grad_fn=<AddBackward0>)
using contrastive loss
overall: tensor(5.1680, device='cuda:0', grad_fn=<AddBackward0>)
using contrastive loss
overall: tensor(4.2983, device='cuda:0', grad_fn=<AddBackward0>)
using contrastive loss
overall: tensor(4.6112, device='cuda:0', grad_fn=<AddBackward0>)
using contrastive loss
overall: tensor(4.8235, device='cuda:0', grad_fn=<AddBackward0>)
using contrastive loss
overall: tensor(5.2209, device='cuda:0', grad_fn=<AddBackward0>)
using contrastive loss
overall: tensor(5.0924, device='cuda:0', grad_fn=<AddBackward0>)
using contrastive loss
overall: tensor(4.7310, device='cuda:0', grad_fn=<AddBackward0>)
using contrastive loss
overall: tensor(5.1381, device='cuda:0', grad_fn=<AddBackward0>)
using contrastive loss
overall: tensor(4.6575, device='cuda:0', grad_fn=<AddBackward0>)
using contrastive loss
overall: tensor(4.4659, device='cuda:0', grad_fn=<AddBackward0>)
using contrastive loss
overall: tensor(4.6433, device='cuda:0', grad_fn=<AddBackward0>)
using contrastive loss
overall: tensor(4.8144, device='cuda:0', grad_fn=<AddBackward0>)
using contrastive loss
overall: tensor(5.9065, device='cuda:0', grad_fn=<AddBackward0>)
using contrastive loss
overall: tensor(4.8684, device='cuda:0', grad_fn=<AddBackward0>)
using contrastive loss
overall: tensor(5.2698, device='cuda:0', grad_fn=<AddBackward0>)
using contrastive loss
overall: tensor(5.5884, device='cuda:0', grad_fn=<AddBackward0>)
using contrastive loss
overall: tensor(4.7555, device='cuda:0', grad_fn=<AddBackward0>)
using contrastive loss
overall: tensor(4.8946, device='cuda:0', grad_fn=<AddBackward0>)
using contrastive loss
overall: tensor(5.0236, device='cuda:0', grad_fn=<AddBackward0>)
using contrastive loss
overall: tensor(4.8513, device='cuda:0', grad_fn=<AddBackward0>)
using contrastive loss
overall: tensor(4.7824, device='cuda:0', grad_fn=<AddBackward0>)
using contrastive loss
overall: tensor(4.7767, device='cuda:0', grad_fn=<AddBackward0>)
using contrastive loss
overall: tensor(4.7744, device='cuda:0', grad_fn=<AddBackward0>)
using contrastive loss
overall: tensor(4.8973, device='cuda:0', grad_fn=<AddBackward0>)
using contrastive loss
overall: tensor(4.3212, device='cuda:0', grad_fn=<AddBackward0>)
using contrastive loss
overall: tensor(5.4144, device='cuda:0', grad_fn=<AddBackward0>)
using contrastive loss
overall: tensor(4.9945, device='cuda:0', grad_fn=<AddBackward0>)
using contrastive loss
overall: tensor(4.8907, device='cuda:0', grad_fn=<AddBackward0>)
using contrastive loss
overall: tensor(4.6039, device='cuda:0', grad_fn=<AddBackward0>)
using contrastive loss
overall: tensor(4.7730, device='cuda:0', grad_fn=<AddBackward0>)
using contrastive loss
overall: tensor(4.6776, device='cuda:0', grad_fn=<AddBackward0>)
using contrastive loss
overall: tensor(4.7259, device='cuda:0', grad_fn=<AddBackward0>)
using contrastive loss
overall: tensor(4.8884, device='cuda:0', grad_fn=<AddBackward0>)
using contrastive loss
overall: tensor(4.9515, device='cuda:0', grad_fn=<AddBackward0>)
using contrastive loss
overall: tensor(4.7812, device='cuda:0', grad_fn=<AddBackward0>)
using contrastive loss
overall: tensor(5.3066, device='cuda:0', grad_fn=<AddBackward0>)
using contrastive loss
overall: tensor(4.7350, device='cuda:0', grad_fn=<AddBackward0>)
using contrastive loss
overall: tensor(4.9784, device='cuda:0', grad_fn=<AddBackward0>)
using contrastive loss
overall: tensor(4.6714, device='cuda:0', grad_fn=<AddBackward0>)
using contrastive loss
overall: tensor(4.8869, device='cuda:0', grad_fn=<AddBackward0>)
using contrastive loss
overall: tensor(4.5122, device='cuda:0', grad_fn=<AddBackward0>)
using contrastive loss
overall: tensor(4.6228, device='cuda:0', grad_fn=<AddBackward0>)
using contrastive loss
overall: tensor(4.8152, device='cuda:0', grad_fn=<AddBackward0>)
using contrastive loss
overall: tensor(4.8419, device='cuda:0', grad_fn=<AddBackward0>)
using contrastive loss
overall: tensor(5.1018, device='cuda:0', grad_fn=<AddBackward0>)
using contrastive loss
overall: tensor(4.8870, device='cuda:0', grad_fn=<AddBackward0>)
using contrastive loss
overall: tensor(4.9305, device='cuda:0', grad_fn=<AddBackward0>)
using contrastive loss
overall: tensor(4.6504, device='cuda:0', grad_fn=<AddBackward0>)
using contrastive loss
overall: tensor(4.6205, device='cuda:0', grad_fn=<AddBackward0>)
using contrastive loss
overall: tensor(4.5698, device='cuda:0', grad_fn=<AddBackward0>)
using contrastive loss
overall: tensor(4.6743, device='cuda:0', grad_fn=<AddBackward0>)
using contrastive loss
overall: tensor(4.5020, device='cuda:0', grad_fn=<AddBackward0>)
using contrastive loss
overall: tensor(4.3030, device='cuda:0', grad_fn=<AddBackward0>)
using contrastive loss
overall: tensor(4.8801, device='cuda:0', grad_fn=<AddBackward0>)
using contrastive loss
overall: tensor(4.5478, device='cuda:0', grad_fn=<AddBackward0>)
using contrastive loss
overall: tensor(5.1566, device='cuda:0', grad_fn=<AddBackward0>)
using contrastive loss
overall: tensor(5.4133, device='cuda:0', grad_fn=<AddBackward0>)
using contrastive loss
overall: tensor(4.2113, device='cuda:0', grad_fn=<AddBackward0>)
using contrastive loss
overall: tensor(4.8316, device='cuda:0', grad_fn=<AddBackward0>)
using contrastive loss
overall: tensor(4.5293, device='cuda:0', grad_fn=<AddBackward0>)
using contrastive loss
overall: tensor(5.2660, device='cuda:0', grad_fn=<AddBackward0>)
using contrastive loss
overall: tensor(4.6239, device='cuda:0', grad_fn=<AddBackward0>)
using contrastive loss
overall: tensor(4.6301, device='cuda:0', grad_fn=<AddBackward0>)
using contrastive loss
overall: tensor(4.6105, device='cuda:0', grad_fn=<AddBackward0>)
using contrastive loss
overall: tensor(4.7352, device='cuda:0', grad_fn=<AddBackward0>)
using contrastive loss
overall: tensor(4.4959, device='cuda:0', grad_fn=<AddBackward0>)
using contrastive loss
overall: tensor(4.5170, device='cuda:0', grad_fn=<AddBackward0>)
using contrastive loss
overall: tensor(4.2523, device='cuda:0', grad_fn=<AddBackward0>)
using contrastive loss
overall: tensor(4.4914, device='cuda:0', grad_fn=<AddBackward0>)
using contrastive loss
overall: tensor(4.4315, device='cuda:0', grad_fn=<AddBackward0>)
using contrastive loss
overall: tensor(5.1654, device='cuda:0', grad_fn=<AddBackward0>)
using contrastive loss
overall: tensor(4.0644, device='cuda:0', grad_fn=<AddBackward0>)
using contrastive loss
overall: tensor(4.5943, device='cuda:0', grad_fn=<AddBackward0>)
using contrastive loss
overall: tensor(4.9162, device='cuda:0', grad_fn=<AddBackward0>)
using contrastive loss
overall: tensor(4.6204, device='cuda:0', grad_fn=<AddBackward0>)
using contrastive loss
overall: tensor(4.9956, device='cuda:0', grad_fn=<AddBackward0>)
using contrastive loss
overall: tensor(5.7969, device='cuda:0', grad_fn=<AddBackward0>)
using contrastive loss
overall: tensor(4.4568, device='cuda:0', grad_fn=<AddBackward0>)
using contrastive loss
overall: tensor(5.3424, device='cuda:0', grad_fn=<AddBackward0>)
using contrastive loss
overall: tensor(4.2559, device='cuda:0', grad_fn=<AddBackward0>)
using contrastive loss
overall: tensor(4.3691, device='cuda:0', grad_fn=<AddBackward0>)
using contrastive loss
overall: tensor(4.7220, device='cuda:0', grad_fn=<AddBackward0>)
using contrastive loss
overall: tensor(4.9578, device='cuda:0', grad_fn=<AddBackward0>)
using contrastive loss
overall: tensor(4.9079, device='cuda:0', grad_fn=<AddBackward0>)
using contrastive loss
overall: tensor(4.8663, device='cuda:0', grad_fn=<AddBackward0>)
using contrastive loss
overall: tensor(4.4987, device='cuda:0', grad_fn=<AddBackward0>)
using contrastive loss
overall: tensor(5.0121, device='cuda:0', grad_fn=<AddBackward0>)
using contrastive loss
overall: tensor(4.5482, device='cuda:0', grad_fn=<AddBackward0>)
using contrastive loss
overall: tensor(4.5538, device='cuda:0', grad_fn=<AddBackward0>)
using contrastive loss
overall: tensor(4.9850, device='cuda:0', grad_fn=<AddBackward0>)
using contrastive loss
overall: tensor(4.4229, device='cuda:0', grad_fn=<AddBackward0>)
using contrastive loss
overall: tensor(4.3473, device='cuda:0', grad_fn=<AddBackward0>)
using contrastive loss
overall: tensor(5.3713, device='cuda:0', grad_fn=<AddBackward0>)
batch num:200
using contrastive loss
overall: tensor(4.3976, device='cuda:0', grad_fn=<AddBackward0>)
using contrastive loss
overall: tensor(4.6996, device='cuda:0', grad_fn=<AddBackward0>)
using contrastive loss
overall: tensor(4.3355, device='cuda:0', grad_fn=<AddBackward0>)
using contrastive loss
overall: tensor(5.1345, device='cuda:0', grad_fn=<AddBackward0>)
using contrastive loss
overall: tensor(4.8569, device='cuda:0', grad_fn=<AddBackward0>)
using contrastive loss
overall: tensor(4.9282, device='cuda:0', grad_fn=<AddBackward0>)
using contrastive loss
overall: tensor(4.5326, device='cuda:0', grad_fn=<AddBackward0>)
using contrastive loss
overall: tensor(4.7647, device='cuda:0', grad_fn=<AddBackward0>)
using contrastive loss
overall: tensor(5.5604, device='cuda:0', grad_fn=<AddBackward0>)
using contrastive loss
overall: tensor(4.9986, device='cuda:0', grad_fn=<AddBackward0>)
using contrastive loss
overall: tensor(5.0836, device='cuda:0', grad_fn=<AddBackward0>)
using contrastive loss
overall: tensor(4.5201, device='cuda:0', grad_fn=<AddBackward0>)
using contrastive loss
overall: tensor(4.6456, device='cuda:0', grad_fn=<AddBackward0>)
using contrastive loss
overall: tensor(5.1015, device='cuda:0', grad_fn=<AddBackward0>)
using contrastive loss
overall: tensor(4.8088, device='cuda:0', grad_fn=<AddBackward0>)
using contrastive loss
overall: tensor(5.2025, device='cuda:0', grad_fn=<AddBackward0>)
using contrastive loss
overall: tensor(4.7021, device='cuda:0', grad_fn=<AddBackward0>)
using contrastive loss
overall: tensor(4.3211, device='cuda:0', grad_fn=<AddBackward0>)
using contrastive loss
overall: tensor(4.6945, device='cuda:0', grad_fn=<AddBackward0>)
using contrastive loss
overall: tensor(4.8452, device='cuda:0', grad_fn=<AddBackward0>)
using contrastive loss
overall: tensor(5.1004, device='cuda:0', grad_fn=<AddBackward0>)
using contrastive loss
overall: tensor(3.8177, device='cuda:0', grad_fn=<AddBackward0>)
using contrastive loss
overall: tensor(4.9752, device='cuda:0', grad_fn=<AddBackward0>)
using contrastive loss
overall: tensor(5.2864, device='cuda:0', grad_fn=<AddBackward0>)
using contrastive loss
overall: tensor(4.9667, device='cuda:0', grad_fn=<AddBackward0>)
using contrastive loss
overall: tensor(4.6781, device='cuda:0', grad_fn=<AddBackward0>)
using contrastive loss
overall: tensor(4.6642, device='cuda:0', grad_fn=<AddBackward0>)
using contrastive loss
overall: tensor(4.4054, device='cuda:0', grad_fn=<AddBackward0>)
using contrastive loss
overall: tensor(5.2325, device='cuda:0', grad_fn=<AddBackward0>)
using contrastive loss
overall: tensor(5.1998, device='cuda:0', grad_fn=<AddBackward0>)
using contrastive loss
overall: tensor(4.7782, device='cuda:0', grad_fn=<AddBackward0>)
slurmstepd: error: *** JOB 41121337 ON holygpu8a31106 CANCELLED AT 2023-02-03T14:39:52 ***
